[0, 510], -3.825592517852783
  [0, 510, 309], -11.066581726074219
    [0, 510, 309, 285], -17.113693237304688
      [0, 510, 309, 285, 309], -20.77335548400879
    [0, 510, 309, 255], -18.413007736206055
    [0, 510, 309, 13], -18.466175079345703
    [0, 510, 309, 3088], -18.537322998046875
    [0, 510, 309, 1405], -19.974502563476562
    [0, 510, 309, 263], -20.038686752319336
    [0, 510, 309, 2184], -20.060564041137695
  [0, 510, 5101], -12.045190811157227
    [0, 510, 5101, 13], -15.854462623596191
      [0, 510, 5101, 13, 285], -19.22521209716797
    [0, 510, 5101, 285], -16.037830352783203
    [0, 510, 5101, 1201], -18.86016845703125
  [0, 510, 6440], -12.330636978149414
    [0, 510, 6440, 13], -15.127874374389648
    [0, 510, 6440, 285], -17.577394485473633
    [0, 510, 6440, 309], -17.93784523010254
    [0, 510, 6440, 281], -19.216957092285156
  [0, 510, 1652], -12.762067794799805
    [0, 510, 1652, 13], -18.629199981689453
  [0, 510, 2829], -13.583812713623047
    [0, 510, 2829, 13], -17.90209197998047
    [0, 510, 2829, 285], -18.480918884277344
  [0, 510, 5603], -13.68461799621582
    [0, 510, 5603, 13], -16.719528198242188
    [0, 510, 5603, 285], -17.832874298095703
  [0, 510, 255], -13.715530395507812
  [0, 510, 5254], -13.815088272094727
    [0, 510, 5254, 13], -17.657608032226562
    [0, 510, 5254, 285], -18.17837905883789
    [0, 510, 5254, 281], -18.92618179321289
  [0, 510, 5202], -14.040205001831055
    [0, 510, 5202, 13], -17.830209732055664
    [0, 510, 5202, 285], -18.500139236450195
    [0, 510, 5202, 309], -19.108562469482422
  [0, 510, 281], -14.476242065429688
    [0, 510, 281, 1405], -18.032745361328125
  [0, 510, 11755], -14.608787536621094
    [0, 510, 11755, 13], -18.528711318969727
    [0, 510, 11755, 285], -18.60095977783203
    [0, 510, 11755, 1652], -18.79909896850586
  [0, 510, 263], -14.831016540527344
  [0, 510, 13], -15.028861999511719
    [0, 510, 13, 309], -18.944684982299805
    [0, 510, 13, 285], -19.06369400024414
  [0, 510, 285], -15.076154708862305
  [0, 510, 24740], -16.106576919555664
    [0, 510, 24740, 13], -18.987266540527344
  [0, 510, 14709], -16.123382568359375
  [0, 510, 249], -16.25485610961914
  [0, 510, 3220], -17.457035064697266
  [0, 510, 1405], -17.658279418945312
  [0, 510, 2184], -17.719266891479492
  [0, 510, 1625], -17.774120330810547
  [0, 510, 42], -17.89516830444336
  [0, 510, 27287], -17.967084884643555
  [0, 510, 395], -18.20840835571289
  [0, 510, 1201], -18.21319580078125
  [0, 510, 6008], -18.264053344726562
  [0, 510, 510], -18.313800811767578
  [0, 510, 3088], -18.547887802124023
  [0, 510, 6689], -18.66274070739746
  [0, 510, 2369], -19.006847381591797
  [0, 510, 483], -19.067380905151367
[0, 42], -4.839722156524658
  [0, 42, 13], -11.075433731079102
    [0, 42, 13, 309], -15.355554580688477
      [0, 42, 13, 309, 13], -16.667936325073242
    [0, 42, 13, 285], -16.54788589477539
  [0, 42, 285], -12.238962173461914
    [0, 42, 285, 309], -14.344778060913086
  [0, 42, 255], -12.298234939575195
  [0, 42, 1405], -13.693061828613281
  [0, 42, 309], -14.283329010009766
  [0, 42, 281], -14.317359924316406
  [0, 42, 6008], -14.375934600830078
  [0, 42, 1625], -14.398324966430664
  [0, 42, 263], -14.564958572387695
  [0, 42, 6309], -14.576377868652344
  [0, 42, 3088], -14.599170684814453
  [0, 42, 2184], -14.720048904418945
  [0, 42, 249], -14.84914779663086
  [0, 42, 3022], -15.385080337524414
  [0, 42, 1652], -16.21390151977539
  [0, 42, 510], -16.24946403503418
  [0, 42, 395], -16.391910552978516
[0, 3220], -6.528956890106201
  [0, 3220, 1652], -12.455133438110352
  [0, 3220, 13], -13.49070930480957
    [0, 3220, 13, 309], -16.000783920288086
  [0, 3220, 255], -14.565624237060547
  [0, 3220, 309], -15.352396011352539
  [0, 3220, 249], -15.423995971679688
  [0, 3220, 285], -15.690521240234375
  [0, 3220, 263], -15.770017623901367
  [0, 3220, 281], -16.603866577148438
  [0, 3220, 2829], -16.644601821899414
[0, 395], -8.331403732299805
  [0, 395, 309], -13.920166015625
  [0, 395, 13], -15.248411178588867
  [0, 395, 281], -16.15717315673828
  [0, 395, 263], -16.450227737426758
[0, 249], -8.429838180541992
  [0, 249, 13], -13.848777770996094
  [0, 249, 281], -14.963553428649902
  [0, 249, 285], -15.434171676635742
  [0, 249, 2369], -16.160886764526367
  [0, 249, 6309], -16.447750091552734
  [0, 249, 510], -16.582782745361328
  [0, 249, 309], -16.65805435180664
[0, 13], -8.801826477050781
  [0, 13, 285], -13.605504989624023
  [0, 13, 309], -15.174537658691406
  [0, 13, 281], -15.65290355682373
[0, 255], -9.018223762512207
  [0, 255, 13], -14.778397560119629
  [0, 255, 285], -15.8147554397583
  [0, 255, 1568], -16.65817642211914
[0, 263], -9.106498718261719
  [0, 263, 13], -14.417230606079102
  [0, 263, 281], -14.95605182647705
  [0, 263, 309], -15.150365829467773
[0, 3088], -9.209186553955078
  [0, 3088, 309], -14.290419578552246
  [0, 3088, 13], -15.5921630859375
  [0, 3088, 249], -15.72617244720459
  [0, 3088, 42], -16.332107543945312
  [0, 3088, 281], -16.35665512084961
[0, 2184], -9.372064590454102
  [0, 2184, 281], -11.508049011230469
  [0, 2184, 249], -13.935247421264648
    [0, 2184, 249, 281], -15.530359268188477
  [0, 2184, 285], -13.943291664123535
  [0, 2184, 255], -13.956703186035156
  [0, 2184, 715], -14.2277250289917
  [0, 2184, 13], -14.500142097473145
  [0, 2184, 6008], -16.626708984375
[0, 9328], -9.486181259155273
  [0, 9328, 13], -15.714010238647461
  [0, 9328, 285], -16.09781265258789
[0, 4609], -9.488399505615234
  [0, 4609, 309], -13.863323211669922
  [0, 4609, 13], -14.887370109558105
  [0, 4609, 281], -16.095657348632812
[0, 6689], -9.630302429199219
  [0, 6689, 285], -14.737175941467285
  [0, 6689, 13], -15.739964485168457
[0, 2369], -9.70433521270752
  [0, 2369, 13], -12.315841674804688
    [0, 2369, 13, 309], -15.312435150146484
  [0, 2369, 281], -14.549436569213867
  [0, 2369, 309], -15.197498321533203
  [0, 2369, 285], -15.952831268310547
  [0, 2369, 42], -16.084529876708984
[0, 1568], -9.781946182250977
  [0, 1568, 281], -12.353328704833984
  [0, 1568, 13], -13.748224258422852
    [0, 1568, 13, 309], -16.384281158447266
  [0, 1568, 309], -15.186199188232422
  [0, 1568, 285], -15.598562240600586
  [0, 1568, 249], -16.508150100708008
[0, 12550], -9.859109878540039
  [0, 12550, 1652], -16.049570083618164
[0, 8826], -10.14671516418457
  [0, 8826, 13], -16.54195785522461
[0, 1405], -10.162354469299316
  [0, 1405, 255], -13.356120109558105
    [0, 1405, 255, 13], -16.07948875427246
    [0, 1405, 255, 285], -16.202272415161133
  [0, 1405, 13], -13.82888126373291
  [0, 1405, 285], -13.946516990661621
  [0, 1405, 249], -14.554681777954102
  [0, 1405, 281], -16.32429313659668
[0, 6309], -10.31106185913086
  [0, 6309, 249], -13.917435646057129
  [0, 6309, 281], -13.957901000976562
  [0, 6309, 13], -16.40936279296875
[0, 38878], -10.380853652954102
[0, 20415], -10.42193603515625
  [0, 20415, 13], -15.6685791015625
[0, 13243], -10.425313949584961
  [0, 13243, 13], -13.336018562316895
    [0, 13243, 13, 285], -15.71285629272461
  [0, 13243, 285], -13.49283504486084
  [0, 13243, 281], -13.710410118103027
  [0, 13243, 249], -15.521660804748535
  [0, 13243, 395], -16.061277389526367
[0, 483], -10.425840377807617
  [0, 483, 13], -14.943943977355957
  [0, 483, 285], -16.552398681640625
[0, 8701], -10.631149291992188
  [0, 8701, 285], -15.608621597290039
[0, 14094], -10.721281051635742
  [0, 14094, 13], -16.086172103881836
  [0, 14094, 285], -16.40217399597168
[0, 454], -10.733970642089844
[0, 9154], -10.782793045043945
  [0, 9154, 13], -15.693341255187988
  [0, 9154, 281], -15.845879554748535
  [0, 9154, 285], -16.019834518432617
  [0, 9154, 249], -16.170188903808594
  [0, 9154, 309], -16.627716064453125
[0, 3022], -10.868947982788086
  [0, 3022, 13], -14.017032623291016
  [0, 3022, 281], -14.781278610229492
  [0, 3022, 309], -15.364788055419922
  [0, 3022, 285], -15.671815872192383
[0, 19506], -10.92852783203125
  [0, 19506, 13], -13.900407791137695
  [0, 19506, 309], -14.921981811523438
  [0, 19506, 249], -15.964296340942383
[0, 285], -11.027961730957031
[0, 21808], -11.399538040161133
  [0, 21808, 309], -16.147293090820312
  [0, 21808, 13], -16.525222778320312
[0, 309], -11.771320343017578
[0, 281], -12.00514030456543
[0, 1201], -12.042823791503906
  [0, 1201, 13], -16.20404624938965
[0, 5101], -12.711681365966797
  [0, 5101, 1201], -15.377022743225098
[0, 11755], -13.032672882080078
  [0, 11755, 13], -15.859771728515625
  [0, 11755, 285], -16.653518676757812
[0, 5254], -13.428844451904297
[0, 6008], -13.551836013793945
[0, 715], -13.887138366699219
[0, 1625], -14.14937973022461
[0, 14709], -14.284765243530273
[0, 1652], -14.452167510986328
[0, 2829], -14.504989624023438
[0, 6440], -14.590560913085938
[0, 770], -14.790058135986328
[0, 4496], -14.949438095092773
[0, 27287], -15.119585037231445
[0, 5202], -15.365442276000977
[0, 5603], -15.936941146850586
Time taken in seconds: 5974.143073320389
Number of forward passes: 237
Worst case number of forward passes: 127551
Best sequence: [0, 42, 13, 309, 13], -16.667936325073242
<|endoftext|>I, I,
