[0, 510], -3.825592517852783
  [0, 510, 767], -10.488239288330078
    [0, 510, 767, 403], -14.382365226745605
Best sequence so far: <|endoftext|>The two are
  [0, 510, 1029], -10.948484420776367
  [0, 510, 309], -11.066581726074219
  [0, 510, 1943], -11.317388534545898
  [0, 510, 1984], -11.587635040283203
    [0, 510, 1984, 310], -13.100790023803711
Best sequence so far: <|endoftext|>The book is
  [0, 510, 2165], -11.658161163330078
  [0, 510, 275], -11.704473495483398
  [0, 510, 5101], -12.045190811157227
  [0, 510, 2360], -12.235136032104492
  [0, 510, 6440], -12.330636978149414
  [0, 510, 1708], -12.439809799194336
  [0, 510, 2329], -12.548086166381836
  [0, 510, 1113], -12.564085006713867
  [0, 510, 247], -12.725839614868164
  [0, 510, 2502], -12.729106903076172
  [0, 510, 2534], -12.753171920776367
  [0, 510, 1652], -12.762067794799805
  [0, 510, 465], -13.065927505493164
  [0, 510, 260], -13.080488204956055
[0, 42], -4.839722156524658
  [0, 42, 452], -7.594538688659668
    [0, 42, 452, 247], -9.232568740844727
Best sequence so far: <|endoftext|>I have a
  [0, 42, 476], -9.168363571166992
[0, 1231], -5.397704124450684
  [0, 1231, 403], -7.32495641708374
  [0, 1231, 452], -7.615590572357178
[0, 1147], -5.4818315505981445
  [0, 1147, 310], -6.958683490753174
  [0, 1147, 556], -8.358455657958984
[0, 1328], -5.972480297088623
  [0, 1328, 310], -8.966585159301758
[0, 3220], -6.528956890106201
[0, 2993], -6.555685997009277
[0, 5804], -6.973324775695801
[0, 3726], -7.218980312347412
[0, 4064], -7.379858493804932
[0, 783], -7.510271072387695
[0, 1615], -7.633420944213867
[0, 936], -8.077174186706543
[0, 66], -8.167373657226562
[0, 1171], -8.30155086517334
[0, 2327], -8.325143814086914
[0, 395], -8.331403732299805
[0, 251], -8.379314422607422
[0, 249], -8.429838180541992
[0, 1826], -8.476526260375977
[0, 2520], -8.605385780334473
[0, 1439], -8.626373291015625
[0, 13], -8.801826477050781
[0, 338], -8.844083786010742
[0, 1542], -8.84749984741211
[0, 284], -8.881010055541992
[0, 7745], -8.911874771118164
[0, 5658], -8.930667877197266
[0, 248], -8.977417945861816
[0, 255], -9.018223762512207
[0, 3529], -9.0430908203125
[0, 262], -9.07925796508789
[0, 263], -9.106498718261719
[0, 601], -9.108638763427734
[0, 9802], -9.155115127563477
[0, 9453], -9.169641494750977
[0, 22529], -9.203546524047852
[0, 3088], -9.209186553955078
[0, 455], -9.23029613494873
Time taken in seconds: 342.2528064250946
Number of forward passes: 66
Worst case number of forward passes: 35533
Best sequence: [0, 42, 452, 247], -9.232568740844727
<|endoftext|>I have a
