[0, 510], -3.031212091445923
  [0, 510, 309], -10.5607271194458
    [0, 510, 309, 255], -16.405364990234375
      [0, 510, 309, 255, 13], -24.223752975463867
    [0, 510, 309, 285], -16.994476318359375
      [0, 510, 309, 285, 309], -20.669845581054688
    [0, 510, 309, 13], -17.286834716796875
      [0, 510, 309, 13, 285], -19.479291915893555
    [0, 510, 309, 395], -18.682830810546875
    [0, 510, 309, 249], -18.966644287109375
    [0, 510, 309, 1405], -19.063568115234375
    [0, 510, 309, 263], -19.238861083984375
    [0, 510, 309, 510], -19.262420654296875
    [0, 510, 309, 483], -19.353607177734375
  [0, 510, 5101], -11.207454681396484
    [0, 510, 5101, 13], -15.132415771484375
      [0, 510, 5101, 13, 285], -17.232955932617188
    [0, 510, 5101, 285], -15.503265380859375
  [0, 510, 13], -11.607357025146484
    [0, 510, 13, 285], -12.906744003295898
      [0, 510, 13, 285, 13], -15.858418464660645
  [0, 510, 6440], -11.936580657958984
    [0, 510, 6440, 13], -15.282796859741211
  [0, 510, 2829], -12.236995697021484
  [0, 510, 255], -12.482601165771484
  [0, 510, 285], -12.554622650146484
  [0, 510, 11755], -12.713680267333984
  [0, 510, 1652], -12.967830657958984
  [0, 510, 5202], -13.038387298583984
  [0, 510, 5254], -13.156551361083984
  [0, 510, 5603], -13.541072845458984
  [0, 510, 281], -13.657894134521484
  [0, 510, 249], -14.206966400146484
  [0, 510, 24740], -14.481502532958984
  [0, 510, 263], -14.777400970458984
  [0, 510, 14709], -15.044490814208984
  [0, 510, 4496], -15.437435150146484
  [0, 510, 395], -15.786678314208984
[0, 42], -4.550376892089844
  [0, 42, 13], -10.641458511352539
    [0, 42, 13, 285], -12.728486061096191
      [0, 42, 13, 285, 309], -14.551031112670898
    [0, 42, 13, 309], -13.592499732971191
  [0, 42, 285], -11.718362808227539
  [0, 42, 309], -12.413675308227539
  [0, 42, 249], -13.038675308227539
  [0, 42, 6008], -13.403421401977539
  [0, 42, 255], -13.474344253540039
  [0, 42, 281], -13.485452651977539
  [0, 42, 3088], -13.660867691040039
  [0, 42, 2369], -14.232034683227539
  [0, 42, 6309], -14.454568862915039
[0, 3220], -6.201988220214844
  [0, 3220, 1652], -12.666751861572266
  [0, 3220, 255], -13.657108306884766
[0, 13], -8.010337829589844
  [0, 13, 285], -13.122579574584961
[0, 285], -9.036216735839844
  [0, 285, 309], -14.456428527832031
[0, 395], -9.062583923339844
  [0, 395, 309], -12.898283958435059
  [0, 395, 281], -14.373503684997559
[0, 249], -9.158653259277344
[0, 309], -9.343345642089844
[0, 2369], -9.923667907714844
[0, 255], -9.984825134277344
[0, 281], -10.220176696777344
[0, 3088], -10.508872985839844
[0, 263], -10.664756774902344
[0, 1405], -10.859458923339844
[0, 3022], -10.933921813964844
[0, 1201], -11.005455017089844
  [0, 1201, 13], -14.187763214111328
[0, 2184], -11.119468688964844
[0, 9154], -11.211143493652344
[0, 1568], -11.272422790527344
[0, 12550], -11.515953063964844
[0, 454], -11.546958923339844
[0, 6309], -11.558677673339844
[0, 483], -11.649742126464844
[0, 8826], -11.702476501464844
[0, 9328], -11.881675720214844
[0, 8701], -11.893150329589844
[0, 20415], -11.921714782714844
[0, 4609], -11.942466735839844
[0, 38878], -12.280357360839844
[0, 1652], -12.899986267089844
[0, 6689], -13.631431579589844
[0, 21808], -13.717979431152344
[0, 14094], -13.805992126464844
[0, 19506], -13.916099548339844
[0, 13243], -14.364341735839844
[0, 715], -14.453941345214844
Time taken in seconds: 20.061278581619263
Number of forward passes: 88
Worst case number of forward passes: 127551
Best sequence: [0, 42, 13, 285, 309], -14.551031112670898
<|endoftext|>I, and I
