[0, 510], -3.825592517852783
  [0, 510, 309], -11.066581726074219
    [0, 510, 309, 285], -17.113693237304688
  [0, 510, 5101], -12.045190811157227
    [0, 510, 5101, 13], -15.854462623596191
  [0, 510, 6440], -12.330636978149414
    [0, 510, 6440, 13], -15.127874374389648
  [0, 510, 1652], -12.762067794799805
  [0, 510, 2829], -13.583812713623047
  [0, 510, 5603], -13.68461799621582
  [0, 510, 255], -13.715530395507812
  [0, 510, 5254], -13.815088272094727
  [0, 510, 5202], -14.040205001831055
  [0, 510, 281], -14.476242065429688
  [0, 510, 11755], -14.608787536621094
  [0, 510, 263], -14.831016540527344
  [0, 510, 13], -15.028861999511719
  [0, 510, 285], -15.076154708862305
[0, 42], -4.839722156524658
  [0, 42, 13], -11.075433731079102
  [0, 42, 285], -12.238962173461914
    [0, 42, 285, 309], -14.344778060913086
  [0, 42, 255], -12.298234939575195
  [0, 42, 1405], -13.693061828613281
  [0, 42, 309], -14.283329010009766
  [0, 42, 281], -14.317359924316406
[0, 3220], -6.528956890106201
  [0, 3220, 1652], -12.455133438110352
  [0, 3220, 13], -13.49070930480957
[0, 395], -8.331403732299805
  [0, 395, 309], -13.920166015625
[0, 249], -8.429838180541992
  [0, 249, 13], -13.848777770996094
[0, 13], -8.801826477050781
  [0, 13, 285], -13.605504989624023
[0, 255], -9.018223762512207
[0, 263], -9.106498718261719
[0, 3088], -9.209186553955078
  [0, 3088, 309], -14.290419578552246
[0, 2184], -9.372064590454102
  [0, 2184, 281], -11.508049011230469
  [0, 2184, 249], -13.935247421264648
  [0, 2184, 285], -13.943291664123535
  [0, 2184, 255], -13.956703186035156
  [0, 2184, 715], -14.2277250289917
[0, 9328], -9.486181259155273
[0, 4609], -9.488399505615234
  [0, 4609, 309], -13.863323211669922
[0, 6689], -9.630302429199219
[0, 2369], -9.70433521270752
  [0, 2369, 13], -12.315841674804688
[0, 1568], -9.781946182250977
  [0, 1568, 281], -12.353328704833984
  [0, 1568, 13], -13.748224258422852
[0, 12550], -9.859109878540039
[0, 8826], -10.14671516418457
[0, 1405], -10.162354469299316
  [0, 1405, 255], -13.356120109558105
  [0, 1405, 13], -13.82888126373291
  [0, 1405, 285], -13.946516990661621
[0, 6309], -10.31106185913086
  [0, 6309, 249], -13.917435646057129
  [0, 6309, 281], -13.957901000976562
[0, 38878], -10.380853652954102
[0, 20415], -10.42193603515625
[0, 13243], -10.425313949584961
  [0, 13243, 13], -13.336018562316895
  [0, 13243, 285], -13.49283504486084
  [0, 13243, 281], -13.710410118103027
[0, 483], -10.425840377807617
[0, 8701], -10.631149291992188
[0, 14094], -10.721281051635742
[0, 454], -10.733970642089844
[0, 9154], -10.782793045043945
[0, 3022], -10.868947982788086
  [0, 3022, 13], -14.017032623291016
[0, 19506], -10.92852783203125
  [0, 19506, 13], -13.900407791137695
[0, 285], -11.027961730957031
[0, 21808], -11.399538040161133
[0, 309], -11.771320343017578
[0, 281], -12.00514030456543
[0, 1201], -12.042823791503906
[0, 5101], -12.711681365966797
[0, 11755], -13.032672882080078
[0, 5254], -13.428844451904297
[0, 6008], -13.551836013793945
[0, 715], -13.887138366699219
[0, 1625], -14.14937973022461
[0, 14709], -14.284765243530273
Time taken in seconds: 130.35505723953247
Number of forward passes: 87
Worst case number of forward passes: 2551
Best sequence: [0, 42, 285, 309], -14.344778060913086
<|endoftext|>I and I
