[0, 510], -3.825592279434204
  [0, 510, 767], -10.488231658935547
    [0, 510, 767, 403], -14.382379531860352
      [0, 510, 767, 403, 253], -17.73202133178711
    [0, 510, 767, 452], -15.803533554077148
    [0, 510, 767, 1943], -16.495929718017578
    [0, 510, 767, 13], -16.607147216796875
    [0, 510, 767, 285], -17.167863845825195
      [0, 510, 767, 285, 247], -17.584787368774414
    [0, 510, 767, 1029], -17.511409759521484
  [0, 510, 1029], -10.94848918914795
    [0, 510, 1029, 285], -15.699777603149414
      [0, 510, 1029, 285, 253], -16.999650955200195
  [0, 510, 309], -11.066611289978027
    [0, 510, 309, 601], -16.464927673339844
  [0, 510, 1943], -11.317386627197266
    [0, 510, 1943, 2165], -15.821301460266113
    [0, 510, 1943, 13], -16.125335693359375
    [0, 510, 1943, 285], -16.82139015197754
  [0, 510, 1984], -11.587637901306152
    [0, 510, 1984, 310], -13.100784301757812
      [0, 510, 1984, 310, 247], -14.888867378234863
    [0, 510, 1984, 13], -14.065971374511719
  [0, 510, 2165], -11.658178329467773
    [0, 510, 2165, 310], -13.390581130981445
    [0, 510, 2165, 556], -14.828192710876465
  [0, 510, 275], -11.704458236694336
  [0, 510, 5101], -12.045186042785645
    [0, 510, 5101, 310], -14.017940521240234
    [0, 510, 5101, 556], -14.714558601379395
  [0, 510, 2360], -12.235126495361328
  [0, 510, 6440], -12.330629348754883
    [0, 510, 6440, 310], -14.176986694335938
  [0, 510, 1708], -12.439785957336426
  [0, 510, 2329], -12.548050880432129
  [0, 510, 1113], -12.564045906066895
  [0, 510, 247], -12.725808143615723
  [0, 510, 2502], -12.72908878326416
  [0, 510, 2534], -12.753129005432129
  [0, 510, 1652], -12.762055397033691
  [0, 510, 465], -13.065889358520508
  [0, 510, 260], -13.080459594726562
  [0, 510, 4023], -13.157676696777344
  [0, 510, 5798], -13.270594596862793
  [0, 510, 4370], -13.287362098693848
  [0, 510, 6858], -13.297616004943848
  [0, 510, 327], -13.316726684570312
  [0, 510, 310], -13.435729026794434
  [0, 510, 8913], -13.49393081665039
    [0, 510, 8913, 327], -14.654918670654297
  [0, 510, 745], -13.494256019592285
  [0, 510, 2829], -13.583786964416504
  [0, 510, 5603], -13.68458366394043
  [0, 510, 3511], -13.703336715698242
  [0, 510, 255], -13.715519905090332
  [0, 510, 253], -13.742996215820312
  [0, 510, 5254], -13.815062522888184
  [0, 510, 387], -13.939043045043945
  [0, 510, 5202], -14.040189743041992
  [0, 510, 3345], -14.040419578552246
  [0, 510, 66], -14.432028770446777
  [0, 510, 11012], -14.475787162780762
  [0, 510, 281], -14.476234436035156
  [0, 510, 4882], -14.555946350097656
  [0, 510, 11755], -14.608765602111816
  [0, 510, 476], -14.611194610595703
  [0, 510, 251], -14.797184944152832
  [0, 510, 1111], -14.825309753417969
  [0, 510, 263], -14.8309907913208
  [0, 510, 403], -14.878097534179688
[0, 42], -4.839720726013184
  [0, 42, 452], -7.5945353507995605
    [0, 42, 452, 247], -9.232562065124512
      [0, 42, 452, 247, 1652], -13.86538314819336
    [0, 42, 452, 281], -10.962413787841797
    [0, 42, 452, 253], -11.592412948608398
    [0, 42, 452, 690], -11.868175506591797
    [0, 42, 452, 767], -12.206941604614258
  [0, 42, 476], -9.168357849121094
  [0, 42, 251], -9.711305618286133
  [0, 42, 751], -9.826217651367188
    [0, 42, 751, 281], -11.607685089111328
    [0, 42, 751, 253], -11.614169120788574
    [0, 42, 751, 326], -13.451070785522461
    [0, 42, 751, 247], -13.717063903808594
  [0, 42, 2427], -10.797599792480469
    [0, 42, 2427, 281], -11.354496002197266
      [0, 42, 2427, 281, 253], -12.735941886901855
  [0, 42, 601], -10.797969818115234
  [0, 42, 13], -11.075420379638672
  [0, 42, 9047], -11.873371124267578
  [0, 42, 285], -12.238971710205078
  [0, 42, 255], -12.29825210571289
  [0, 42, 2206], -12.600835800170898
  [0, 42, 1342], -12.72701644897461
[0, 1231], -5.397705078125
  [0, 1231, 403], -7.324924468994141
    [0, 1231, 403, 247], -9.34036636352539
    [0, 1231, 403, 253], -10.52827262878418
    [0, 1231, 403, 275], -11.43348503112793
      [0, 1231, 403, 275, 253], -12.253804206848145
  [0, 1231, 452], -7.615577697753906
    [0, 1231, 452, 247], -9.794388771057129
    [0, 1231, 452, 253], -11.359745979309082
    [0, 1231, 452, 690], -11.797486305236816
    [0, 1231, 452, 281], -12.175421714782715
  [0, 1231, 476], -9.910370826721191
  [0, 1231, 387], -10.962289810180664
  [0, 1231, 13], -11.028324127197266
    [0, 1231, 13, 253], -11.83172607421875
  [0, 1231, 751], -11.741460800170898
  [0, 1231, 2427], -12.05911636352539
[0, 1147], -5.481832504272461
  [0, 1147, 310], -6.958661079406738
    [0, 1147, 310, 247], -9.443239212036133
    [0, 1147, 310, 253], -10.253066062927246
  [0, 1147, 556], -8.358443260192871
  [0, 1147, 476], -10.255875587463379
[0, 1328], -5.972478866577148
  [0, 1328, 310], -8.966588020324707
    [0, 1328, 310, 247], -10.617403030395508
    [0, 1328, 310, 253], -11.002222061157227
  [0, 1328, 556], -9.49869441986084
    [0, 1328, 556, 247], -11.889754295349121
  [0, 1328, 249], -10.029499053955078
  [0, 1328, 476], -11.3692626953125
  [0, 1328, 285], -12.077942848205566
  [0, 1328, 1257], -12.234375953674316
[0, 3220], -6.528956413269043
[0, 2993], -6.555685043334961
  [0, 2993, 310], -9.241169929504395
    [0, 2993, 310, 247], -11.011653900146484
    [0, 2993, 310, 253], -11.54859733581543
  [0, 2993, 556], -9.92308521270752
    [0, 2993, 556, 247], -11.903615951538086
  [0, 2993, 476], -11.530547142028809
  [0, 2993, 66], -11.889090538024902
  [0, 2993, 285], -12.101778984069824
[0, 5804], -6.973322868347168
  [0, 5804, 309], -10.197830200195312
  [0, 5804, 253], -10.474031448364258
  [0, 5804, 247], -10.615463256835938
  [0, 5804, 251], -10.759759902954102
[0, 3726], -7.218977928161621
  [0, 3726, 403], -9.318389892578125
    [0, 3726, 403, 253], -11.92918586730957
  [0, 3726, 452], -10.27972412109375
  [0, 3726, 476], -11.348604202270508
[0, 4064], -7.379859924316406
  [0, 4064, 253], -9.872787475585938
  [0, 4064, 465], -11.81484603881836
  [0, 4064, 260], -11.981481552124023
[0, 783], -7.5102691650390625
[0, 1615], -7.6334228515625
[0, 936], -8.077173233032227
  [0, 936, 253], -10.088085174560547
[0, 66], -8.167373657226562
[0, 1171], -8.301552772521973
  [0, 1171, 253], -10.668295860290527
[0, 2327], -8.325146675109863
[0, 395], -8.331401824951172
  [0, 395, 253], -11.777524948120117
[0, 251], -8.379311561584473
  [0, 251, 253], -10.115478515625
[0, 249], -8.429838180541992
  [0, 249, 253], -10.021221160888672
  [0, 249, 247], -11.825202941894531
[0, 1826], -8.47652530670166
[0, 2520], -8.605386734008789
  [0, 2520, 310], -9.476356506347656
    [0, 2520, 310, 247], -10.981927871704102
    [0, 2520, 310, 253], -11.278533935546875
[0, 1439], -8.626371383666992
[0, 13], -8.801828384399414
  [0, 13, 253], -12.138667106628418
[0, 338], -8.844083786010742
[0, 1542], -8.84749984741211
  [0, 1542, 253], -11.30578327178955
  [0, 1542, 247], -11.960832595825195
[0, 284], -8.881011009216309
  [0, 284, 247], -11.447489738464355
[0, 7745], -8.91187572479248
  [0, 7745, 387], -10.276704788208008
    [0, 7745, 387, 253], -11.710400581359863
  [0, 7745, 13], -10.91053295135498
    [0, 7745, 13, 309], -12.112451553344727
[0, 5658], -8.93066692352295
  [0, 5658, 476], -11.181303024291992
  [0, 5658, 403], -11.184030532836914
  [0, 5658, 452], -11.872795104980469
[0, 248], -8.97741985321045
[0, 255], -9.018223762512207
  [0, 255, 310], -9.949307441711426
    [0, 255, 310, 253], -10.11875057220459
  [0, 255, 253], -10.767426490783691
[0, 3529], -9.043091773986816
  [0, 3529, 310], -11.333513259887695
[0, 262], -9.07925796508789
  [0, 262, 310], -10.618423461914062
[0, 263], -9.106496810913086
[0, 601], -9.10863971710205
  [0, 601, 13], -11.848126411437988
  [0, 601, 309], -12.08031177520752
[0, 9802], -9.155115127563477
  [0, 9802, 247], -11.000825881958008
[0, 9453], -9.169639587402344
  [0, 9453, 253], -11.905662536621094
  [0, 9453, 309], -12.103516578674316
[0, 22529], -9.203548431396484
[0, 3088], -9.209184646606445
[0, 455], -9.23029613494873
  [0, 455, 253], -12.182469367980957
[0, 8606], -9.266353607177734
  [0, 8606, 253], -11.394918441772461
[0, 10383], -9.326668739318848
  [0, 10383, 479], -12.217548370361328
[0, 2184], -9.372064590454102
  [0, 2184, 281], -11.508060455322266
[0, 5092], -9.40968132019043
[0, 1257], -9.425895690917969
[0, 9328], -9.486180305480957
  [0, 9328, 403], -11.351963996887207
[0, 3062], -9.488118171691895
  [0, 3062, 685], -11.186513900756836
[0, 4609], -9.488397598266602
  [0, 4609, 310], -10.690970420837402
[0, 2858], -9.554530143737793
  [0, 2858, 309], -12.09203815460205
[0, 2887], -9.602729797363281
[0, 6689], -9.630302429199219
  [0, 6689, 310], -11.871789932250977
[0, 2577], -9.631721496582031
[0, 788], -9.637188911437988
[0, 2369], -9.704336166381836
[0, 1568], -9.78194808959961
  [0, 1568, 310], -11.52592658996582
[0, 9846], -9.791232109069824
[0, 260], -9.805794715881348
[0, 12550], -9.85910701751709
[0, 664], -9.93463134765625
  [0, 664, 403], -11.955070495605469
[0, 9088], -9.990962028503418
  [0, 9088, 403], -11.223615646362305
  [0, 9088, 310], -11.347705841064453
[0, 12157], -10.019514083862305
[0, 7053], -10.026254653930664
[0, 531], -10.057045936584473
[0, 2913], -10.081351280212402
[0, 5371], -10.096522331237793
  [0, 5371, 310], -11.676953315734863
[0, 3113], -10.108559608459473
[0, 8826], -10.14671516418457
[0, 1405], -10.16235637664795
[0, 12563], -10.173996925354004
  [0, 12563, 13], -12.043512344360352
[0, 5430], -10.19205379486084
  [0, 5430, 281], -10.910384178161621
[0, 953], -10.207620620727539
  [0, 953, 247], -12.200697898864746
[0, 6204], -10.247334480285645
  [0, 6204, 387], -11.980781555175781
[0, 484], -10.256697654724121
[0, 6309], -10.31106185913086
[0, 12756], -10.348868370056152
[0, 635], -10.377198219299316
[0, 38878], -10.380854606628418
  [0, 38878, 479], -11.091300010681152
[0, 10002], -10.399203300476074
[0, 20415], -10.421937942504883
[0, 13243], -10.425314903259277
[0, 483], -10.42584228515625
[0, 11145], -10.455411911010742
[0, 2606], -10.501274108886719
[0, 14428], -10.52376651763916
[0, 9389], -10.588953018188477
[0, 379], -10.592206954956055
[0, 7461], -10.62635612487793
[0, 8701], -10.631150245666504
[0, 20513], -10.638071060180664
  [0, 20513, 403], -11.600812911987305
[0, 31089], -10.68083381652832
[0, 14094], -10.721281051635742
[0, 454], -10.733972549438477
[0, 9154], -10.782793998718262
[0, 7483], -10.78455638885498
[0, 1106], -10.821200370788574
[0, 28206], -10.837376594543457
  [0, 28206, 281], -11.633634567260742
[0, 3022], -10.868948936462402
[0, 19506], -10.928528785705566
[0, 2666], -10.93537712097168
[0, 14644], -10.940866470336914
[0, 285], -11.027962684631348
[0, 14806], -11.058805465698242
[0, 4714], -11.05986499786377
  [0, 4714, 13], -12.184121131896973
[0, 977], -11.112364768981934
[0, 16083], -11.171098709106445
[0, 16534], -11.229104995727539
[0, 13174], -11.265721321105957
[0, 21808], -11.399538040161133
[0, 21528], -11.401387214660645
[0, 18959], -11.478126525878906
[0, 465], -11.528120994567871
[0, 1342], -11.721238136291504
[0, 309], -11.771320343017578
[0, 275], -11.79883098602295
[0, 561], -11.828895568847656
[0, 327], -11.86176586151123
[0, 247], -11.965039253234863
[0, 281], -12.005141258239746
[0, 1201], -12.042826652526855
[0, 1597], -12.176470756530762
[0, 2265], -12.180142402648926
[0, 3063], -12.191396713256836
[0, 310], -12.212242126464844
Time taken in seconds: 1757.0681982040405
Number of forward passes: 310
Worst case number of forward passes: 6680205
Best sequence: [0, 1231, 403, 275, 253], -12.253804206848145
<|endoftext|>We are in the
