[0, 510], -3.825592517852783
  [0, 510, 767], -10.488239288330078
    [0, 510, 767, 403], -14.382365226745605
      [0, 510, 767, 403, 253], -17.731990814208984
        [0, 510, 767, 403, 253, 767], -21.660417556762695
Best sequence so far: <|endoftext|>The two are the two
      [0, 510, 767, 403, 275], -17.909358978271484
        [0, 510, 767, 403, 275, 253], -19.52222442626953
Best sequence so far: <|endoftext|>The two are in the
      [0, 510, 767, 403, 247], -18.729076385498047
      [0, 510, 767, 403, 327], -18.777677536010742
      [0, 510, 767, 403, 387], -19.344192504882812
    [0, 510, 767, 452], -15.80349349975586
      [0, 510, 767, 452, 247], -18.525728225708008
    [0, 510, 767, 1943], -16.495891571044922
    [0, 510, 767, 13], -16.607160568237305
    [0, 510, 767, 285], -17.16787338256836
      [0, 510, 767, 285, 247], -17.584779739379883
    [0, 510, 767, 1029], -17.511394500732422
    [0, 510, 767, 476], -17.595075607299805
    [0, 510, 767, 309], -17.85171890258789
    [0, 510, 767, 310], -17.950801849365234
    [0, 510, 767, 275], -18.026586532592773
    [0, 510, 767, 281], -18.445322036743164
    [0, 510, 767, 2427], -18.459062576293945
    [0, 510, 767, 326], -18.61050033569336
    [0, 510, 767, 1652], -18.95193862915039
    [0, 510, 767, 1113], -19.020225524902344
    [0, 510, 767, 556], -19.086145401000977
    [0, 510, 767, 2206], -19.144500732421875
    [0, 510, 767, 2165], -19.2829532623291
    [0, 510, 767, 1984], -19.287372589111328
    [0, 510, 767, 767], -19.3354434967041
    [0, 510, 767, 3511], -19.38286018371582
    [0, 510, 767, 1708], -19.393396377563477
    [0, 510, 767, 260], -19.3983211517334
    [0, 510, 767, 465], -19.409502029418945
  [0, 510, 1029], -10.948484420776367
    [0, 510, 1029, 285], -15.69979476928711
      [0, 510, 1029, 285, 253], -16.99968147277832
    [0, 510, 1029, 13], -17.064407348632812
    [0, 510, 1029, 275], -17.766006469726562
      [0, 510, 1029, 275, 253], -19.353166580200195
    [0, 510, 1029, 310], -17.83500862121582
    [0, 510, 1029, 327], -18.08551788330078
      [0, 510, 1029, 327, 253], -19.377830505371094
    [0, 510, 1029, 309], -18.31303596496582
    [0, 510, 1029, 556], -18.920536041259766
    [0, 510, 1029, 260], -19.0607967376709
    [0, 510, 1029, 2329], -19.316162109375
    [0, 510, 1029, 2534], -19.38225555419922
  [0, 510, 309], -11.066581726074219
    [0, 510, 309, 601], -16.464962005615234
    [0, 510, 309, 285], -17.113693237304688
    [0, 510, 309, 255], -18.413007736206055
    [0, 510, 309, 13], -18.466175079345703
    [0, 510, 309, 1342], -18.485445022583008
    [0, 510, 309, 3088], -18.537322998046875
    [0, 510, 309, 251], -19.069927215576172
  [0, 510, 1943], -11.317388534545898
    [0, 510, 1943, 2165], -15.821283340454102
      [0, 510, 1943, 2165, 310], -17.669464111328125
      [0, 510, 1943, 2165, 275], -18.369068145751953
      [0, 510, 1943, 2165, 13], -18.951923370361328
      [0, 510, 1943, 2165, 556], -19.048341751098633
      [0, 510, 1943, 2165, 327], -19.41875457763672
    [0, 510, 1943, 13], -16.12533187866211
    [0, 510, 1943, 285], -16.821393966674805
      [0, 510, 1943, 285, 253], -17.41478729248047
        [0, 510, 1943, 285, 253, 1652], -19.36238670349121
Best sequence so far: <|endoftext|>The big and the little
    [0, 510, 1943, 2502], -17.156150817871094
    [0, 510, 1943, 767], -17.34449005126953
    [0, 510, 1943, 2360], -17.469905853271484
      [0, 510, 1943, 2360, 310], -19.27202606201172
    [0, 510, 1943, 4370], -17.601131439208984
    [0, 510, 1943, 4023], -18.28757095336914
    [0, 510, 1943, 5798], -18.37969207763672
    [0, 510, 1943, 1984], -18.674631118774414
    [0, 510, 1943, 6440], -18.779598236083984
    [0, 510, 1943, 465], -18.79987335205078
    [0, 510, 1943, 310], -18.83700180053711
    [0, 510, 1943, 309], -18.845523834228516
    [0, 510, 1943, 1943], -19.01858139038086
    [0, 510, 1943, 1029], -19.037160873413086
    [0, 510, 1943, 11012], -19.266340255737305
    [0, 510, 1943, 327], -19.298614501953125
  [0, 510, 1984], -11.587635040283203
    [0, 510, 1984, 310], -13.100790023803711
      [0, 510, 1984, 310, 247], -14.888885498046875
      [0, 510, 1984, 310, 253], -16.16061782836914
      [0, 510, 1984, 310, 275], -17.923828125
      [0, 510, 1984, 310, 13], -18.179773330688477
      [0, 510, 1984, 310, 327], -18.570737838745117
    [0, 510, 1984, 13], -14.0659761428833
      [0, 510, 1984, 13, 247], -17.557756423950195
      [0, 510, 1984, 13, 253], -18.397327423095703
      [0, 510, 1984, 13, 275], -18.732032775878906
      [0, 510, 1984, 13, 281], -19.247037887573242
    [0, 510, 1984, 556], -15.201763153076172
      [0, 510, 1984, 556, 247], -17.43344497680664
      [0, 510, 1984, 556, 253], -19.10400390625
    [0, 510, 1984, 326], -16.32558250427246
    [0, 510, 1984, 285], -16.497644424438477
      [0, 510, 1984, 285, 253], -18.15796661376953
    [0, 510, 1984, 309], -16.7524471282959
    [0, 510, 1984, 327], -16.7943115234375
      [0, 510, 1984, 327, 253], -18.27818489074707
    [0, 510, 1984, 275], -17.552448272705078
    [0, 510, 1984, 476], -17.552764892578125
    [0, 510, 1984, 253], -18.530231475830078
    [0, 510, 1984, 281], -18.634449005126953
    [0, 510, 1984, 2427], -18.871417999267578
      [0, 510, 1984, 2427, 327], -19.203458786010742
  [0, 510, 2165], -11.658161163330078
    [0, 510, 2165, 310], -13.39057445526123
      [0, 510, 2165, 310, 247], -15.570255279541016
      [0, 510, 2165, 310, 253], -17.498708724975586
      [0, 510, 2165, 310, 275], -17.860694885253906
      [0, 510, 2165, 310, 327], -17.936481475830078
      [0, 510, 2165, 310, 751], -18.613004684448242
      [0, 510, 2165, 310, 4882], -19.062824249267578
      [0, 510, 2165, 310, 13], -19.227340698242188
    [0, 510, 2165, 556], -14.828193664550781
      [0, 510, 2165, 556, 247], -16.908885955810547
      [0, 510, 2165, 556, 253], -19.027545928955078
      [0, 510, 2165, 556, 767], -19.26569175720215
      [0, 510, 2165, 556, 690], -19.330244064331055
    [0, 510, 2165, 13], -15.133076667785645
      [0, 510, 2165, 13, 247], -18.47636604309082
      [0, 510, 2165, 13, 275], -18.88633918762207
      [0, 510, 2165, 13, 253], -19.23892593383789
    [0, 510, 2165, 326], -16.17574691772461
      [0, 510, 2165, 326, 310], -19.060834884643555
      [0, 510, 2165, 326, 556], -19.300823211669922
    [0, 510, 2165, 309], -16.473430633544922
    [0, 510, 2165, 476], -16.614883422851562
    [0, 510, 2165, 285], -16.896255493164062
      [0, 510, 2165, 285, 253], -17.918052673339844
    [0, 510, 2165, 275], -16.916576385498047
      [0, 510, 2165, 275, 253], -19.205652236938477
    [0, 510, 2165, 327], -17.930679321289062
    [0, 510, 2165, 387], -18.008113861083984
      [0, 510, 2165, 387, 253], -19.23214340209961
    [0, 510, 2165, 2427], -18.161346435546875
      [0, 510, 2165, 2427, 327], -19.292179107666016
    [0, 510, 2165, 281], -18.42943572998047
  [0, 510, 275], -11.704473495483398
    [0, 510, 275, 661], -17.48279571533203
    [0, 510, 275, 253], -17.69278907775879
  [0, 510, 5101], -12.045190811157227
    [0, 510, 5101, 310], -14.017963409423828
      [0, 510, 5101, 310, 275], -18.038196563720703
        [0, 510, 5101, 310, 275, 253], -18.228914260864258
Best sequence so far: <|endoftext|>The sun is in the
    [0, 510, 5101, 556], -14.714569091796875
    [0, 510, 5101, 13], -15.854462623596191
      [0, 510, 5101, 13, 253], -17.18218994140625
    [0, 510, 5101, 285], -16.037830352783203
      [0, 510, 5101, 285, 253], -16.778385162353516
    [0, 510, 5101, 2427], -16.276920318603516
    [0, 510, 5101, 275], -17.40047836303711
    [0, 510, 5101, 327], -17.491455078125
    [0, 510, 5101, 326], -18.018634796142578
  [0, 510, 2360], -12.235136032104492
    [0, 510, 2360, 310], -15.280872344970703
    [0, 510, 2360, 309], -15.98275375366211
    [0, 510, 2360, 326], -16.175138473510742
    [0, 510, 2360, 2606], -16.489564895629883
    [0, 510, 2360, 556], -16.49134063720703
    [0, 510, 2360, 253], -16.798391342163086
    [0, 510, 2360, 13], -17.133676528930664
    [0, 510, 2360, 275], -17.19942855834961
    [0, 510, 2360, 2329], -17.523048400878906
    [0, 510, 2360, 2427], -17.717111587524414
    [0, 510, 2360, 327], -17.94161033630371
    [0, 510, 2360, 285], -18.02059555053711
  [0, 510, 6440], -12.330636978149414
    [0, 510, 6440, 310], -14.176982879638672
      [0, 510, 6440, 310, 247], -16.072755813598633
      [0, 510, 6440, 310, 253], -17.749929428100586
    [0, 510, 6440, 13], -15.127874374389648
    [0, 510, 6440, 556], -15.646707534790039
      [0, 510, 6440, 556, 247], -17.82938003540039
    [0, 510, 6440, 326], -16.868677139282227
    [0, 510, 6440, 285], -17.577394485473633
    [0, 510, 6440, 309], -17.93784523010254
  [0, 510, 1708], -12.439809799194336
    [0, 510, 1708, 310], -15.712133407592773
    [0, 510, 1708, 285], -16.17156410217285
      [0, 510, 1708, 285, 253], -17.1728515625
    [0, 510, 1708, 275], -16.375289916992188
      [0, 510, 1708, 275, 253], -17.08311653137207
    [0, 510, 1708, 13], -16.862794876098633
      [0, 510, 1708, 13, 253], -18.018230438232422
    [0, 510, 1708, 387], -17.06798553466797
      [0, 510, 1708, 387, 253], -17.201404571533203
    [0, 510, 1708, 327], -17.16461753845215
      [0, 510, 1708, 327, 253], -17.902263641357422
    [0, 510, 1708, 326], -17.314979553222656
    [0, 510, 1708, 556], -17.337139129638672
  [0, 510, 2329], -12.548086166381836
    [0, 510, 2329, 310], -15.903372764587402
    [0, 510, 2329, 275], -16.146150588989258
      [0, 510, 2329, 275, 253], -16.9790096282959
    [0, 510, 2329, 285], -17.512752532958984
    [0, 510, 2329, 326], -17.653852462768555
    [0, 510, 2329, 556], -17.933135986328125
    [0, 510, 2329, 387], -17.967695236206055
    [0, 510, 2329, 1342], -18.010244369506836
    [0, 510, 2329, 327], -18.02724838256836
    [0, 510, 2329, 13], -18.17400360107422
  [0, 510, 1113], -12.564085006713867
    [0, 510, 1113, 310], -15.322992324829102
      [0, 510, 1113, 310, 247], -17.0208740234375
    [0, 510, 1113, 556], -16.38349151611328
      [0, 510, 1113, 556, 247], -17.93437385559082
    [0, 510, 1113, 13], -16.575729370117188
    [0, 510, 1113, 326], -16.883872985839844
    [0, 510, 1113, 285], -17.163557052612305
    [0, 510, 1113, 275], -17.344022750854492
    [0, 510, 1113, 5603], -17.422616958618164
    [0, 510, 1113, 2427], -18.15633201599121
  [0, 510, 247], -12.725839614868164
  [0, 510, 2502], -12.729106903076172
    [0, 510, 2502, 285], -16.577373504638672
    [0, 510, 2502, 1708], -16.79328155517578
    [0, 510, 2502, 13], -17.141979217529297
  [0, 510, 2534], -12.753171920776367
    [0, 510, 2534, 310], -15.333768844604492
      [0, 510, 2534, 310, 1029], -17.551206588745117
    [0, 510, 2534, 251], -15.48708438873291
    [0, 510, 2534, 556], -16.31635093688965
    [0, 510, 2534, 387], -17.411584854125977
      [0, 510, 2534, 387, 253], -18.21734619140625
    [0, 510, 2534, 275], -17.51333236694336
    [0, 510, 2534, 285], -17.533836364746094
    [0, 510, 2534, 1342], -17.555606842041016
    [0, 510, 2534, 13], -17.59100914001465
    [0, 510, 2534, 327], -17.827754974365234
    [0, 510, 2534, 661], -18.21879768371582
  [0, 510, 1652], -12.762067794799805
    [0, 510, 1652, 2502], -16.6406307220459
    [0, 510, 1652, 4370], -17.6658992767334
  [0, 510, 465], -13.065927505493164
    [0, 510, 465, 770], -17.194080352783203
      [0, 510, 465, 770, 561], -17.68645477294922
    [0, 510, 465, 455], -17.444276809692383
  [0, 510, 260], -13.080488204956055
    [0, 510, 260, 725], -17.25524139404297
  [0, 510, 4023], -13.157669067382812
    [0, 510, 4023, 310], -15.125965118408203
      [0, 510, 4023, 310, 275], -15.965679168701172
        [0, 510, 4023, 310, 275, 253], -16.665447235107422
Best sequence so far: <|endoftext|>The ball is in the
  [0, 510, 5798], -13.270622253417969
    [0, 510, 5798, 310], -15.973795890808105
  [0, 510, 4370], -13.287363052368164
    [0, 510, 4370, 310], -16.168001174926758
  [0, 510, 6858], -13.297618865966797
    [0, 510, 6858, 310], -15.957993507385254
  [0, 510, 327], -13.316741943359375
  [0, 510, 310], -13.435712814331055
    [0, 510, 310, 247], -16.198469161987305
  [0, 510, 8913], -13.493925094604492
    [0, 510, 8913, 327], -14.65491008758545
    [0, 510, 8913, 310], -15.931436538696289
    [0, 510, 8913, 556], -16.565170288085938
  [0, 510, 745], -13.494258880615234
  [0, 510, 2829], -13.583812713623047
    [0, 510, 2829, 310], -15.688253402709961
  [0, 510, 5603], -13.68461799621582
    [0, 510, 5603, 310], -15.266475677490234
    [0, 510, 5603, 556], -16.338808059692383
  [0, 510, 3511], -13.703330993652344
  [0, 510, 255], -13.715530395507812
  [0, 510, 253], -13.743017196655273
  [0, 510, 5254], -13.815088272094727
    [0, 510, 5254, 310], -15.621225357055664
  [0, 510, 387], -13.939048767089844
  [0, 510, 5202], -14.040205001831055
    [0, 510, 5202, 310], -16.137845993041992
  [0, 510, 3345], -14.040399551391602
  [0, 510, 66], -14.432069778442383
  [0, 510, 11012], -14.47579574584961
  [0, 510, 281], -14.476242065429688
  [0, 510, 4882], -14.555929183959961
  [0, 510, 11755], -14.608787536621094
  [0, 510, 476], -14.611190795898438
  [0, 510, 251], -14.797210693359375
  [0, 510, 1111], -14.82535171508789
  [0, 510, 263], -14.831016540527344
  [0, 510, 403], -14.878108978271484
  [0, 510, 10086], -14.894710540771484
  [0, 510, 2206], -14.967391967773438
  [0, 510, 13], -15.028861999511719
  [0, 510, 285], -15.076154708862305
  [0, 510, 452], -15.089897155761719
  [0, 510, 479], -15.165925979614258
  [0, 510, 10149], -15.257526397705078
    [0, 510, 10149, 281], -15.897775650024414
  [0, 510, 556], -15.262895584106445
  [0, 510, 40096], -15.523134231567383
  [0, 510, 3574], -15.688928604125977
  [0, 510, 521], -15.707792282104492
  [0, 510, 751], -15.902145385742188
  [0, 510, 601], -16.037185668945312
  [0, 510, 24740], -16.106576919555664
  [0, 510, 14709], -16.123382568359375
  [0, 510, 7938], -16.12468147277832
  [0, 510, 2577], -16.1466121673584
  [0, 510, 249], -16.25485610961914
  [0, 510, 2327], -16.657512664794922
[0, 42], -4.839722156524658
  [0, 42, 452], -7.594538688659668
    [0, 42, 452, 247], -9.232568740844727
      [0, 42, 452, 247, 1652], -13.865385055541992
      [0, 42, 452, 247, 1943], -14.258886337280273
      [0, 42, 452, 247, 1984], -15.087562561035156
      [0, 42, 452, 247, 767], -15.430900573730469
      [0, 42, 452, 247, 1029], -15.740411758422852
      [0, 42, 452, 247, 1113], -15.779563903808594
      [0, 42, 452, 247, 11755], -15.88914680480957
      [0, 42, 452, 247, 2829], -15.930036544799805
      [0, 42, 452, 247, 4370], -16.14524269104004
      [0, 42, 452, 247, 2165], -16.362810134887695
      [0, 42, 452, 247, 6858], -16.58161735534668
      [0, 42, 452, 247, 3511], -16.63031768798828
    [0, 42, 452, 281], -10.962430000305176
      [0, 42, 452, 281, 452], -15.920612335205078
    [0, 42, 452, 253], -11.592427253723145
    [0, 42, 452, 690], -11.868188858032227
    [0, 42, 452, 767], -12.206944465637207
    [0, 42, 452, 9047], -13.948407173156738
      [0, 42, 452, 9047, 253], -15.843805313110352
      [0, 42, 452, 9047, 247], -16.205530166625977
    [0, 42, 452, 13], -14.230029106140137
      [0, 42, 452, 13, 275], -16.526779174804688
      [0, 42, 452, 13, 285], -16.588272094726562
    [0, 42, 452, 1652], -14.970266342163086
    [0, 42, 452, 326], -15.115273475646973
    [0, 42, 452, 275], -15.138172149658203
      [0, 42, 452, 275, 253], -16.248977661132812
    [0, 42, 452, 285], -15.182908058166504
    [0, 42, 452, 1029], -15.185295104980469
    [0, 42, 452, 1943], -15.316201210021973
    [0, 42, 452, 387], -15.357934951782227
    [0, 42, 452, 2502], -15.76565170288086
    [0, 42, 452, 327], -15.805842399597168
    [0, 42, 452, 2206], -15.873147964477539
    [0, 42, 452, 309], -16.300643920898438
    [0, 42, 452, 3063], -16.330289840698242
    [0, 42, 452, 452], -16.446331024169922
  [0, 42, 476], -9.168363571166992
    [0, 42, 476, 13], -15.502204895019531
    [0, 42, 476, 452], -15.722650527954102
    [0, 42, 476, 6008], -16.138507843017578
  [0, 42, 251], -9.7113037109375
    [0, 42, 251, 285], -14.222161293029785
    [0, 42, 251, 13], -15.816786766052246
    [0, 42, 251, 531], -16.16474151611328
    [0, 42, 251, 260], -16.493309020996094
    [0, 42, 251, 263], -16.503835678100586
    [0, 42, 251, 309], -16.542423248291016
    [0, 42, 251, 310], -16.584247589111328
    [0, 42, 251, 387], -16.597553253173828
  [0, 42, 751], -9.826213836669922
    [0, 42, 751, 281], -11.607665061950684
      [0, 42, 751, 281, 6008], -15.55576229095459
      [0, 42, 751, 281, 452], -15.636334419250488
    [0, 42, 751, 253], -11.614166259765625
    [0, 42, 751, 326], -13.45107364654541
      [0, 42, 751, 326, 253], -15.914179801940918
      [0, 42, 751, 326, 309], -16.608909606933594
    [0, 42, 751, 247], -13.7171049118042
    [0, 42, 751, 521], -15.411031723022461
    [0, 42, 751, 4882], -15.689915657043457
    [0, 42, 751, 690], -15.941271781921387
    [0, 42, 751, 13], -16.024009704589844
    [0, 42, 751, 285], -16.258991241455078
    [0, 42, 751, 1943], -16.62654685974121
  [0, 42, 2427], -10.797615051269531
    [0, 42, 2427, 281], -11.354527473449707
      [0, 42, 2427, 281, 253], -12.735978126525879
      [0, 42, 2427, 281, 247], -13.58314323425293
    [0, 42, 2427, 327], -14.04458236694336
      [0, 42, 2427, 327, 247], -14.896332740783691
      [0, 42, 2427, 327, 253], -16.23931884765625
    [0, 42, 2427, 715], -14.566486358642578
      [0, 42, 2427, 715, 253], -15.741020202636719
    [0, 42, 2427, 285], -15.122552871704102
    [0, 42, 2427, 275], -15.233196258544922
      [0, 42, 2427, 275, 281], -16.372446060180664
    [0, 42, 2427, 247], -16.406280517578125
  [0, 42, 601], -10.79796028137207
    [0, 42, 601, 2858], -15.571269035339355
    [0, 42, 601, 284], -16.61850357055664
    [0, 42, 601, 285], -16.638347625732422
  [0, 42, 13], -11.075433731079102
    [0, 42, 13, 247], -13.660358428955078
    [0, 42, 13, 253], -14.229801177978516
    [0, 42, 13, 751], -15.153364181518555
    [0, 42, 13, 309], -15.355554580688477
    [0, 42, 13, 387], -16.49530792236328
    [0, 42, 13, 285], -16.54788589477539
  [0, 42, 9047], -11.873367309570312
    [0, 42, 9047, 253], -13.304492950439453
    [0, 42, 9047, 247], -14.051778793334961
    [0, 42, 9047, 690], -16.13312339782715
    [0, 42, 9047, 326], -16.478986740112305
    [0, 42, 9047, 327], -16.627166748046875
  [0, 42, 285], -12.238962173461914
    [0, 42, 285, 309], -14.344778060913086
    [0, 42, 285, 247], -15.64243221282959
    [0, 42, 285, 253], -16.343902587890625
  [0, 42, 255], -12.298234939575195
  [0, 42, 2206], -12.600826263427734
    [0, 42, 2206, 275], -14.462177276611328
      [0, 42, 2206, 275, 253], -15.368099212646484
      [0, 42, 2206, 275, 247], -16.142475128173828
    [0, 42, 2206, 327], -15.217151641845703
      [0, 42, 2206, 327, 253], -15.774693489074707
    [0, 42, 2206, 387], -15.520135879516602
      [0, 42, 2206, 387, 253], -16.429391860961914
    [0, 42, 2206, 285], -16.42348289489746
  [0, 42, 1342], -12.726997375488281
  [0, 42, 936], -13.196249008178711
    [0, 42, 936, 13], -15.894448280334473
  [0, 42, 66], -13.344779968261719
  [0, 42, 284], -13.566688537597656
  [0, 42, 260], -13.586406707763672
  [0, 42, 247], -13.622665405273438
  [0, 42, 1405], -13.693061828613281
    [0, 42, 1405, 66], -15.847360610961914
  [0, 42, 531], -13.930843353271484
  [0, 42, 309], -14.283329010009766
  [0, 42, 281], -14.317359924316406
  [0, 42, 6008], -14.375934600830078
    [0, 42, 6008, 247], -16.515735626220703
  [0, 42, 1625], -14.398324966430664
    [0, 42, 1625, 253], -16.489913940429688
  [0, 42, 253], -14.490083694458008
  [0, 42, 263], -14.564958572387695
  [0, 42, 6309], -14.576377868652344
  [0, 42, 5092], -14.579164505004883
  [0, 42, 3088], -14.599170684814453
  [0, 42, 8231], -14.628189086914062
    [0, 42, 8231, 253], -16.599498748779297
  [0, 42, 2184], -14.720048904418945
  [0, 42, 262], -14.735872268676758
  [0, 42, 248], -14.769304275512695
  [0, 42, 249], -14.84914779663086
  [0, 42, 310], -14.85798454284668
    [0, 42, 310, 247], -16.55837059020996
  [0, 42, 387], -14.94041633605957
  [0, 42, 1171], -15.134262084960938
  [0, 42, 327], -15.236616134643555
  [0, 42, 556], -15.272674560546875
  [0, 42, 28206], -15.331354141235352
  [0, 42, 3022], -15.385080337524414
  [0, 42, 788], -15.415403366088867
  [0, 42, 1615], -15.466632843017578
  [0, 42, 661], -15.532234191894531
  [0, 42, 275], -15.617918014526367
  [0, 42, 338], -15.629913330078125
  [0, 42, 783], -15.63011360168457
  [0, 42, 465], -15.66029167175293
  [0, 42, 1257], -15.710809707641602
  [0, 42, 1984], -15.810565948486328
  [0, 42, 9802], -15.87738037109375
  [0, 42, 2165], -15.934598922729492
  [0, 42, 725], -15.977912902832031
  [0, 42, 9846], -16.03223419189453
  [0, 42, 1328], -16.094579696655273
  [0, 42, 635], -16.100250244140625
  [0, 42, 2502], -16.111589431762695
  [0, 42, 14428], -16.18450927734375
  [0, 42, 1652], -16.21390151977539
  [0, 42, 664], -16.23408317565918
  [0, 42, 2887], -16.23756217956543
  [0, 42, 510], -16.24946403503418
  [0, 42, 2577], -16.260540008544922
  [0, 42, 24805], -16.2823486328125
  [0, 42, 403], -16.38335418701172
  [0, 42, 484], -16.38962745666504
  [0, 42, 395], -16.391910552978516
  [0, 42, 1542], -16.39600944519043
  [0, 42, 18959], -16.506898880004883
  [0, 42, 11012], -16.52136993408203
  [0, 42, 2327], -16.653385162353516
  [0, 42, 326], -16.656124114990234
  [0, 42, 1111], -16.66136360168457
[0, 1231], -5.397704124450684
  [0, 1231, 403], -7.32495641708374
    [0, 1231, 403, 247], -9.340353012084961
      [0, 1231, 403, 247, 1029], -14.952674865722656
      [0, 1231, 403, 247, 1943], -15.258031845092773
      [0, 1231, 403, 247, 1652], -15.925929069519043
      [0, 1231, 403, 247, 767], -16.240257263183594
    [0, 1231, 403, 253], -10.52828311920166
    [0, 1231, 403, 275], -11.433469772338867
      [0, 1231, 403, 275, 253], -12.253788948059082
      [0, 1231, 403, 275, 247], -13.430390357971191
    [0, 1231, 403, 327], -12.719879150390625
      [0, 1231, 403, 327, 253], -13.94253158569336
      [0, 1231, 403, 327, 247], -13.97370719909668
    [0, 1231, 403, 387], -13.085128784179688
      [0, 1231, 403, 387, 253], -13.967644691467285
      [0, 1231, 403, 387, 247], -14.417304039001465
    [0, 1231, 403, 767], -13.926202774047852
    [0, 1231, 403, 1943], -14.102228164672852
    [0, 1231, 403, 13], -14.314472198486328
    [0, 1231, 403, 281], -14.747331619262695
    [0, 1231, 403, 4882], -15.038351058959961
    [0, 1231, 403, 715], -15.164085388183594
      [0, 1231, 403, 715, 253], -16.075706481933594
    [0, 1231, 403, 690], -15.273738861083984
    [0, 1231, 403, 751], -15.754531860351562
    [0, 1231, 403, 3063], -15.790592193603516
    [0, 1231, 403, 403], -15.83302116394043
    [0, 1231, 403, 285], -15.959686279296875
    [0, 1231, 403, 326], -16.066993713378906
    [0, 1231, 403, 1113], -16.38778305053711
    [0, 1231, 403, 745], -16.583261489868164
    [0, 1231, 403, 260], -16.615707397460938
  [0, 1231, 452], -7.615590572357178
    [0, 1231, 452, 247], -9.794388771057129
      [0, 1231, 452, 247, 1943], -14.40705680847168
      [0, 1231, 452, 247, 1652], -15.12158203125
      [0, 1231, 452, 247, 767], -15.968263626098633
      [0, 1231, 452, 247, 1029], -15.987638473510742
    [0, 1231, 452, 253], -11.359766006469727
    [0, 1231, 452, 690], -11.797515869140625
      [0, 1231, 452, 690, 1943], -16.6217098236084
    [0, 1231, 452, 281], -12.175395011901855
      [0, 1231, 452, 281, 452], -16.592235565185547
    [0, 1231, 452, 767], -12.309532165527344
    [0, 1231, 452, 275], -14.12985610961914
      [0, 1231, 452, 275, 253], -15.506003379821777
    [0, 1231, 452, 1029], -14.154276847839355
    [0, 1231, 452, 13], -14.48544692993164
      [0, 1231, 452, 13, 275], -16.48862648010254
    [0, 1231, 452, 387], -14.604018211364746
    [0, 1231, 452, 1943], -15.12444019317627
    [0, 1231, 452, 3063], -15.40955638885498
    [0, 1231, 452, 9047], -15.454771041870117
    [0, 1231, 452, 1652], -15.661733627319336
    [0, 1231, 452, 327], -15.73466682434082
    [0, 1231, 452, 326], -15.940156936645508
    [0, 1231, 452, 285], -16.179880142211914
    [0, 1231, 452, 2502], -16.385068893432617
    [0, 1231, 452, 2206], -16.555744171142578
  [0, 1231, 476], -9.910383224487305
    [0, 1231, 476, 452], -15.506264686584473
    [0, 1231, 476, 13], -16.096616744995117
  [0, 1231, 387], -10.96224594116211
    [0, 1231, 387, 253], -13.239758491516113
  [0, 1231, 13], -11.028314590454102
    [0, 1231, 13, 253], -11.831720352172852
    [0, 1231, 13, 387], -12.880825996398926
      [0, 1231, 13, 387, 253], -15.758285522460938
    [0, 1231, 13, 247], -15.041110038757324
    [0, 1231, 13, 275], -15.506564140319824
      [0, 1231, 13, 275, 253], -16.3907527923584
    [0, 1231, 13, 285], -15.911642074584961
    [0, 1231, 13, 751], -16.007678985595703
    [0, 1231, 13, 327], -16.639415740966797
  [0, 1231, 751], -11.741464614868164
    [0, 1231, 751, 281], -12.582266807556152
      [0, 1231, 751, 281, 452], -16.552120208740234
    [0, 1231, 751, 253], -14.296598434448242
    [0, 1231, 751, 247], -15.69959545135498
    [0, 1231, 751, 326], -16.057113647460938
  [0, 1231, 2427], -12.059103012084961
    [0, 1231, 2427, 281], -12.760750770568848
      [0, 1231, 2427, 281, 253], -13.993581771850586
      [0, 1231, 2427, 281, 247], -15.008201599121094
    [0, 1231, 2427, 327], -14.753744125366211
      [0, 1231, 2427, 327, 247], -15.198646545410156
    [0, 1231, 2427, 715], -15.788827896118164
      [0, 1231, 2427, 715, 253], -16.551349639892578
    [0, 1231, 2427, 275], -16.64974594116211
  [0, 1231, 284], -12.522329330444336
  [0, 1231, 275], -12.901041030883789
    [0, 1231, 275, 253], -13.611868858337402
  [0, 1231, 253], -13.239330291748047
  [0, 1231, 2206], -13.540099143981934
    [0, 1231, 2206, 275], -15.653923034667969
      [0, 1231, 2206, 275, 253], -16.451032638549805
    [0, 1231, 2206, 327], -16.398712158203125
  [0, 1231, 249], -13.54044246673584
  [0, 1231, 285], -13.567818641662598
    [0, 1231, 285, 253], -16.181808471679688
  [0, 1231, 9047], -13.651261329650879
    [0, 1231, 9047, 253], -15.171670913696289
    [0, 1231, 9047, 247], -16.022079467773438
  [0, 1231, 255], -13.719159126281738
  [0, 1231, 6008], -14.111443519592285
    [0, 1231, 6008, 247], -16.553407669067383
  [0, 1231, 66], -14.150212287902832
  [0, 1231, 327], -14.796626091003418
    [0, 1231, 327, 253], -15.2076416015625
  [0, 1231, 262], -15.038947105407715
  [0, 1231, 3063], -15.404242515563965
  [0, 1231, 281], -15.411406517028809
  [0, 1231, 247], -15.606188774108887
  [0, 1231, 1615], -15.610943794250488
  [0, 1231, 767], -15.664227485656738
  [0, 1231, 251], -15.756714820861816
  [0, 1231, 1625], -15.861884117126465
  [0, 1231, 309], -15.974469184875488
  [0, 1231, 248], -16.007354736328125
  [0, 1231, 2502], -16.037471771240234
  [0, 1231, 9802], -16.064373016357422
  [0, 1231, 8231], -16.077178955078125
  [0, 1231, 2265], -16.125675201416016
  [0, 1231, 11012], -16.160694122314453
  [0, 1231, 2327], -16.197696685791016
  [0, 1231, 510], -16.250503540039062
  [0, 1231, 455], -16.3751220703125
  [0, 1231, 8913], -16.461254119873047
[0, 1147], -5.4818315505981445
  [0, 1147, 310], -6.958683490753174
    [0, 1147, 310, 247], -9.443243980407715
      [0, 1147, 310, 247, 1652], -14.40307903289795
      [0, 1147, 310, 247, 1943], -14.512184143066406
      [0, 1147, 310, 247, 767], -15.893216133117676
      [0, 1147, 310, 247, 1029], -15.940594673156738
      [0, 1147, 310, 247, 3511], -16.01305389404297
      [0, 1147, 310, 247, 2165], -16.56787109375
    [0, 1147, 310, 253], -10.253083229064941
    [0, 1147, 310, 13], -12.312334060668945
      [0, 1147, 310, 13, 275], -14.78155517578125
      [0, 1147, 310, 13, 309], -15.601642608642578
      [0, 1147, 310, 13, 281], -16.139867782592773
      [0, 1147, 310, 13, 387], -16.162620544433594
      [0, 1147, 310, 13, 285], -16.32820701599121
    [0, 1147, 310, 281], -12.669090270996094
      [0, 1147, 310, 281, 253], -15.320903778076172
    [0, 1147, 310, 275], -12.684460639953613
      [0, 1147, 310, 275, 253], -14.008584022521973
      [0, 1147, 310, 275, 247], -15.848943710327148
    [0, 1147, 310, 326], -13.141337394714355
    [0, 1147, 310, 387], -14.21712875366211
      [0, 1147, 310, 387, 253], -16.21918487548828
    [0, 1147, 310, 327], -14.636162757873535
      [0, 1147, 310, 327, 253], -15.77232837677002
    [0, 1147, 310, 751], -14.816113471984863
      [0, 1147, 310, 751, 247], -16.2725887298584
    [0, 1147, 310, 1029], -14.860130310058594
    [0, 1147, 310, 521], -15.268304824829102
    [0, 1147, 310, 3063], -15.409278869628906
    [0, 1147, 310, 3511], -15.47006607055664
    [0, 1147, 310, 1652], -15.523469924926758
    [0, 1147, 310, 11755], -15.547643661499023
    [0, 1147, 310, 690], -15.799137115478516
    [0, 1147, 310, 310], -15.88248062133789
    [0, 1147, 310, 285], -15.902498245239258
    [0, 1147, 310, 767], -16.02233123779297
    [0, 1147, 310, 556], -16.285860061645508
    [0, 1147, 310, 1943], -16.286685943603516
    [0, 1147, 310, 2360], -16.495393753051758
  [0, 1147, 556], -8.358455657958984
    [0, 1147, 556, 247], -12.42690658569336
    [0, 1147, 556, 281], -13.163801193237305
    [0, 1147, 556, 253], -13.760702133178711
    [0, 1147, 556, 13], -14.485885620117188
      [0, 1147, 556, 13, 275], -16.376205444335938
    [0, 1147, 556, 767], -16.15064811706543
    [0, 1147, 556, 275], -16.21259117126465
    [0, 1147, 556, 690], -16.2553653717041
    [0, 1147, 556, 387], -16.570964813232422
  [0, 1147, 476], -10.25588607788086
    [0, 1147, 476, 452], -15.815814971923828
    [0, 1147, 476, 13], -15.997420310974121
  [0, 1147, 2427], -14.020726203918457
    [0, 1147, 2427, 327], -16.397098541259766
    [0, 1147, 2427, 281], -16.531105041503906
  [0, 1147, 247], -14.493931770324707
  [0, 1147, 455], -14.511463165283203
  [0, 1147, 6613], -14.53085708618164
  [0, 1147, 13], -14.648155212402344
  [0, 1147, 253], -14.815532684326172
  [0, 1147, 66], -14.920923233032227
  [0, 1147, 452], -15.442540168762207
  [0, 1147, 601], -15.509041786193848
  [0, 1147, 285], -15.722933769226074
  [0, 1147, 248], -16.027313232421875
  [0, 1147, 284], -16.17266082763672
  [0, 1147, 326], -16.30938720703125
  [0, 1147, 249], -16.377513885498047
  [0, 1147, 263], -16.604400634765625
[0, 1328], -5.972480297088623
  [0, 1328, 310], -8.966585159301758
    [0, 1328, 310, 247], -10.617402076721191
      [0, 1328, 310, 247, 1943], -15.563495635986328
    [0, 1328, 310, 253], -11.002227783203125
    [0, 1328, 310, 13], -13.147597312927246
      [0, 1328, 310, 13, 275], -15.580398559570312
      [0, 1328, 310, 13, 309], -16.29564094543457
      [0, 1328, 310, 13, 285], -16.41844367980957
    [0, 1328, 310, 275], -13.73250675201416
      [0, 1328, 310, 275, 253], -15.322861671447754
      [0, 1328, 310, 275, 247], -16.027023315429688
    [0, 1328, 310, 327], -14.313727378845215
      [0, 1328, 310, 327, 253], -15.291356086730957
      [0, 1328, 310, 327, 247], -16.171281814575195
    [0, 1328, 310, 387], -15.084364891052246
      [0, 1328, 310, 387, 253], -16.15414047241211
    [0, 1328, 310, 281], -15.178481101989746
    [0, 1328, 310, 4882], -15.537753105163574
    [0, 1328, 310, 751], -15.545283317565918
      [0, 1328, 310, 751, 247], -16.309612274169922
    [0, 1328, 310, 326], -16.442365646362305
  [0, 1328, 556], -9.498705863952637
    [0, 1328, 556, 247], -11.889759063720703
      [0, 1328, 556, 247, 1943], -16.630657196044922
    [0, 1328, 556, 253], -13.488529205322266
    [0, 1328, 556, 13], -14.503707885742188
      [0, 1328, 556, 13, 275], -16.443912506103516
    [0, 1328, 556, 281], -14.770843505859375
    [0, 1328, 556, 521], -14.86488151550293
    [0, 1328, 556, 767], -14.937358856201172
    [0, 1328, 556, 690], -15.143035888671875
  [0, 1328, 249], -10.029507637023926
  [0, 1328, 476], -11.369270324707031
    [0, 1328, 476, 13], -16.338865280151367
    [0, 1328, 476, 452], -16.477256774902344
  [0, 1328, 285], -12.07794189453125
    [0, 1328, 285, 521], -13.205587387084961
    [0, 1328, 285, 253], -14.507019996643066
    [0, 1328, 285, 309], -15.283851623535156
    [0, 1328, 285, 247], -15.830310821533203
  [0, 1328, 1257], -12.23440170288086
  [0, 1328, 13], -12.264171600341797
    [0, 1328, 13, 253], -15.029777526855469
    [0, 1328, 13, 247], -15.036653518676758
    [0, 1328, 13, 751], -15.713210105895996
    [0, 1328, 13, 275], -16.265968322753906
    [0, 1328, 13, 285], -16.32323455810547
    [0, 1328, 13, 309], -16.398807525634766
  [0, 1328, 2427], -12.429390907287598
    [0, 1328, 2427, 327], -13.535873413085938
      [0, 1328, 2427, 327, 281], -13.81514835357666
      [0, 1328, 2427, 327, 247], -16.64837646484375
    [0, 1328, 2427, 281], -13.982608795166016
      [0, 1328, 2427, 281, 253], -15.335250854492188
      [0, 1328, 2427, 281, 247], -16.575130462646484
    [0, 1328, 2427, 715], -15.536478996276855
      [0, 1328, 2427, 715, 253], -16.466835021972656
  [0, 1328, 248], -12.625274658203125
    [0, 1328, 248, 248], -13.403036117553711
      [0, 1328, 248, 248, 248], -14.377357482910156
        [0, 1328, 248, 248, 248, 248], -15.453851699829102
Best sequence so far: <|endoftext|>Hehehehehe
    [0, 1328, 248, 13], -15.236967086791992
  [0, 1328, 262], -12.833866119384766
    [0, 1328, 262, 1342], -14.90983772277832
  [0, 1328, 263], -13.609246253967285
  [0, 1328, 66], -13.61396312713623
  [0, 1328, 2206], -13.832650184631348
  [0, 1328, 9047], -13.86925983428955
    [0, 1328, 9047, 253], -15.443316459655762
  [0, 1328, 260], -14.41006088256836
  [0, 1328, 338], -14.469497680664062
  [0, 1328, 6613], -14.490680694580078
  [0, 1328, 284], -14.524328231811523
  [0, 1328, 255], -14.838336944580078
  [0, 1328, 251], -14.873090744018555
  [0, 1328, 326], -14.936660766601562
  [0, 1328, 8231], -15.239408493041992
  [0, 1328, 275], -15.277837753295898
  [0, 1328, 247], -15.395641326904297
[0, 3220], -6.528956890106201
  [0, 3220, 1652], -12.455133438110352
  [0, 3220, 1171], -12.510988235473633
  [0, 3220, 767], -12.883657455444336
  [0, 3220, 1984], -12.887212753295898
    [0, 3220, 1984, 13], -14.534353256225586
    [0, 3220, 1984, 310], -15.015674591064453
  [0, 3220, 4370], -13.082815170288086
    [0, 3220, 4370, 310], -15.04482650756836
    [0, 3220, 4370, 13], -15.136725425720215
  [0, 3220, 5798], -13.331125259399414
    [0, 3220, 5798, 13], -15.36981201171875
  [0, 3220, 13], -13.49070930480957
  [0, 3220, 465], -13.573007583618164
  [0, 3220, 251], -13.933341979980469
  [0, 3220, 6858], -14.07625961303711
  [0, 3220, 66], -14.106588363647461
  [0, 3220, 601], -14.28097152709961
  [0, 3220, 284], -14.467939376831055
  [0, 3220, 255], -14.565624237060547
  [0, 3220, 1113], -14.67462158203125
  [0, 3220, 260], -14.744264602661133
  [0, 3220, 455], -14.770658493041992
  [0, 3220, 1943], -14.86630630493164
  [0, 3220, 275], -15.171348571777344
  [0, 3220, 309], -15.352396011352539
  [0, 3220, 2165], -15.366779327392578
  [0, 3220, 1029], -15.405029296875
  [0, 3220, 249], -15.423995971679688
  [0, 3220, 247], -15.446250915527344
[0, 2993], -6.555685997009277
  [0, 2993, 310], -9.241147994995117
    [0, 2993, 310, 247], -11.011655807495117
    [0, 2993, 310, 253], -11.54861068725586
    [0, 2993, 310, 13], -13.668177604675293
    [0, 2993, 310, 275], -13.771773338317871
      [0, 2993, 310, 275, 253], -15.378557205200195
    [0, 2993, 310, 327], -14.648838996887207
    [0, 2993, 310, 751], -15.310517311096191
  [0, 2993, 556], -9.923075675964355
    [0, 2993, 556, 247], -11.903626441955566
    [0, 2993, 556, 253], -13.787701606750488
    [0, 2993, 556, 767], -14.654940605163574
    [0, 2993, 556, 281], -15.02335262298584
    [0, 2993, 556, 13], -15.083369255065918
    [0, 2993, 556, 690], -15.386646270751953
  [0, 2993, 476], -11.530529975891113
  [0, 2993, 66], -11.889062881469727
    [0, 2993, 66, 13], -15.097892761230469
  [0, 2993, 285], -12.101775169372559
    [0, 2993, 285, 253], -14.915922164916992
    [0, 2993, 285, 309], -15.04792308807373
  [0, 2993, 2427], -12.38491153717041
    [0, 2993, 2427, 281], -13.862780570983887
      [0, 2993, 2427, 281, 253], -15.302690505981445
    [0, 2993, 2427, 327], -13.864048957824707
      [0, 2993, 2427, 327, 281], -14.154773712158203
    [0, 2993, 2427, 715], -15.357577323913574
  [0, 2993, 13], -12.707500457763672
    [0, 2993, 13, 247], -15.324851036071777
  [0, 2993, 2265], -12.950065612792969
  [0, 2993, 2206], -13.264041900634766
    [0, 2993, 2206, 275], -15.080785751342773
    [0, 2993, 2206, 327], -15.134765625
  [0, 2993, 6613], -13.751652717590332
    [0, 2993, 6613, 247], -15.102071762084961
  [0, 2993, 249], -13.820775985717773
  [0, 2993, 9047], -14.11490249633789
  [0, 2993, 248], -14.614703178405762
  [0, 2993, 1342], -14.64122486114502
  [0, 2993, 1257], -14.725141525268555
  [0, 2993, 247], -14.903496742248535
  [0, 2993, 262], -15.080900192260742
  [0, 2993, 2577], -15.174154281616211
  [0, 2993, 1405], -15.195613861083984
  [0, 2993, 263], -15.448697090148926
[0, 5804], -6.973324775695801
  [0, 5804, 309], -10.197830200195312
    [0, 5804, 309, 452], -12.901556015014648
      [0, 5804, 309, 452, 247], -13.94329833984375
    [0, 5804, 309, 4496], -15.129907608032227
  [0, 5804, 253], -10.474054336547852
  [0, 5804, 247], -10.615495681762695
  [0, 5804, 251], -10.759756088256836
  [0, 5804, 285], -14.02029037475586
  [0, 5804, 1029], -14.192338943481445
  [0, 5804, 249], -14.451004028320312
  [0, 5804, 263], -15.017512321472168
  [0, 5804, 690], -15.021491050720215
  [0, 5804, 260], -15.101862907409668
  [0, 5804, 465], -15.220526695251465
[0, 3726], -7.218980312347412
  [0, 3726, 403], -9.318389892578125
    [0, 3726, 403, 253], -11.929190635681152
    [0, 3726, 403, 247], -12.44882583618164
    [0, 3726, 403, 13], -13.773394584655762
    [0, 3726, 403, 275], -13.993138313293457
    [0, 3726, 403, 767], -14.430081367492676
    [0, 3726, 403, 327], -14.94375228881836
    [0, 3726, 403, 751], -14.968420028686523
    [0, 3726, 403, 690], -15.139591217041016
    [0, 3726, 403, 387], -15.306798934936523
  [0, 3726, 452], -10.279728889465332
    [0, 3726, 452, 247], -12.533876419067383
    [0, 3726, 452, 253], -13.857559204101562
    [0, 3726, 452, 281], -14.322248458862305
    [0, 3726, 452, 690], -15.089299201965332
    [0, 3726, 452, 13], -15.35161018371582
    [0, 3726, 452, 767], -15.432185173034668
  [0, 3726, 476], -11.348607063293457
  [0, 3726, 2427], -13.111333847045898
    [0, 3726, 2427, 281], -14.429146766662598
    [0, 3726, 2427, 327], -15.070908546447754
  [0, 3726, 13], -13.665362358093262
  [0, 3726, 751], -14.235493659973145
    [0, 3726, 751, 281], -15.29574203491211
  [0, 3726, 2206], -14.412528991699219
  [0, 3726, 285], -14.63280200958252
  [0, 3726, 9047], -15.11656379699707
  [0, 3726, 6008], -15.251161575317383
[0, 4064], -7.379858493804932
  [0, 4064, 253], -9.872750282287598
    [0, 4064, 253, 253], -14.14974594116211
    [0, 4064, 253, 247], -15.027715682983398
    [0, 4064, 253, 1984], -15.03325080871582
    [0, 4064, 253, 309], -15.18382453918457
  [0, 4064, 465], -11.814813613891602
  [0, 4064, 260], -11.981441497802734
  [0, 4064, 247], -12.911773681640625
    [0, 4064, 247, 281], -14.642958641052246
  [0, 4064, 1708], -14.132061004638672
  [0, 4064, 1111], -14.358867645263672
  [0, 4064, 13], -14.365427017211914
  [0, 4064, 2502], -14.421764373779297
[0, 783], -7.510271072387695
  [0, 783, 1984], -13.324091911315918
  [0, 783, 1652], -14.297408103942871
  [0, 783, 1708], -14.365503311157227
  [0, 783, 2165], -14.600378036499023
  [0, 783, 1943], -14.633452415466309
  [0, 783, 1029], -14.709973335266113
  [0, 783, 767], -14.712382316589355
  [0, 783, 260], -14.771483421325684
  [0, 783, 465], -14.932561874389648
  [0, 783, 247], -14.992947578430176
  [0, 783, 6440], -15.202269554138184
  [0, 783, 255], -15.345974922180176
  [0, 783, 2329], -15.399288177490234
  [0, 783, 4023], -15.40964126586914
[0, 1615], -7.633420944213867
  [0, 1615, 253], -12.882963180541992
  [0, 1615, 327], -14.356582641601562
  [0, 1615, 247], -14.514364242553711
  [0, 1615, 309], -14.749494552612305
  [0, 1615, 13], -14.912577629089355
  [0, 1615, 465], -15.172325134277344
  [0, 1615, 285], -15.34346866607666
[0, 936], -8.077174186706543
  [0, 936, 253], -10.088078498840332
  [0, 936, 247], -12.702091217041016
  [0, 936, 767], -13.906967163085938
  [0, 936, 260], -14.45297908782959
  [0, 936, 452], -14.561057090759277
  [0, 936, 465], -14.630282402038574
  [0, 936, 479], -15.136781692504883
  [0, 936, 13], -15.23473834991455
  [0, 936, 285], -15.389982223510742
[0, 66], -8.167373657226562
  [0, 66, 13], -12.34663200378418
  [0, 66, 1652], -12.958192825317383
  [0, 66, 1943], -14.183813095092773
  [0, 66, 1984], -14.278406143188477
  [0, 66, 260], -14.312738418579102
  [0, 66, 285], -14.619983673095703
  [0, 66, 1029], -14.709817886352539
  [0, 66, 2165], -15.292682647705078
  [0, 66, 465], -15.345623016357422
  [0, 66, 310], -15.441034317016602
[0, 1171], -8.30155086517334
  [0, 1171, 253], -10.668291091918945
  [0, 1171, 247], -12.321309089660645
  [0, 1171, 260], -12.81942367553711
  [0, 1171, 465], -13.194425582885742
  [0, 1171, 767], -13.961674690246582
  [0, 1171, 521], -15.073831558227539
  [0, 1171, 13], -15.353477478027344
[0, 2327], -8.325143814086914
  [0, 2327, 253], -13.336894989013672
  [0, 2327, 247], -13.430237770080566
  [0, 2327, 260], -13.974764823913574
  [0, 2327, 2502], -15.045700073242188
  [0, 2327, 690], -15.31922435760498
  [0, 2327, 310], -15.44146728515625
[0, 395], -8.331403732299805
  [0, 395, 253], -11.777519226074219
  [0, 395, 247], -12.86207389831543
  [0, 395, 309], -13.920166015625
  [0, 395, 465], -14.379236221313477
  [0, 395, 326], -14.40443229675293
  [0, 395, 690], -14.409406661987305
  [0, 395, 275], -14.451118469238281
  [0, 395, 403], -14.568605422973633
  [0, 395, 260], -14.991325378417969
  [0, 395, 310], -15.140420913696289
  [0, 395, 13], -15.248411178588867
  [0, 395, 767], -15.357566833496094
[0, 251], -8.379314422607422
  [0, 251, 253], -10.115456581115723
    [0, 251, 253, 745], -15.067220687866211
  [0, 251, 247], -13.200541496276855
  [0, 251, 767], -13.957399368286133
  [0, 251, 310], -14.930535316467285
  [0, 251, 953], -14.980981826782227
  [0, 251, 1943], -15.001178741455078
  [0, 251, 2329], -15.044445037841797
  [0, 251, 484], -15.298293113708496
[0, 249], -8.429838180541992
  [0, 249, 253], -10.021228790283203
    [0, 249, 253, 1984], -14.533829689025879
  [0, 249, 247], -11.825199127197266
  [0, 249, 521], -13.764086723327637
  [0, 249, 13], -13.848777770996094
  [0, 249, 281], -14.963553428649902
  [0, 249, 767], -15.02311897277832
  [0, 249, 326], -15.276056289672852
  [0, 249, 690], -15.347189903259277
  [0, 249, 465], -15.368916511535645
  [0, 249, 285], -15.434171676635742
[0, 1826], -8.476526260375977
  [0, 1826, 281], -13.255743026733398
    [0, 1826, 281, 479], -15.409269332885742
  [0, 1826, 285], -13.840654373168945
  [0, 1826, 2913], -14.330459594726562
  [0, 1826, 465], -14.694506645202637
  [0, 1826, 387], -14.815929412841797
  [0, 1826, 275], -14.827239990234375
  [0, 1826, 13], -14.847887992858887
  [0, 1826, 1113], -15.220855712890625
[0, 2520], -8.605385780334473
  [0, 2520, 310], -9.476360321044922
    [0, 2520, 310, 247], -10.981917381286621
    [0, 2520, 310, 253], -11.278532028198242
    [0, 2520, 310, 690], -14.44862174987793
    [0, 2520, 310, 479], -14.490992546081543
    [0, 2520, 310, 281], -14.831992149353027
  [0, 2520, 556], -13.71478271484375
  [0, 2520, 1984], -13.94908332824707
    [0, 2520, 1984, 310], -14.917932510375977
  [0, 2520, 2165], -14.37994384765625
    [0, 2520, 2165, 310], -15.212776184082031
  [0, 2520, 476], -14.489778518676758
  [0, 2520, 13], -14.61795711517334
  [0, 2520, 247], -15.06395435333252
  [0, 2520, 1652], -15.238269805908203
  [0, 2520, 253], -15.426020622253418
[0, 1439], -8.626373291015625
  [0, 1439, 247], -12.367168426513672
  [0, 1439, 326], -12.561058044433594
    [0, 1439, 326, 309], -14.527036666870117
  [0, 1439, 281], -12.745880126953125
  [0, 1439, 253], -13.333959579467773
  [0, 1439, 275], -13.889963150024414
    [0, 1439, 275, 253], -15.365468978881836
  [0, 1439, 338], -14.439414978027344
  [0, 1439, 327], -14.709882736206055
  [0, 1439, 13], -14.760231018066406
  [0, 1439, 751], -14.837682723999023
  [0, 1439, 387], -14.894935607910156
  [0, 1439, 66], -15.134782791137695
  [0, 1439, 4882], -15.271800994873047
[0, 13], -8.801826477050781
  [0, 13, 253], -12.138692855834961
  [0, 13, 247], -12.853984832763672
  [0, 13, 285], -13.605504989624023
  [0, 13, 260], -14.635095596313477
  [0, 13, 465], -15.0031099319458
  [0, 13, 309], -15.174537658691406
  [0, 13, 275], -15.431010246276855
[0, 338], -8.844083786010742
  [0, 338, 309], -12.733393669128418
  [0, 338, 253], -13.052703857421875
  [0, 338, 247], -14.42510986328125
  [0, 338, 326], -14.944585800170898
  [0, 338, 260], -15.058769226074219
[0, 1542], -8.84749984741211
  [0, 1542, 253], -11.305773735046387
  [0, 1542, 247], -11.960830688476562
  [0, 1542, 690], -12.685181617736816
  [0, 1542, 465], -13.555988311767578
  [0, 1542, 479], -13.989182472229004
    [0, 1542, 479, 13], -15.335811614990234
  [0, 1542, 260], -14.284765243530273
  [0, 1542, 521], -14.815462112426758
  [0, 1542, 788], -14.872852325439453
  [0, 1542, 661], -14.90475845336914
[0, 284], -8.881010055541992
  [0, 284, 247], -11.447488784790039
  [0, 284, 253], -12.290668487548828
  [0, 284, 310], -13.217784881591797
  [0, 284, 275], -13.277595520019531
    [0, 284, 275, 13], -15.425867080688477
  [0, 284, 309], -13.378499984741211
  [0, 284, 13], -14.24163818359375
  [0, 284, 476], -14.79324722290039
  [0, 284, 248], -14.85793685913086
  [0, 284, 1943], -15.054203033447266
  [0, 284, 690], -15.146236419677734
[0, 7745], -8.911874771118164
  [0, 7745, 387], -10.276719093322754
    [0, 7745, 387, 253], -11.710393905639648
    [0, 7745, 387, 479], -12.353870391845703
      [0, 7745, 387, 479, 13], -13.549623489379883
        [0, 7745, 387, 479, 13, 309], -14.871610641479492
Best sequence so far: <|endoftext|>Look at me, I
    [0, 7745, 387, 326], -14.03270149230957
    [0, 7745, 387, 247], -14.4521484375
  [0, 7745, 13], -10.91053581237793
    [0, 7745, 13, 309], -12.112447738647461
    [0, 7745, 13, 253], -14.37183666229248
  [0, 7745, 285], -13.039885520935059
  [0, 7745, 249], -13.177947044372559
  [0, 7745, 483], -13.32912540435791
  [0, 7745, 281], -13.718208312988281
    [0, 7745, 281, 253], -14.451571464538574
  [0, 7745, 262], -13.940804481506348
  [0, 7745, 751], -13.989578247070312
  [0, 7745, 275], -14.012993812561035
    [0, 7745, 275, 253], -14.65865707397461
  [0, 7745, 715], -14.036036491394043
    [0, 7745, 715, 253], -14.749467849731445
  [0, 7745, 327], -14.425335884094238
  [0, 7745, 247], -14.52278995513916
  [0, 7745, 309], -14.627822875976562
[0, 5658], -8.930667877197266
  [0, 5658, 476], -11.181282043457031
  [0, 5658, 403], -11.184030532836914
    [0, 5658, 403, 247], -13.885826110839844
    [0, 5658, 403, 253], -14.111268997192383
  [0, 5658, 452], -11.872807502746582
    [0, 5658, 452, 281], -13.496002197265625
    [0, 5658, 452, 247], -13.796247482299805
  [0, 5658, 751], -13.825301170349121
  [0, 5658, 285], -14.035197257995605
  [0, 5658, 13], -14.062180519104004
[0, 248], -8.977417945861816
  [0, 248, 310], -12.497064590454102
    [0, 248, 310, 247], -14.055846214294434
    [0, 248, 310, 253], -14.18040943145752
[0, 255], -9.018223762512207
  [0, 255, 310], -9.949324607849121
    [0, 255, 310, 253], -10.118800163269043
  [0, 255, 253], -10.767427444458008
  [0, 255, 403], -12.945696830749512
    [0, 255, 403, 253], -13.040120124816895
  [0, 255, 247], -13.543699264526367
  [0, 255, 13], -14.778397560119629
[0, 3529], -9.0430908203125
  [0, 3529, 310], -11.333528518676758
    [0, 3529, 310, 247], -13.49213695526123
    [0, 3529, 310, 253], -13.638739585876465
    [0, 3529, 310, 13], -14.72441577911377
  [0, 3529, 253], -12.749922752380371
  [0, 3529, 309], -12.880701065063477
  [0, 3529, 403], -13.64341926574707
  [0, 3529, 556], -13.970487594604492
  [0, 3529, 13], -14.197357177734375
  [0, 3529, 247], -14.615066528320312
  [0, 3529, 452], -14.633234977722168
  [0, 3529, 476], -14.669923782348633
[0, 262], -9.07925796508789
  [0, 262, 310], -10.618429183959961
    [0, 262, 310, 247], -13.039957046508789
    [0, 262, 310, 253], -13.719680786132812
  [0, 262, 556], -13.210533142089844
[0, 263], -9.106498718261719
  [0, 263, 247], -13.105978965759277
  [0, 263, 253], -13.561776161193848
  [0, 263, 13], -14.417230606079102
  [0, 263, 310], -14.53384780883789
[0, 601], -9.108638763427734
  [0, 601, 13], -11.848126411437988
    [0, 601, 13, 309], -14.290355682373047
  [0, 601, 309], -12.080288887023926
  [0, 601, 326], -12.707771301269531
  [0, 601, 253], -12.848727226257324
  [0, 601, 247], -14.315130233764648
  [0, 601, 275], -14.61295223236084
  [0, 601, 310], -14.628506660461426
  [0, 601, 403], -14.82577896118164
[0, 9802], -9.155115127563477
  [0, 9802, 247], -11.000816345214844
  [0, 9802, 281], -12.796229362487793
  [0, 9802, 253], -13.176431655883789
  [0, 9802, 690], -13.59726333618164
  [0, 9802, 309], -14.206130981445312
  [0, 9802, 767], -14.510785102844238
[0, 9453], -9.169641494750977
  [0, 9453, 253], -11.905656814575195
  [0, 9453, 309], -12.103516578674316
  [0, 9453, 247], -12.546134948730469
  [0, 9453, 767], -13.221749305725098
  [0, 9453, 310], -13.5677490234375
    [0, 9453, 310, 253], -14.558494567871094
  [0, 9453, 281], -13.678911209106445
  [0, 9453, 476], -14.633959770202637
[0, 22529], -9.203546524047852
  [0, 22529, 253], -12.775240898132324
  [0, 22529, 327], -13.0431489944458
    [0, 22529, 327, 253], -14.62594985961914
  [0, 22529, 745], -13.851198196411133
    [0, 22529, 745, 253], -14.767229080200195
  [0, 22529, 281], -13.95278263092041
  [0, 22529, 247], -14.302311897277832
[0, 3088], -9.209186553955078
  [0, 3088, 253], -14.00136947631836
  [0, 3088, 309], -14.290419578552246
  [0, 3088, 247], -14.641645431518555
  [0, 3088, 262], -14.662028312683105
[0, 455], -9.23029613494873
  [0, 455, 253], -12.182455062866211
  [0, 455, 275], -13.945423126220703
  [0, 455, 309], -14.26662826538086
  [0, 455, 326], -14.478805541992188
  [0, 455, 310], -14.593656539916992
[0, 8606], -9.266353607177734
  [0, 8606, 253], -11.39492130279541
  [0, 8606, 247], -12.385956764221191
  [0, 8606, 479], -13.716413497924805
  [0, 8606, 285], -14.482915878295898
  [0, 8606, 1405], -14.624990463256836
[0, 10383], -9.326667785644531
  [0, 10383, 479], -12.217571258544922
  [0, 10383, 253], -12.335859298706055
  [0, 10383, 247], -13.654760360717773
[0, 2184], -9.372064590454102
  [0, 2184, 281], -11.508049011230469
    [0, 2184, 281, 253], -13.384810447692871
  [0, 2184, 327], -13.327546119689941
  [0, 2184, 1171], -13.628790855407715
  [0, 2184, 249], -13.935247421264648
  [0, 2184, 285], -13.943291664123535
  [0, 2184, 255], -13.956703186035156
  [0, 2184, 715], -14.2277250289917
  [0, 2184, 13], -14.500142097473145
[0, 5092], -9.40968132019043
  [0, 5092, 309], -12.409693717956543
  [0, 5092, 251], -12.852123260498047
  [0, 5092, 253], -14.238759994506836
  [0, 5092, 247], -14.490924835205078
[0, 1257], -9.425893783569336
  [0, 1257, 253], -12.391190528869629
  [0, 1257, 247], -13.307329177856445
  [0, 1257, 66], -14.798897743225098
  [0, 1257, 275], -14.810443878173828
[0, 9328], -9.486181259155273
  [0, 9328, 403], -11.351957321166992
    [0, 9328, 403, 253], -14.33874797821045
  [0, 9328, 452], -12.347225189208984
    [0, 9328, 452, 247], -14.323113441467285
  [0, 9328, 476], -13.486282348632812
[0, 3062], -9.488119125366211
  [0, 3062, 685], -11.186492919921875
    [0, 3062, 685, 247], -13.697362899780273
  [0, 3062, 751], -13.283601760864258
  [0, 3062, 327], -13.954363822937012
  [0, 3062, 281], -14.168107986450195
  [0, 3062, 275], -14.458728790283203
[0, 4609], -9.488399505615234
  [0, 4609, 310], -10.6909761428833
    [0, 4609, 310, 253], -12.88374137878418
    [0, 4609, 310, 247], -12.960017204284668
  [0, 4609, 403], -13.416302680969238
  [0, 4609, 309], -13.863323211669922
  [0, 4609, 556], -14.448784828186035
  [0, 4609, 253], -14.787118911743164
[0, 2858], -9.554529190063477
  [0, 2858, 309], -12.092047691345215
  [0, 2858, 253], -12.315077781677246
  [0, 2858, 13], -13.882340431213379
  [0, 2858, 326], -13.97655200958252
  [0, 2858, 247], -14.124404907226562
  [0, 2858, 275], -14.369932174682617
  [0, 2858, 310], -14.421736717224121
[0, 2887], -9.602731704711914
  [0, 2887, 253], -12.690411567687988
  [0, 2887, 247], -14.010712623596191
  [0, 2887, 13], -14.659948348999023
[0, 6689], -9.630302429199219
  [0, 6689, 310], -11.871804237365723
    [0, 6689, 310, 247], -13.835712432861328
    [0, 6689, 310, 253], -14.608291625976562
  [0, 6689, 556], -12.917885780334473
    [0, 6689, 556, 247], -14.667043685913086
  [0, 6689, 476], -14.26952838897705
  [0, 6689, 285], -14.737175941467285
[0, 2577], -9.631721496582031
  [0, 2577, 1652], -14.426252365112305
[0, 788], -9.637187957763672
  [0, 788, 253], -13.189613342285156
  [0, 788, 247], -13.850105285644531
[0, 2369], -9.70433521270752
  [0, 2369, 13], -12.315841674804688
  [0, 2369, 281], -14.549436569213867
[0, 1568], -9.781946182250977
  [0, 1568, 310], -11.525910377502441
    [0, 1568, 310, 247], -12.618444442749023
    [0, 1568, 310, 253], -13.092206954956055
  [0, 1568, 281], -12.353328704833984
  [0, 1568, 403], -12.525827407836914
    [0, 1568, 403, 253], -13.899031639099121
    [0, 1568, 403, 690], -14.040238380432129
  [0, 1568, 936], -13.276567459106445
  [0, 1568, 275], -13.574851989746094
  [0, 1568, 13], -13.748224258422852
[0, 9846], -9.791231155395508
  [0, 9846, 253], -13.343679428100586
  [0, 9846, 452], -14.34649658203125
  [0, 9846, 13], -14.767301559448242
[0, 260], -9.805792808532715
  [0, 260, 13], -13.336273193359375
  [0, 260, 285], -14.268195152282715
[0, 12550], -9.859109878540039
[0, 664], -9.9346284866333
  [0, 664, 403], -11.95506477355957
    [0, 664, 403, 247], -14.804481506347656
  [0, 664, 452], -12.362398147583008
    [0, 664, 452, 247], -14.053678512573242
  [0, 664, 476], -13.522876739501953
[0, 9088], -9.990961074829102
  [0, 9088, 403], -11.223612785339355
    [0, 9088, 403, 690], -13.534467697143555
    [0, 9088, 403, 247], -14.071895599365234
    [0, 9088, 403, 767], -14.726236343383789
  [0, 9088, 310], -11.347689628601074
    [0, 9088, 310, 247], -12.295731544494629
[0, 12157], -10.019514083862305
  [0, 12157, 253], -12.704891204833984
  [0, 12157, 309], -12.854460716247559
  [0, 12157, 13], -14.444634437561035
  [0, 12157, 326], -14.607680320739746
  [0, 12157, 247], -14.797813415527344
[0, 7053], -10.026254653930664
[0, 531], -10.057046890258789
  [0, 531, 1171], -13.547057151794434
[0, 2913], -10.081348419189453
  [0, 2913, 275], -12.991701126098633
  [0, 2913, 281], -14.521957397460938
[0, 5371], -10.09652328491211
  [0, 5371, 310], -11.676979064941406
    [0, 5371, 310, 253], -13.304159164428711
    [0, 5371, 310, 247], -14.525747299194336
  [0, 5371, 403], -12.952465057373047
    [0, 5371, 403, 253], -13.876505851745605
  [0, 5371, 247], -13.336742401123047
  [0, 5371, 253], -13.404455184936523
  [0, 5371, 281], -14.334505081176758
  [0, 5371, 309], -14.588096618652344
  [0, 5371, 476], -14.853399276733398
[0, 3113], -10.108558654785156
  [0, 3113, 253], -12.499675750732422
  [0, 3113, 247], -13.400054931640625
[0, 8826], -10.14671516418457
  [0, 8826, 5430], -13.146526336669922
  [0, 8826, 5371], -13.471369743347168
[0, 1405], -10.162354469299316
  [0, 1405, 255], -13.356120109558105
  [0, 1405, 13], -13.82888126373291
  [0, 1405, 285], -13.946516990661621
  [0, 1405, 249], -14.554681777954102
[0, 12563], -10.173995971679688
  [0, 12563, 13], -12.043536186218262
    [0, 12563, 13, 253], -14.840950012207031
  [0, 12563, 275], -13.750117301940918
  [0, 12563, 327], -14.187684059143066
  [0, 12563, 326], -14.384416580200195
  [0, 12563, 247], -14.7645845413208
  [0, 12563, 253], -14.801185607910156
[0, 5430], -10.192052841186523
  [0, 5430, 281], -10.910383224487305
  [0, 5430, 476], -13.37828254699707
  [0, 5430, 253], -14.52010726928711
  [0, 5430, 936], -14.74632453918457
[0, 953], -10.207620620727539
  [0, 953, 247], -12.200705528259277
  [0, 953, 253], -13.122557640075684
  [0, 953, 751], -14.00314712524414
[0, 6204], -10.247331619262695
  [0, 6204, 387], -11.980792999267578
    [0, 6204, 387, 253], -13.875885963439941
    [0, 6204, 387, 479], -14.465076446533203
  [0, 6204, 13], -14.238520622253418
[0, 484], -10.256696701049805
  [0, 484, 281], -12.988775253295898
  [0, 484, 285], -14.330482482910156
  [0, 484, 253], -14.499300003051758
  [0, 484, 13], -14.501619338989258
[0, 6309], -10.31106185913086
  [0, 6309, 247], -12.622801780700684
  [0, 6309, 249], -13.917435646057129
  [0, 6309, 281], -13.957901000976562
  [0, 6309, 253], -14.735581398010254
  [0, 6309, 751], -14.799117088317871
[0, 12756], -10.348869323730469
  [0, 12756, 751], -13.032855987548828
    [0, 12756, 751, 281], -13.297765731811523
  [0, 12756, 452], -13.099693298339844
[0, 635], -10.377197265625
  [0, 635, 11755], -14.328195571899414
[0, 38878], -10.380853652954102
  [0, 38878, 479], -11.091279029846191
    [0, 38878, 479, 326], -13.046509742736816
    [0, 38878, 479, 13], -14.747591018676758
  [0, 38878, 253], -13.729499816894531
[0, 10002], -10.39920425415039
  [0, 10002, 403], -12.535014152526855
    [0, 10002, 403, 253], -13.732391357421875
  [0, 10002, 310], -12.844666481018066
  [0, 10002, 476], -14.501031875610352
  [0, 10002, 253], -14.554032325744629
  [0, 10002, 556], -14.5730619430542
[0, 20415], -10.42193603515625
  [0, 20415, 403], -14.118806838989258
  [0, 20415, 310], -14.699581146240234
[0, 13243], -10.425313949584961
  [0, 13243, 13], -13.336018562316895
  [0, 13243, 285], -13.49283504486084
  [0, 13243, 281], -13.710410118103027
  [0, 13243, 275], -14.440357208251953
[0, 483], -10.425840377807617
  [0, 483, 3188], -14.021574974060059
[0, 11145], -10.455411911010742
  [0, 11145, 247], -13.035857200622559
  [0, 11145, 253], -13.538633346557617
  [0, 11145, 484], -13.875202178955078
[0, 2606], -10.501272201538086
  [0, 2606, 281], -13.307806968688965
  [0, 2606, 310], -13.955808639526367
  [0, 2606, 13], -14.113370895385742
  [0, 2606, 285], -14.179004669189453
[0, 14428], -10.523765563964844
  [0, 14428, 326], -12.633193016052246
  [0, 14428, 253], -14.296680450439453
[0, 9389], -10.588953018188477
[0, 379], -10.592206001281738
[0, 7461], -10.626357078552246
  [0, 7461, 253], -13.752327919006348
  [0, 7461, 13], -13.763141632080078
  [0, 7461, 309], -14.60101318359375
[0, 8701], -10.631149291992188
  [0, 8701, 310], -14.543642044067383
[0, 20513], -10.638071060180664
  [0, 20513, 403], -11.600801467895508
    [0, 20513, 403, 253], -12.552659034729004
    [0, 20513, 403, 690], -13.919171333312988
[0, 31089], -10.680831909179688
  [0, 31089, 247], -12.81663990020752
  [0, 31089, 479], -12.82304573059082
    [0, 31089, 479, 247], -14.340832710266113
  [0, 31089, 253], -13.325410842895508
[0, 14094], -10.721281051635742
[0, 454], -10.733970642089844
[0, 9154], -10.782793045043945
  [0, 9154, 253], -13.959352493286133
[0, 7483], -10.784555435180664
  [0, 7483, 767], -13.786544799804688
  [0, 7483, 247], -14.038734436035156
  [0, 7483, 253], -14.350590705871582
[0, 1106], -10.821199417114258
  [0, 1106, 281], -12.974215507507324
[0, 28206], -10.83737564086914
  [0, 28206, 281], -11.633638381958008
  [0, 28206, 247], -13.804953575134277
  [0, 28206, 253], -14.541175842285156
[0, 3022], -10.868947982788086
  [0, 3022, 247], -13.391942977905273
  [0, 3022, 253], -13.93071174621582
  [0, 3022, 13], -14.017032623291016
  [0, 3022, 281], -14.781278610229492
  [0, 3022, 326], -14.79159164428711
[0, 19506], -10.92852783203125
  [0, 19506, 13], -13.900407791137695
  [0, 19506, 326], -14.359162330627441
  [0, 19506, 253], -14.695728302001953
[0, 2666], -10.93537712097168
  [0, 2666, 326], -12.93149471282959
  [0, 2666, 13], -14.11024284362793
  [0, 2666, 275], -14.793622016906738
  [0, 2666, 309], -14.8494291305542
[0, 14644], -10.940866470336914
[0, 285], -11.027961730957031
[0, 14806], -11.058805465698242
  [0, 14806, 253], -13.21985149383545
[0, 4714], -11.059864044189453
  [0, 4714, 13], -12.184138298034668
  [0, 4714, 253], -14.702728271484375
[0, 977], -11.112363815307617
[0, 16083], -11.171098709106445
  [0, 16083, 13], -14.496675491333008
[0, 16534], -11.229103088378906
  [0, 16534, 452], -14.83834171295166
[0, 13174], -11.265722274780273
  [0, 13174, 403], -14.138467788696289
[0, 21808], -11.399538040161133
  [0, 21808, 403], -13.864901542663574
  [0, 21808, 326], -14.208623886108398
[0, 21528], -11.401388168334961
  [0, 21528, 247], -13.280698776245117
  [0, 21528, 253], -14.022867202758789
  [0, 21528, 479], -14.853697776794434
[0, 18959], -11.478124618530273
  [0, 18959, 309], -14.295096397399902
  [0, 18959, 249], -14.811647415161133
[0, 465], -11.528120040893555
[0, 1342], -11.721237182617188
[0, 309], -11.771320343017578
  [0, 309, 452], -14.578583717346191
[0, 275], -11.798830032348633
  [0, 275, 253], -14.859909057617188
[0, 561], -11.82889175415039
[0, 327], -11.861764907836914
  [0, 327, 253], -13.819329261779785
[0, 247], -11.965038299560547
[0, 281], -12.00514030456543
  [0, 281, 253], -12.783109664916992
[0, 1201], -12.042823791503906
[0, 1597], -12.176467895507812
[0, 2265], -12.18014144897461
[0, 3063], -12.191394805908203
  [0, 3063, 13], -14.22297477722168
[0, 310], -12.212242126464844
  [0, 310, 253], -12.772966384887695
[0, 5101], -12.711681365966797
[0, 403], -12.837352752685547
  [0, 403, 253], -13.429228782653809
[0, 725], -12.899007797241211
[0, 253], -12.917627334594727
[0, 387], -12.936893463134766
  [0, 387, 253], -14.294950485229492
[0, 3188], -12.940698623657227
  [0, 3188, 327], -14.09675121307373
[0, 326], -12.979461669921875
  [0, 326, 310], -13.949891090393066
[0, 11755], -13.032672882080078
[0, 685], -13.17387580871582
[0, 8231], -13.249015808105469
[0, 452], -13.304170608520508
[0, 556], -13.32844352722168
[0, 1984], -13.40559196472168
[0, 5254], -13.428844451904297
[0, 9047], -13.473213195800781
[0, 2165], -13.495580673217773
[0, 6008], -13.551836013793945
[0, 1111], -13.61410140991211
[0, 6858], -13.625211715698242
[0, 476], -13.696762084960938
[0, 4023], -13.712726593017578
[0, 661], -13.733684539794922
[0, 715], -13.887138366699219
[0, 2427], -14.06873893737793
[0, 1625], -14.14937973022461
[0, 521], -14.199226379394531
[0, 2329], -14.222696304321289
[0, 28580], -14.25567626953125
[0, 14709], -14.284765243530273
[0, 10086], -14.315605163574219
[0, 745], -14.351095199584961
[0, 7938], -14.369874954223633
[0, 1652], -14.452167510986328
[0, 690], -14.472053527832031
[0, 2829], -14.504989624023438
[0, 751], -14.55925178527832
[0, 6440], -14.590560913085938
[0, 770], -14.790058135986328
Time taken in seconds: 10194.268182992935
Number of forward passes: 1533
Worst case number of forward passes: 1255878541
Best sequence: [0, 7745, 387, 479, 13, 309], -14.871610641479492
<|endoftext|>Look at me, I
