[0, 510], -3.031212091445923
  [0, 510, 767], -10.1907320022583
    [0, 510, 767, 275], -16.06024169921875
  [0, 510, 247], -10.5292329788208
    [0, 510, 247, 13], -15.536852836608887
  [0, 510, 275], -10.5509614944458
    [0, 510, 275, 253], -15.402558326721191
  [0, 510, 309], -10.5607271194458
    [0, 510, 309, 601], -14.679656982421875
  [0, 510, 2360], -10.5659761428833
    [0, 510, 2360, 310], -14.038063049316406
  [0, 510, 253], -10.6685152053833
  [0, 510, 1029], -10.9005708694458
  [0, 510, 5101], -11.207454681396484
    [0, 510, 5101, 310], -12.941375732421875
  [0, 510, 1708], -11.215633392333984
  [0, 510, 1943], -11.242244720458984
  [0, 510, 1984], -11.277278900146484
  [0, 510, 2165], -11.465145111083984
  [0, 510, 13], -11.607357025146484
    [0, 510, 13, 285], -12.906744003295898
  [0, 510, 465], -11.685604095458984
  [0, 510, 327], -11.756038665771484
  [0, 510, 1113], -11.816219329833984
  [0, 510, 6440], -11.936580657958984
  [0, 510, 260], -11.964290618896484
  [0, 510, 2329], -12.015682220458984
  [0, 510, 4370], -12.121517181396484
  [0, 510, 6858], -12.215511322021484
  [0, 510, 2829], -12.236995697021484
  [0, 510, 5798], -12.239803314208984
  [0, 510, 751], -12.280330657958984
  [0, 510, 2502], -12.314876556396484
  [0, 510, 745], -12.424007415771484
  [0, 510, 387], -12.450252532958984
  [0, 510, 2534], -12.457698822021484
  [0, 510, 255], -12.482601165771484
  [0, 510, 310], -12.533748626708984
  [0, 510, 285], -12.554622650146484
  [0, 510, 4023], -12.610164642333984
  [0, 510, 479], -12.708065032958984
  [0, 510, 11755], -12.713680267333984
[0, 42], -4.550376892089844
  [0, 42, 452], -7.193582534790039
    [0, 42, 452, 247], -8.440495491027832
[0, 1147], -5.225059509277344
  [0, 1147, 310], -6.566336631774902
  [0, 1147, 556], -8.033255577087402
[0, 1231], -5.352867126464844
  [0, 1231, 403], -7.339687347412109
  [0, 1231, 452], -7.435024261474609
[0, 3220], -6.201988220214844
[0, 1328], -6.817832946777344
[0, 5804], -6.925376892089844
[0, 3726], -7.500572204589844
[0, 1615], -7.612632751464844
[0, 66], -7.932212829589844
[0, 4064], -8.010337829589844
[0, 13], -8.010337829589844
[0, 783], -8.272789001464844
[0, 2993], -8.335777282714844
Time taken in seconds: 45.722137212753296
Number of forward passes: 54
Worst case number of forward passes: 35533
Best sequence: [0, 42, 452, 247], -8.440495491027832
<|endoftext|>I have a
