[0, 510], -3.825592517852783
  [0, 510, 309], -11.066581726074219
    [0, 510, 309, 285], -17.113693237304688
      [0, 510, 309, 285, 309], -20.77335548400879
        [0, 510, 309, 285, 309, 13], -25.154916763305664
          [0, 510, 309, 285, 309, 13, 285], -28.596189498901367
            [0, 510, 309, 285, 309, 13, 285, 309], -30.447824478149414
          [0, 510, 309, 285, 309, 13, 309], -29.179040908813477
        [0, 510, 309, 285, 309, 285], -26.508901596069336
          [0, 510, 309, 285, 309, 285, 309], -28.100210189819336
            [0, 510, 309, 285, 309, 285, 309, 285], -29.3646183013916
        [0, 510, 309, 285, 309, 281], -28.145864486694336
        [0, 510, 309, 285, 309, 309], -28.93149757385254
        [0, 510, 309, 285, 309, 6440], -29.190351486206055
      [0, 510, 309, 285, 13], -26.03249740600586
        [0, 510, 309, 285, 13, 309], -28.351970672607422
      [0, 510, 309, 285, 42], -26.05947494506836
      [0, 510, 309, 285, 285], -26.984619140625
        [0, 510, 309, 285, 285, 309], -29.242250442504883
      [0, 510, 309, 285, 281], -28.221385955810547
      [0, 510, 309, 285, 6440], -29.255096435546875
    [0, 510, 309, 255], -18.413007736206055
      [0, 510, 309, 255, 1568], -23.205039978027344
        [0, 510, 309, 255, 1568, 13], -28.62924575805664
      [0, 510, 309, 255, 13], -26.956308364868164
      [0, 510, 309, 255, 285], -27.179840087890625
      [0, 510, 309, 255, 281], -28.2790584564209
      [0, 510, 309, 255, 249], -28.664262771606445
      [0, 510, 309, 255, 12550], -29.278608322143555
      [0, 510, 309, 255, 1405], -29.333702087402344
    [0, 510, 309, 13], -18.466175079345703
      [0, 510, 309, 13, 42], -23.12103271484375
        [0, 510, 309, 13, 42, 13], -25.35934066772461
          [0, 510, 309, 13, 42, 13, 42], -25.712871551513672
            [0, 510, 309, 13, 42, 13, 42, 13], -27.640377044677734
        [0, 510, 309, 13, 42, 285], -26.686599731445312
          [0, 510, 309, 13, 42, 285, 309], -27.531845092773438
      [0, 510, 309, 13, 309], -23.292688369750977
        [0, 510, 309, 13, 309, 13], -24.631746292114258
          [0, 510, 309, 13, 309, 13, 309], -24.995725631713867
            [0, 510, 309, 13, 309, 13, 309, 13], -27.281099319458008
        [0, 510, 309, 13, 309, 285], -26.3415470123291
          [0, 510, 309, 13, 309, 285, 309], -26.624032974243164
      [0, 510, 309, 13, 285], -24.361148834228516
        [0, 510, 309, 13, 285, 309], -26.472698211669922
      [0, 510, 309, 13, 510], -26.64813232421875
      [0, 510, 309, 13, 255], -26.95158576965332
    [0, 510, 309, 3088], -18.537322998046875
      [0, 510, 309, 3088, 285], -23.248233795166016
        [0, 510, 309, 3088, 285, 309], -26.539608001708984
      [0, 510, 309, 3088, 13], -23.400508880615234
        [0, 510, 309, 3088, 13, 309], -26.72117042541504
      [0, 510, 309, 3088, 309], -23.981033325195312
        [0, 510, 309, 3088, 309, 3088], -27.151931762695312
      [0, 510, 309, 3088, 255], -25.280433654785156
      [0, 510, 309, 3088, 42], -25.34946060180664
      [0, 510, 309, 3088, 249], -25.776287078857422
      [0, 510, 309, 3088, 281], -26.198278427124023
      [0, 510, 309, 3088, 263], -26.2633056640625
    [0, 510, 309, 1405], -19.974502563476562
      [0, 510, 309, 1405, 285], -26.48731803894043
      [0, 510, 309, 1405, 42], -26.572490692138672
      [0, 510, 309, 1405, 13], -27.00164031982422
    [0, 510, 309, 263], -20.038686752319336
      [0, 510, 309, 263, 249], -26.643552780151367
      [0, 510, 309, 263, 255], -27.014116287231445
    [0, 510, 309, 2184], -20.060564041137695
      [0, 510, 309, 2184, 285], -25.30843162536621
        [0, 510, 309, 2184, 285, 309], -27.155380249023438
      [0, 510, 309, 2184, 42], -25.77019691467285
      [0, 510, 309, 2184, 255], -25.79361915588379
      [0, 510, 309, 2184, 13], -25.908382415771484
      [0, 510, 309, 2184, 510], -26.84478759765625
      [0, 510, 309, 2184, 309], -26.89653205871582
    [0, 510, 309, 395], -20.841445922851562
      [0, 510, 309, 395, 42], -25.235666275024414
      [0, 510, 309, 395, 13], -26.3638973236084
      [0, 510, 309, 395, 285], -26.453786849975586
      [0, 510, 309, 395, 281], -26.66047477722168
    [0, 510, 309, 281], -21.510494232177734
      [0, 510, 309, 281, 309], -23.36648178100586
      [0, 510, 309, 281, 42], -26.530006408691406
    [0, 510, 309, 3022], -21.750247955322266
      [0, 510, 309, 3022, 3220], -25.851356506347656
      [0, 510, 309, 3022, 42], -26.571746826171875
      [0, 510, 309, 3022, 281], -26.757762908935547
      [0, 510, 309, 3022, 510], -26.94751739501953
      [0, 510, 309, 3022, 309], -27.232276916503906
    [0, 510, 309, 510], -22.51614761352539
    [0, 510, 309, 6309], -22.722915649414062
    [0, 510, 309, 249], -22.920703887939453
    [0, 510, 309, 3220], -23.80422592163086
    [0, 510, 309, 1201], -23.902568817138672
    [0, 510, 309, 309], -24.288984298706055
    [0, 510, 309, 770], -24.668563842773438
    [0, 510, 309, 6689], -24.780200958251953
    [0, 510, 309, 42], -24.895645141601562
    [0, 510, 309, 454], -25.436603546142578
    [0, 510, 309, 2369], -25.604976654052734
    [0, 510, 309, 8701], -25.616785049438477
    [0, 510, 309, 483], -25.740737915039062
    [0, 510, 309, 8826], -25.98613166809082
    [0, 510, 309, 21808], -26.141986846923828
    [0, 510, 309, 4496], -26.366056442260742
    [0, 510, 309, 1652], -26.370399475097656
    [0, 510, 309, 13243], -26.567729949951172
    [0, 510, 309, 6008], -26.630765914916992
    [0, 510, 309, 14709], -26.660045623779297
    [0, 510, 309, 4609], -26.877349853515625
    [0, 510, 309, 5202], -26.93614387512207
    [0, 510, 309, 2829], -27.14525604248047
    [0, 510, 309, 6440], -27.177534103393555
    [0, 510, 309, 38878], -27.202821731567383
    [0, 510, 309, 1625], -27.236797332763672
    [0, 510, 309, 19506], -27.255769729614258
  [0, 510, 5101], -12.045190811157227
    [0, 510, 5101, 13], -15.854462623596191
      [0, 510, 5101, 13, 285], -19.22521209716797
        [0, 510, 5101, 13, 285, 309], -23.600727081298828
          [0, 510, 5101, 13, 285, 309, 13], -25.388076782226562
        [0, 510, 5101, 13, 285, 13], -24.527870178222656
        [0, 510, 5101, 13, 285, 281], -24.95281982421875
        [0, 510, 5101, 13, 285, 5101], -25.519630432128906
      [0, 510, 5101, 13, 5101], -21.231529235839844
        [0, 510, 5101, 13, 5101, 13], -23.743070602416992
          [0, 510, 5101, 13, 5101, 13, 5101], -24.267370223999023
            [0, 510, 5101, 13, 5101, 13, 5101, 13], -25.704120635986328
          [0, 510, 5101, 13, 5101, 13, 285], -25.499799728393555
        [0, 510, 5101, 13, 5101, 285], -25.644250869750977
      [0, 510, 5101, 13, 309], -21.554555892944336
      [0, 510, 5101, 13, 281], -22.75473976135254
      [0, 510, 5101, 13, 4496], -24.39837646484375
      [0, 510, 5101, 13, 1652], -25.18813705444336
      [0, 510, 5101, 13, 4609], -25.20146942138672
      [0, 510, 5101, 13, 395], -25.271957397460938
      [0, 510, 5101, 13, 6440], -25.429244995117188
      [0, 510, 5101, 13, 5202], -25.52994155883789
      [0, 510, 5101, 13, 510], -25.61606216430664
    [0, 510, 5101, 285], -16.037830352783203
      [0, 510, 5101, 285, 309], -21.591602325439453
        [0, 510, 5101, 285, 309, 13], -25.070484161376953
      [0, 510, 5101, 285, 5101], -22.509599685668945
      [0, 510, 5101, 285, 13], -22.85450553894043
      [0, 510, 5101, 285, 281], -24.518260955810547
      [0, 510, 5101, 285, 285], -25.30887222290039
    [0, 510, 5101, 1201], -18.86016845703125
      [0, 510, 5101, 1201, 13], -23.53641700744629
      [0, 510, 5101, 1201, 5101], -23.560997009277344
      [0, 510, 5101, 1201, 6440], -24.039337158203125
      [0, 510, 5101, 1201, 285], -24.41445541381836
      [0, 510, 5101, 1201, 309], -25.095855712890625
    [0, 510, 5101, 281], -19.940818786621094
    [0, 510, 5101, 5101], -21.389976501464844
      [0, 510, 5101, 5101, 13], -25.03499984741211
      [0, 510, 5101, 5101, 1201], -25.130311965942383
    [0, 510, 5101, 2184], -22.037128448486328
    [0, 510, 5101, 309], -22.300260543823242
    [0, 510, 5101, 3022], -22.37629508972168
    [0, 510, 5101, 6309], -22.455453872680664
    [0, 510, 5101, 27287], -22.6944580078125
      [0, 510, 5101, 27287, 715], -24.8271427154541
    [0, 510, 5101, 5254], -23.005382537841797
    [0, 510, 5101, 2369], -23.355934143066406
    [0, 510, 5101, 263], -23.39775848388672
    [0, 510, 5101, 715], -23.474552154541016
    [0, 510, 5101, 483], -23.74475860595703
    [0, 510, 5101, 1625], -24.122692108154297
    [0, 510, 5101, 2829], -24.173837661743164
    [0, 510, 5101, 249], -24.55051612854004
    [0, 510, 5101, 6440], -24.612403869628906
    [0, 510, 5101, 255], -24.650371551513672
    [0, 510, 5101, 5603], -24.871475219726562
    [0, 510, 5101, 5202], -24.93203353881836
    [0, 510, 5101, 395], -25.211763381958008
    [0, 510, 5101, 8701], -25.248950958251953
    [0, 510, 5101, 1405], -25.290119171142578
    [0, 510, 5101, 454], -25.581035614013672
    [0, 510, 5101, 3088], -25.67010498046875
  [0, 510, 6440], -12.330636978149414
    [0, 510, 6440, 13], -15.127874374389648
      [0, 510, 6440, 13, 285], -20.792253494262695
        [0, 510, 6440, 13, 285, 309], -24.047666549682617
      [0, 510, 6440, 13, 281], -21.10045623779297
      [0, 510, 6440, 13, 309], -21.138137817382812
        [0, 510, 6440, 13, 309, 13], -25.43257713317871
      [0, 510, 6440, 13, 4609], -23.077617645263672
      [0, 510, 6440, 13, 510], -24.063905715942383
      [0, 510, 6440, 13, 6440], -24.880598068237305
    [0, 510, 6440, 285], -17.577394485473633
      [0, 510, 6440, 285, 6440], -22.263072967529297
      [0, 510, 6440, 285, 309], -22.39218521118164
      [0, 510, 6440, 285, 13], -25.028470993041992
    [0, 510, 6440, 309], -17.93784523010254
      [0, 510, 6440, 309, 13], -23.417591094970703
    [0, 510, 6440, 281], -19.216957092285156
      [0, 510, 6440, 281, 1405], -24.513023376464844
    [0, 510, 6440, 2184], -19.697296142578125
    [0, 510, 6440, 6440], -20.61544418334961
      [0, 510, 6440, 6440, 13], -23.906391143798828
      [0, 510, 6440, 6440, 285], -25.407215118408203
      [0, 510, 6440, 6440, 6440], -25.440166473388672
    [0, 510, 6440, 510], -21.4066219329834
    [0, 510, 6440, 27287], -22.266563415527344
      [0, 510, 6440, 27287, 281], -24.764005661010742
      [0, 510, 6440, 27287, 715], -24.802034378051758
    [0, 510, 6440, 715], -23.4246826171875
    [0, 510, 6440, 5603], -23.520896911621094
    [0, 510, 6440, 42], -23.63092041015625
    [0, 510, 6440, 5254], -24.41036605834961
    [0, 510, 6440, 5101], -24.761478424072266
    [0, 510, 6440, 5202], -24.851533889770508
    [0, 510, 6440, 2829], -24.897319793701172
    [0, 510, 6440, 1625], -25.183258056640625
    [0, 510, 6440, 249], -25.224620819091797
    [0, 510, 6440, 1652], -25.388845443725586
    [0, 510, 6440, 3220], -25.447715759277344
  [0, 510, 1652], -12.762067794799805
    [0, 510, 1652, 13], -18.629199981689453
      [0, 510, 1652, 13, 1652], -21.60903549194336
        [0, 510, 1652, 13, 1652, 13], -24.541072845458984
          [0, 510, 1652, 13, 1652, 13, 1652], -25.65667724609375
      [0, 510, 1652, 13, 285], -24.08109474182129
      [0, 510, 1652, 13, 11755], -25.326128005981445
      [0, 510, 1652, 13, 309], -25.595855712890625
    [0, 510, 1652, 309], -19.657608032226562
    [0, 510, 1652, 6440], -20.114307403564453
      [0, 510, 1652, 6440, 13], -23.605863571166992
      [0, 510, 1652, 6440, 309], -24.008024215698242
    [0, 510, 1652, 281], -20.157421112060547
      [0, 510, 1652, 281, 2369], -23.924264907836914
      [0, 510, 1652, 281, 1405], -24.16021728515625
    [0, 510, 1652, 285], -20.169170379638672
      [0, 510, 1652, 285, 1652], -23.68147087097168
    [0, 510, 1652, 5603], -20.469823837280273
      [0, 510, 1652, 5603, 13], -23.734159469604492
      [0, 510, 1652, 5603, 285], -24.548002243041992
    [0, 510, 1652, 5101], -20.874364852905273
      [0, 510, 1652, 5101, 13], -24.517906188964844
      [0, 510, 1652, 5101, 285], -25.08655548095703
    [0, 510, 1652, 5202], -21.114940643310547
      [0, 510, 1652, 5202, 13], -24.100811004638672
      [0, 510, 1652, 5202, 285], -25.56436538696289
    [0, 510, 1652, 1652], -21.284679412841797
    [0, 510, 1652, 24740], -21.708633422851562
      [0, 510, 1652, 24740, 13], -24.642780303955078
    [0, 510, 1652, 2829], -21.825300216674805
      [0, 510, 1652, 2829, 13], -24.859764099121094
      [0, 510, 1652, 2829, 285], -25.612138748168945
    [0, 510, 1652, 5254], -23.560985565185547
    [0, 510, 1652, 14709], -23.644699096679688
    [0, 510, 1652, 11755], -23.92535400390625
    [0, 510, 1652, 1625], -24.22589874267578
    [0, 510, 1652, 27287], -24.33437156677246
    [0, 510, 1652, 6008], -24.69892120361328
    [0, 510, 1652, 715], -24.887958526611328
  [0, 510, 2829], -13.583812713623047
    [0, 510, 2829, 13], -17.90209197998047
      [0, 510, 2829, 13, 285], -22.363706588745117
        [0, 510, 2829, 13, 285, 309], -25.574838638305664
      [0, 510, 2829, 13, 309], -23.411943435668945
      [0, 510, 2829, 13, 281], -23.74413299560547
      [0, 510, 2829, 13, 2829], -24.45428466796875
      [0, 510, 2829, 13, 5254], -25.247745513916016
    [0, 510, 2829, 285], -18.480918884277344
      [0, 510, 2829, 285, 2829], -23.03272247314453
      [0, 510, 2829, 285, 5254], -23.528575897216797
      [0, 510, 2829, 285, 309], -23.953296661376953
      [0, 510, 2829, 285, 13], -25.45507049560547
      [0, 510, 2829, 285, 281], -25.556819915771484
    [0, 510, 2829, 309], -19.673938751220703
    [0, 510, 2829, 281], -19.800851821899414
    [0, 510, 2829, 2829], -21.26883888244629
      [0, 510, 2829, 2829, 13], -23.932340621948242
      [0, 510, 2829, 2829, 285], -24.5032958984375
    [0, 510, 2829, 715], -22.681018829345703
    [0, 510, 2829, 255], -23.298568725585938
    [0, 510, 2829, 5202], -23.319156646728516
    [0, 510, 2829, 42], -24.115612030029297
    [0, 510, 2829, 5101], -24.148271560668945
    [0, 510, 2829, 27287], -25.331100463867188
    [0, 510, 2829, 4496], -25.46215057373047
    [0, 510, 2829, 5254], -25.655292510986328
    [0, 510, 2829, 249], -25.67351531982422
  [0, 510, 5603], -13.68461799621582
    [0, 510, 5603, 13], -16.719528198242188
      [0, 510, 5603, 13, 285], -22.015174865722656
      [0, 510, 5603, 13, 281], -22.805767059326172
      [0, 510, 5603, 13, 309], -24.054048538208008
      [0, 510, 5603, 13, 5603], -24.686080932617188
      [0, 510, 5603, 13, 4609], -25.20818519592285
    [0, 510, 5603, 285], -17.832874298095703
      [0, 510, 5603, 285, 5603], -22.260578155517578
      [0, 510, 5603, 285, 309], -22.484312057495117
      [0, 510, 5603, 285, 13], -24.66360092163086
      [0, 510, 5603, 285, 24740], -25.428203582763672
    [0, 510, 5603, 249], -19.697338104248047
      [0, 510, 5603, 249, 285], -23.715911865234375
        [0, 510, 5603, 249, 285, 5603], -25.272335052490234
          [0, 510, 5603, 249, 285, 5603, 249], -25.504905700683594
      [0, 510, 5603, 249, 13], -24.73651695251465
    [0, 510, 5603, 281], -21.03724479675293
    [0, 510, 5603, 454], -21.253334045410156
      [0, 510, 5603, 454, 285], -25.040842056274414
    [0, 510, 5603, 309], -21.6430606842041
    [0, 510, 5603, 263], -21.68429946899414
    [0, 510, 5603, 5603], -21.696273803710938
      [0, 510, 5603, 5603, 13], -25.034521102905273
      [0, 510, 5603, 5603, 285], -25.479381561279297
    [0, 510, 5603, 2184], -22.316978454589844
    [0, 510, 5603, 3022], -22.678417205810547
    [0, 510, 5603, 5254], -23.65270233154297
    [0, 510, 5603, 255], -23.80487060546875
    [0, 510, 5603, 6440], -24.130659103393555
    [0, 510, 5603, 395], -24.455875396728516
    [0, 510, 5603, 715], -24.80828857421875
    [0, 510, 5603, 510], -24.91703224182129
    [0, 510, 5603, 5202], -24.935678482055664
    [0, 510, 5603, 27287], -25.00189781188965
  [0, 510, 255], -13.715530395507812
    [0, 510, 255, 1568], -21.657560348510742
    [0, 510, 255, 13], -23.32376480102539
    [0, 510, 255, 1405], -24.33143424987793
    [0, 510, 255, 395], -24.74616050720215
    [0, 510, 255, 285], -25.481626510620117
  [0, 510, 5254], -13.815088272094727
    [0, 510, 5254, 13], -17.657608032226562
      [0, 510, 5254, 13, 285], -21.260986328125
        [0, 510, 5254, 13, 285, 309], -24.53424072265625
      [0, 510, 5254, 13, 5254], -21.67080307006836
        [0, 510, 5254, 13, 5254, 13], -22.55724334716797
          [0, 510, 5254, 13, 5254, 13, 5254], -22.754207611083984
            [0, 510, 5254, 13, 5254, 13, 5254, 13], -24.75059700012207
      [0, 510, 5254, 13, 309], -22.898561477661133
      [0, 510, 5254, 13, 281], -23.403162002563477
      [0, 510, 5254, 13, 4496], -23.875892639160156
      [0, 510, 5254, 13, 2829], -24.376535415649414
    [0, 510, 5254, 285], -18.17837905883789
      [0, 510, 5254, 285, 2829], -22.33915138244629
      [0, 510, 5254, 285, 5254], -22.497011184692383
      [0, 510, 5254, 285, 309], -23.56142234802246
      [0, 510, 5254, 285, 13], -24.536251068115234
    [0, 510, 5254, 281], -18.92618179321289
    [0, 510, 5254, 309], -20.92215347290039
    [0, 510, 5254, 715], -22.235416412353516
    [0, 510, 5254, 5254], -22.413177490234375
    [0, 510, 5254, 2829], -22.631982803344727
    [0, 510, 5254, 5202], -24.087677001953125
    [0, 510, 5254, 5603], -24.10419464111328
    [0, 510, 5254, 249], -24.23471450805664
    [0, 510, 5254, 5101], -24.279804229736328
  [0, 510, 5202], -14.040205001831055
    [0, 510, 5202, 13], -17.830209732055664
      [0, 510, 5202, 13, 285], -22.073158264160156
      [0, 510, 5202, 13, 309], -23.190420150756836
      [0, 510, 5202, 13, 281], -24.184749603271484
      [0, 510, 5202, 13, 5202], -24.25905418395996
    [0, 510, 5202, 285], -18.500139236450195
      [0, 510, 5202, 285, 309], -22.966875076293945
      [0, 510, 5202, 285, 5202], -24.12103843688965
    [0, 510, 5202, 309], -19.108562469482422
    [0, 510, 5202, 281], -20.181713104248047
    [0, 510, 5202, 5202], -21.30980682373047
      [0, 510, 5202, 5202, 13], -24.004575729370117
    [0, 510, 5202, 5254], -22.754487991333008
    [0, 510, 5202, 5603], -23.44590950012207
    [0, 510, 5202, 6440], -23.871173858642578
    [0, 510, 5202, 255], -24.40964698791504
    [0, 510, 5202, 42], -24.510417938232422
    [0, 510, 5202, 3022], -24.56505584716797
  [0, 510, 281], -14.476242065429688
    [0, 510, 281, 1405], -18.032745361328125
      [0, 510, 281, 1405, 13], -20.731290817260742
      [0, 510, 281, 1405, 285], -23.871631622314453
      [0, 510, 281, 1405, 309], -24.433080673217773
      [0, 510, 281, 1405, 281], -24.532379150390625
    [0, 510, 281, 285], -20.435821533203125
    [0, 510, 281, 263], -20.879474639892578
      [0, 510, 281, 263, 285], -24.582120895385742
      [0, 510, 281, 263, 13], -24.670475006103516
    [0, 510, 281, 3088], -21.620346069335938
    [0, 510, 281, 13], -22.494586944580078
    [0, 510, 281, 2184], -22.958511352539062
    [0, 510, 281, 249], -23.04624366760254
    [0, 510, 281, 8826], -24.064363479614258
    [0, 510, 281, 395], -24.294618606567383
    [0, 510, 281, 1201], -24.331119537353516
    [0, 510, 281, 309], -24.520999908447266
    [0, 510, 281, 1652], -24.7464599609375
  [0, 510, 11755], -14.608787536621094
    [0, 510, 11755, 13], -18.528711318969727
      [0, 510, 11755, 13, 11755], -21.84552574157715
        [0, 510, 11755, 13, 11755, 13], -22.57831573486328
          [0, 510, 11755, 13, 11755, 13, 11755], -23.542448043823242
            [0, 510, 11755, 13, 11755, 13, 11755, 13], -24.74957275390625
        [0, 510, 11755, 13, 11755, 285], -24.4659481048584
      [0, 510, 11755, 13, 285], -22.839481353759766
      [0, 510, 11755, 13, 1652], -24.202533721923828
    [0, 510, 11755, 285], -18.60095977783203
      [0, 510, 11755, 285, 11755], -21.91109275817871
    [0, 510, 11755, 1652], -18.79909896850586
      [0, 510, 11755, 1652, 6440], -24.597625732421875
    [0, 510, 11755, 6440], -22.400358200073242
    [0, 510, 11755, 11755], -23.287261962890625
    [0, 510, 11755, 309], -23.54781723022461
    [0, 510, 11755, 281], -23.850994110107422
    [0, 510, 11755, 5202], -24.51601791381836
  [0, 510, 263], -14.831016540527344
    [0, 510, 263, 395], -23.22469711303711
    [0, 510, 263, 255], -23.36856460571289
    [0, 510, 263, 285], -23.66866111755371
    [0, 510, 263, 13], -23.7680721282959
  [0, 510, 13], -15.028861999511719
    [0, 510, 13, 309], -18.944684982299805
      [0, 510, 13, 309, 13], -22.80335807800293
        [0, 510, 13, 309, 13, 285], -24.680307388305664
    [0, 510, 13, 285], -19.06369400024414
      [0, 510, 13, 285, 13], -21.132732391357422
        [0, 510, 13, 285, 13, 285], -22.4639835357666
          [0, 510, 13, 285, 13, 285, 13], -23.441621780395508
            [0, 510, 13, 285, 13, 285, 13, 285], -23.805334091186523
      [0, 510, 13, 285, 309], -21.521806716918945
    [0, 510, 13, 281], -20.50352668762207
    [0, 510, 13, 510], -22.28091812133789
    [0, 510, 13, 42], -22.32158088684082
    [0, 510, 13, 4496], -22.42975425720215
    [0, 510, 13, 249], -22.448322296142578
    [0, 510, 13, 395], -22.645404815673828
    [0, 510, 13, 255], -22.780445098876953
    [0, 510, 13, 263], -23.16054916381836
    [0, 510, 13, 1652], -23.378185272216797
  [0, 510, 285], -15.076154708862305
    [0, 510, 285, 263], -19.867891311645508
    [0, 510, 285, 285], -20.938228607177734
      [0, 510, 285, 285, 285], -22.839181900024414
        [0, 510, 285, 285, 285, 285], -23.64382553100586
    [0, 510, 285, 255], -21.018531799316406
    [0, 510, 285, 309], -21.36016082763672
    [0, 510, 285, 13], -22.10771942138672
    [0, 510, 285, 395], -22.664791107177734
    [0, 510, 285, 281], -23.58985710144043
    [0, 510, 285, 249], -23.741771697998047
  [0, 510, 24740], -16.106576919555664
    [0, 510, 24740, 13], -18.987266540527344
      [0, 510, 24740, 13, 285], -23.07468032836914
    [0, 510, 24740, 285], -19.741249084472656
    [0, 510, 24740, 281], -22.09432601928711
    [0, 510, 24740, 309], -22.930965423583984
    [0, 510, 24740, 24740], -23.58790397644043
  [0, 510, 14709], -16.123382568359375
    [0, 510, 14709, 285], -19.6873779296875
    [0, 510, 14709, 13], -20.053207397460938
    [0, 510, 14709, 281], -21.726245880126953
    [0, 510, 14709, 309], -23.03525733947754
    [0, 510, 14709, 2829], -23.742143630981445
  [0, 510, 249], -16.25485610961914
    [0, 510, 249, 13], -20.460309982299805
    [0, 510, 249, 285], -21.85504150390625
