[0, 510], -3.825592517852783
  [0, 510, 309], -11.066581726074219
[0, 42], -4.839722156524658
[0, 3220], -6.528956890106201
[0, 395], -8.331403732299805
[0, 249], -8.429838180541992
[0, 13], -8.801826477050781
[0, 255], -9.018223762512207
[0, 263], -9.106498718261719
[0, 3088], -9.209186553955078
[0, 2184], -9.372064590454102
[0, 9328], -9.486181259155273
[0, 4609], -9.488399505615234
[0, 6689], -9.630302429199219
[0, 2369], -9.70433521270752
[0, 1568], -9.781946182250977
[0, 12550], -9.859109878540039
[0, 8826], -10.14671516418457
[0, 1405], -10.162354469299316
[0, 6309], -10.31106185913086
[0, 38878], -10.380853652954102
[0, 20415], -10.42193603515625
[0, 13243], -10.425313949584961
[0, 483], -10.425840377807617
[0, 8701], -10.631149291992188
[0, 14094], -10.721281051635742
[0, 454], -10.733970642089844
[0, 9154], -10.782793045043945
[0, 3022], -10.868947982788086
[0, 19506], -10.92852783203125
[0, 285], -11.027961730957031
Time taken in seconds: 40.50164222717285
Number of forward passes: 31
Worst case number of forward passes: 51
Best sequence: [0, 510, 309], -11.066581726074219
<|endoftext|>The I
