[0, 510], -3.031212091445923
  [0, 510, 309], -10.5607271194458
    [0, 510, 309, 255], -16.405364990234375
      [0, 510, 309, 255, 13], -24.223752975463867
        [0, 510, 309, 255, 13, 285], -27.074851989746094
          [0, 510, 309, 255, 13, 285, 309], -29.988252639770508
            [0, 510, 309, 255, 13, 285, 309, 255], -31.657936096191406
        [0, 510, 309, 255, 13, 309], -27.312034606933594
          [0, 510, 309, 255, 13, 309, 255], -28.28064727783203
            [0, 510, 309, 255, 13, 309, 255, 13], -29.16256332397461
      [0, 510, 309, 255, 285], -24.312131881713867
        [0, 510, 309, 255, 285, 309], -27.22178077697754
      [0, 510, 309, 255, 249], -25.690549850463867
      [0, 510, 309, 255, 281], -26.145017623901367
      [0, 510, 309, 255, 1568], -26.294797897338867
      [0, 510, 309, 255, 309], -27.152341842651367
        [0, 510, 309, 255, 309, 255], -27.631277084350586
      [0, 510, 309, 255, 3022], -27.171018600463867
      [0, 510, 309, 255, 510], -27.235105514526367
      [0, 510, 309, 255, 255], -27.244626998901367
      [0, 510, 309, 255, 1405], -27.421751022338867
      [0, 510, 309, 255, 2369], -27.523801803588867
      [0, 510, 309, 255, 454], -27.631834030151367
      [0, 510, 309, 255, 395], -27.725828170776367
      [0, 510, 309, 255, 42], -28.142820358276367
      [0, 510, 309, 255, 263], -28.235227584838867
      [0, 510, 309, 255, 5603], -28.257932662963867
      [0, 510, 309, 255, 6309], -28.767332077026367
      [0, 510, 309, 255, 5202], -28.849973678588867
      [0, 510, 309, 255, 483], -28.859617233276367
      [0, 510, 309, 255, 5101], -28.877805709838867
      [0, 510, 309, 255, 3220], -29.126096725463867
    [0, 510, 309, 285], -16.994476318359375
      [0, 510, 309, 285, 309], -20.669845581054688
        [0, 510, 309, 285, 309, 13], -25.128162384033203
          [0, 510, 309, 285, 309, 13, 285], -27.752971649169922
          [0, 510, 309, 285, 309, 13, 309], -28.368450164794922
        [0, 510, 309, 285, 309, 285], -27.241931915283203
          [0, 510, 309, 285, 309, 285, 309], -28.58119010925293
        [0, 510, 309, 285, 309, 281], -27.450672149658203
        [0, 510, 309, 285, 309, 309], -27.673084259033203
        [0, 510, 309, 285, 309, 255], -28.675525665283203
        [0, 510, 309, 285, 309, 249], -29.019031524658203
        [0, 510, 309, 285, 309, 510], -29.049793243408203
        [0, 510, 309, 285, 309, 6008], -29.150867462158203
      [0, 510, 309, 285, 285], -23.829879760742188
        [0, 510, 309, 285, 285, 309], -27.598155975341797
      [0, 510, 309, 285, 13], -24.834030151367188
        [0, 510, 309, 285, 13, 285], -27.647891998291016
        [0, 510, 309, 285, 13, 309], -28.170352935791016
      [0, 510, 309, 285, 281], -24.840011596679688
      [0, 510, 309, 285, 1652], -26.537277221679688
      [0, 510, 309, 285, 510], -26.999069213867188
      [0, 510, 309, 285, 2829], -28.138717651367188
      [0, 510, 309, 285, 715], -28.230880737304688
      [0, 510, 309, 285, 42], -28.287155151367188
      [0, 510, 309, 285, 5101], -28.314132690429688
      [0, 510, 309, 285, 6440], -28.883834838867188
      [0, 510, 309, 285, 483], -28.977340698242188
      [0, 510, 309, 285, 4496], -28.979904174804688
    [0, 510, 309, 13], -17.286834716796875
      [0, 510, 309, 13, 285], -19.479291915893555
        [0, 510, 309, 13, 285, 309], -22.039226531982422
          [0, 510, 309, 13, 285, 309, 13], -24.999286651611328
            [0, 510, 309, 13, 285, 309, 13, 285], -27.256425857543945
        [0, 510, 309, 13, 285, 285], -23.426799774169922
          [0, 510, 309, 13, 285, 285, 309], -26.296947479248047
        [0, 510, 309, 13, 285, 13], -24.503582000732422
          [0, 510, 309, 13, 285, 13, 285], -26.95269012451172
        [0, 510, 309, 13, 285, 281], -25.337932586669922
      [0, 510, 309, 13, 309], -19.694379806518555
        [0, 510, 309, 13, 309, 13], -21.532625198364258
          [0, 510, 309, 13, 309, 13, 285], -22.590059280395508
            [0, 510, 309, 13, 309, 13, 285, 309], -25.093610763549805
          [0, 510, 309, 13, 309, 13, 309], -22.685884475708008
            [0, 510, 309, 13, 309, 13, 309, 13], -24.04274559020996
        [0, 510, 309, 13, 309, 285], -22.856599807739258
      [0, 510, 309, 13, 281], -23.979902267456055
    [0, 510, 309, 395], -18.682830810546875
    [0, 510, 309, 249], -18.966644287109375
    [0, 510, 309, 1405], -19.063568115234375
      [0, 510, 309, 1405, 255], -22.8533992767334
      [0, 510, 309, 1405, 285], -23.7647762298584
    [0, 510, 309, 263], -19.238861083984375
    [0, 510, 309, 510], -19.262420654296875
      [0, 510, 309, 510, 309], -23.15166664123535
        [0, 510, 309, 510, 309, 510], -23.448232650756836
          [0, 510, 309, 510, 309, 510, 309], -23.929431915283203
      [0, 510, 309, 510, 42], -23.70562171936035
      [0, 510, 309, 510, 255], -23.95818519592285
    [0, 510, 309, 483], -19.353607177734375
      [0, 510, 309, 483, 249], -23.80689239501953
    [0, 510, 309, 281], -19.516204833984375
    [0, 510, 309, 2184], -19.611541748046875
      [0, 510, 309, 2184, 255], -24.040456771850586
    [0, 510, 309, 3088], -19.651336669921875
    [0, 510, 309, 6309], -20.422210693359375
    [0, 510, 309, 770], -20.901092529296875
      [0, 510, 309, 770, 249], -23.300756454467773
    [0, 510, 309, 2369], -21.524627685546875
    [0, 510, 309, 3022], -21.616668701171875
    [0, 510, 309, 3220], -21.622406005859375
    [0, 510, 309, 42], -21.722503662109375
      [0, 510, 309, 42, 42], -23.46665382385254
    [0, 510, 309, 1652], -22.489227294921875
    [0, 510, 309, 1568], -22.770355224609375
    [0, 510, 309, 309], -22.963714599609375
    [0, 510, 309, 1201], -23.020965576171875
    [0, 510, 309, 1625], -23.179290771484375
    [0, 510, 309, 2829], -23.281097412109375
    [0, 510, 309, 5603], -23.692474365234375
    [0, 510, 309, 6008], -23.860443115234375
    [0, 510, 309, 8701], -23.962493896484375
  [0, 510, 5101], -11.207454681396484
    [0, 510, 5101, 13], -15.132415771484375
      [0, 510, 5101, 13, 285], -17.232955932617188
        [0, 510, 5101, 13, 285, 309], -22.1771183013916
        [0, 510, 5101, 13, 285, 5101], -22.3780460357666
        [0, 510, 5101, 13, 285, 13], -22.4521427154541
        [0, 510, 5101, 13, 285, 285], -23.8282413482666
      [0, 510, 5101, 13, 309], -20.428268432617188
      [0, 510, 5101, 13, 5101], -20.449264526367188
        [0, 510, 5101, 13, 5101, 13], -21.203989028930664
          [0, 510, 5101, 13, 5101, 13, 285], -21.495777130126953
        [0, 510, 5101, 13, 5101, 285], -21.654672622680664
      [0, 510, 5101, 13, 281], -22.500900268554688
      [0, 510, 5101, 13, 13], -23.236740112304688
      [0, 510, 5101, 13, 4496], -23.729293823242188
      [0, 510, 5101, 13, 5202], -23.973678588867188
    [0, 510, 5101, 285], -15.503265380859375
      [0, 510, 5101, 285, 5101], -19.006013870239258
        [0, 510, 5101, 285, 5101, 13], -23.315990447998047
      [0, 510, 5101, 285, 309], -21.997468948364258
      [0, 510, 5101, 285, 13], -22.601472854614258
      [0, 510, 5101, 285, 5202], -23.175935745239258
    [0, 510, 5101, 1201], -18.140228271484375
      [0, 510, 5101, 1201, 13], -21.7226619720459
      [0, 510, 5101, 1201, 285], -22.2500057220459
      [0, 510, 5101, 1201, 309], -23.0836238861084
      [0, 510, 5101, 1201, 5101], -23.2179012298584
      [0, 510, 5101, 1201, 281], -23.2351131439209
    [0, 510, 5101, 281], -18.962860107421875
    [0, 510, 5101, 255], -19.240814208984375
    [0, 510, 5101, 309], -19.508392333984375
    [0, 510, 5101, 3022], -19.806732177734375
      [0, 510, 5101, 3022, 285], -23.597442626953125
    [0, 510, 5101, 249], -20.071746826171875
      [0, 510, 5101, 249, 285], -23.491975784301758
      [0, 510, 5101, 249, 13], -23.648591995239258
    [0, 510, 5101, 5101], -20.288787841796875
      [0, 510, 5101, 5101, 13], -23.785053253173828
    [0, 510, 5101, 715], -20.562957763671875
    [0, 510, 5101, 263], -20.690643310546875
      [0, 510, 5101, 263, 13], -24.02164077758789
    [0, 510, 5101, 5202], -20.753021240234375
    [0, 510, 5101, 27287], -20.898162841796875
      [0, 510, 5101, 27287, 281], -23.616056442260742
    [0, 510, 5101, 2184], -20.934539794921875
    [0, 510, 5101, 2369], -21.006317138671875
    [0, 510, 5101, 483], -21.019744873046875
      [0, 510, 5101, 483, 13], -24.014877319335938
    [0, 510, 5101, 3088], -21.346038818359375
    [0, 510, 5101, 2829], -21.729095458984375
    [0, 510, 5101, 6309], -21.745697021484375
    [0, 510, 5101, 4496], -22.107513427734375
    [0, 510, 5101, 8826], -22.354827880859375
    [0, 510, 5101, 42], -22.644134521484375
    [0, 510, 5101, 6008], -22.754974365234375
    [0, 510, 5101, 510], -22.770843505859375
    [0, 510, 5101, 1405], -23.511566162109375
    [0, 510, 5101, 5603], -23.595550537109375
    [0, 510, 5101, 6689], -23.664520263671875
    [0, 510, 5101, 454], -23.855316162109375
    [0, 510, 5101, 8701], -23.953948974609375
  [0, 510, 13], -11.607357025146484
    [0, 510, 13, 285], -12.906744003295898
      [0, 510, 13, 285, 13], -15.858418464660645
        [0, 510, 13, 285, 13, 285], -17.70579719543457
          [0, 510, 13, 285, 13, 285, 13], -21.249622344970703
            [0, 510, 13, 285, 13, 285, 13, 285], -22.934553146362305
        [0, 510, 13, 285, 13, 281], -20.034534454345703
        [0, 510, 13, 285, 13, 309], -20.053699493408203
      [0, 510, 13, 285, 285], -16.517108917236328
        [0, 510, 13, 285, 285, 13], -20.111099243164062
          [0, 510, 13, 285, 285, 13, 285], -22.58710479736328
        [0, 510, 13, 285, 285, 285], -21.674209594726562
        [0, 510, 13, 285, 285, 309], -21.749404907226562
      [0, 510, 13, 285, 281], -17.707782745361328
        [0, 510, 13, 285, 281, 13], -19.76926612854004
      [0, 510, 13, 285, 309], -17.943744659423828
        [0, 510, 13, 285, 309, 13], -20.279644012451172
      [0, 510, 13, 285, 1652], -21.040424346923828
        [0, 510, 13, 285, 1652, 13], -21.793537139892578
      [0, 510, 13, 285, 510], -22.023456573486328
      [0, 510, 13, 285, 715], -22.146137237548828
      [0, 510, 13, 285, 395], -22.367938995361328
      [0, 510, 13, 285, 263], -22.558734893798828
    [0, 510, 13, 309], -16.1018123626709
      [0, 510, 13, 309, 13], -20.17510986328125
        [0, 510, 13, 309, 13, 285], -21.200706481933594
        [0, 510, 13, 309, 13, 309], -22.198265075683594
      [0, 510, 13, 309, 285], -21.76373291015625
    [0, 510, 13, 281], -17.7583065032959
      [0, 510, 13, 281, 13], -22.532520294189453
    [0, 510, 13, 4496], -19.3137264251709
      [0, 510, 13, 4496, 13], -19.965557098388672
        [0, 510, 13, 4496, 13, 4496], -21.602630615234375
          [0, 510, 13, 4496, 13, 4496, 13], -21.97028160095215
            [0, 510, 13, 4496, 13, 4496, 13, 4496], -22.219512939453125
    [0, 510, 13, 395], -19.7038631439209
      [0, 510, 13, 395, 13], -21.848140716552734
    [0, 510, 13, 13], -20.3087215423584
      [0, 510, 13, 13, 285], -22.166154861450195
    [0, 510, 13, 249], -20.8903865814209
    [0, 510, 13, 1652], -21.3918514251709
    [0, 510, 13, 11755], -21.4055233001709
      [0, 510, 13, 11755, 13], -21.770442962646484
    [0, 510, 13, 263], -21.8885555267334
    [0, 510, 13, 42], -22.2043514251709
  [0, 510, 6440], -11.936580657958984
    [0, 510, 6440, 13], -15.282796859741211
      [0, 510, 6440, 13, 285], -18.770584106445312
        [0, 510, 6440, 13, 285, 309], -22.182666778564453
      [0, 510, 6440, 13, 309], -19.832839965820312
      [0, 510, 6440, 13, 281], -20.883621215820312
    [0, 510, 6440, 309], -16.76643943786621
    [0, 510, 6440, 285], -17.27632713317871
      [0, 510, 6440, 285, 6440], -21.459741592407227
    [0, 510, 6440, 281], -17.88374900817871
    [0, 510, 6440, 6440], -19.77290916442871
    [0, 510, 6440, 2184], -20.22139549255371
    [0, 510, 6440, 510], -21.45577049255371
    [0, 510, 6440, 1652], -22.05220603942871
  [0, 510, 2829], -12.236995697021484
    [0, 510, 2829, 285], -17.393707275390625
    [0, 510, 2829, 13], -17.676422119140625
      [0, 510, 2829, 13, 285], -21.0969181060791
      [0, 510, 2829, 13, 309], -22.01793670654297
    [0, 510, 2829, 281], -18.574005126953125
    [0, 510, 2829, 309], -18.777618408203125
    [0, 510, 2829, 2829], -19.562286376953125
      [0, 510, 2829, 2829, 2829], -22.000585556030273
    [0, 510, 2829, 715], -21.371368408203125
  [0, 510, 255], -12.482601165771484
    [0, 510, 255, 13], -19.073841094970703
      [0, 510, 255, 13, 285], -21.736474990844727
    [0, 510, 255, 249], -20.053577423095703
    [0, 510, 255, 285], -20.782947540283203
    [0, 510, 255, 1568], -21.830066680908203
  [0, 510, 285], -12.554622650146484
    [0, 510, 285, 285], -16.3658447265625
      [0, 510, 285, 285, 285], -21.02706527709961
      [0, 510, 285, 285, 13], -21.99886703491211
    [0, 510, 285, 13], -17.3223876953125
      [0, 510, 285, 13, 285], -19.103681564331055
      [0, 510, 285, 13, 281], -21.254314422607422
      [0, 510, 285, 13, 309], -22.022991180419922
    [0, 510, 285, 309], -18.2353515625
      [0, 510, 285, 309, 13], -22.035194396972656
    [0, 510, 285, 281], -18.6683349609375
    [0, 510, 285, 263], -20.890380859375
    [0, 510, 285, 510], -21.3714599609375
    [0, 510, 285, 395], -21.3759765625
    [0, 510, 285, 1652], -21.5093994140625
    [0, 510, 285, 249], -21.7476806640625
  [0, 510, 11755], -12.713680267333984
    [0, 510, 11755, 13], -16.240068435668945
      [0, 510, 11755, 13, 11755], -19.295717239379883
        [0, 510, 11755, 13, 11755, 13], -19.953832626342773
          [0, 510, 11755, 13, 11755, 13, 11755], -20.651803970336914
            [0, 510, 11755, 13, 11755, 13, 11755, 13], -21.900470733642578
      [0, 510, 11755, 13, 309], -19.432558059692383
      [0, 510, 11755, 13, 285], -19.916688919067383
    [0, 510, 11755, 1652], -17.938676834106445
    [0, 510, 11755, 285], -18.459917068481445
      [0, 510, 11755, 285, 11755], -20.469863891601562
    [0, 510, 11755, 11755], -19.353349685668945
      [0, 510, 11755, 11755, 11755], -20.980186462402344
    [0, 510, 11755, 309], -19.819902420043945
    [0, 510, 11755, 281], -19.972734451293945
    [0, 510, 11755, 6440], -20.117265701293945
  [0, 510, 1652], -12.967830657958984
    [0, 510, 1652, 13], -17.08751678466797
      [0, 510, 1652, 13, 285], -20.39847755432129
      [0, 510, 1652, 13, 309], -21.29752540588379
    [0, 510, 1652, 285], -17.88634490966797
    [0, 510, 1652, 281], -18.44847869873047
    [0, 510, 1652, 309], -18.66698455810547
    [0, 510, 1652, 1652], -19.59227752685547
    [0, 510, 1652, 5101], -20.96654510498047
    [0, 510, 1652, 5202], -21.09642791748047
    [0, 510, 1652, 6440], -21.40563201904297
    [0, 510, 1652, 11755], -21.48424530029297
  [0, 510, 5202], -13.038387298583984
    [0, 510, 5202, 285], -16.975276947021484
      [0, 510, 5202, 285, 5202], -21.183433532714844
    [0, 510, 5202, 13], -17.510189056396484
      [0, 510, 5202, 13, 285], -20.20564079284668
    [0, 510, 5202, 281], -17.969539642333984
    [0, 510, 5202, 5202], -18.464168548583984
      [0, 510, 5202, 5202, 5202], -21.804582595825195
    [0, 510, 5202, 309], -19.737850189208984
    [0, 510, 5202, 715], -21.409481048583984
  [0, 510, 5254], -13.156551361083984
    [0, 510, 5254, 285], -17.252111434936523
      [0, 510, 5254, 285, 5254], -19.97273826599121
    [0, 510, 5254, 281], -17.689001083374023
      [0, 510, 5254, 281, 5254], -21.337589263916016
    [0, 510, 5254, 13], -17.821447372436523
      [0, 510, 5254, 13, 285], -20.7109317779541
      [0, 510, 5254, 13, 5254], -21.6976261138916
    [0, 510, 5254, 5254], -18.680089950561523
      [0, 510, 5254, 5254, 5254], -20.98558235168457
    [0, 510, 5254, 2829], -19.077062606811523
    [0, 510, 5254, 715], -20.806188583374023
    [0, 510, 5254, 309], -20.996740341186523
  [0, 510, 5603], -13.541072845458984
    [0, 510, 5603, 13], -17.624643325805664
      [0, 510, 5603, 13, 285], -20.664722442626953
    [0, 510, 5603, 285], -18.109750747680664
      [0, 510, 5603, 285, 5603], -21.772640228271484
    [0, 510, 5603, 5603], -20.504648208618164
    [0, 510, 5603, 249], -21.054574966430664
    [0, 510, 5603, 309], -21.115365982055664
    [0, 510, 5603, 281], -21.207895278930664
    [0, 510, 5603, 2184], -21.885873794555664
  [0, 510, 281], -13.657894134521484
    [0, 510, 281, 1405], -17.463895797729492
      [0, 510, 281, 1405, 285], -21.277660369873047
    [0, 510, 281, 255], -19.018583297729492
    [0, 510, 281, 3088], -20.498441696166992
    [0, 510, 281, 285], -20.559843063354492
    [0, 510, 281, 2184], -20.763090133666992
    [0, 510, 281, 13], -21.099393844604492
      [0, 510, 281, 13, 285], -21.780376434326172
    [0, 510, 281, 395], -21.214506149291992
    [0, 510, 281, 249], -21.402738571166992
  [0, 510, 249], -14.206966400146484
    [0, 510, 249, 285], -18.128093719482422
    [0, 510, 249, 13], -18.506511688232422
    [0, 510, 249, 255], -19.250530242919922
    [0, 510, 249, 249], -20.556560516357422
      [0, 510, 249, 249, 249], -21.36490249633789
    [0, 510, 249, 263], -20.601604461669922
    [0, 510, 249, 483], -21.381389617919922
    [0, 510, 249, 309], -21.868450164794922
  [0, 510, 24740], -14.481502532958984
    [0, 510, 24740, 285], -18.637535095214844
    [0, 510, 24740, 13], -18.670249938964844
      [0, 510, 24740, 13, 285], -21.559795379638672
    [0, 510, 24740, 281], -20.122520446777344
    [0, 510, 24740, 309], -20.944664001464844
    [0, 510, 24740, 5254], -21.298789978027344
  [0, 510, 263], -14.777400970458984
    [0, 510, 263, 255], -20.034381866455078
    [0, 510, 263, 13], -20.117877960205078
    [0, 510, 263, 285], -20.957233428955078
    [0, 510, 263, 249], -21.080036163330078
    [0, 510, 263, 395], -21.471271514892578
    [0, 510, 263, 263], -21.732868194580078
  [0, 510, 14709], -15.044490814208984
    [0, 510, 14709, 285], -18.236080169677734
      [0, 510, 14709, 285, 14709], -20.638259887695312
    [0, 510, 14709, 13], -19.051509857177734
    [0, 510, 14709, 14709], -20.048336029052734
      [0, 510, 14709, 14709, 14709], -21.379735946655273
    [0, 510, 14709, 281], -20.455928802490234
    [0, 510, 14709, 309], -20.986690521240234
  [0, 510, 4496], -15.437435150146484
    [0, 510, 4496, 13], -19.235506057739258
      [0, 510, 4496, 13, 4496], -20.511383056640625
        [0, 510, 4496, 13, 4496, 13], -20.90842628479004
          [0, 510, 4496, 13, 4496, 13, 4496], -21.09136962890625
            [0, 510, 4496, 13, 4496, 13, 4496, 13], -21.410133361816406
    [0, 510, 4496, 281], -19.339509963989258
    [0, 510, 4496, 285], -20.759920120239258
    [0, 510, 4496, 4496], -20.764802932739258
    [0, 510, 4496, 309], -21.132600784301758
  [0, 510, 395], -15.786678314208984
    [0, 510, 395, 13], -19.78876495361328
    [0, 510, 395, 285], -20.69855499267578
    [0, 510, 395, 249], -21.39948272705078
  [0, 510, 510], -16.573055267333984
  [0, 510, 42], -16.584529876708984
  [0, 510, 2369], -16.787899017333984
  [0, 510, 27287], -16.788631439208984
    [0, 510, 27287, 281], -19.65436553955078
    [0, 510, 27287, 285], -19.75641632080078
  [0, 510, 1625], -16.806697845458984
    [0, 510, 1625, 249], -20.995147705078125
  [0, 510, 2184], -16.827083587646484
    [0, 510, 2184, 255], -20.190244674682617
    [0, 510, 2184, 13], -21.227354049682617
    [0, 510, 2184, 285], -21.312559127807617
  [0, 510, 715], -17.070003509521484
    [0, 510, 715, 285], -20.75425148010254
  [0, 510, 6008], -17.105525970458984
    [0, 510, 6008, 285], -20.989646911621094
  [0, 510, 483], -17.276180267333984
    [0, 510, 483, 13], -21.057880401611328
  [0, 510, 3088], -17.526180267333984
  [0, 510, 1405], -17.580379486083984
    [0, 510, 1405, 255], -20.500764846801758
  [0, 510, 770], -17.788143157958984
  [0, 510, 1201], -18.097469329833984
    [0, 510, 1201, 13], -21.274702072143555
  [0, 510, 3220], -18.217708587646484
  [0, 510, 454], -18.529109954833984
  [0, 510, 3022], -18.640560150146484
  [0, 510, 20415], -18.860774993896484
  [0, 510, 6309], -18.954036712646484
  [0, 510, 38878], -18.966121673583984
  [0, 510, 1568], -19.083797454833984
    [0, 510, 1568, 285], -21.111812591552734
  [0, 510, 8826], -19.551448822021484
  [0, 510, 8701], -19.701717376708984
  [0, 510, 6689], -19.929744720458984
  [0, 510, 12550], -20.201229095458984
  [0, 510, 9328], -20.942684173583984
  [0, 510, 4609], -20.975399017333984
[0, 42], -4.550376892089844
  [0, 42, 13], -10.641458511352539
    [0, 42, 13, 285], -12.728486061096191
      [0, 42, 13, 285, 309], -14.551031112670898
        [0, 42, 13, 285, 309, 13], -17.48318862915039
          [0, 42, 13, 285, 309, 13, 285], -19.101871490478516
            [0, 42, 13, 285, 309, 13, 285, 309], -20.496797561645508
      [0, 42, 13, 285, 285], -17.5085506439209
        [0, 42, 13, 285, 285, 285], -19.97199058532715
      [0, 42, 13, 285, 281], -17.5398006439209
      [0, 42, 13, 285, 13], -17.6698055267334
        [0, 42, 13, 285, 13, 285], -20.221872329711914
        [0, 42, 13, 285, 13, 309], -20.462106704711914
    [0, 42, 13, 309], -13.592499732971191
      [0, 42, 13, 309, 13], -14.608572006225586
        [0, 42, 13, 309, 13, 285], -15.71703052520752
          [0, 42, 13, 309, 13, 285, 309], -17.96530532836914
          [0, 42, 13, 309, 13, 285, 13], -20.42624282836914
        [0, 42, 13, 309, 13, 309], -16.280750274658203
          [0, 42, 13, 309, 13, 309, 13], -16.748455047607422
            [0, 42, 13, 309, 13, 309, 13, 309], -17.149539947509766
    [0, 42, 13, 281], -16.050872802734375
  [0, 42, 285], -11.718362808227539
    [0, 42, 285, 309], -16.15978240966797
  [0, 42, 309], -12.413675308227539
  [0, 42, 249], -13.038675308227539
  [0, 42, 6008], -13.403421401977539
  [0, 42, 255], -13.474344253540039
  [0, 42, 281], -13.485452651977539
  [0, 42, 3088], -13.660867691040039
    [0, 42, 3088, 13], -16.84032440185547
  [0, 42, 2369], -14.232034683227539
  [0, 42, 6309], -14.454568862915039
  [0, 42, 263], -14.574930191040039
  [0, 42, 1625], -14.950174331665039
  [0, 42, 1405], -14.959329605102539
  [0, 42, 1652], -15.002786636352539
  [0, 42, 395], -15.145120620727539
  [0, 42, 3022], -15.224832534790039
  [0, 42, 510], -15.255716323852539
  [0, 42, 4496], -15.354471206665039
  [0, 42, 2184], -15.419290542602539
  [0, 42, 42], -15.667825698852539
  [0, 42, 483], -15.681741714477539
  [0, 42, 3220], -16.11692237854004
  [0, 42, 1201], -16.46335792541504
  [0, 42, 14709], -16.51535987854004
  [0, 42, 5603], -16.56992530822754
  [0, 42, 2829], -16.64975929260254
  [0, 42, 1568], -17.08396339416504
[0, 3220], -6.201988220214844
  [0, 3220, 1652], -12.666751861572266
    [0, 3220, 1652, 13], -15.9468355178833
  [0, 3220, 255], -13.657108306884766
  [0, 3220, 13], -14.692996978759766
  [0, 3220, 249], -14.764163970947266
  [0, 3220, 285], -15.483402252197266
  [0, 3220, 309], -15.651737213134766
  [0, 3220, 11755], -15.789554595947266
  [0, 3220, 2829], -15.851078033447266
  [0, 3220, 510], -15.917606353759766
  [0, 3220, 281], -16.155521392822266
  [0, 3220, 5202], -16.430179595947266
  [0, 3220, 6440], -16.552982330322266
  [0, 3220, 1201], -16.854373931884766
  [0, 3220, 5254], -16.951175689697266
[0, 13], -8.010337829589844
  [0, 13, 285], -13.122579574584961
    [0, 13, 285, 13], -15.706249237060547
  [0, 13, 309], -14.618185043334961
  [0, 13, 281], -14.965963363647461
  [0, 13, 13], -16.68861961364746
  [0, 13, 4496], -17.08766746520996
[0, 285], -9.036216735839844
  [0, 285, 309], -14.456428527832031
  [0, 285, 285], -14.598152160644531
[0, 395], -9.062583923339844
  [0, 395, 309], -12.898283958435059
  [0, 395, 281], -14.373503684997559
  [0, 395, 285], -14.669035911560059
  [0, 395, 13], -14.956877708435059
  [0, 395, 4496], -16.045257568359375
[0, 249], -9.158653259277344
  [0, 249, 13], -15.098546981811523
  [0, 249, 285], -16.414709091186523
  [0, 249, 2369], -16.850011825561523
  [0, 249, 281], -16.851232528686523
  [0, 249, 2829], -16.866247177124023
  [0, 249, 309], -16.874059677124023
  [0, 249, 483], -17.077795028686523
[0, 309], -9.343345642089844
  [0, 309, 13], -15.697946548461914
  [0, 309, 285], -16.580514907836914
[0, 2369], -9.923667907714844
  [0, 2369, 13], -15.041253089904785
  [0, 2369, 309], -15.465569496154785
  [0, 2369, 249], -15.733635902404785
  [0, 2369, 281], -17.13292694091797
[0, 255], -9.984825134277344
  [0, 255, 5101], -15.007505416870117
  [0, 255, 309], -16.858701705932617
[0, 281], -10.220176696777344
  [0, 281, 13], -16.74374008178711
[0, 3088], -10.508872985839844
  [0, 3088, 13], -16.542572021484375
  [0, 3088, 285], -16.921478271484375
[0, 263], -10.664756774902344
  [0, 263, 13], -15.091398239135742
  [0, 263, 281], -16.923917770385742
  [0, 263, 263], -16.981046676635742
[0, 1405], -10.859458923339844
  [0, 1405, 281], -15.174036979675293
  [0, 1405, 13], -15.963099479675293
[0, 3022], -10.933921813964844
  [0, 3022, 281], -14.840832710266113
  [0, 3022, 13], -15.672131538391113
  [0, 3022, 309], -16.936656951904297
[0, 1201], -11.005455017089844
  [0, 1201, 13], -14.187763214111328
  [0, 1201, 285], -15.103534698486328
  [0, 1201, 281], -15.676654815673828
  [0, 1201, 1201], -15.854633331298828
  [0, 1201, 309], -16.779071807861328
[0, 2184], -11.119468688964844
  [0, 2184, 281], -15.264259338378906
  [0, 2184, 255], -15.844947814941406
  [0, 2184, 285], -16.684425354003906
[0, 9154], -11.211143493652344
  [0, 9154, 281], -16.153919219970703
  [0, 9154, 309], -16.583728790283203
  [0, 9154, 13], -16.804065704345703
[0, 1568], -11.272422790527344
  [0, 1568, 309], -15.624778747558594
  [0, 1568, 13], -15.669822692871094
    [0, 1568, 13, 309], -16.417909622192383
[0, 12550], -11.515953063964844
[0, 454], -11.546958923339844
[0, 6309], -11.558677673339844
  [0, 6309, 281], -15.34478759765625
  [0, 6309, 249], -16.92474365234375
[0, 483], -11.649742126464844
[0, 8826], -11.702476501464844
[0, 9328], -11.881675720214844
[0, 8701], -11.893150329589844
[0, 20415], -11.921714782714844
  [0, 20415, 13], -16.260799407958984
[0, 4609], -11.942466735839844
  [0, 4609, 309], -15.92995834350586
  [0, 4609, 281], -16.45400619506836
  [0, 4609, 13], -16.50222396850586
  [0, 4609, 285], -16.91360092163086
[0, 38878], -12.280357360839844
[0, 1652], -12.899986267089844
[0, 6689], -13.631431579589844
[0, 21808], -13.717979431152344
[0, 14094], -13.805992126464844
[0, 19506], -13.916099548339844
  [0, 19506, 13], -16.997844696044922
[0, 13243], -14.364341735839844
[0, 715], -14.453941345214844
[0, 2829], -14.721885681152344
[0, 11755], -15.031333923339844
[0, 6440], -15.066978454589844
[0, 5202], -15.264732360839844
[0, 770], -15.324424743652344
[0, 5101], -15.554893493652344
[0, 4496], -15.794517517089844
[0, 1625], -15.850181579589844
[0, 5254], -15.956138610839844
[0, 6008], -16.063926696777344
[0, 5603], -16.162437438964844
[0, 24740], -16.773399353027344
Time taken in seconds: 182.70908117294312
Number of forward passes: 582
Worst case number of forward passes: 15943877551
Best sequence: [0, 42, 13, 309, 13, 309, 13, 309], -17.149539947509766
<|endoftext|>I, I, I, I
