[0, 510], -3.031212091445923
  [0, 510, 309], -10.5607271194458
    [0, 510, 309, 255], -16.405364990234375
  [0, 510, 5101], -11.207454681396484
    [0, 510, 5101, 13], -15.132415771484375
  [0, 510, 13], -11.607357025146484
    [0, 510, 13, 285], -12.906744003295898
  [0, 510, 6440], -11.936580657958984
  [0, 510, 2829], -12.236995697021484
  [0, 510, 255], -12.482601165771484
  [0, 510, 285], -12.554622650146484
  [0, 510, 11755], -12.713680267333984
[0, 42], -4.550376892089844
  [0, 42, 13], -10.641458511352539
    [0, 42, 13, 285], -12.728486061096191
  [0, 42, 285], -11.718362808227539
  [0, 42, 309], -12.413675308227539
[0, 3220], -6.201988220214844
  [0, 3220, 1652], -12.666751861572266
[0, 13], -8.010337829589844
[0, 285], -9.036216735839844
[0, 395], -9.062583923339844
[0, 249], -9.158653259277344
[0, 309], -9.343345642089844
[0, 2369], -9.923667907714844
[0, 255], -9.984825134277344
[0, 281], -10.220176696777344
[0, 3088], -10.508872985839844
[0, 263], -10.664756774902344
[0, 1405], -10.859458923339844
[0, 3022], -10.933921813964844
[0, 1201], -11.005455017089844
[0, 2184], -11.119468688964844
[0, 9154], -11.211143493652344
[0, 1568], -11.272422790527344
[0, 12550], -11.515953063964844
[0, 454], -11.546958923339844
[0, 6309], -11.558677673339844
[0, 483], -11.649742126464844
[0, 8826], -11.702476501464844
[0, 9328], -11.881675720214844
[0, 8701], -11.893150329589844
[0, 20415], -11.921714782714844
[0, 4609], -11.942466735839844
[0, 38878], -12.280357360839844
Time taken in seconds: 8.440542221069336
Number of forward passes: 42
Worst case number of forward passes: 2551
Best sequence: [0, 42, 13, 285], -12.728486061096191
<|endoftext|>I, and
