[0, 510], -3.031212091445923
  [0, 510, 767], -10.1907320022583
    [0, 510, 767, 275], -16.06024169921875
      [0, 510, 767, 275, 253], -17.215917587280273
    [0, 510, 767, 1943], -16.24688720703125
    [0, 510, 767, 403], -16.30084228515625
    [0, 510, 767, 326], -16.66265869140625
    [0, 510, 767, 13], -16.89581298828125
    [0, 510, 767, 452], -17.00286865234375
  [0, 510, 247], -10.5292329788208
    [0, 510, 247, 13], -15.536852836608887
    [0, 510, 247, 635], -15.616076469421387
    [0, 510, 247, 661], -16.035388946533203
    [0, 510, 247, 248], -16.062366485595703
    [0, 510, 247, 262], -16.432239532470703
    [0, 510, 247, 249], -17.011096954345703
    [0, 510, 247, 285], -17.060291290283203
    [0, 510, 247, 664], -17.172840118408203
  [0, 510, 275], -10.5509614944458
    [0, 510, 275, 253], -15.402558326721191
    [0, 510, 275, 247], -16.503387451171875
    [0, 510, 275, 285], -16.527069091796875
    [0, 510, 275, 66], -17.053070068359375
    [0, 510, 275, 2369], -17.104949951171875
  [0, 510, 309], -10.5607271194458
    [0, 510, 309, 601], -14.679656982421875
    [0, 510, 309, 251], -15.403167724609375
    [0, 510, 309, 1342], -16.143890380859375
    [0, 510, 309, 255], -16.405364990234375
    [0, 510, 309, 285], -16.994476318359375
  [0, 510, 2360], -10.5659761428833
    [0, 510, 2360, 310], -14.038063049316406
      [0, 510, 2360, 310, 247], -16.614171981811523
    [0, 510, 2360, 2606], -14.357521057128906
    [0, 510, 2360, 13], -15.159523010253906
    [0, 510, 2360, 275], -15.343482971191406
    [0, 510, 2360, 556], -15.380592346191406
    [0, 510, 2360, 309], -15.441749572753906
    [0, 510, 2360, 326], -15.459449768066406
    [0, 510, 2360, 253], -15.591285705566406
    [0, 510, 2360, 745], -16.054664611816406
    [0, 510, 2360, 387], -16.219093322753906
    [0, 510, 2360, 2329], -16.254737854003906
    [0, 510, 2360, 327], -16.504127502441406
    [0, 510, 2360, 285], -16.564430236816406
  [0, 510, 253], -10.6685152053833
    [0, 510, 253, 13], -16.560558319091797
  [0, 510, 1029], -10.9005708694458
    [0, 510, 1029, 285], -15.438253402709961
    [0, 510, 1029, 13], -16.46437644958496
  [0, 510, 5101], -11.207454681396484
    [0, 510, 5101, 310], -12.941375732421875
      [0, 510, 5101, 310, 253], -16.322824478149414
    [0, 510, 5101, 556], -13.745452880859375
    [0, 510, 5101, 13], -15.132415771484375
    [0, 510, 5101, 285], -15.503265380859375
    [0, 510, 5101, 476], -15.777435302734375
    [0, 510, 5101, 275], -16.146575927734375
  [0, 510, 1708], -11.215633392333984
    [0, 510, 1708, 285], -14.93311882019043
    [0, 510, 1708, 275], -15.25221061706543
      [0, 510, 1708, 275, 253], -16.104583740234375
    [0, 510, 1708, 327], -15.74452018737793
    [0, 510, 1708, 310], -15.79273796081543
    [0, 510, 1708, 13], -15.94215202331543
    [0, 510, 1708, 387], -15.95924186706543
    [0, 510, 1708, 326], -15.97999382019043
  [0, 510, 1943], -11.242244720458984
    [0, 510, 1943, 2165], -15.677547454833984
    [0, 510, 1943, 13], -15.689510345458984
  [0, 510, 1984], -11.277278900146484
    [0, 510, 1984, 310], -12.951839447021484
      [0, 510, 1984, 310, 247], -14.751995086669922
    [0, 510, 1984, 13], -14.114681243896484
    [0, 510, 1984, 556], -14.594661712646484
  [0, 510, 2165], -11.465145111083984
    [0, 510, 2165, 310], -13.19221305847168
  [0, 510, 13], -11.607357025146484
    [0, 510, 13, 285], -12.906744003295898
      [0, 510, 13, 285, 253], -14.722920417785645
  [0, 510, 465], -11.685604095458984
  [0, 510, 327], -11.756038665771484
  [0, 510, 1113], -11.816219329833984
    [0, 510, 1113, 310], -14.02779769897461
  [0, 510, 6440], -11.936580657958984
    [0, 510, 6440, 310], -14.091634750366211
  [0, 510, 260], -11.964290618896484
  [0, 510, 2329], -12.015682220458984
  [0, 510, 4370], -12.121517181396484
    [0, 510, 4370, 310], -14.05219841003418
  [0, 510, 6858], -12.215511322021484
    [0, 510, 6858, 310], -14.605897903442383
  [0, 510, 2829], -12.236995697021484
    [0, 510, 2829, 310], -14.386138916015625
  [0, 510, 5798], -12.239803314208984
  [0, 510, 751], -12.280330657958984
    [0, 510, 751, 310], -13.902153015136719
  [0, 510, 2502], -12.314876556396484
  [0, 510, 745], -12.424007415771484
  [0, 510, 387], -12.450252532958984
  [0, 510, 2534], -12.457698822021484
  [0, 510, 255], -12.482601165771484
  [0, 510, 310], -12.533748626708984
  [0, 510, 285], -12.554622650146484
    [0, 510, 285, 253], -13.765380859375
  [0, 510, 4023], -12.610164642333984
    [0, 510, 4023, 310], -14.15353012084961
  [0, 510, 479], -12.708065032958984
  [0, 510, 11755], -12.713680267333984
  [0, 510, 1652], -12.967830657958984
  [0, 510, 5202], -13.038387298583984
  [0, 510, 11012], -13.059261322021484
  [0, 510, 66], -13.096858978271484
  [0, 510, 10086], -13.146907806396484
  [0, 510, 5254], -13.156551361083984
  [0, 510, 3511], -13.184749603271484
  [0, 510, 3345], -13.185115814208984
  [0, 510, 8913], -13.517269134521484
    [0, 510, 8913, 327], -14.460838317871094
  [0, 510, 5603], -13.541072845458984
  [0, 510, 521], -13.620296478271484
  [0, 510, 281], -13.657894134521484
  [0, 510, 2206], -13.677303314208984
  [0, 510, 4882], -13.801082611083984
  [0, 510, 40096], -13.950862884521484
  [0, 510, 7938], -13.958919525146484
  [0, 510, 476], -13.988460540771484
  [0, 510, 452], -14.203670501708984
  [0, 510, 249], -14.206966400146484
  [0, 510, 685], -14.322933197021484
  [0, 510, 1111], -14.332820892333984
  [0, 510, 326], -14.385799407958984
  [0, 510, 556], -14.467952728271484
  [0, 510, 24740], -14.481502532958984
  [0, 510, 3063], -14.547176361083984
  [0, 510, 10149], -14.632869720458984
[0, 42], -4.550376892089844
  [0, 42, 452], -7.193582534790039
    [0, 42, 452, 247], -8.440495491027832
      [0, 42, 452, 247, 1652], -13.238853454589844
    [0, 42, 452, 253], -10.240056037902832
    [0, 42, 452, 281], -10.526921272277832
    [0, 42, 452, 767], -11.368962287902832
    [0, 42, 452, 690], -11.512761116027832
  [0, 42, 476], -8.943094253540039
  [0, 42, 751], -9.467142105102539
    [0, 42, 751, 281], -11.280096054077148
    [0, 42, 751, 253], -11.447088241577148
  [0, 42, 13], -10.641458511352539
    [0, 42, 13, 285], -12.728486061096191
    [0, 42, 13, 275], -13.092255592346191
  [0, 42, 601], -10.651712417602539
  [0, 42, 251], -11.186258316040039
  [0, 42, 310], -11.579568862915039
    [0, 42, 310, 247], -13.044473648071289
  [0, 42, 2427], -11.632059097290039
    [0, 42, 2427, 281], -12.94915771484375
  [0, 42, 285], -11.718362808227539
  [0, 42, 247], -11.867776870727539
  [0, 42, 556], -11.881937026977539
  [0, 42, 9047], -11.899026870727539
  [0, 42, 253], -12.282815933227539
  [0, 42, 403], -12.366800308227539
  [0, 42, 309], -12.413675308227539
  [0, 42, 2206], -12.628641128540039
  [0, 42, 284], -12.868997573852539
  [0, 42, 275], -13.009622573852539
  [0, 42, 249], -13.038675308227539
  [0, 42, 8231], -13.078836441040039
  [0, 42, 66], -13.084329605102539
[0, 1147], -5.225059509277344
  [0, 1147, 310], -6.566336631774902
    [0, 1147, 310, 247], -8.600902557373047
    [0, 1147, 310, 253], -9.836986541748047
    [0, 1147, 310, 275], -11.220531463623047
      [0, 1147, 310, 275, 253], -12.817888259887695
    [0, 1147, 310, 281], -11.566844940185547
    [0, 1147, 310, 13], -11.932323455810547
    [0, 1147, 310, 387], -12.251293182373047
    [0, 1147, 310, 3063], -12.444408416748047
    [0, 1147, 310, 327], -12.676097869873047
  [0, 1147, 556], -8.033255577087402
  [0, 1147, 476], -11.360648155212402
[0, 1231], -5.352867126464844
  [0, 1231, 403], -7.339687347412109
    [0, 1231, 403, 247], -9.535490989685059
    [0, 1231, 403, 253], -10.452605247497559
    [0, 1231, 403, 275], -11.084807395935059
      [0, 1231, 403, 275, 253], -11.990392684936523
  [0, 1231, 452], -7.435024261474609
    [0, 1231, 452, 247], -8.90546703338623
    [0, 1231, 452, 253], -10.55732250213623
    [0, 1231, 452, 690], -11.46723461151123
    [0, 1231, 452, 767], -11.73212718963623
  [0, 1231, 476], -10.54049301147461
  [0, 1231, 253], -11.54500961303711
[0, 3220], -6.201988220214844
[0, 1328], -6.817832946777344
  [0, 1328, 310], -9.32002067565918
    [0, 1328, 310, 247], -11.088516235351562
    [0, 1328, 310, 253], -11.751358032226562
  [0, 1328, 556], -9.95673942565918
  [0, 1328, 285], -11.59296989440918
  [0, 1328, 249], -11.80744743347168
  [0, 1328, 476], -11.89033317565918
[0, 5804], -6.925376892089844
  [0, 5804, 309], -9.67933464050293
  [0, 5804, 253], -10.50318717956543
  [0, 5804, 247], -10.63306999206543
  [0, 5804, 251], -11.25440788269043
[0, 3726], -7.500572204589844
  [0, 3726, 403], -10.133737564086914
  [0, 3726, 452], -10.899240493774414
  [0, 3726, 476], -11.901681900024414
[0, 1615], -7.612632751464844
[0, 66], -7.932212829589844
[0, 4064], -8.010337829589844
  [0, 4064, 253], -10.092813491821289
[0, 13], -8.010337829589844
  [0, 13, 247], -11.598897933959961
[0, 783], -8.272789001464844
[0, 2993], -8.335777282714844
  [0, 2993, 310], -10.658838272094727
  [0, 2993, 556], -11.532861709594727
[0, 338], -8.541831970214844
[0, 1171], -8.944419860839844
  [0, 1171, 253], -10.018675804138184
[0, 251], -8.972984313964844
  [0, 251, 253], -11.503198623657227
[0, 936], -9.010826110839844
[0, 7745], -9.015953063964844
  [0, 7745, 387], -10.074052810668945
    [0, 7745, 387, 253], -11.657268524169922
  [0, 7745, 13], -11.765336990356445
[0, 285], -9.036216735839844
  [0, 285, 253], -11.696418762207031
[0, 395], -9.062583923339844
[0, 310], -9.064537048339844
  [0, 310, 253], -10.295226097106934
  [0, 310, 247], -11.229308128356934
[0, 22529], -9.066368103027344
[0, 248], -9.066978454589844
  [0, 248, 310], -11.19856071472168
[0, 2520], -9.136070251464844
  [0, 2520, 310], -9.653738021850586
    [0, 2520, 310, 247], -10.694877624511719
    [0, 2520, 310, 253], -10.914115905761719
[0, 249], -9.158653259277344
  [0, 249, 253], -11.685216903686523
[0, 2577], -9.250938415527344
[0, 5371], -9.339439392089844
  [0, 5371, 310], -11.128366470336914
  [0, 5371, 403], -11.780466079711914
  [0, 5371, 281], -11.947702407836914
[0, 309], -9.343345642089844
[0, 2327], -9.347251892089844
[0, 262], -9.414024353027344
  [0, 262, 310], -10.70212173461914
[0, 3113], -9.493980407714844
[0, 1542], -9.538414001464844
[0, 9453], -9.562217712402344
  [0, 9453, 309], -11.623088836669922
[0, 5658], -9.578453063964844
  [0, 5658, 403], -10.983325004577637
  [0, 5658, 476], -11.773486137390137
[0, 5430], -9.581504821777344
  [0, 5430, 281], -9.964695930480957
[0, 1826], -9.612266540527344
[0, 10383], -9.684532165527344
  [0, 10383, 253], -11.684946060180664
[0, 664], -9.694419860839844
  [0, 664, 403], -11.659241676330566
  [0, 664, 452], -11.937074661254883
[0, 2369], -9.923667907714844
[0, 255], -9.984825134277344
[0, 601], -10.062828063964844
[0, 253], -10.190025329589844
[0, 275], -10.211997985839844
[0, 281], -10.220176696777344
[0, 3529], -10.267784118652344
[0, 1439], -10.311851501464844
[0, 1257], -10.400840759277344
[0, 9088], -10.401084899902344
  [0, 9088, 403], -11.001851081848145
  [0, 9088, 310], -11.961689949035645
[0, 455], -10.410240173339844
[0, 484], -10.434654235839844
[0, 788], -10.486656188964844
[0, 3088], -10.508872985839844
[0, 531], -10.609336853027344
[0, 2913], -10.646080017089844
[0, 263], -10.664756774902344
[0, 7053], -10.695396423339844
[0, 247], -10.699424743652344
[0, 2666], -10.771324157714844
[0, 9802], -10.792076110839844
[0, 1106], -10.802330017089844
[0, 1342], -10.840171813964844
[0, 556], -10.848106384277344
[0, 1405], -10.859458923339844
  [0, 1405, 253], -11.962000846862793
[0, 3022], -10.933921813964844
[0, 3188], -10.949058532714844
[0, 284], -10.961387634277344
[0, 452], -10.995201110839844
[0, 1201], -11.005455017089844
[0, 2858], -11.078208923339844
[0, 327], -11.099205017089844
[0, 2184], -11.119468688964844
[0, 5092], -11.168296813964844
[0, 9154], -11.211143493652344
[0, 4714], -11.232505798339844
[0, 1568], -11.272422790527344
[0, 8606], -11.329917907714844
[0, 403], -11.365074157714844
[0, 2606], -11.375083923339844
[0, 12550], -11.515953063964844
[0, 635], -11.525962829589844
[0, 454], -11.546958923339844
[0, 6309], -11.558677673339844
[0, 9389], -11.573326110839844
[0, 13174], -11.629478454589844
[0, 483], -11.649742126464844
[0, 8826], -11.702476501464844
[0, 387], -11.769859313964844
[0, 953], -11.776451110839844
[0, 3062], -11.784507751464844
[0, 11145], -11.787925720214844
[0, 476], -11.790122985839844
[0, 7483], -11.812461853027344
[0, 326], -11.818321228027344
[0, 9328], -11.881675720214844
[0, 977], -11.889366149902344
[0, 2887], -11.892662048339844
[0, 8701], -11.893150329589844
[0, 20415], -11.921714782714844
[0, 4609], -11.942466735839844
[0, 10002], -11.968833923339844
Time taken in seconds: 309.19372940063477
Number of forward passes: 330
Worst case number of forward passes: 6680205
Best sequence: [0, 1231, 403, 275, 253], -11.990392684936523
<|endoftext|>We are in the
