[0, 510], -2.965449094772339
  [0, 510, 767], -9.588518142700195
    [0, 510, 767, 403], -13.144761085510254
  [0, 510, 253], -10.345415115356445
  [0, 510, 309], -10.363969802856445
  [0, 510, 1943], -10.400590896606445
  [0, 510, 1029], -10.400774002075195
  [0, 510, 2165], -10.526689529418945
    [0, 510, 2165, 310], -12.096577644348145
  [0, 510, 275], -10.547929763793945
  [0, 510, 1984], -10.880632400512695
  [0, 510, 247], -10.882646560668945
  [0, 510, 13], -11.259721755981445
  [0, 510, 6440], -11.277727127075195
  [0, 510, 2360], -11.435014724731445
  [0, 510, 1652], -11.564775466918945
  [0, 510, 1113], -11.618730545043945
  [0, 510, 2829], -11.634477615356445
  [0, 510, 310], -11.673906326293945
  [0, 510, 5101], -11.692094802856445
  [0, 510, 1708], -11.730424880981445
  [0, 510, 387], -11.780473709106445
  [0, 510, 285], -11.790605545043945
  [0, 510, 2502], -11.827592849731445
  [0, 510, 4370], -11.850297927856445
  [0, 510, 260], -11.860979080200195
  [0, 510, 327], -11.862138748168945
  [0, 510, 6858], -11.902421951293945
  [0, 510, 5603], -11.959917068481445
  [0, 510, 465], -11.983781814575195
[0, 42], -4.769343376159668
  [0, 42, 452], -7.282540321350098
    [0, 42, 452, 247], -9.418615341186523
  [0, 42, 476], -9.169930458068848
[0, 1231], -5.228205680847168
  [0, 1231, 403], -6.997640609741211
    [0, 1231, 403, 247], -9.265728950500488
  [0, 1231, 452], -7.560506820678711
[0, 1147], -5.545649528503418
  [0, 1147, 310], -7.049117565155029
    [0, 1147, 310, 247], -9.065468788146973
  [0, 1147, 556], -8.328842163085938
[0, 3220], -6.022395133972168
[0, 1328], -6.449152946472168
[0, 5804], -7.113947868347168
[0, 3726], -7.858149528503418
[0, 4064], -7.860041618347168
[0, 2993], -7.864008903503418
[0, 783], -7.908991813659668
[0, 1615], -7.950678825378418
[0, 13], -8.229853630065918
[0, 66], -8.900324821472168
[0, 664], -9.006831169128418
[0, 22529], -9.042170524597168
[0, 395], -9.057246208190918
Time taken in seconds: 105.66714096069336
Number of forward passes: 51
Worst case number of forward passes: 35533
Best sequence: [0, 1147, 310, 247], -9.065468788146973
<|endoftext|>It is a
