[0, 510], -3.825592517852783
  [0, 510, 309], -11.066581726074219
    [0, 510, 309, 285], -17.113693237304688
      [0, 510, 309, 285, 309], -20.77335548400879
        [0, 510, 309, 285, 309, 13], -25.154916763305664
          [0, 510, 309, 285, 309, 13, 285], -28.596189498901367
        [0, 510, 309, 285, 309, 285], -26.508901596069336
          [0, 510, 309, 285, 309, 285, 309], -28.100210189819336
      [0, 510, 309, 285, 13], -26.03249740600586
      [0, 510, 309, 285, 42], -26.05947494506836
      [0, 510, 309, 285, 285], -26.984619140625
    [0, 510, 309, 255], -18.413007736206055
      [0, 510, 309, 255, 1568], -23.205039978027344
      [0, 510, 309, 255, 13], -26.956308364868164
      [0, 510, 309, 255, 285], -27.179840087890625
    [0, 510, 309, 13], -18.466175079345703
      [0, 510, 309, 13, 42], -23.12103271484375
        [0, 510, 309, 13, 42, 13], -25.35934066772461
          [0, 510, 309, 13, 42, 13, 42], -25.712871551513672
      [0, 510, 309, 13, 309], -23.292688369750977
        [0, 510, 309, 13, 309, 13], -24.631746292114258
          [0, 510, 309, 13, 309, 13, 309], -24.995725631713867
      [0, 510, 309, 13, 285], -24.361148834228516
    [0, 510, 309, 3088], -18.537322998046875
      [0, 510, 309, 3088, 285], -23.248233795166016
      [0, 510, 309, 3088, 13], -23.400508880615234
      [0, 510, 309, 3088, 309], -23.981033325195312
    [0, 510, 309, 1405], -19.974502563476562
    [0, 510, 309, 263], -20.038686752319336
    [0, 510, 309, 2184], -20.060564041137695
    [0, 510, 309, 395], -20.841445922851562
    [0, 510, 309, 281], -21.510494232177734
      [0, 510, 309, 281, 309], -23.36648178100586
    [0, 510, 309, 3022], -21.750247955322266
    [0, 510, 309, 510], -22.51614761352539
    [0, 510, 309, 6309], -22.722915649414062
    [0, 510, 309, 249], -22.920703887939453
    [0, 510, 309, 3220], -23.80422592163086
    [0, 510, 309, 1201], -23.902568817138672
    [0, 510, 309, 309], -24.288984298706055
    [0, 510, 309, 770], -24.668563842773438
    [0, 510, 309, 6689], -24.780200958251953
    [0, 510, 309, 42], -24.895645141601562
  [0, 510, 5101], -12.045190811157227
    [0, 510, 5101, 13], -15.854462623596191
      [0, 510, 5101, 13, 285], -19.22521209716797
        [0, 510, 5101, 13, 285, 309], -23.600727081298828
        [0, 510, 5101, 13, 285, 13], -24.527870178222656
        [0, 510, 5101, 13, 285, 281], -24.95281982421875
      [0, 510, 5101, 13, 5101], -21.231529235839844
        [0, 510, 5101, 13, 5101, 13], -23.743070602416992
          [0, 510, 5101, 13, 5101, 13, 5101], -24.267370223999023
      [0, 510, 5101, 13, 309], -21.554555892944336
      [0, 510, 5101, 13, 281], -22.75473976135254
    [0, 510, 5101, 285], -16.037830352783203
      [0, 510, 5101, 285, 309], -21.591602325439453
      [0, 510, 5101, 285, 5101], -22.509599685668945
      [0, 510, 5101, 285, 13], -22.85450553894043
    [0, 510, 5101, 1201], -18.86016845703125
      [0, 510, 5101, 1201, 13], -23.53641700744629
      [0, 510, 5101, 1201, 5101], -23.560997009277344
      [0, 510, 5101, 1201, 6440], -24.039337158203125
    [0, 510, 5101, 281], -19.940818786621094
    [0, 510, 5101, 5101], -21.389976501464844
    [0, 510, 5101, 2184], -22.037128448486328
    [0, 510, 5101, 309], -22.300260543823242
    [0, 510, 5101, 3022], -22.37629508972168
    [0, 510, 5101, 6309], -22.455453872680664
    [0, 510, 5101, 27287], -22.6944580078125
    [0, 510, 5101, 5254], -23.005382537841797
    [0, 510, 5101, 2369], -23.355934143066406
    [0, 510, 5101, 263], -23.39775848388672
    [0, 510, 5101, 715], -23.474552154541016
    [0, 510, 5101, 483], -23.74475860595703
    [0, 510, 5101, 1625], -24.122692108154297
    [0, 510, 5101, 2829], -24.173837661743164
  [0, 510, 6440], -12.330636978149414
    [0, 510, 6440, 13], -15.127874374389648
      [0, 510, 6440, 13, 285], -20.792253494262695
        [0, 510, 6440, 13, 285, 309], -24.047666549682617
      [0, 510, 6440, 13, 281], -21.10045623779297
      [0, 510, 6440, 13, 309], -21.138137817382812
      [0, 510, 6440, 13, 4609], -23.077617645263672
      [0, 510, 6440, 13, 510], -24.063905715942383
    [0, 510, 6440, 285], -17.577394485473633
      [0, 510, 6440, 285, 6440], -22.263072967529297
      [0, 510, 6440, 285, 309], -22.39218521118164
    [0, 510, 6440, 309], -17.93784523010254
      [0, 510, 6440, 309, 13], -23.417591094970703
    [0, 510, 6440, 281], -19.216957092285156
    [0, 510, 6440, 2184], -19.697296142578125
    [0, 510, 6440, 6440], -20.61544418334961
      [0, 510, 6440, 6440, 13], -23.906391143798828
    [0, 510, 6440, 510], -21.4066219329834
    [0, 510, 6440, 27287], -22.266563415527344
    [0, 510, 6440, 715], -23.4246826171875
    [0, 510, 6440, 5603], -23.520896911621094
    [0, 510, 6440, 42], -23.63092041015625
  [0, 510, 1652], -12.762067794799805
    [0, 510, 1652, 13], -18.629199981689453
      [0, 510, 1652, 13, 1652], -21.60903549194336
      [0, 510, 1652, 13, 285], -24.08109474182129
    [0, 510, 1652, 309], -19.657608032226562
    [0, 510, 1652, 6440], -20.114307403564453
      [0, 510, 1652, 6440, 13], -23.605863571166992
      [0, 510, 1652, 6440, 309], -24.008024215698242
    [0, 510, 1652, 281], -20.157421112060547
      [0, 510, 1652, 281, 2369], -23.924264907836914
      [0, 510, 1652, 281, 1405], -24.16021728515625
    [0, 510, 1652, 285], -20.169170379638672
      [0, 510, 1652, 285, 1652], -23.68147087097168
    [0, 510, 1652, 5603], -20.469823837280273
      [0, 510, 1652, 5603, 13], -23.734159469604492
    [0, 510, 1652, 5101], -20.874364852905273
    [0, 510, 1652, 5202], -21.114940643310547
      [0, 510, 1652, 5202, 13], -24.100811004638672
    [0, 510, 1652, 1652], -21.284679412841797
    [0, 510, 1652, 24740], -21.708633422851562
    [0, 510, 1652, 2829], -21.825300216674805
    [0, 510, 1652, 5254], -23.560985565185547
    [0, 510, 1652, 14709], -23.644699096679688
    [0, 510, 1652, 11755], -23.92535400390625
    [0, 510, 1652, 1625], -24.22589874267578
  [0, 510, 2829], -13.583812713623047
    [0, 510, 2829, 13], -17.90209197998047
      [0, 510, 2829, 13, 285], -22.363706588745117
      [0, 510, 2829, 13, 309], -23.411943435668945
      [0, 510, 2829, 13, 281], -23.74413299560547
    [0, 510, 2829, 285], -18.480918884277344
      [0, 510, 2829, 285, 2829], -23.03272247314453
      [0, 510, 2829, 285, 5254], -23.528575897216797
      [0, 510, 2829, 285, 309], -23.953296661376953
    [0, 510, 2829, 309], -19.673938751220703
    [0, 510, 2829, 281], -19.800851821899414
    [0, 510, 2829, 2829], -21.26883888244629
      [0, 510, 2829, 2829, 13], -23.932340621948242
    [0, 510, 2829, 715], -22.681018829345703
    [0, 510, 2829, 255], -23.298568725585938
    [0, 510, 2829, 5202], -23.319156646728516
    [0, 510, 2829, 42], -24.115612030029297
    [0, 510, 2829, 5101], -24.148271560668945
  [0, 510, 5603], -13.68461799621582
    [0, 510, 5603, 13], -16.719528198242188
      [0, 510, 5603, 13, 285], -22.015174865722656
      [0, 510, 5603, 13, 281], -22.805767059326172
      [0, 510, 5603, 13, 309], -24.054048538208008
    [0, 510, 5603, 285], -17.832874298095703
      [0, 510, 5603, 285, 5603], -22.260578155517578
      [0, 510, 5603, 285, 309], -22.484312057495117
    [0, 510, 5603, 249], -19.697338104248047
      [0, 510, 5603, 249, 285], -23.715911865234375
    [0, 510, 5603, 281], -21.03724479675293
    [0, 510, 5603, 454], -21.253334045410156
    [0, 510, 5603, 309], -21.6430606842041
    [0, 510, 5603, 263], -21.68429946899414
    [0, 510, 5603, 5603], -21.696273803710938
    [0, 510, 5603, 2184], -22.316978454589844
    [0, 510, 5603, 3022], -22.678417205810547
    [0, 510, 5603, 5254], -23.65270233154297
    [0, 510, 5603, 255], -23.80487060546875
    [0, 510, 5603, 6440], -24.130659103393555
  [0, 510, 255], -13.715530395507812
    [0, 510, 255, 1568], -21.657560348510742
    [0, 510, 255, 13], -23.32376480102539
  [0, 510, 5254], -13.815088272094727
    [0, 510, 5254, 13], -17.657608032226562
      [0, 510, 5254, 13, 285], -21.260986328125
      [0, 510, 5254, 13, 5254], -21.67080307006836
        [0, 510, 5254, 13, 5254, 13], -22.55724334716797
          [0, 510, 5254, 13, 5254, 13, 5254], -22.754207611083984
    [0, 510, 5254, 285], -18.17837905883789
      [0, 510, 5254, 285, 2829], -22.33915138244629
      [0, 510, 5254, 285, 5254], -22.497011184692383
    [0, 510, 5254, 281], -18.92618179321289
    [0, 510, 5254, 309], -20.92215347290039
    [0, 510, 5254, 715], -22.235416412353516
    [0, 510, 5254, 5254], -22.413177490234375
    [0, 510, 5254, 2829], -22.631982803344727
  [0, 510, 5202], -14.040205001831055
    [0, 510, 5202, 13], -17.830209732055664
      [0, 510, 5202, 13, 285], -22.073158264160156
    [0, 510, 5202, 285], -18.500139236450195
    [0, 510, 5202, 309], -19.108562469482422
    [0, 510, 5202, 281], -20.181713104248047
    [0, 510, 5202, 5202], -21.30980682373047
  [0, 510, 281], -14.476242065429688
    [0, 510, 281, 1405], -18.032745361328125
      [0, 510, 281, 1405, 13], -20.731290817260742
    [0, 510, 281, 285], -20.435821533203125
    [0, 510, 281, 263], -20.879474639892578
    [0, 510, 281, 3088], -21.620346069335938
    [0, 510, 281, 13], -22.494586944580078
  [0, 510, 11755], -14.608787536621094
    [0, 510, 11755, 13], -18.528711318969727
      [0, 510, 11755, 13, 11755], -21.84552574157715
        [0, 510, 11755, 13, 11755, 13], -22.57831573486328
    [0, 510, 11755, 285], -18.60095977783203
      [0, 510, 11755, 285, 11755], -21.91109275817871
    [0, 510, 11755, 1652], -18.79909896850586
    [0, 510, 11755, 6440], -22.400358200073242
  [0, 510, 263], -14.831016540527344
  [0, 510, 13], -15.028861999511719
    [0, 510, 13, 309], -18.944684982299805
    [0, 510, 13, 285], -19.06369400024414
      [0, 510, 13, 285, 13], -21.132732391357422
        [0, 510, 13, 285, 13, 285], -22.4639835357666
      [0, 510, 13, 285, 309], -21.521806716918945
    [0, 510, 13, 281], -20.50352668762207
    [0, 510, 13, 510], -22.28091812133789
    [0, 510, 13, 42], -22.32158088684082
    [0, 510, 13, 4496], -22.42975425720215
    [0, 510, 13, 249], -22.448322296142578
    [0, 510, 13, 395], -22.645404815673828
  [0, 510, 285], -15.076154708862305
    [0, 510, 285, 263], -19.867891311645508
    [0, 510, 285, 285], -20.938228607177734
    [0, 510, 285, 255], -21.018531799316406
    [0, 510, 285, 309], -21.36016082763672
    [0, 510, 285, 13], -22.10771942138672
    [0, 510, 285, 395], -22.664791107177734
  [0, 510, 24740], -16.106576919555664
    [0, 510, 24740, 13], -18.987266540527344
    [0, 510, 24740, 285], -19.741249084472656
    [0, 510, 24740, 281], -22.09432601928711
  [0, 510, 14709], -16.123382568359375
    [0, 510, 14709, 285], -19.6873779296875
    [0, 510, 14709, 13], -20.053207397460938
    [0, 510, 14709, 281], -21.726245880126953
  [0, 510, 249], -16.25485610961914
    [0, 510, 249, 13], -20.460309982299805
    [0, 510, 249, 285], -21.85504150390625
    [0, 510, 249, 309], -22.481359481811523
  [0, 510, 3220], -17.457035064697266
  [0, 510, 1405], -17.658279418945312
    [0, 510, 1405, 13], -21.66538429260254
  [0, 510, 2184], -17.719266891479492
    [0, 510, 2184, 13], -21.660400390625
    [0, 510, 2184, 255], -21.857879638671875
  [0, 510, 1625], -17.774120330810547
    [0, 510, 1625, 285], -22.380125045776367
  [0, 510, 42], -17.89516830444336
  [0, 510, 27287], -17.967084884643555
    [0, 510, 27287, 285], -20.857105255126953
    [0, 510, 27287, 13], -21.45303726196289
    [0, 510, 27287, 281], -22.084186553955078
    [0, 510, 27287, 715], -22.52301788330078
  [0, 510, 395], -18.20840835571289
    [0, 510, 395, 13], -22.5322208404541
  [0, 510, 1201], -18.21319580078125
    [0, 510, 1201, 13], -21.858030319213867
  [0, 510, 6008], -18.264053344726562
    [0, 510, 6008, 285], -22.086721420288086
    [0, 510, 6008, 13], -22.218055725097656
  [0, 510, 510], -18.313800811767578
  [0, 510, 3088], -18.547887802124023
  [0, 510, 6689], -18.66274070739746
  [0, 510, 2369], -19.006847381591797
    [0, 510, 2369, 13], -22.545665740966797
  [0, 510, 483], -19.067380905151367
  [0, 510, 454], -19.58837127685547
  [0, 510, 770], -19.657041549682617
  [0, 510, 715], -19.77558135986328
  [0, 510, 4496], -19.93461036682129
  [0, 510, 8701], -20.397438049316406
  [0, 510, 38878], -20.57373046875
  [0, 510, 8826], -20.598785400390625
  [0, 510, 6309], -20.59968376159668
  [0, 510, 12550], -20.922990798950195
  [0, 510, 3022], -21.197463989257812
  [0, 510, 20415], -21.4709415435791
  [0, 510, 19506], -21.489320755004883
  [0, 510, 13243], -21.945728302001953
  [0, 510, 9154], -22.434003829956055
  [0, 510, 9328], -22.5816593170166
[0, 42], -4.839722156524658
  [0, 42, 13], -11.075433731079102
    [0, 42, 13, 309], -15.355554580688477
      [0, 42, 13, 309, 13], -16.667936325073242
        [0, 42, 13, 309, 13, 309], -16.859216690063477
          [0, 42, 13, 309, 13, 309, 13], -18.343868255615234
    [0, 42, 13, 285], -16.54788589477539
    [0, 42, 13, 42], -18.038665771484375
  [0, 42, 285], -12.238962173461914
    [0, 42, 285, 309], -14.344778060913086
      [0, 42, 285, 309, 13], -17.795289993286133
      [0, 42, 285, 309, 285], -17.88704490661621
  [0, 42, 255], -12.298234939575195
  [0, 42, 1405], -13.693061828613281
  [0, 42, 309], -14.283329010009766
    [0, 42, 309, 309], -17.180559158325195
      [0, 42, 309, 309, 309], -18.294084548950195
  [0, 42, 281], -14.317359924316406
  [0, 42, 6008], -14.375934600830078
    [0, 42, 6008, 13], -17.998384475708008
  [0, 42, 1625], -14.398324966430664
    [0, 42, 1625, 281], -17.800859451293945
    [0, 42, 1625, 285], -17.94015121459961
    [0, 42, 1625, 13], -18.087900161743164
  [0, 42, 263], -14.564958572387695
  [0, 42, 6309], -14.576377868652344
  [0, 42, 3088], -14.599170684814453
    [0, 42, 3088, 13], -17.262012481689453
  [0, 42, 2184], -14.720048904418945
  [0, 42, 249], -14.84914779663086
  [0, 42, 3022], -15.385080337524414
    [0, 42, 3022, 281], -17.40060043334961
  [0, 42, 1652], -16.21390151977539
  [0, 42, 510], -16.24946403503418
  [0, 42, 395], -16.391910552978516
  [0, 42, 1201], -16.86989974975586
  [0, 42, 4496], -17.249353408813477
  [0, 42, 5603], -17.385360717773438
  [0, 42, 2369], -17.63908576965332
  [0, 42, 42], -17.911706924438477
  [0, 42, 454], -18.225360870361328
  [0, 42, 8701], -18.272239685058594
[0, 3220], -6.528956890106201
  [0, 3220, 1652], -12.455133438110352
  [0, 3220, 13], -13.49070930480957
    [0, 3220, 13, 309], -16.000783920288086
  [0, 3220, 255], -14.565624237060547
  [0, 3220, 309], -15.352396011352539
  [0, 3220, 249], -15.423995971679688
  [0, 3220, 285], -15.690521240234375
  [0, 3220, 263], -15.770017623901367
  [0, 3220, 281], -16.603866577148438
  [0, 3220, 2829], -16.644601821899414
  [0, 3220, 5202], -16.70915985107422
  [0, 3220, 6440], -16.742965698242188
  [0, 3220, 5101], -16.771821975708008
  [0, 3220, 1201], -17.020751953125
  [0, 3220, 510], -17.210601806640625
  [0, 3220, 395], -17.519010543823242
  [0, 3220, 2369], -17.781394958496094
  [0, 3220, 42], -17.957494735717773
  [0, 3220, 11755], -17.967947006225586
  [0, 3220, 2184], -18.087369918823242
  [0, 3220, 5254], -18.165796279907227
  [0, 3220, 454], -18.19826316833496
[0, 395], -8.331403732299805
  [0, 395, 309], -13.920166015625
  [0, 395, 13], -15.248411178588867
  [0, 395, 281], -16.15717315673828
  [0, 395, 263], -16.450227737426758
  [0, 395, 285], -16.713703155517578
  [0, 395, 20415], -17.97795867919922
  [0, 395, 5254], -18.287553787231445
[0, 249], -8.429838180541992
  [0, 249, 13], -13.848777770996094
    [0, 249, 13, 285], -17.962451934814453
  [0, 249, 281], -14.963553428649902
  [0, 249, 285], -15.434171676635742
  [0, 249, 2369], -16.160886764526367
  [0, 249, 6309], -16.447750091552734
  [0, 249, 510], -16.582782745361328
  [0, 249, 309], -16.65805435180664
  [0, 249, 483], -16.764076232910156
  [0, 249, 42], -16.871719360351562
  [0, 249, 3220], -18.31631088256836
[0, 13], -8.801826477050781
  [0, 13, 285], -13.605504989624023
  [0, 13, 309], -15.174537658691406
  [0, 13, 281], -15.65290355682373
  [0, 13, 13], -17.546310424804688
  [0, 13, 4609], -17.706228256225586
  [0, 13, 42], -17.820171356201172
[0, 255], -9.018223762512207
  [0, 255, 13], -14.778397560119629
  [0, 255, 285], -15.8147554397583
  [0, 255, 1568], -16.65817642211914
  [0, 255, 281], -17.028657913208008
  [0, 255, 1405], -17.695064544677734
  [0, 255, 5101], -18.16136932373047
[0, 263], -9.106498718261719
  [0, 263, 13], -14.417230606079102
  [0, 263, 281], -14.95605182647705
  [0, 263, 309], -15.150365829467773
  [0, 263, 249], -17.140838623046875
  [0, 263, 285], -17.418121337890625
  [0, 263, 255], -17.51113510131836
  [0, 263, 6309], -18.15852928161621
  [0, 263, 4496], -18.291595458984375
[0, 3088], -9.209186553955078
  [0, 3088, 309], -14.290419578552246
  [0, 3088, 13], -15.5921630859375
  [0, 3088, 249], -15.72617244720459
  [0, 3088, 42], -16.332107543945312
  [0, 3088, 281], -16.35665512084961
  [0, 3088, 285], -16.811065673828125
[0, 2184], -9.372064590454102
  [0, 2184, 281], -11.508049011230469
    [0, 2184, 281, 285], -18.240982055664062
  [0, 2184, 249], -13.935247421264648
    [0, 2184, 249, 281], -15.530359268188477
  [0, 2184, 285], -13.943291664123535
  [0, 2184, 255], -13.956703186035156
    [0, 2184, 255, 13], -17.763620376586914
  [0, 2184, 715], -14.2277250289917
  [0, 2184, 13], -14.500142097473145
    [0, 2184, 13, 309], -17.48676872253418
    [0, 2184, 13, 285], -17.74846076965332
  [0, 2184, 6008], -16.626708984375
  [0, 2184, 309], -17.260997772216797
  [0, 2184, 263], -17.67843246459961
  [0, 2184, 483], -17.885284423828125
  [0, 2184, 42], -17.949771881103516
  [0, 2184, 395], -17.96289825439453
[0, 9328], -9.486181259155273
  [0, 9328, 13], -15.714010238647461
  [0, 9328, 285], -16.09781265258789
  [0, 9328, 6008], -17.18539810180664
  [0, 9328, 281], -17.894777297973633
  [0, 9328, 1625], -18.00102996826172
[0, 4609], -9.488399505615234
  [0, 4609, 309], -13.863323211669922
  [0, 4609, 13], -14.887370109558105
    [0, 4609, 13, 309], -18.277795791625977
  [0, 4609, 281], -16.095657348632812
  [0, 4609, 6440], -16.88979721069336
  [0, 4609, 285], -17.00444984436035
  [0, 4609, 1652], -18.036283493041992
[0, 6689], -9.630302429199219
  [0, 6689, 285], -14.737175941467285
    [0, 6689, 285, 309], -17.839807510375977
  [0, 6689, 13], -15.739964485168457
  [0, 6689, 249], -17.4039306640625
[0, 2369], -9.70433521270752
  [0, 2369, 13], -12.315841674804688
    [0, 2369, 13, 309], -15.312435150146484
    [0, 2369, 13, 285], -16.88292121887207
    [0, 2369, 13, 281], -18.337566375732422
  [0, 2369, 281], -14.549436569213867
  [0, 2369, 309], -15.197498321533203
  [0, 2369, 285], -15.952831268310547
  [0, 2369, 42], -16.084529876708984
  [0, 2369, 249], -16.886032104492188
  [0, 2369, 395], -18.126222610473633
[0, 1568], -9.781946182250977
  [0, 1568, 281], -12.353328704833984
    [0, 1568, 281, 6008], -18.145313262939453
  [0, 1568, 13], -13.748224258422852
    [0, 1568, 13, 309], -16.384281158447266
    [0, 1568, 13, 285], -17.241867065429688
  [0, 1568, 309], -15.186199188232422
  [0, 1568, 285], -15.598562240600586
  [0, 1568, 249], -16.508150100708008
[0, 12550], -9.859109878540039
  [0, 12550, 1652], -16.049570083618164
  [0, 12550, 281], -16.920528411865234
  [0, 12550, 13], -16.98491668701172
  [0, 12550, 285], -17.014604568481445
  [0, 12550, 309], -17.707164764404297
[0, 8826], -10.14671516418457
  [0, 8826, 13], -16.54195785522461
  [0, 8826, 11755], -16.882980346679688
  [0, 8826, 1652], -17.68105697631836
  [0, 8826, 285], -18.229785919189453
[0, 1405], -10.162354469299316
  [0, 1405, 255], -13.356120109558105
    [0, 1405, 255, 13], -16.07948875427246
    [0, 1405, 255, 285], -16.202272415161133
  [0, 1405, 13], -13.82888126373291
    [0, 1405, 13, 309], -16.814373016357422
    [0, 1405, 13, 285], -16.902591705322266
  [0, 1405, 285], -13.946516990661621
    [0, 1405, 285, 309], -17.672060012817383
  [0, 1405, 249], -14.554681777954102
  [0, 1405, 281], -16.32429313659668
  [0, 1405, 1652], -17.156768798828125
  [0, 1405, 395], -17.681102752685547
[0, 6309], -10.31106185913086
  [0, 6309, 249], -13.917435646057129
    [0, 6309, 249, 13], -18.05795669555664
  [0, 6309, 281], -13.957901000976562
  [0, 6309, 13], -16.40936279296875
  [0, 6309, 285], -16.92556381225586
  [0, 6309, 1405], -18.065214157104492
[0, 38878], -10.380853652954102
  [0, 38878, 1405], -18.2060546875
  [0, 38878, 309], -18.278827667236328
[0, 20415], -10.42193603515625
  [0, 20415, 13], -15.6685791015625
  [0, 20415, 281], -17.58725357055664
[0, 13243], -10.425313949584961
  [0, 13243, 13], -13.336018562316895
    [0, 13243, 13, 285], -15.71285629272461
    [0, 13243, 13, 309], -16.870681762695312
    [0, 13243, 13, 281], -18.008291244506836
  [0, 13243, 285], -13.49283504486084
    [0, 13243, 285, 309], -17.248239517211914
  [0, 13243, 281], -13.710410118103027
  [0, 13243, 249], -15.521660804748535
  [0, 13243, 395], -16.061277389526367
  [0, 13243, 309], -16.8234806060791
  [0, 13243, 255], -17.02947998046875
  [0, 13243, 715], -17.08740997314453
  [0, 13243, 263], -17.09288787841797
  [0, 13243, 1405], -17.922950744628906
[0, 483], -10.425840377807617
  [0, 483, 13], -14.943943977355957
    [0, 483, 13, 309], -18.3017520904541
  [0, 483, 285], -16.552398681640625
  [0, 483, 281], -17.853803634643555
[0, 8701], -10.631149291992188
  [0, 8701, 285], -15.608621597290039
  [0, 8701, 13], -16.75227928161621
  [0, 8701, 1652], -17.500619888305664
  [0, 8701, 263], -17.614852905273438
[0, 14094], -10.721281051635742
  [0, 14094, 13], -16.086172103881836
  [0, 14094, 285], -16.40217399597168
  [0, 14094, 1652], -16.903194427490234
  [0, 14094, 281], -17.149763107299805
[0, 454], -10.733970642089844
  [0, 454, 1652], -17.061824798583984
  [0, 454, 13], -17.939289093017578
[0, 9154], -10.782793045043945
  [0, 9154, 13], -15.693341255187988
  [0, 9154, 281], -15.845879554748535
  [0, 9154, 285], -16.019834518432617
  [0, 9154, 249], -16.170188903808594
  [0, 9154, 309], -16.627716064453125
[0, 3022], -10.868947982788086
  [0, 3022, 13], -14.017032623291016
    [0, 3022, 13, 309], -16.886581420898438
    [0, 3022, 13, 285], -17.497661590576172
  [0, 3022, 281], -14.781278610229492
  [0, 3022, 309], -15.364788055419922
  [0, 3022, 285], -15.671815872192383
  [0, 3022, 249], -17.162145614624023
[0, 19506], -10.92852783203125
  [0, 19506, 13], -13.900407791137695
    [0, 19506, 13, 309], -16.80052375793457
  [0, 19506, 309], -14.921981811523438
  [0, 19506, 249], -15.964296340942383
  [0, 19506, 281], -17.06604766845703
[0, 285], -11.027961730957031
[0, 21808], -11.399538040161133
  [0, 21808, 309], -16.147293090820312
  [0, 21808, 13], -16.525222778320312
  [0, 21808, 285], -16.9256534576416
  [0, 21808, 281], -17.541799545288086
  [0, 21808, 1652], -17.55742645263672
[0, 309], -11.771320343017578
  [0, 309, 13], -17.841209411621094
[0, 281], -12.00514030456543
[0, 1201], -12.042823791503906
  [0, 1201, 13], -16.20404624938965
  [0, 1201, 285], -16.80701446533203
  [0, 1201, 281], -16.968578338623047
[0, 5101], -12.711681365966797
  [0, 5101, 1201], -15.377022743225098
  [0, 5101, 13], -17.077682495117188
  [0, 5101, 285], -17.18303680419922
[0, 11755], -13.032672882080078
  [0, 11755, 13], -15.859771728515625
  [0, 11755, 285], -16.653518676757812
  [0, 11755, 1652], -18.10907554626465
[0, 5254], -13.428844451904297
  [0, 5254, 13], -16.894807815551758
  [0, 5254, 285], -17.890487670898438
[0, 6008], -13.551836013793945
  [0, 6008, 13], -17.01125144958496
  [0, 6008, 285], -17.904441833496094
  [0, 6008, 281], -18.037282943725586
[0, 715], -13.887138366699219
[0, 1625], -14.14937973022461
[0, 14709], -14.284765243530273
  [0, 14709, 13], -17.478059768676758
  [0, 14709, 285], -17.878612518310547
[0, 1652], -14.452167510986328
  [0, 1652, 13], -18.209365844726562
[0, 2829], -14.504989624023438
[0, 6440], -14.590560913085938
[0, 770], -14.790058135986328
[0, 4496], -14.949438095092773
[0, 27287], -15.119585037231445
  [0, 27287, 13], -17.856863021850586
  [0, 27287, 281], -18.214984893798828
  [0, 27287, 285], -18.287811279296875
[0, 5202], -15.365442276000977
[0, 5603], -15.936941146850586
[0, 24740], -16.76148223876953
Time taken in seconds: 10145.774774551392
Number of forward passes: 577
Worst case number of forward passes: 318877551
Best sequence: [0, 42, 13, 309, 13, 309, 13], -18.343868255615234
<|endoftext|>I, I, I,
