[0, 510], -2.9654641151428223
  [0, 510, 767], -9.588604927062988
    [0, 510, 767, 403], -13.144752502441406
      [0, 510, 767, 403, 253], -16.462594985961914
    [0, 510, 767, 452], -13.997413635253906
    [0, 510, 767, 13], -15.502418518066406
    [0, 510, 767, 767], -15.777259826660156
    [0, 510, 767, 476], -16.048744201660156
    [0, 510, 767, 285], -16.195350646972656
    [0, 510, 767, 1943], -16.335426330566406
    [0, 510, 767, 275], -16.351539611816406
    [0, 510, 767, 326], -16.391761779785156
    [0, 510, 767, 1029], -16.392555236816406
  [0, 510, 253], -10.345440864562988
    [0, 510, 253, 255], -14.694465637207031
    [0, 510, 253, 263], -15.327156066894531
  [0, 510, 309], -10.363995552062988
    [0, 510, 309, 601], -16.3391056060791
  [0, 510, 1943], -10.400616645812988
    [0, 510, 1943, 2165], -14.779226303100586
    [0, 510, 1943, 13], -15.330984115600586
    [0, 510, 1943, 285], -15.757253646850586
    [0, 510, 1943, 767], -16.134328842163086
    [0, 510, 1943, 2502], -16.438894271850586
  [0, 510, 1029], -10.400738716125488
    [0, 510, 1029, 285], -15.779796600341797
    [0, 510, 1029, 13], -16.336742401123047
  [0, 510, 2165], -10.526654243469238
    [0, 510, 2165, 310], -12.096435546875
      [0, 510, 2165, 310, 247], -15.170628547668457
    [0, 510, 2165, 556], -13.24530029296875
    [0, 510, 2165, 13], -13.98370361328125
    [0, 510, 2165, 326], -15.0335693359375
  [0, 510, 275], -10.547955513000488
    [0, 510, 275, 253], -15.047587394714355
  [0, 510, 1984], -10.880597114562988
    [0, 510, 1984, 310], -12.732953071594238
      [0, 510, 1984, 310, 247], -15.008191108703613
    [0, 510, 1984, 13], -13.511578559875488
    [0, 510, 1984, 556], -14.761761665344238
  [0, 510, 247], -10.882611274719238
  [0, 510, 13], -11.259746551513672
    [0, 510, 13, 285], -14.735891342163086
  [0, 510, 6440], -11.277812957763672
    [0, 510, 6440, 310], -13.455621719360352
    [0, 510, 6440, 13], -13.839593887329102
    [0, 510, 6440, 556], -14.465936660766602
  [0, 510, 2360], -11.435039520263672
    [0, 510, 2360, 310], -14.957551956176758
  [0, 510, 1652], -11.564800262451172
  [0, 510, 1113], -11.618755340576172
    [0, 510, 1113, 310], -13.881349563598633
  [0, 510, 2829], -11.634502410888672
    [0, 510, 2829, 310], -14.150460243225098
  [0, 510, 310], -11.673992156982422
    [0, 510, 310, 247], -14.071810722351074
    [0, 510, 310, 253], -14.428805351257324
  [0, 510, 5101], -11.692119598388672
    [0, 510, 5101, 310], -12.836742401123047
    [0, 510, 5101, 556], -14.341869354248047
  [0, 510, 1708], -11.730449676513672
    [0, 510, 1708, 310], -14.73599624633789
  [0, 510, 387], -11.780559539794922
  [0, 510, 285], -11.790630340576172
  [0, 510, 2502], -11.827617645263672
  [0, 510, 4370], -11.850200653076172
    [0, 510, 4370, 310], -14.015381813049316
    [0, 510, 4370, 556], -14.909424781799316
  [0, 510, 260], -11.861064910888672
  [0, 510, 327], -11.862041473388672
  [0, 510, 6858], -11.902446746826172
    [0, 510, 6858, 310], -14.150862693786621
  [0, 510, 5603], -11.959941864013672
    [0, 510, 5603, 310], -13.514791488647461
    [0, 510, 5603, 556], -14.442342758178711
    [0, 510, 5603, 13], -14.704916000366211
  [0, 510, 465], -11.983745574951172
  [0, 510, 2329], -12.114360809326172
    [0, 510, 2329, 310], -14.092915534973145
  [0, 510, 2534], -12.196453094482422
    [0, 510, 2534, 310], -14.52331256866455
  [0, 510, 281], -12.259746551513672
  [0, 510, 5798], -12.288921356201172
    [0, 510, 5798, 310], -14.604706764221191
  [0, 510, 4023], -12.605205535888672
    [0, 510, 4023, 310], -14.225470542907715
  [0, 510, 2206], -12.636943817138672
  [0, 510, 3511], -12.654949188232422
  [0, 510, 11755], -12.794048309326172
  [0, 510, 3345], -12.809123992919922
  [0, 510, 5202], -12.833110809326172
    [0, 510, 5202, 310], -14.979204177856445
  [0, 510, 476], -12.913677215576172
  [0, 510, 556], -12.917461395263672
  [0, 510, 8913], -13.043010711669922
    [0, 510, 8913, 327], -14.374944686889648
  [0, 510, 10086], -13.085613250732422
  [0, 510, 1111], -13.107097625732422
  [0, 510, 745], -13.277935028076172
  [0, 510, 452], -13.282573699951172
  [0, 510, 521], -13.284282684326172
  [0, 510, 479], -13.375225067138672
  [0, 510, 3063], -13.424419403076172
  [0, 510, 403], -13.429241180419922
  [0, 510, 255], -13.496257781982422
  [0, 510, 4882], -13.518230438232422
  [0, 510, 751], -13.596660614013672
  [0, 510, 249], -13.618999481201172
  [0, 510, 326], -13.880413055419922
  [0, 510, 1342], -13.904582977294922
  [0, 510, 690], -13.971416473388672
  [0, 510, 11012], -14.030193328857422
  [0, 510, 5254], -14.033000946044922
  [0, 510, 263], -14.202190399169922
  [0, 510, 251], -14.361186981201172
  [0, 510, 66], -14.380596160888672
  [0, 510, 40096], -14.535808563232422
  [0, 510, 7938], -14.678142547607422
  [0, 510, 3574], -14.716167449951172
  [0, 510, 10149], -14.741130828857422
  [0, 510, 24740], -14.899272918701172
[0, 42], -4.769297122955322
  [0, 42, 452], -7.282473564147949
    [0, 42, 452, 247], -9.418533325195312
      [0, 42, 452, 247, 1652], -13.739117622375488
    [0, 42, 452, 253], -11.424209594726562
    [0, 42, 452, 281], -11.486587524414062
    [0, 42, 452, 690], -12.221633911132812
    [0, 42, 452, 767], -12.382095336914062
    [0, 42, 452, 9047], -13.043655395507812
  [0, 42, 476], -9.16980266571045
  [0, 42, 751], -10.0040922164917
    [0, 42, 751, 281], -11.67831802368164
    [0, 42, 751, 253], -11.82260513305664
  [0, 42, 251], -10.20825481414795
  [0, 42, 13], -10.50586223602295
    [0, 42, 13, 253], -13.110833168029785
  [0, 42, 2427], -11.00464153289795
    [0, 42, 2427, 281], -11.608753204345703
      [0, 42, 2427, 281, 253], -13.083807945251465
  [0, 42, 601], -11.2313871383667
  [0, 42, 285], -11.49756145477295
  [0, 42, 9047], -11.76257610321045
  [0, 42, 310], -12.0820951461792
  [0, 42, 1342], -12.19409465789795
  [0, 42, 556], -12.37073040008545
  [0, 42, 403], -12.5831937789917
  [0, 42, 2206], -12.59949016571045
  [0, 42, 249], -12.73596477508545
  [0, 42, 309], -12.803285598754883
  [0, 42, 66], -12.847230911254883
  [0, 42, 262], -12.958864212036133
  [0, 42, 253], -12.987184524536133
  [0, 42, 281], -12.992616653442383
  [0, 42, 387], -13.058595657348633
[0, 1231], -5.228220462799072
  [0, 1231, 403], -6.997641563415527
    [0, 1231, 403, 247], -9.265785217285156
    [0, 1231, 403, 275], -10.801368713378906
      [0, 1231, 403, 275, 253], -11.45384693145752
    [0, 1231, 403, 253], -10.969886779785156
  [0, 1231, 452], -7.560568809509277
    [0, 1231, 452, 247], -9.6416015625
    [0, 1231, 452, 253], -10.9964599609375
  [0, 1231, 476], -9.548238754272461
  [0, 1231, 13], -10.472005844116211
    [0, 1231, 13, 253], -11.225526809692383
  [0, 1231, 387], -11.140707015991211
[0, 1147], -5.545603275299072
  [0, 1147, 310], -7.049103736877441
    [0, 1147, 310, 247], -9.06541919708252
    [0, 1147, 310, 253], -10.61455249786377
  [0, 1147, 556], -8.328827857971191
  [0, 1147, 476], -10.528229713439941
[0, 3220], -6.022409915924072
[0, 1328], -6.449106693267822
  [0, 1328, 310], -9.467113494873047
    [0, 1328, 310, 247], -11.084495544433594
    [0, 1328, 310, 253], -11.253318786621094
  [0, 1328, 556], -10.054393768310547
  [0, 1328, 249], -11.326732635498047
[0, 5804], -7.113962650299072
  [0, 5804, 309], -9.888087272644043
  [0, 5804, 253], -10.536524772644043
  [0, 5804, 247], -10.684596061706543
  [0, 5804, 251], -10.694483757019043
[0, 3726], -7.858103275299072
  [0, 3726, 403], -9.790671348571777
  [0, 3726, 452], -10.676414489746094
[0, 4064], -7.860056400299072
[0, 2993], -7.863962650299072
  [0, 2993, 310], -10.265673637390137
  [0, 2993, 556], -11.297167778015137
[0, 783], -7.908945560455322
[0, 1615], -7.950632572174072
[0, 13], -8.22986888885498
[0, 66], -8.90034008026123
[0, 664], -9.00678539276123
  [0, 664, 403], -10.467459678649902
  [0, 664, 452], -11.288321495056152
[0, 22529], -9.04206371307373
[0, 395], -9.05726146697998
[0, 1826], -9.22736644744873
[0, 285], -9.26203441619873
[0, 2520], -9.34492015838623
  [0, 2520, 310], -10.308444023132324
[0, 5430], -9.36616039276123
  [0, 5430, 281], -11.066059112548828
[0, 262], -9.36725902557373
  [0, 262, 310], -10.232963562011719
[0, 338], -9.38862133026123
[0, 10383], -9.39533519744873
[0, 248], -9.50251293182373
[0, 3113], -9.50513744354248
[0, 309], -9.52888011932373
[0, 1542], -9.55268383026123
[0, 263], -9.58838939666748
[0, 5658], -9.61139965057373
  [0, 5658, 403], -11.22187614440918
[0, 249], -9.65198802947998
[0, 2577], -9.65259838104248
[0, 7745], -9.80970287322998
  [0, 7745, 387], -11.340413093566895
[0, 284], -9.88544750213623
[0, 2327], -9.88563060760498
[0, 4714], -9.89655590057373
[0, 251], -9.91517162322998
[0, 2369], -9.92939281463623
[0, 936], -9.94843578338623
[0, 3088], -9.95075511932373
[0, 1439], -9.96760082244873
[0, 3529], -9.98493480682373
[0, 455], -10.00001049041748
[0, 5371], -10.03486156463623
  [0, 5371, 310], -10.350605010986328
[0, 1171], -10.38221263885498
[0, 531], -10.39637279510498
[0, 255], -10.45911693572998
[0, 8606], -10.47468090057373
[0, 788], -10.48847484588623
[0, 253], -10.52326488494873
[0, 7053], -10.60322093963623
[0, 3062], -10.62415599822998
[0, 310], -10.63093090057373
  [0, 310, 253], -11.103242874145508
[0, 12550], -10.70746898651123
[0, 4609], -10.72175121307373
[0, 9088], -10.77997875213623
[0, 9846], -10.80768871307373
[0, 9453], -10.82380199432373
[0, 6309], -10.87372875213623
[0, 247], -10.89802074432373
[0, 9802], -10.90668773651123
[0, 275], -10.94996166229248
[0, 2887], -10.96558666229248
[0, 403], -11.07660961151123
[0, 10002], -11.07905101776123
[0, 1257], -11.10480785369873
[0, 601], -11.20594310760498
[0, 484], -11.25483226776123
[0, 9328], -11.29969310760498
[0, 6204], -11.30164623260498
[0, 1405], -11.30744457244873
[0, 483], -11.43366527557373
Time taken in seconds: 550.8083643913269
Number of forward passes: 259
Worst case number of forward passes: 6680205
Best sequence: [0, 1231, 403, 275, 253], -11.45384693145752
<|endoftext|>We are in the
