[0, 510], -3.031212091445923
  [0, 510, 309], -10.5607271194458
    [0, 510, 309, 255], -16.405364990234375
      [0, 510, 309, 255, 13], -24.223752975463867
        [0, 510, 309, 255, 13, 285], -27.074851989746094
          [0, 510, 309, 255, 13, 285, 309], -29.988252639770508
        [0, 510, 309, 255, 13, 309], -27.312034606933594
          [0, 510, 309, 255, 13, 309, 255], -28.28064727783203
      [0, 510, 309, 255, 285], -24.312131881713867
        [0, 510, 309, 255, 285, 309], -27.22178077697754
      [0, 510, 309, 255, 249], -25.690549850463867
      [0, 510, 309, 255, 281], -26.145017623901367
      [0, 510, 309, 255, 1568], -26.294797897338867
      [0, 510, 309, 255, 309], -27.152341842651367
        [0, 510, 309, 255, 309, 255], -27.631277084350586
      [0, 510, 309, 255, 3022], -27.171018600463867
      [0, 510, 309, 255, 510], -27.235105514526367
      [0, 510, 309, 255, 255], -27.244626998901367
      [0, 510, 309, 255, 1405], -27.421751022338867
      [0, 510, 309, 255, 2369], -27.523801803588867
      [0, 510, 309, 255, 454], -27.631834030151367
      [0, 510, 309, 255, 395], -27.725828170776367
      [0, 510, 309, 255, 42], -28.142820358276367
      [0, 510, 309, 255, 263], -28.235227584838867
      [0, 510, 309, 255, 5603], -28.257932662963867
    [0, 510, 309, 285], -16.994476318359375
      [0, 510, 309, 285, 309], -20.669845581054688
        [0, 510, 309, 285, 309, 13], -25.128162384033203
          [0, 510, 309, 285, 309, 13, 285], -27.752971649169922
        [0, 510, 309, 285, 309, 285], -27.241931915283203
        [0, 510, 309, 285, 309, 281], -27.450672149658203
        [0, 510, 309, 285, 309, 309], -27.673084259033203
      [0, 510, 309, 285, 285], -23.829879760742188
        [0, 510, 309, 285, 285, 309], -27.598155975341797
      [0, 510, 309, 285, 13], -24.834030151367188
        [0, 510, 309, 285, 13, 285], -27.647891998291016
      [0, 510, 309, 285, 281], -24.840011596679688
      [0, 510, 309, 285, 1652], -26.537277221679688
      [0, 510, 309, 285, 510], -26.999069213867188
    [0, 510, 309, 13], -17.286834716796875
      [0, 510, 309, 13, 285], -19.479291915893555
        [0, 510, 309, 13, 285, 309], -22.039226531982422
          [0, 510, 309, 13, 285, 309, 13], -24.999286651611328
        [0, 510, 309, 13, 285, 285], -23.426799774169922
        [0, 510, 309, 13, 285, 13], -24.503582000732422
      [0, 510, 309, 13, 309], -19.694379806518555
        [0, 510, 309, 13, 309, 13], -21.532625198364258
          [0, 510, 309, 13, 309, 13, 285], -22.590059280395508
    [0, 510, 309, 395], -18.682830810546875
    [0, 510, 309, 249], -18.966644287109375
    [0, 510, 309, 1405], -19.063568115234375
    [0, 510, 309, 263], -19.238861083984375
    [0, 510, 309, 510], -19.262420654296875
    [0, 510, 309, 483], -19.353607177734375
    [0, 510, 309, 281], -19.516204833984375
    [0, 510, 309, 2184], -19.611541748046875
    [0, 510, 309, 3088], -19.651336669921875
    [0, 510, 309, 6309], -20.422210693359375
    [0, 510, 309, 770], -20.901092529296875
    [0, 510, 309, 2369], -21.524627685546875
    [0, 510, 309, 3022], -21.616668701171875
    [0, 510, 309, 3220], -21.622406005859375
    [0, 510, 309, 42], -21.722503662109375
    [0, 510, 309, 1652], -22.489227294921875
  [0, 510, 5101], -11.207454681396484
    [0, 510, 5101, 13], -15.132415771484375
      [0, 510, 5101, 13, 285], -17.232955932617188
        [0, 510, 5101, 13, 285, 309], -22.1771183013916
        [0, 510, 5101, 13, 285, 5101], -22.3780460357666
        [0, 510, 5101, 13, 285, 13], -22.4521427154541
      [0, 510, 5101, 13, 309], -20.428268432617188
      [0, 510, 5101, 13, 5101], -20.449264526367188
        [0, 510, 5101, 13, 5101, 13], -21.203989028930664
          [0, 510, 5101, 13, 5101, 13, 285], -21.495777130126953
    [0, 510, 5101, 285], -15.503265380859375
      [0, 510, 5101, 285, 5101], -19.006013870239258
    [0, 510, 5101, 1201], -18.140228271484375
    [0, 510, 5101, 281], -18.962860107421875
    [0, 510, 5101, 255], -19.240814208984375
    [0, 510, 5101, 309], -19.508392333984375
    [0, 510, 5101, 3022], -19.806732177734375
    [0, 510, 5101, 249], -20.071746826171875
    [0, 510, 5101, 5101], -20.288787841796875
    [0, 510, 5101, 715], -20.562957763671875
    [0, 510, 5101, 263], -20.690643310546875
    [0, 510, 5101, 5202], -20.753021240234375
    [0, 510, 5101, 27287], -20.898162841796875
    [0, 510, 5101, 2184], -20.934539794921875
    [0, 510, 5101, 2369], -21.006317138671875
    [0, 510, 5101, 483], -21.019744873046875
    [0, 510, 5101, 3088], -21.346038818359375
  [0, 510, 13], -11.607357025146484
    [0, 510, 13, 285], -12.906744003295898
      [0, 510, 13, 285, 13], -15.858418464660645
        [0, 510, 13, 285, 13, 285], -17.70579719543457
          [0, 510, 13, 285, 13, 285, 13], -21.249622344970703
        [0, 510, 13, 285, 13, 281], -20.034534454345703
        [0, 510, 13, 285, 13, 309], -20.053699493408203
      [0, 510, 13, 285, 285], -16.517108917236328
        [0, 510, 13, 285, 285, 13], -20.111099243164062
      [0, 510, 13, 285, 281], -17.707782745361328
        [0, 510, 13, 285, 281, 13], -19.76926612854004
      [0, 510, 13, 285, 309], -17.943744659423828
        [0, 510, 13, 285, 309, 13], -20.279644012451172
      [0, 510, 13, 285, 1652], -21.040424346923828
    [0, 510, 13, 309], -16.1018123626709
      [0, 510, 13, 309, 13], -20.17510986328125
        [0, 510, 13, 309, 13, 285], -21.200706481933594
    [0, 510, 13, 281], -17.7583065032959
    [0, 510, 13, 4496], -19.3137264251709
      [0, 510, 13, 4496, 13], -19.965557098388672
    [0, 510, 13, 395], -19.7038631439209
    [0, 510, 13, 13], -20.3087215423584
    [0, 510, 13, 249], -20.8903865814209
  [0, 510, 6440], -11.936580657958984
    [0, 510, 6440, 13], -15.282796859741211
      [0, 510, 6440, 13, 285], -18.770584106445312
      [0, 510, 6440, 13, 309], -19.832839965820312
      [0, 510, 6440, 13, 281], -20.883621215820312
    [0, 510, 6440, 309], -16.76643943786621
    [0, 510, 6440, 285], -17.27632713317871
    [0, 510, 6440, 281], -17.88374900817871
    [0, 510, 6440, 6440], -19.77290916442871
    [0, 510, 6440, 2184], -20.22139549255371
  [0, 510, 2829], -12.236995697021484
    [0, 510, 2829, 285], -17.393707275390625
    [0, 510, 2829, 13], -17.676422119140625
      [0, 510, 2829, 13, 285], -21.0969181060791
    [0, 510, 2829, 281], -18.574005126953125
    [0, 510, 2829, 309], -18.777618408203125
    [0, 510, 2829, 2829], -19.562286376953125
  [0, 510, 255], -12.482601165771484
    [0, 510, 255, 13], -19.073841094970703
    [0, 510, 255, 249], -20.053577423095703
    [0, 510, 255, 285], -20.782947540283203
  [0, 510, 285], -12.554622650146484
    [0, 510, 285, 285], -16.3658447265625
      [0, 510, 285, 285, 285], -21.02706527709961
    [0, 510, 285, 13], -17.3223876953125
      [0, 510, 285, 13, 285], -19.103681564331055
    [0, 510, 285, 309], -18.2353515625
    [0, 510, 285, 281], -18.6683349609375
    [0, 510, 285, 263], -20.890380859375
  [0, 510, 11755], -12.713680267333984
    [0, 510, 11755, 13], -16.240068435668945
      [0, 510, 11755, 13, 11755], -19.295717239379883
        [0, 510, 11755, 13, 11755, 13], -19.953832626342773
          [0, 510, 11755, 13, 11755, 13, 11755], -20.651803970336914
      [0, 510, 11755, 13, 309], -19.432558059692383
      [0, 510, 11755, 13, 285], -19.916688919067383
    [0, 510, 11755, 1652], -17.938676834106445
    [0, 510, 11755, 285], -18.459917068481445
      [0, 510, 11755, 285, 11755], -20.469863891601562
    [0, 510, 11755, 11755], -19.353349685668945
    [0, 510, 11755, 309], -19.819902420043945
    [0, 510, 11755, 281], -19.972734451293945
    [0, 510, 11755, 6440], -20.117265701293945
  [0, 510, 1652], -12.967830657958984
    [0, 510, 1652, 13], -17.08751678466797
      [0, 510, 1652, 13, 285], -20.39847755432129
    [0, 510, 1652, 285], -17.88634490966797
    [0, 510, 1652, 281], -18.44847869873047
    [0, 510, 1652, 309], -18.66698455810547
    [0, 510, 1652, 1652], -19.59227752685547
  [0, 510, 5202], -13.038387298583984
    [0, 510, 5202, 285], -16.975276947021484
    [0, 510, 5202, 13], -17.510189056396484
      [0, 510, 5202, 13, 285], -20.20564079284668
    [0, 510, 5202, 281], -17.969539642333984
    [0, 510, 5202, 5202], -18.464168548583984
    [0, 510, 5202, 309], -19.737850189208984
  [0, 510, 5254], -13.156551361083984
    [0, 510, 5254, 285], -17.252111434936523
      [0, 510, 5254, 285, 5254], -19.97273826599121
    [0, 510, 5254, 281], -17.689001083374023
    [0, 510, 5254, 13], -17.821447372436523
    [0, 510, 5254, 5254], -18.680089950561523
    [0, 510, 5254, 2829], -19.077062606811523
  [0, 510, 5603], -13.541072845458984
    [0, 510, 5603, 13], -17.624643325805664
    [0, 510, 5603, 285], -18.109750747680664
    [0, 510, 5603, 5603], -20.504648208618164
  [0, 510, 281], -13.657894134521484
    [0, 510, 281, 1405], -17.463895797729492
    [0, 510, 281, 255], -19.018583297729492
    [0, 510, 281, 3088], -20.498441696166992
    [0, 510, 281, 285], -20.559843063354492
  [0, 510, 249], -14.206966400146484
    [0, 510, 249, 285], -18.128093719482422
    [0, 510, 249, 13], -18.506511688232422
    [0, 510, 249, 255], -19.250530242919922
    [0, 510, 249, 249], -20.556560516357422
    [0, 510, 249, 263], -20.601604461669922
  [0, 510, 24740], -14.481502532958984
    [0, 510, 24740, 285], -18.637535095214844
    [0, 510, 24740, 13], -18.670249938964844
    [0, 510, 24740, 281], -20.122520446777344
  [0, 510, 263], -14.777400970458984
    [0, 510, 263, 255], -20.034381866455078
    [0, 510, 263, 13], -20.117877960205078
  [0, 510, 14709], -15.044490814208984
    [0, 510, 14709, 285], -18.236080169677734
      [0, 510, 14709, 285, 14709], -20.638259887695312
    [0, 510, 14709, 13], -19.051509857177734
    [0, 510, 14709, 14709], -20.048336029052734
    [0, 510, 14709, 281], -20.455928802490234
  [0, 510, 4496], -15.437435150146484
    [0, 510, 4496, 13], -19.235506057739258
      [0, 510, 4496, 13, 4496], -20.511383056640625
    [0, 510, 4496, 281], -19.339509963989258
  [0, 510, 395], -15.786678314208984
    [0, 510, 395, 13], -19.78876495361328
  [0, 510, 510], -16.573055267333984
  [0, 510, 42], -16.584529876708984
  [0, 510, 2369], -16.787899017333984
  [0, 510, 27287], -16.788631439208984
    [0, 510, 27287, 281], -19.65436553955078
    [0, 510, 27287, 285], -19.75641632080078
  [0, 510, 1625], -16.806697845458984
  [0, 510, 2184], -16.827083587646484
    [0, 510, 2184, 255], -20.190244674682617
  [0, 510, 715], -17.070003509521484
  [0, 510, 6008], -17.105525970458984
  [0, 510, 483], -17.276180267333984
  [0, 510, 3088], -17.526180267333984
  [0, 510, 1405], -17.580379486083984
    [0, 510, 1405, 255], -20.500764846801758
  [0, 510, 770], -17.788143157958984
  [0, 510, 1201], -18.097469329833984
  [0, 510, 3220], -18.217708587646484
  [0, 510, 454], -18.529109954833984
  [0, 510, 3022], -18.640560150146484
  [0, 510, 20415], -18.860774993896484
  [0, 510, 6309], -18.954036712646484
  [0, 510, 38878], -18.966121673583984
  [0, 510, 1568], -19.083797454833984
  [0, 510, 8826], -19.551448822021484
  [0, 510, 8701], -19.701717376708984
  [0, 510, 6689], -19.929744720458984
  [0, 510, 12550], -20.201229095458984
[0, 42], -4.550376892089844
  [0, 42, 13], -10.641458511352539
    [0, 42, 13, 285], -12.728486061096191
      [0, 42, 13, 285, 309], -14.551031112670898
        [0, 42, 13, 285, 309, 13], -17.48318862915039
          [0, 42, 13, 285, 309, 13, 285], -19.101871490478516
      [0, 42, 13, 285, 285], -17.5085506439209
      [0, 42, 13, 285, 281], -17.5398006439209
      [0, 42, 13, 285, 13], -17.6698055267334
    [0, 42, 13, 309], -13.592499732971191
      [0, 42, 13, 309, 13], -14.608572006225586
        [0, 42, 13, 309, 13, 285], -15.71703052520752
          [0, 42, 13, 309, 13, 285, 309], -17.96530532836914
        [0, 42, 13, 309, 13, 309], -16.280750274658203
          [0, 42, 13, 309, 13, 309, 13], -16.748455047607422
    [0, 42, 13, 281], -16.050872802734375
  [0, 42, 285], -11.718362808227539
    [0, 42, 285, 309], -16.15978240966797
  [0, 42, 309], -12.413675308227539
  [0, 42, 249], -13.038675308227539
  [0, 42, 6008], -13.403421401977539
  [0, 42, 255], -13.474344253540039
  [0, 42, 281], -13.485452651977539
  [0, 42, 3088], -13.660867691040039
  [0, 42, 2369], -14.232034683227539
  [0, 42, 6309], -14.454568862915039
  [0, 42, 263], -14.574930191040039
  [0, 42, 1625], -14.950174331665039
  [0, 42, 1405], -14.959329605102539
  [0, 42, 1652], -15.002786636352539
  [0, 42, 395], -15.145120620727539
  [0, 42, 3022], -15.224832534790039
  [0, 42, 510], -15.255716323852539
  [0, 42, 4496], -15.354471206665039
  [0, 42, 2184], -15.419290542602539
  [0, 42, 42], -15.667825698852539
  [0, 42, 483], -15.681741714477539
  [0, 42, 3220], -16.11692237854004
  [0, 42, 1201], -16.46335792541504
  [0, 42, 14709], -16.51535987854004
  [0, 42, 5603], -16.56992530822754
  [0, 42, 2829], -16.64975929260254
[0, 3220], -6.201988220214844
  [0, 3220, 1652], -12.666751861572266
    [0, 3220, 1652, 13], -15.9468355178833
  [0, 3220, 255], -13.657108306884766
  [0, 3220, 13], -14.692996978759766
  [0, 3220, 249], -14.764163970947266
  [0, 3220, 285], -15.483402252197266
  [0, 3220, 309], -15.651737213134766
  [0, 3220, 11755], -15.789554595947266
  [0, 3220, 2829], -15.851078033447266
  [0, 3220, 510], -15.917606353759766
  [0, 3220, 281], -16.155521392822266
  [0, 3220, 5202], -16.430179595947266
  [0, 3220, 6440], -16.552982330322266
[0, 13], -8.010337829589844
  [0, 13, 285], -13.122579574584961
    [0, 13, 285, 13], -15.706249237060547
  [0, 13, 309], -14.618185043334961
  [0, 13, 281], -14.965963363647461
  [0, 13, 13], -16.68861961364746
[0, 285], -9.036216735839844
  [0, 285, 309], -14.456428527832031
  [0, 285, 285], -14.598152160644531
[0, 395], -9.062583923339844
  [0, 395, 309], -12.898283958435059
  [0, 395, 281], -14.373503684997559
  [0, 395, 285], -14.669035911560059
  [0, 395, 13], -14.956877708435059
  [0, 395, 4496], -16.045257568359375
[0, 249], -9.158653259277344
  [0, 249, 13], -15.098546981811523
  [0, 249, 285], -16.414709091186523
[0, 309], -9.343345642089844
  [0, 309, 13], -15.697946548461914
  [0, 309, 285], -16.580514907836914
[0, 2369], -9.923667907714844
  [0, 2369, 13], -15.041253089904785
  [0, 2369, 309], -15.465569496154785
  [0, 2369, 249], -15.733635902404785
[0, 255], -9.984825134277344
  [0, 255, 5101], -15.007505416870117
[0, 281], -10.220176696777344
  [0, 281, 13], -16.74374008178711
[0, 3088], -10.508872985839844
  [0, 3088, 13], -16.542572021484375
[0, 263], -10.664756774902344
  [0, 263, 13], -15.091398239135742
[0, 1405], -10.859458923339844
  [0, 1405, 281], -15.174036979675293
  [0, 1405, 13], -15.963099479675293
[0, 3022], -10.933921813964844
  [0, 3022, 281], -14.840832710266113
  [0, 3022, 13], -15.672131538391113
[0, 1201], -11.005455017089844
  [0, 1201, 13], -14.187763214111328
  [0, 1201, 285], -15.103534698486328
  [0, 1201, 281], -15.676654815673828
  [0, 1201, 1201], -15.854633331298828
[0, 2184], -11.119468688964844
  [0, 2184, 281], -15.264259338378906
  [0, 2184, 255], -15.844947814941406
  [0, 2184, 285], -16.684425354003906
[0, 9154], -11.211143493652344
  [0, 9154, 281], -16.153919219970703
  [0, 9154, 309], -16.583728790283203
[0, 1568], -11.272422790527344
  [0, 1568, 309], -15.624778747558594
  [0, 1568, 13], -15.669822692871094
    [0, 1568, 13, 309], -16.417909622192383
[0, 12550], -11.515953063964844
[0, 454], -11.546958923339844
[0, 6309], -11.558677673339844
  [0, 6309, 281], -15.34478759765625
[0, 483], -11.649742126464844
[0, 8826], -11.702476501464844
[0, 9328], -11.881675720214844
[0, 8701], -11.893150329589844
[0, 20415], -11.921714782714844
  [0, 20415, 13], -16.260799407958984
[0, 4609], -11.942466735839844
  [0, 4609, 309], -15.92995834350586
  [0, 4609, 281], -16.45400619506836
  [0, 4609, 13], -16.50222396850586
[0, 38878], -12.280357360839844
[0, 1652], -12.899986267089844
[0, 6689], -13.631431579589844
[0, 21808], -13.717979431152344
[0, 14094], -13.805992126464844
[0, 19506], -13.916099548339844
[0, 13243], -14.364341735839844
[0, 715], -14.453941345214844
[0, 2829], -14.721885681152344
[0, 11755], -15.031333923339844
[0, 6440], -15.066978454589844
[0, 5202], -15.264732360839844
[0, 770], -15.324424743652344
[0, 5101], -15.554893493652344
[0, 4496], -15.794517517089844
[0, 1625], -15.850181579589844
[0, 5254], -15.956138610839844
[0, 6008], -16.063926696777344
[0, 5603], -16.162437438964844
Time taken in seconds: 105.37371253967285
Number of forward passes: 374
Worst case number of forward passes: 318877551
Best sequence: [0, 42, 13, 309, 13, 309, 13], -16.748455047607422
<|endoftext|>I, I, I,
