[0, 510], -2.965449094772339
  [0, 510, 309], -10.363969802856445
    [0, 510, 309, 255], -16.817485809326172
      [0, 510, 309, 255, 13], -24.627727508544922
        [0, 510, 309, 255, 13, 285], -28.715633392333984
      [0, 510, 309, 255, 483], -25.210552215576172
      [0, 510, 309, 255, 1568], -25.346782684326172
      [0, 510, 309, 255, 285], -25.800579071044922
        [0, 510, 309, 255, 285, 309], -28.428524017333984
      [0, 510, 309, 255, 454], -26.379680633544922
      [0, 510, 309, 255, 1405], -26.584758758544922
      [0, 510, 309, 255, 42], -26.728191375732422
      [0, 510, 309, 255, 3088], -27.286540985107422
      [0, 510, 309, 255, 309], -27.304790496826172
      [0, 510, 309, 255, 281], -27.580242156982422
      [0, 510, 309, 255, 1201], -27.700847625732422
      [0, 510, 309, 255, 2184], -28.082012176513672
      [0, 510, 309, 255, 510], -28.219768524169922
      [0, 510, 309, 255, 9328], -28.299236297607422
    [0, 510, 309, 13], -17.238872528076172
      [0, 510, 309, 13, 309], -21.884246826171875
        [0, 510, 309, 13, 309, 13], -22.297725677490234
      [0, 510, 309, 13, 42], -22.055450439453125
    [0, 510, 309, 285], -17.258098602294922
      [0, 510, 309, 285, 309], -20.982933044433594
    [0, 510, 309, 2184], -18.315410614013672
    [0, 510, 309, 3088], -18.784770965576172
    [0, 510, 309, 281], -19.030742645263672
    [0, 510, 309, 1405], -19.082988739013672
    [0, 510, 309, 42], -19.629863739013672
    [0, 510, 309, 510], -19.765239715576172
    [0, 510, 309, 249], -19.987773895263672
    [0, 510, 309, 1201], -20.028423309326172
    [0, 510, 309, 3220], -20.363201141357422
    [0, 510, 309, 770], -20.485698699951172
    [0, 510, 309, 263], -20.574077606201172
    [0, 510, 309, 395], -20.836345672607422
    [0, 510, 309, 483], -21.310344696044922
    [0, 510, 309, 309], -21.444988250732422
    [0, 510, 309, 3022], -21.655620574951172
    [0, 510, 309, 2369], -21.852581024169922
    [0, 510, 309, 38878], -22.172893524169922
    [0, 510, 309, 6689], -22.199382781982422
    [0, 510, 309, 6008], -22.282817840576172
  [0, 510, 13], -11.259721755981445
    [0, 510, 13, 285], -14.736039161682129
      [0, 510, 13, 285, 13], -18.575902938842773
        [0, 510, 13, 285, 13, 285], -20.08051872253418
      [0, 510, 13, 285, 309], -19.669775009155273
      [0, 510, 13, 285, 285], -19.801183700561523
      [0, 510, 13, 285, 281], -20.010046005249023
    [0, 510, 13, 309], -16.053787231445312
      [0, 510, 13, 309, 13], -19.05423355102539
    [0, 510, 13, 263], -16.295059204101562
      [0, 510, 13, 263, 13], -17.05939292907715
        [0, 510, 13, 263, 13, 263], -20.015668869018555
    [0, 510, 13, 395], -16.536697387695312
      [0, 510, 13, 395, 13], -17.888330459594727
    [0, 510, 13, 42], -16.782058715820312
      [0, 510, 13, 42, 13], -17.946176528930664
        [0, 510, 13, 42, 13, 42], -19.508638381958008
    [0, 510, 13, 249], -17.072280883789062
    [0, 510, 13, 281], -17.084732055664062
    [0, 510, 13, 255], -17.657608032226562
    [0, 510, 13, 510], -18.045913696289062
      [0, 510, 13, 510, 13], -19.02404022216797
    [0, 510, 13, 13], -18.096328735351562
    [0, 510, 13, 4496], -18.853897094726562
    [0, 510, 13, 2369], -18.976028442382812
    [0, 510, 13, 4609], -18.996475219726562
    [0, 510, 13, 454], -19.370437622070312
  [0, 510, 6440], -11.277727127075195
    [0, 510, 6440, 13], -13.839475631713867
      [0, 510, 6440, 13, 285], -19.110485076904297
      [0, 510, 6440, 13, 309], -19.498058319091797
    [0, 510, 6440, 285], -16.836729049682617
    [0, 510, 6440, 309], -16.966367721557617
    [0, 510, 6440, 281], -18.361387252807617
    [0, 510, 6440, 6440], -18.653440475463867
  [0, 510, 1652], -11.564775466918945
    [0, 510, 1652, 13], -17.122623443603516
      [0, 510, 1652, 13, 1652], -19.281545639038086
    [0, 510, 1652, 1652], -17.495243072509766
    [0, 510, 1652, 309], -18.271793365478516
    [0, 510, 1652, 285], -18.439273834228516
    [0, 510, 1652, 281], -19.099918365478516
  [0, 510, 2829], -11.634477615356445
    [0, 510, 2829, 13], -16.282140731811523
    [0, 510, 2829, 285], -16.861486434936523
      [0, 510, 2829, 285, 2829], -19.201560974121094
    [0, 510, 2829, 281], -18.144689559936523
    [0, 510, 2829, 309], -18.144933700561523
    [0, 510, 2829, 2829], -18.478673934936523
  [0, 510, 5101], -11.692094802856445
    [0, 510, 5101, 13], -15.618989944458008
      [0, 510, 5101, 13, 285], -18.74921989440918
    [0, 510, 5101, 285], -15.920930862426758
  [0, 510, 285], -11.790605545043945
    [0, 510, 285, 263], -17.293058395385742
    [0, 510, 285, 281], -17.355985641479492
    [0, 510, 285, 13], -17.806303024291992
    [0, 510, 285, 285], -18.166654586791992
    [0, 510, 285, 395], -18.649503707885742
    [0, 510, 285, 309], -18.677396774291992
    [0, 510, 285, 249], -18.686124801635742
    [0, 510, 285, 255], -18.737638473510742
  [0, 510, 5603], -11.959917068481445
    [0, 510, 5603, 13], -14.704818725585938
    [0, 510, 5603, 285], -15.772994995117188
      [0, 510, 5603, 285, 5603], -18.533857345581055
    [0, 510, 5603, 281], -18.491500854492188
    [0, 510, 5603, 5603], -19.055953979492188
  [0, 510, 281], -12.259721755981445
    [0, 510, 281, 1405], -15.733531951904297
      [0, 510, 281, 1405, 13], -18.83860969543457
    [0, 510, 281, 3088], -17.572338104248047
  [0, 510, 11755], -12.793962478637695
    [0, 510, 11755, 1652], -18.01618194580078
    [0, 510, 11755, 13], -18.23291778564453
    [0, 510, 11755, 285], -18.69306182861328
  [0, 510, 5202], -12.833086013793945
    [0, 510, 5202, 13], -16.68718719482422
    [0, 510, 5202, 285], -17.75713348388672
    [0, 510, 5202, 281], -18.57970428466797
    [0, 510, 5202, 309], -19.19792938232422
    [0, 510, 5202, 5202], -19.46831512451172
  [0, 510, 255], -13.496294021606445
  [0, 510, 249], -13.619035720825195
    [0, 510, 249, 13], -17.37624168395996
    [0, 510, 249, 263], -17.91792869567871
    [0, 510, 249, 285], -18.61891746520996
    [0, 510, 249, 255], -19.47926902770996
  [0, 510, 5254], -14.033037185668945
    [0, 510, 5254, 285], -18.76092529296875
    [0, 510, 5254, 13], -18.851806640625
  [0, 510, 263], -14.202348709106445
  [0, 510, 24740], -14.899248123168945
    [0, 510, 24740, 13], -18.562496185302734
    [0, 510, 24740, 285], -19.070858001708984
  [0, 510, 14709], -15.046220779418945
    [0, 510, 14709, 285], -19.120283126831055
    [0, 510, 14709, 13], -19.140058517456055
  [0, 510, 4496], -15.108476638793945
  [0, 510, 1625], -15.582475662231445
  [0, 510, 27287], -15.795122146606445
    [0, 510, 27287, 285], -19.207557678222656
  [0, 510, 2184], -15.929643630981445
  [0, 510, 1201], -16.238664627075195
  [0, 510, 510], -16.320390701293945
  [0, 510, 6309], -16.354082107543945
  [0, 510, 1405], -16.632280349731445
  [0, 510, 6008], -16.634233474731445
  [0, 510, 715], -16.673295974731445
  [0, 510, 395], -16.692277908325195
  [0, 510, 483], -16.734453201293945
  [0, 510, 42], -16.735979080200195
  [0, 510, 3088], -16.824419021606445
  [0, 510, 2369], -16.873491287231445
  [0, 510, 1568], -17.269548416137695
  [0, 510, 3022], -17.800676345825195
  [0, 510, 454], -18.796464920043945
  [0, 510, 8826], -18.816728591918945
  [0, 510, 3220], -19.124221801757812
  [0, 510, 6689], -19.200027465820312
  [0, 510, 20415], -19.291946411132812
[0, 42], -4.769343376159668
  [0, 42, 13], -10.505867958068848
    [0, 42, 13, 309], -14.599925994873047
      [0, 42, 13, 309, 13], -15.46829605102539
        [0, 42, 13, 309, 13, 309], -16.038923263549805
  [0, 42, 285], -11.497628211975098
    [0, 42, 285, 309], -13.553951263427734
  [0, 42, 249], -12.736031532287598
  [0, 42, 309], -12.803414344787598
    [0, 42, 309, 309], -15.270291328430176
      [0, 42, 309, 309, 309], -15.491416931152344
        [0, 42, 309, 309, 309, 309], -15.77954387664795
  [0, 42, 281], -12.992623329162598
  [0, 42, 1405], -13.088875770568848
  [0, 42, 255], -13.144356727600098
  [0, 42, 263], -13.459542274475098
  [0, 42, 42], -13.505257606506348
  [0, 42, 6008], -13.513863563537598
  [0, 42, 2369], -13.564339637756348
  [0, 42, 6309], -13.857369422912598
  [0, 42, 3022], -14.087716102600098
  [0, 42, 3088], -14.222298622131348
  [0, 42, 510], -14.258675575256348
  [0, 42, 2184], -14.349434852600098
  [0, 42, 4496], -14.713143348693848
  [0, 42, 395], -14.844002723693848
  [0, 42, 1652], -15.441231727600098
  [0, 42, 3220], -15.507882118225098
  [0, 42, 1201], -15.567452430725098
  [0, 42, 1625], -15.574349403381348
[0, 3220], -6.022395133972168
  [0, 3220, 1652], -12.132802963256836
  [0, 3220, 13], -12.419485092163086
    [0, 3220, 13, 309], -15.687101364135742
  [0, 3220, 285], -13.661672592163086
  [0, 3220, 281], -13.726736068725586
  [0, 3220, 309], -14.18327808380127
  [0, 3220, 249], -14.64091968536377
  [0, 3220, 255], -14.92845630645752
  [0, 3220, 1201], -14.98363208770752
  [0, 3220, 2829], -15.19957447052002
  [0, 3220, 510], -15.60051441192627
  [0, 3220, 5202], -15.64543628692627
  [0, 3220, 11755], -15.69957447052002
  [0, 3220, 42], -15.70488452911377
[0, 13], -8.229853630065918
  [0, 13, 281], -13.965946197509766
  [0, 13, 285], -14.325687408447266
  [0, 13, 309], -15.498538970947266
[0, 395], -9.057246208190918
  [0, 395, 281], -12.839272499084473
  [0, 395, 13], -13.913613319396973
  [0, 395, 309], -14.036782264709473
  [0, 395, 285], -14.633950233459473
[0, 285], -9.262080192565918
[0, 309], -9.528925895690918
  [0, 309, 13], -14.825846672058105
[0, 263], -9.588496208190918
  [0, 263, 281], -14.576168060302734
  [0, 263, 13], -14.667842864990234
  [0, 263, 285], -15.489376068115234
[0, 249], -9.651972770690918
  [0, 249, 13], -15.241418838500977
[0, 2369], -9.929377555847168
  [0, 2369, 13], -14.8825101852417
[0, 3088], -9.950739860534668
  [0, 3088, 309], -13.817339897155762
  [0, 3088, 42], -15.206133842468262
[0, 255], -10.459101676940918
[0, 12550], -10.707453727722168
[0, 4609], -10.721735954284668
  [0, 4609, 309], -15.151252746582031
  [0, 4609, 13], -15.349372863769531
[0, 6309], -10.873713493347168
  [0, 6309, 249], -14.590984344482422
[0, 9328], -11.299677848815918
[0, 1405], -11.307429313659668
  [0, 1405, 285], -15.420675277709961
  [0, 1405, 281], -15.701375961303711
[0, 483], -11.433650016784668
[0, 20415], -11.469111442565918
  [0, 20415, 281], -15.766708374023438
[0, 2184], -11.495356559753418
[0, 1568], -11.610163688659668
  [0, 1568, 13], -15.182665824890137
  [0, 1568, 285], -15.424059867858887
[0, 8701], -11.785700798034668
[0, 6689], -11.833674430847168
[0, 8826], -11.878718376159668
[0, 454], -11.994013786315918
[0, 21808], -12.000605583190918
[0, 281], -12.051081657409668
[0, 3022], -12.068354606628418
[0, 1201], -12.286738395690918
[0, 38878], -12.768488883972168
[0, 19506], -12.835322380065918
[0, 14094], -12.887507438659668
[0, 770], -13.038386344909668
[0, 13243], -13.265254020690918
[0, 9154], -14.067805290222168
[0, 715], -14.134333610534668
[0, 6440], -14.749384880065918
[0, 1652], -14.897822380065918
[0, 2829], -15.263484001159668
[0, 5202], -15.660883903503418
Time taken in seconds: 186.96200037002563
Number of forward passes: 263
Worst case number of forward passes: 6377551
Best sequence: [0, 42, 309, 309, 309, 309], -15.77954387664795
<|endoftext|>I I I I I
