[0, 510], -2.965449094772339
  [0, 510, 767], -9.588518142700195
    [0, 510, 767, 403], -13.144761085510254
      [0, 510, 767, 403, 253], -16.462779998779297
        [0, 510, 767, 403, 253, 767], -20.859241485595703
Best sequence so far: <|endoftext|>The two are the two
      [0, 510, 767, 403, 275], -16.488353729248047
        [0, 510, 767, 403, 275, 253], -17.76504135131836
Best sequence so far: <|endoftext|>The two are in the
      [0, 510, 767, 403, 327], -17.394969940185547
    [0, 510, 767, 452], -13.997422218322754
      [0, 510, 767, 452, 247], -17.29150390625
    [0, 510, 767, 13], -15.502305030822754
    [0, 510, 767, 767], -15.777146339416504
    [0, 510, 767, 476], -16.048629760742188
    [0, 510, 767, 285], -16.195297241210938
      [0, 510, 767, 285, 247], -16.63315773010254
    [0, 510, 767, 1943], -16.335250854492188
    [0, 510, 767, 275], -16.351425170898438
    [0, 510, 767, 326], -16.391586303710938
    [0, 510, 767, 1029], -16.392501831054688
    [0, 510, 767, 253], -16.469894409179688
    [0, 510, 767, 310], -16.473495483398438
    [0, 510, 767, 556], -16.869613647460938
    [0, 510, 767, 1652], -17.198776245117188
    [0, 510, 767, 387], -17.394699096679688
    [0, 510, 767, 2206], -17.449142456054688
    [0, 510, 767, 281], -17.454208374023438
    [0, 510, 767, 327], -17.540939331054688
    [0, 510, 767, 2165], -17.598861694335938
    [0, 510, 767, 309], -17.720809936523438
  [0, 510, 253], -10.345415115356445
    [0, 510, 253, 255], -14.694461822509766
    [0, 510, 253, 263], -15.327030181884766
    [0, 510, 253, 767], -16.625614166259766
    [0, 510, 253, 253], -16.659061431884766
    [0, 510, 253, 13], -16.714359283447266
    [0, 510, 253, 66], -16.967594146728516
    [0, 510, 253, 275], -17.052371978759766
    [0, 510, 253, 249], -17.128849029541016
    [0, 510, 253, 1171], -17.156375885009766
    [0, 510, 253, 285], -17.259769439697266
    [0, 510, 253, 247], -17.315311431884766
    [0, 510, 253, 251], -17.340946197509766
    [0, 510, 253, 281], -17.512454986572266
  [0, 510, 309], -10.363969802856445
    [0, 510, 309, 601], -16.339092254638672
    [0, 510, 309, 255], -16.817485809326172
    [0, 510, 309, 1342], -17.159893035888672
    [0, 510, 309, 13], -17.238872528076172
    [0, 510, 309, 285], -17.258098602294922
  [0, 510, 1943], -10.400590896606445
    [0, 510, 1943, 2165], -14.77916145324707
      [0, 510, 1943, 2165, 310], -16.840858459472656
      [0, 510, 1943, 2165, 275], -17.441078186035156
    [0, 510, 1943, 13], -15.33116340637207
    [0, 510, 1943, 285], -15.75749397277832
      [0, 510, 1943, 285, 253], -17.214923858642578
    [0, 510, 1943, 767], -16.13444709777832
    [0, 510, 1943, 2502], -16.43919563293457
    [0, 510, 1943, 4370], -16.65416145324707
    [0, 510, 1943, 5798], -16.89518928527832
    [0, 510, 1943, 1113], -17.27092170715332
    [0, 510, 1943, 2360], -17.47770881652832
    [0, 510, 1943, 1943], -17.73350715637207
  [0, 510, 1029], -10.400774002075195
    [0, 510, 1029, 285], -15.779895782470703
      [0, 510, 1029, 285, 253], -17.273902893066406
    [0, 510, 1029, 13], -16.336658477783203
    [0, 510, 1029, 2534], -17.140247344970703
    [0, 510, 1029, 275], -17.507801055908203
    [0, 510, 1029, 253], -17.582874298095703
  [0, 510, 2165], -10.526689529418945
    [0, 510, 2165, 310], -12.096577644348145
      [0, 510, 2165, 310, 247], -15.170994758605957
      [0, 510, 2165, 310, 275], -15.993199348449707
        [0, 510, 2165, 310, 275, 253], -17.56136703491211
Best sequence so far: <|endoftext|>The game is in the
      [0, 510, 2165, 310, 327], -16.075597763061523
      [0, 510, 2165, 310, 253], -16.36655044555664
      [0, 510, 2165, 310, 387], -16.89706802368164
      [0, 510, 2165, 310, 281], -17.47134780883789
    [0, 510, 2165, 556], -13.245381355285645
      [0, 510, 2165, 556, 247], -16.254961013793945
    [0, 510, 2165, 13], -13.983662605285645
      [0, 510, 2165, 13, 253], -17.04476547241211
    [0, 510, 2165, 326], -15.033528327941895
    [0, 510, 2165, 275], -15.364338874816895
      [0, 510, 2165, 275, 253], -16.992080688476562
    [0, 510, 2165, 476], -15.690266609191895
    [0, 510, 2165, 285], -16.030353546142578
      [0, 510, 2165, 285, 253], -17.478181838989258
    [0, 510, 2165, 387], -16.101947784423828
    [0, 510, 2165, 309], -16.177326202392578
    [0, 510, 2165, 327], -16.196491241455078
    [0, 510, 2165, 281], -16.666522979736328
    [0, 510, 2165, 2165], -17.353107452392578
    [0, 510, 2165, 6613], -17.484821319580078
  [0, 510, 275], -10.547929763793945
    [0, 510, 275, 253], -15.047338485717773
    [0, 510, 275, 66], -16.947423934936523
    [0, 510, 275, 247], -17.153539657592773
    [0, 510, 275, 1542], -17.285009384155273
    [0, 510, 275, 661], -17.355871200561523
  [0, 510, 1984], -10.880632400512695
    [0, 510, 1984, 310], -12.73289966583252
      [0, 510, 1984, 310, 247], -15.00809097290039
      [0, 510, 1984, 310, 253], -16.59219741821289
      [0, 510, 1984, 310, 275], -17.46683120727539
    [0, 510, 1984, 13], -13.51152515411377
      [0, 510, 1984, 13, 253], -17.55756950378418
    [0, 510, 1984, 556], -14.76189136505127
      [0, 510, 1984, 556, 247], -17.032073974609375
    [0, 510, 1984, 326], -15.29741382598877
    [0, 510, 1984, 309], -15.35429859161377
    [0, 510, 1984, 285], -15.43950366973877
      [0, 510, 1984, 285, 253], -17.264774322509766
    [0, 510, 1984, 327], -15.64433765411377
      [0, 510, 1984, 327, 253], -17.39149284362793
    [0, 510, 1984, 275], -16.337574005126953
    [0, 510, 1984, 476], -16.554676055908203
    [0, 510, 1984, 253], -17.067371368408203
    [0, 510, 1984, 281], -17.365528106689453
  [0, 510, 247], -10.882646560668945
    [0, 510, 247, 263], -16.92365837097168
  [0, 510, 13], -11.259721755981445
    [0, 510, 13, 285], -14.736039161682129
      [0, 510, 13, 285, 253], -16.635168075561523
    [0, 510, 13, 253], -15.328629493713379
      [0, 510, 13, 253, 13], -16.691848754882812
        [0, 510, 13, 253, 13, 253], -17.077239990234375
Best sequence so far: <|endoftext|>The, the, the
    [0, 510, 13, 275], -15.980790138244629
    [0, 510, 13, 309], -16.053787231445312
    [0, 510, 13, 247], -16.103408813476562
    [0, 510, 13, 310], -16.121597290039062
    [0, 510, 13, 263], -16.295059204101562
      [0, 510, 13, 263, 13], -17.05939292907715
    [0, 510, 13, 395], -16.536697387695312
    [0, 510, 13, 42], -16.782058715820312
    [0, 510, 13, 783], -16.912796020507812
    [0, 510, 13, 249], -17.072280883789062
  [0, 510, 6440], -11.277727127075195
    [0, 510, 6440, 310], -13.455747604370117
      [0, 510, 6440, 310, 247], -16.13274574279785
    [0, 510, 6440, 13], -13.839475631713867
    [0, 510, 6440, 556], -14.465879440307617
      [0, 510, 6440, 556, 247], -17.033857345581055
    [0, 510, 6440, 326], -16.090696334838867
    [0, 510, 6440, 285], -16.836729049682617
    [0, 510, 6440, 309], -16.966367721557617
  [0, 510, 2360], -11.435014724731445
    [0, 510, 2360, 310], -14.957525253295898
    [0, 510, 2360, 2606], -15.358037948608398
    [0, 510, 2360, 556], -15.370367050170898
    [0, 510, 2360, 326], -15.796209335327148
    [0, 510, 2360, 275], -15.924993515014648
    [0, 510, 2360, 309], -16.31244468688965
    [0, 510, 2360, 253], -16.4762020111084
    [0, 510, 2360, 13], -16.69415855407715
  [0, 510, 1652], -11.564775466918945
    [0, 510, 1652, 2502], -16.518924713134766
    [0, 510, 1652, 4370], -16.540653228759766
    [0, 510, 1652, 6858], -16.569766998291016
  [0, 510, 1113], -11.618730545043945
    [0, 510, 1113, 310], -13.881412506103516
      [0, 510, 1113, 310, 247], -16.626249313354492
      [0, 510, 1113, 310, 275], -16.848539352416992
    [0, 510, 1113, 556], -15.012882232666016
      [0, 510, 1113, 556, 247], -16.615083694458008
    [0, 510, 1113, 326], -15.411685943603516
    [0, 510, 1113, 5603], -15.493289947509766
    [0, 510, 1113, 13], -15.623538970947266
    [0, 510, 1113, 275], -16.034305572509766
    [0, 510, 1113, 285], -16.164493560791016
  [0, 510, 2829], -11.634477615356445
    [0, 510, 2829, 310], -14.150426864624023
    [0, 510, 2829, 556], -15.685583114624023
    [0, 510, 2829, 275], -15.854467391967773
      [0, 510, 2829, 275, 253], -16.577587127685547
    [0, 510, 2829, 327], -15.967321395874023
      [0, 510, 2829, 327, 253], -16.424821853637695
    [0, 510, 2829, 13], -16.282140731811523
    [0, 510, 2829, 285], -16.861486434936523
  [0, 510, 310], -11.673906326293945
    [0, 510, 310, 247], -14.071691513061523
    [0, 510, 310, 253], -14.428869247436523
    [0, 510, 310, 326], -16.984411239624023
    [0, 510, 310, 275], -17.053808212280273
  [0, 510, 5101], -11.692094802856445
    [0, 510, 5101, 310], -12.836702346801758
      [0, 510, 5101, 310, 327], -15.922706604003906
        [0, 510, 5101, 310, 327, 253], -16.714017868041992
Best sequence so far: <|endoftext|>The sun is on the
      [0, 510, 5101, 310, 387], -16.016212463378906
      [0, 510, 5101, 310, 253], -16.093605041503906
      [0, 510, 5101, 310, 275], -16.460304260253906
      [0, 510, 5101, 310, 247], -16.599952697753906
    [0, 510, 5101, 556], -14.341890335083008
    [0, 510, 5101, 13], -15.618989944458008
    [0, 510, 5101, 285], -15.920930862426758
  [0, 510, 1708], -11.730424880981445
    [0, 510, 1708, 310], -14.736108779907227
    [0, 510, 1708, 275], -15.609643936157227
      [0, 510, 1708, 275, 253], -16.247314453125
    [0, 510, 1708, 285], -15.742578506469727
    [0, 510, 1708, 326], -15.930505752563477
    [0, 510, 1708, 327], -16.078149795532227
    [0, 510, 1708, 13], -16.345727920532227
    [0, 510, 1708, 387], -16.426538467407227
    [0, 510, 1708, 556], -16.597009658813477
  [0, 510, 387], -11.780473709106445
    [0, 510, 387, 253], -15.739103317260742
    [0, 510, 387, 251], -16.439298629760742
  [0, 510, 285], -11.790605545043945
    [0, 510, 285, 253], -15.412992477416992
  [0, 510, 2502], -11.827592849731445
    [0, 510, 2502, 1708], -15.273655891418457
    [0, 510, 2502, 285], -15.624974250793457
    [0, 510, 2502, 13], -16.32016372680664
  [0, 510, 4370], -11.850297927856445
    [0, 510, 4370, 310], -14.015243530273438
      [0, 510, 4370, 310, 247], -16.46784019470215
    [0, 510, 4370, 556], -14.909530639648438
    [0, 510, 4370, 13], -15.049850463867188
    [0, 510, 4370, 326], -15.355880737304688
    [0, 510, 4370, 285], -15.846786499023438
    [0, 510, 4370, 275], -16.032333374023438
  [0, 510, 260], -11.860979080200195
    [0, 510, 260, 725], -16.375011444091797
  [0, 510, 327], -11.862138748168945
    [0, 510, 327, 6204], -15.909517288208008
    [0, 510, 327, 253], -16.601289749145508
  [0, 510, 6858], -11.902421951293945
    [0, 510, 6858, 310], -14.150869369506836
    [0, 510, 6858, 556], -15.514577865600586
    [0, 510, 6858, 275], -15.854177474975586
      [0, 510, 6858, 275, 253], -16.568620681762695
    [0, 510, 6858, 13], -16.069692611694336
    [0, 510, 6858, 326], -16.088857650756836
    [0, 510, 6858, 309], -16.606557846069336
  [0, 510, 5603], -11.959917068481445
    [0, 510, 5603, 310], -13.514755249023438
      [0, 510, 5603, 310, 247], -15.93177604675293
    [0, 510, 5603, 556], -14.442306518554688
      [0, 510, 5603, 556, 247], -16.46888542175293
    [0, 510, 5603, 13], -14.704818725585938
    [0, 510, 5603, 275], -15.158615112304688
    [0, 510, 5603, 285], -15.772994995117188
    [0, 510, 5603, 387], -16.499618530273438
  [0, 510, 465], -11.983781814575195
  [0, 510, 2329], -12.114397048950195
    [0, 510, 2329, 310], -14.092903137207031
    [0, 510, 2329, 275], -15.123603820800781
      [0, 510, 2329, 275, 253], -15.98970890045166
    [0, 510, 2329, 556], -15.878303527832031
    [0, 510, 2329, 285], -16.57642364501953
  [0, 510, 2534], -12.196489334106445
    [0, 510, 2534, 310], -14.523309707641602
    [0, 510, 2534, 556], -16.1166934967041
  [0, 510, 281], -12.259721755981445
    [0, 510, 281, 1405], -15.733531951904297
    [0, 510, 281, 251], -16.145153045654297
  [0, 510, 5798], -12.288896560668945
    [0, 510, 5798, 310], -14.604780197143555
    [0, 510, 5798, 556], -15.427350997924805
    [0, 510, 5798, 13], -16.334760665893555
    [0, 510, 5798, 285], -16.361310958862305
  [0, 510, 4023], -12.605180740356445
    [0, 510, 4023, 310], -14.225544929504395
      [0, 510, 4023, 310, 275], -15.624578475952148
        [0, 510, 4023, 310, 275, 253], -16.162425994873047
Best sequence so far: <|endoftext|>The ball is in the
  [0, 510, 2206], -12.636980056762695
  [0, 510, 3511], -12.654924392700195
  [0, 510, 11755], -12.793962478637695
  [0, 510, 3345], -12.809221267700195
  [0, 510, 5202], -12.833086013793945
    [0, 510, 5202, 310], -14.979239463806152
  [0, 510, 476], -12.913652420043945
  [0, 510, 556], -12.917436599731445
    [0, 510, 556, 247], -15.877206802368164
  [0, 510, 8913], -13.043046951293945
    [0, 510, 8913, 327], -14.374917984008789
    [0, 510, 8913, 310], -15.159830093383789
  [0, 510, 10086], -13.085527420043945
  [0, 510, 1111], -13.107072830200195
  [0, 510, 745], -13.277910232543945
  [0, 510, 452], -13.282609939575195
    [0, 510, 452, 247], -15.24892807006836
  [0, 510, 521], -13.284257888793945
  [0, 510, 479], -13.375200271606445
  [0, 510, 3063], -13.424272537231445
    [0, 510, 3063, 310], -15.73908805847168
  [0, 510, 403], -13.429277420043945
  [0, 510, 255], -13.496294021606445
  [0, 510, 4882], -13.518144607543945
  [0, 510, 751], -13.596635818481445
  [0, 510, 249], -13.619035720825195
  [0, 510, 326], -13.880388259887695
  [0, 510, 1342], -13.904497146606445
  [0, 510, 690], -13.971391677856445
  [0, 510, 11012], -14.030229568481445
  [0, 510, 5254], -14.033037185668945
    [0, 510, 5254, 310], -16.118104934692383
  [0, 510, 263], -14.202348709106445
  [0, 510, 251], -14.361162185668945
  [0, 510, 66], -14.380571365356445
  [0, 510, 40096], -14.535844802856445
  [0, 510, 7938], -14.678117752075195
    [0, 510, 7938, 253], -16.141510009765625
  [0, 510, 3574], -14.716203689575195
  [0, 510, 10149], -14.741106033325195
    [0, 510, 10149, 281], -15.56279182434082
  [0, 510, 24740], -14.899248123168945
  [0, 510, 14709], -15.046220779418945
  [0, 510, 4496], -15.108476638793945
  [0, 510, 5430], -15.258012771606445
  [0, 510, 1106], -15.391313552856445
  [0, 510, 8231], -15.398210525512695
  [0, 510, 1625], -15.582475662231445
  [0, 510, 1257], -15.594316482543945
  [0, 510, 6613], -15.618852615356445
  [0, 510, 9047], -15.642778396606445
  [0, 510, 284], -15.649126052856445
  [0, 510, 661], -15.707963943481445
  [0, 510, 28580], -15.768877029418945
  [0, 510, 2427], -15.784502029418945
  [0, 510, 27287], -15.795122146606445
  [0, 510, 685], -15.818864822387695
  [0, 510, 1615], -15.901140213012695
  [0, 510, 2184], -15.929643630981445
  [0, 510, 24805], -16.016557693481445
  [0, 510, 3062], -16.035783767700195
  [0, 510, 601], -16.070207595825195
  [0, 510, 2577], -16.121538162231445
  [0, 510, 262], -16.148759841918945
[0, 42], -4.769343376159668
  [0, 42, 452], -7.282540321350098
    [0, 42, 452, 247], -9.418615341186523
      [0, 42, 452, 247, 1652], -13.73907470703125
      [0, 42, 452, 247, 1943], -14.5081787109375
      [0, 42, 452, 247, 767], -15.5689697265625
      [0, 42, 452, 247, 1984], -15.675537109375
      [0, 42, 452, 247, 6858], -15.82977294921875
      [0, 42, 452, 247, 1113], -15.98602294921875
    [0, 42, 452, 253], -11.424169540405273
    [0, 42, 452, 281], -11.486669540405273
    [0, 42, 452, 690], -12.221654891967773
    [0, 42, 452, 767], -12.382116317749023
    [0, 42, 452, 9047], -13.043615341186523
      [0, 42, 452, 9047, 253], -14.756218910217285
      [0, 42, 452, 9047, 247], -15.426935195922852
    [0, 42, 452, 13], -14.254491806030273
    [0, 42, 452, 275], -14.400304794311523
      [0, 42, 452, 275, 253], -15.787132263183594
    [0, 42, 452, 285], -14.580053329467773
    [0, 42, 452, 327], -14.593420028686523
    [0, 42, 452, 452], -14.662817001342773
    [0, 42, 452, 326], -14.710729598999023
    [0, 42, 452, 1652], -14.789037704467773
    [0, 42, 452, 387], -15.029088973999023
    [0, 42, 452, 2206], -15.109167098999023
    [0, 42, 452, 521], -15.31815242767334
    [0, 42, 452, 1029], -15.37015438079834
    [0, 42, 452, 310], -15.37210750579834
    [0, 42, 452, 8231], -15.53415584564209
    [0, 42, 452, 751], -15.76187801361084
    [0, 42, 452, 556], -15.78818416595459
    [0, 42, 452, 1943], -15.79691219329834
    [0, 42, 452, 3063], -15.98990535736084
    [0, 42, 452, 309], -16.020912170410156
  [0, 42, 476], -9.169930458068848
    [0, 42, 476, 452], -14.688894271850586
    [0, 42, 476, 13], -15.499258041381836
    [0, 42, 476, 285], -15.762380599975586
  [0, 42, 751], -10.004097938537598
    [0, 42, 751, 281], -11.678293228149414
      [0, 42, 751, 281, 452], -15.066850662231445
      [0, 42, 751, 281, 6008], -16.097368240356445
    [0, 42, 751, 253], -11.822519302368164
    [0, 42, 751, 326], -14.186105728149414
    [0, 42, 751, 247], -14.234506607055664
    [0, 42, 751, 4882], -15.917306900024414
    [0, 42, 751, 690], -15.972848892211914
    [0, 42, 751, 521], -16.053598403930664
    [0, 42, 751, 285], -16.140329360961914
  [0, 42, 251], -10.208199501037598
    [0, 42, 251, 285], -14.947253227233887
    [0, 42, 251, 262], -15.702136039733887
    [0, 42, 251, 13], -16.111621856689453
  [0, 42, 13], -10.505867958068848
    [0, 42, 13, 253], -13.111156463623047
    [0, 42, 13, 309], -14.599925994873047
      [0, 42, 13, 309, 13], -15.46829605102539
        [0, 42, 13, 309, 13, 309], -16.038923263549805
Best sequence so far: <|endoftext|>I, I, I
    [0, 42, 13, 247], -15.134899139404297
  [0, 42, 2427], -11.004586219787598
    [0, 42, 2427, 281], -11.60887622833252
      [0, 42, 2427, 281, 253], -13.083874702453613
      [0, 42, 2427, 281, 247], -13.622937202453613
    [0, 42, 2427, 327], -14.27342700958252
      [0, 42, 2427, 327, 247], -15.379006385803223
    [0, 42, 2427, 715], -15.08153247833252
    [0, 42, 2427, 285], -15.11229419708252
    [0, 42, 2427, 275], -15.20360279083252
  [0, 42, 601], -11.231392860412598
    [0, 42, 601, 2858], -15.18027400970459
  [0, 42, 285], -11.497628211975098
    [0, 42, 285, 309], -13.553951263427734
    [0, 42, 285, 253], -14.138729095458984
    [0, 42, 285, 247], -15.303768157958984
    [0, 42, 285, 521], -15.714412689208984
  [0, 42, 9047], -11.762703895568848
    [0, 42, 9047, 253], -13.201345443725586
    [0, 42, 9047, 247], -14.102407455444336
  [0, 42, 310], -12.082161903381348
    [0, 42, 310, 247], -13.63540267944336
    [0, 42, 310, 253], -14.66671371459961
  [0, 42, 1342], -12.194161415100098
    [0, 42, 1342, 66], -15.235980987548828
  [0, 42, 556], -12.370797157287598
    [0, 42, 556, 247], -14.387847900390625
  [0, 42, 403], -12.583260536193848
    [0, 42, 403, 247], -15.414087295532227
  [0, 42, 2206], -12.599373817443848
    [0, 42, 2206, 275], -14.806625366210938
      [0, 42, 2206, 275, 253], -15.704541206359863
    [0, 42, 2206, 387], -15.288864135742188
    [0, 42, 2206, 327], -15.321090698242188
  [0, 42, 249], -12.736031532287598
  [0, 42, 309], -12.803414344787598
    [0, 42, 309, 309], -15.270291328430176
      [0, 42, 309, 309, 309], -15.491416931152344
        [0, 42, 309, 309, 309, 309], -15.77954387664795
Best sequence so far: <|endoftext|>I I I I I
  [0, 42, 66], -12.847237586975098
  [0, 42, 262], -12.958809852600098
  [0, 42, 253], -12.987130165100098
  [0, 42, 281], -12.992623329162598
  [0, 42, 387], -13.058663368225098
    [0, 42, 387, 253], -14.723663330078125
  [0, 42, 1405], -13.088875770568848
  [0, 42, 9802], -13.117867469787598
  [0, 42, 255], -13.144356727600098
  [0, 42, 247], -13.298348426818848
  [0, 42, 284], -13.308236122131348
  [0, 42, 248], -13.410286903381348
  [0, 42, 275], -13.412606239318848
    [0, 42, 275, 253], -15.534920692443848
  [0, 42, 263], -13.459542274475098
  [0, 42, 1615], -13.504464149475098
  [0, 42, 42], -13.505257606506348
  [0, 42, 6008], -13.513863563537598
  [0, 42, 936], -13.552681922912598
  [0, 42, 2369], -13.564339637756348
  [0, 42, 327], -13.573922157287598
    [0, 42, 327, 253], -15.365328788757324
  [0, 42, 531], -13.700692176818848
  [0, 42, 8231], -13.818428993225098
    [0, 42, 8231, 253], -15.660396575927734
  [0, 42, 5092], -13.822213172912598
  [0, 42, 2577], -13.828194618225098
  [0, 42, 6309], -13.857369422912598
  [0, 42, 788], -13.981026649475098
  [0, 42, 260], -13.986641883850098
  [0, 42, 664], -14.004158973693848
  [0, 42, 484], -14.005135536193848
  [0, 42, 14428], -14.069405555725098
  [0, 42, 3022], -14.087716102600098
  [0, 42, 2887], -14.135994911193848
  [0, 42, 9846], -14.161934852600098
  [0, 42, 1257], -14.163460731506348
  [0, 42, 3088], -14.222298622131348
  [0, 42, 783], -14.223458290100098
  [0, 42, 510], -14.258675575256348
  [0, 42, 3063], -14.298287391662598
  [0, 42, 2184], -14.349434852600098
  [0, 42, 28206], -14.491280555725098
    [0, 42, 28206, 281], -15.524900436401367
  [0, 42, 1171], -14.569039344787598
  [0, 42, 18959], -14.576851844787598
  [0, 42, 12756], -14.585274696350098
  [0, 42, 338], -14.655343055725098
  [0, 42, 326], -14.704293251037598
  [0, 42, 661], -14.708809852600098
    [0, 42, 661, 66], -15.344975471496582
  [0, 42, 4496], -14.713143348693848
  [0, 42, 395], -14.844002723693848
  [0, 42, 465], -15.004769325256348
  [0, 42, 2858], -15.013741493225098
  [0, 42, 1231], -15.107369422912598
  [0, 42, 2327], -15.122506141662598
  [0, 42, 1147], -15.260689735412598
  [0, 42, 10383], -15.277047157287598
  [0, 42, 455], -15.282967567443848
  [0, 42, 1439], -15.314156532287598
  [0, 42, 3113], -15.395638465881348
  [0, 42, 1984], -15.409737586975098
  [0, 42, 1542], -15.436287879943848
  [0, 42, 1652], -15.441231727600098
  [0, 42, 4714], -15.443245887756348
  [0, 42, 635], -15.491646766662598
  [0, 42, 3220], -15.507882118225098
  [0, 42, 1201], -15.567452430725098
  [0, 42, 1625], -15.574349403381348
  [0, 42, 1113], -15.574654579162598
  [0, 42, 5804], -15.596932411193848
  [0, 42, 5371], -15.679635047912598
  [0, 42, 479], -15.720528602600098
  [0, 42, 1106], -15.745186805725098
  [0, 42, 953], -15.758492469787598
[0, 1231], -5.228205680847168
  [0, 1231, 403], -6.997640609741211
    [0, 1231, 403, 247], -9.265728950500488
      [0, 1231, 403, 247, 1029], -15.319866180419922
      [0, 1231, 403, 247, 1652], -15.520183563232422
    [0, 1231, 403, 275], -10.801373481750488
      [0, 1231, 403, 275, 253], -11.45391845703125
      [0, 1231, 403, 275, 247], -12.939208984375
    [0, 1231, 403, 253], -10.969830513000488
    [0, 1231, 403, 327], -12.606916427612305
      [0, 1231, 403, 327, 253], -13.744331359863281
      [0, 1231, 403, 327, 247], -14.179389953613281
    [0, 1231, 403, 387], -12.611005783081055
      [0, 1231, 403, 387, 253], -13.408353805541992
      [0, 1231, 403, 387, 247], -14.405851364135742
    [0, 1231, 403, 281], -13.518049240112305
    [0, 1231, 403, 285], -13.874616622924805
    [0, 1231, 403, 13], -13.951276779174805
    [0, 1231, 403, 3063], -13.995649337768555
    [0, 1231, 403, 767], -14.037397384643555
    [0, 1231, 403, 326], -14.476484298706055
    [0, 1231, 403, 4882], -14.562849044799805
    [0, 1231, 403, 715], -15.032697677612305
    [0, 1231, 403, 745], -15.085615158081055
      [0, 1231, 403, 745, 281], -15.584957122802734
    [0, 1231, 403, 751], -15.328901290893555
    [0, 1231, 403, 1943], -15.606367111206055
    [0, 1231, 403, 3345], -15.770856857299805
  [0, 1231, 452], -7.560506820678711
    [0, 1231, 452, 247], -9.641532897949219
      [0, 1231, 452, 247, 1652], -14.605822563171387
      [0, 1231, 452, 247, 1943], -14.729907035827637
      [0, 1231, 452, 247, 1029], -15.554614067077637
    [0, 1231, 452, 253], -10.996513366699219
    [0, 1231, 452, 690], -11.892936706542969
    [0, 1231, 452, 767], -12.090995788574219
    [0, 1231, 452, 281], -12.598136901855469
    [0, 1231, 452, 275], -14.283988952636719
    [0, 1231, 452, 1029], -14.444389343261719
    [0, 1231, 452, 13], -14.491813659667969
    [0, 1231, 452, 327], -14.671318054199219
    [0, 1231, 452, 387], -14.792289733886719
    [0, 1231, 452, 285], -15.036796569824219
    [0, 1231, 452, 326], -15.108024597167969
    [0, 1231, 452, 9047], -15.316947937011719
    [0, 1231, 452, 1652], -15.484184265136719
    [0, 1231, 452, 1943], -15.570304870605469
    [0, 1231, 452, 3063], -15.586723327636719
    [0, 1231, 452, 8231], -15.687553405761719
  [0, 1231, 476], -9.548238754272461
    [0, 1231, 476, 452], -14.370118141174316
    [0, 1231, 476, 13], -15.628235816955566
    [0, 1231, 476, 285], -15.657715797424316
  [0, 1231, 13], -10.471944808959961
    [0, 1231, 13, 253], -11.225469589233398
    [0, 1231, 13, 387], -12.942449569702148
      [0, 1231, 13, 387, 253], -14.504227638244629
    [0, 1231, 13, 285], -14.488348007202148
    [0, 1231, 13, 751], -14.986822128295898
    [0, 1231, 13, 275], -15.061773300170898
    [0, 1231, 13, 452], -15.288091659545898
  [0, 1231, 387], -11.140707015991211
    [0, 1231, 387, 253], -14.325031280517578
  [0, 1231, 285], -11.811483383178711
    [0, 1231, 285, 253], -14.42650318145752
  [0, 1231, 751], -12.339437484741211
    [0, 1231, 751, 281], -13.47508430480957
    [0, 1231, 751, 253], -14.48704719543457
  [0, 1231, 253], -12.604207992553711
  [0, 1231, 249], -12.634542465209961
  [0, 1231, 2427], -12.714742660522461
    [0, 1231, 2427, 281], -13.460129737854004
      [0, 1231, 2427, 281, 253], -14.768499374389648
      [0, 1231, 2427, 281, 247], -15.468328475952148
  [0, 1231, 275], -12.856588363647461
    [0, 1231, 275, 253], -13.573470115661621
  [0, 1231, 310], -12.985494613647461
    [0, 1231, 310, 247], -14.621091842651367
    [0, 1231, 310, 253], -15.452939987182617
  [0, 1231, 327], -13.368307113647461
    [0, 1231, 327, 253], -14.92364501953125
  [0, 1231, 2206], -13.583700180053711
  [0, 1231, 9802], -13.739156723022461
  [0, 1231, 9047], -13.765462875366211
    [0, 1231, 9047, 253], -15.267565727233887
  [0, 1231, 262], -13.832967758178711
  [0, 1231, 247], -13.960531234741211
  [0, 1231, 3063], -13.962545394897461
  [0, 1231, 251], -14.029256820678711
  [0, 1231, 1615], -14.160177230834961
  [0, 1231, 66], -14.348836898803711
  [0, 1231, 556], -14.380331039428711
  [0, 1231, 6008], -14.633687973022461
  [0, 1231, 309], -14.659566879272461
  [0, 1231, 248], -14.727987289428711
  [0, 1231, 9846], -14.740682601928711
  [0, 1231, 255], -14.847311019897461
  [0, 1231, 326], -14.863485336303711
  [0, 1231, 455], -14.949483871459961
  [0, 1231, 281], -14.961385726928711
  [0, 1231, 8231], -15.019430160522461
  [0, 1231, 1568], -15.087240219116211
  [0, 1231, 284], -15.102682113647461
  [0, 1231, 788], -15.134908676147461
  [0, 1231, 2327], -15.257162094116211
  [0, 1231, 6309], -15.429830551147461
  [0, 1231, 8913], -15.463644027709961
  [0, 1231, 745], -15.533651351928711
  [0, 1231, 4496], -15.617635726928711
  [0, 1231, 1984], -15.629110336303711
  [0, 1231, 767], -15.663167953491211
  [0, 1231, 5430], -15.665975570678711
  [0, 1231, 1625], -15.700521469116211
  [0, 1231, 1257], -15.711568832397461
  [0, 1231, 1342], -15.776815414428711
[0, 1147], -5.545649528503418
  [0, 1147, 310], -7.049117565155029
    [0, 1147, 310, 247], -9.065468788146973
      [0, 1147, 310, 247, 3511], -14.28671932220459
      [0, 1147, 310, 247, 1943], -14.34018611907959
      [0, 1147, 310, 247, 1652], -15.04953670501709
      [0, 1147, 310, 247, 1029], -15.19632625579834
      [0, 1147, 310, 247, 2165], -15.54721736907959
    [0, 1147, 310, 253], -10.614663124084473
    [0, 1147, 310, 281], -12.327187538146973
      [0, 1147, 310, 281, 253], -15.024538040161133
    [0, 1147, 310, 13], -12.413735389709473
      [0, 1147, 310, 13, 275], -15.109002113342285
      [0, 1147, 310, 13, 285], -15.758782386779785
    [0, 1147, 310, 275], -13.099221229553223
      [0, 1147, 310, 275, 253], -14.124412536621094
    [0, 1147, 310, 326], -13.732949256896973
    [0, 1147, 310, 387], -14.176247596740723
      [0, 1147, 310, 387, 253], -15.431438446044922
    [0, 1147, 310, 3063], -14.454506874084473
    [0, 1147, 310, 521], -14.455117225646973
    [0, 1147, 310, 327], -14.467568397521973
      [0, 1147, 310, 327, 253], -15.562148094177246
    [0, 1147, 310, 285], -14.967812538146973
    [0, 1147, 310, 690], -15.042946815490723
    [0, 1147, 310, 310], -15.055948257446289
    [0, 1147, 310, 479], -15.258951187133789
    [0, 1147, 310, 309], -15.445230484008789
  [0, 1147, 556], -8.328842163085938
    [0, 1147, 556, 281], -12.897653579711914
    [0, 1147, 556, 247], -13.074533462524414
    [0, 1147, 556, 13], -14.551279067993164
    [0, 1147, 556, 253], -15.155405044555664
    [0, 1147, 556, 275], -15.497385025024414
  [0, 1147, 476], -10.528244018554688
  [0, 1147, 13], -12.625534057617188
    [0, 1147, 13, 310], -15.210759162902832
    [0, 1147, 13, 253], -15.609318733215332
  [0, 1147, 285], -13.213790893554688
    [0, 1147, 285, 253], -15.207289695739746
  [0, 1147, 2427], -13.307968139648438
  [0, 1147, 253], -13.831954956054688
  [0, 1147, 247], -13.870529174804688
  [0, 1147, 452], -13.946578979492188
  [0, 1147, 309], -13.958786010742188
  [0, 1147, 6613], -14.014266967773438
  [0, 1147, 403], -14.072433471679688
  [0, 1147, 275], -14.174118041992188
  [0, 1147, 281], -14.492660522460938
  [0, 1147, 326], -14.774581909179688
  [0, 1147, 327], -14.961532592773438
  [0, 1147, 387], -15.042770385742188
  [0, 1147, 3063], -15.280746459960938
[0, 3220], -6.022395133972168
  [0, 3220, 1652], -12.132802963256836
  [0, 3220, 13], -12.419485092163086
    [0, 3220, 13, 309], -15.687101364135742
  [0, 3220, 767], -12.454519271850586
  [0, 3220, 1984], -12.628164291381836
    [0, 3220, 1984, 310], -14.342206954956055
    [0, 3220, 1984, 13], -15.297346115112305
  [0, 3220, 5798], -12.765615463256836
    [0, 3220, 5798, 310], -14.507640838623047
    [0, 3220, 5798, 556], -15.043834686279297
    [0, 3220, 5798, 13], -15.725536346435547
  [0, 3220, 4370], -12.902822494506836
    [0, 3220, 4370, 310], -14.769746780395508
    [0, 3220, 4370, 556], -15.559114456176758
  [0, 3220, 1113], -13.031789779663086
    [0, 3220, 1113, 310], -14.467371940612793
    [0, 3220, 1113, 556], -15.510584831237793
  [0, 3220, 1943], -13.166372299194336
  [0, 3220, 253], -13.326772689819336
  [0, 3220, 465], -13.363271713256836
  [0, 3220, 6858], -13.439382553100586
    [0, 3220, 6858, 310], -14.82874870300293
  [0, 3220, 251], -13.474416732788086
  [0, 3220, 285], -13.661672592163086
  [0, 3220, 247], -13.707632064819336
  [0, 3220, 281], -13.726736068725586
  [0, 3220, 1171], -13.749685287475586
  [0, 3220, 327], -13.811391830444336
  [0, 3220, 275], -13.959035873413086
  [0, 3220, 310], -13.979360580444336
    [0, 3220, 310, 247], -15.575981140136719
    [0, 3220, 310, 253], -15.625419616699219
  [0, 3220, 2165], -14.020986557006836
    [0, 3220, 2165, 310], -15.228395462036133
  [0, 3220, 1029], -14.03581714630127
  [0, 3220, 309], -14.18327808380127
  [0, 3220, 66], -14.20671558380127
  [0, 3220, 260], -14.44731616973877
  [0, 3220, 452], -14.48436450958252
  [0, 3220, 249], -14.64091968536377
  [0, 3220, 783], -14.73729419708252
  [0, 3220, 531], -14.90746021270752
  [0, 3220, 255], -14.92845630645752
  [0, 3220, 601], -14.96654224395752
  [0, 3220, 1201], -14.98363208770752
  [0, 3220, 2360], -15.01128101348877
  [0, 3220, 284], -15.05540943145752
  [0, 3220, 262], -15.09154224395752
  [0, 3220, 2502], -15.10033130645752
  [0, 3220, 387], -15.13353443145752
  [0, 3220, 2829], -15.19957447052002
  [0, 3220, 556], -15.24699878692627
  [0, 3220, 1111], -15.30272388458252
  [0, 3220, 690], -15.30394458770752
  [0, 3220, 936], -15.36974048614502
  [0, 3220, 3511], -15.40440845489502
  [0, 3220, 1342], -15.41020679473877
  [0, 3220, 476], -15.42455005645752
  [0, 3220, 3063], -15.51793384552002
  [0, 3220, 5371], -15.56773853302002
  [0, 3220, 510], -15.60051441192627
  [0, 3220, 7053], -15.64342212677002
  [0, 3220, 5202], -15.64543628692627
  [0, 3220, 745], -15.66185474395752
  [0, 3220, 11755], -15.69957447052002
  [0, 3220, 42], -15.70488452911377
  [0, 3220, 338], -15.70750904083252
  [0, 3220, 4882], -15.71983814239502
[0, 1328], -6.449152946472168
  [0, 1328, 310], -9.467044830322266
    [0, 1328, 310, 247], -11.08454704284668
    [0, 1328, 310, 253], -11.25330924987793
    [0, 1328, 310, 275], -13.96973991394043
      [0, 1328, 310, 275, 253], -15.273368835449219
    [0, 1328, 310, 281], -14.52979850769043
    [0, 1328, 310, 327], -14.91322135925293
    [0, 1328, 310, 13], -15.00538444519043
    [0, 1328, 310, 387], -15.15882682800293
  [0, 1328, 556], -10.054508209228516
    [0, 1328, 556, 247], -12.551111221313477
    [0, 1328, 556, 253], -14.019617080688477
    [0, 1328, 556, 767], -15.466943740844727
    [0, 1328, 556, 281], -15.585779190063477
    [0, 1328, 556, 13], -15.702783584594727
  [0, 1328, 249], -11.326786041259766
  [0, 1328, 476], -11.542423248291016
  [0, 1328, 285], -11.957889556884766
    [0, 1328, 285, 521], -13.186867713928223
    [0, 1328, 285, 253], -14.792824745178223
    [0, 1328, 285, 309], -15.456032752990723
  [0, 1328, 248], -12.472476959228516
    [0, 1328, 248, 13], -13.89477825164795
    [0, 1328, 248, 248], -15.6924467086792
  [0, 1328, 13], -12.595584869384766
    [0, 1328, 13, 253], -14.388364791870117
  [0, 1328, 2427], -13.025516510009766
    [0, 1328, 2427, 281], -14.151091575622559
      [0, 1328, 2427, 281, 253], -15.719169616699219
    [0, 1328, 2427, 327], -15.481596946716309
      [0, 1328, 2427, 327, 281], -15.769854545593262
  [0, 1328, 66], -13.029666900634766
  [0, 1328, 262], -13.258060455322266
  [0, 1328, 1257], -13.850284576416016
  [0, 1328, 255], -13.891239166259766
  [0, 1328, 284], -13.952335357666016
  [0, 1328, 338], -13.955753326416016
  [0, 1328, 247], -14.184329986572266
  [0, 1328, 2206], -14.188358306884766
  [0, 1328, 253], -14.188480377197266
  [0, 1328, 275], -14.320987701416016
  [0, 1328, 309], -14.481143951416016
  [0, 1328, 326], -14.524478912353516
  [0, 1328, 263], -15.004642486572266
  [0, 1328, 281], -15.043827056884766
  [0, 1328, 395], -15.064884185791016
  [0, 1328, 452], -15.169376373291016
  [0, 1328, 9047], -15.224246978759766
  [0, 1328, 1615], -15.224796295166016
  [0, 1328, 251], -15.284976959228516
  [0, 1328, 8231], -15.306766510009766
  [0, 1328, 664], -15.387027740478516
  [0, 1328, 531], -15.424076080322266
  [0, 1328, 387], -15.433841705322266
  [0, 1328, 1342], -15.456790924072266
  [0, 1328, 661], -15.542545318603516
  [0, 1328, 6613], -15.593753814697266
  [0, 1328, 327], -15.651615142822266
  [0, 1328, 953], -15.719303131103516
  [0, 1328, 260], -15.724063873291016
  [0, 1328, 379], -15.766422271728516
[0, 5804], -7.113947868347168
  [0, 5804, 309], -9.888072967529297
    [0, 5804, 309, 452], -13.506487846374512
      [0, 5804, 309, 452, 247], -14.635936737060547
  [0, 5804, 253], -10.536571502685547
  [0, 5804, 247], -10.684642791748047
  [0, 5804, 251], -10.694469451904297
    [0, 5804, 251, 310], -15.343819618225098
    [0, 5804, 251, 556], -15.512154579162598
    [0, 5804, 251, 13], -15.589547157287598
  [0, 5804, 690], -13.673656463623047
  [0, 5804, 13], -13.963939666748047
  [0, 5804, 285], -14.297191619873047
  [0, 5804, 284], -14.434703826904297
  [0, 5804, 263], -14.447521209716797
  [0, 5804, 664], -14.552440643310547
  [0, 5804, 262], -14.713085174560547
  [0, 5804, 249], -14.788951873779297
  [0, 5804, 326], -14.801647186279297
  [0, 5804, 455], -14.869335174560547
  [0, 5804, 310], -15.011302947998047
  [0, 5804, 66], -15.012401580810547
  [0, 5804, 531], -15.084362030029297
  [0, 5804, 5658], -15.099925994873047
  [0, 5804, 42], -15.299756050109863
  [0, 5804, 1615], -15.305554389953613
  [0, 5804, 260], -15.306958198547363
  [0, 5804, 255], -15.367016792297363
  [0, 5804, 767], -15.629773139953613
  [0, 5804, 275], -15.703076362609863
  [0, 5804, 479], -15.736279487609863
  [0, 5804, 281], -15.758984565734863
[0, 3726], -7.858149528503418
  [0, 3726, 403], -9.79063892364502
    [0, 3726, 403, 253], -12.225068092346191
    [0, 3726, 403, 247], -12.630219459533691
    [0, 3726, 403, 275], -14.136078834533691
      [0, 3726, 403, 275, 253], -15.462529182434082
    [0, 3726, 403, 13], -14.970490455627441
    [0, 3726, 403, 327], -15.202973365783691
    [0, 3726, 403, 387], -15.285492897033691
    [0, 3726, 403, 281], -15.437592506408691
    [0, 3726, 403, 751], -15.579316139221191
    [0, 3726, 403, 767], -15.734955787658691
    [0, 3726, 403, 690], -15.751252174377441
  [0, 3726, 452], -10.67644214630127
    [0, 3726, 452, 247], -13.200800895690918
    [0, 3726, 452, 253], -14.025080680847168
    [0, 3726, 452, 281], -14.438715934753418
  [0, 3726, 476], -12.20641040802002
  [0, 3726, 2427], -13.73558521270752
    [0, 3726, 2427, 281], -15.01192855834961
  [0, 3726, 13], -14.15569019317627
  [0, 3726, 285], -14.34654712677002
  [0, 3726, 751], -14.75713062286377
  [0, 3726, 275], -15.62981128692627
  [0, 3726, 253], -15.66667652130127
  [0, 3726, 6008], -15.70506763458252
[0, 4064], -7.860041618347168
  [0, 4064, 253], -12.396050453186035
  [0, 4064, 465], -12.580498695373535
  [0, 4064, 260], -12.673394203186035
  [0, 4064, 247], -14.383294105529785
  [0, 4064, 1111], -15.064080238342285
  [0, 4064, 521], -15.148308753967285
  [0, 4064, 326], -15.317925453186035
  [0, 4064, 310], -15.476555824279785
  [0, 4064, 479], -15.645745277404785
[0, 2993], -7.864008903503418
  [0, 2993, 310], -10.265730857849121
    [0, 2993, 310, 247], -11.649980545043945
    [0, 2993, 310, 253], -12.024248123168945
    [0, 2993, 310, 275], -14.699785232543945
    [0, 2993, 310, 281], -15.606401443481445
  [0, 2993, 556], -11.297224998474121
    [0, 2993, 556, 247], -13.459222793579102
    [0, 2993, 556, 253], -15.005792617797852
  [0, 2993, 476], -12.691267967224121
  [0, 2993, 66], -12.846419334411621
  [0, 2993, 285], -13.273604393005371
  [0, 2993, 13], -13.462264060974121
    [0, 2993, 13, 253], -15.060829162597656
  [0, 2993, 249], -13.650618553161621
  [0, 2993, 2427], -13.763106346130371
    [0, 2993, 2427, 281], -15.061939239501953
  [0, 2993, 248], -13.808943748474121
  [0, 2993, 1342], -14.880293846130371
  [0, 2993, 2577], -15.010054588317871
  [0, 2993, 247], -15.090071678161621
  [0, 2993, 1257], -15.174422264099121
  [0, 2993, 2206], -15.216048240661621
  [0, 2993, 275], -15.285872459411621
  [0, 2993, 309], -15.363692283630371
  [0, 2993, 9047], -15.561812400817871
  [0, 2993, 664], -15.676314353942871
  [0, 2993, 2265], -15.687361717224121
  [0, 2993, 8231], -15.722945213317871
[0, 783], -7.908991813659668
  [0, 783, 1943], -13.905652046203613
  [0, 783, 2165], -14.118664741516113
  [0, 783, 767], -14.413403511047363
  [0, 783, 1984], -14.443737983703613
  [0, 783, 13], -14.546277046203613
  [0, 783, 253], -14.605603218078613
  [0, 783, 285], -14.850476264953613
  [0, 783, 275], -14.934460639953613
  [0, 783, 1029], -14.981823921203613
  [0, 783, 465], -15.047680854797363
  [0, 783, 11755], -15.110547065734863
  [0, 783, 1652], -15.146130561828613
  [0, 783, 247], -15.356396675109863
  [0, 783, 1113], -15.368298530578613
  [0, 783, 260], -15.463696479797363
  [0, 783, 310], -15.499951362609863
  [0, 783, 6440], -15.516125679016113
  [0, 783, 327], -15.683972358703613
  [0, 783, 2502], -15.686291694641113
  [0, 783, 4370], -15.691235542297363
  [0, 783, 531], -15.767834663391113
[0, 1615], -7.950678825378418
  [0, 1615, 253], -13.023523330688477
  [0, 1615, 309], -13.970178604125977
  [0, 1615, 285], -15.212366104125977
  [0, 1615, 13], -15.622766494750977
[0, 13], -8.229853630065918
  [0, 13, 253], -13.302188873291016
  [0, 13, 465], -13.327335357666016
    [0, 13, 465, 275], -15.284833908081055
    [0, 13, 465, 13], -15.466840744018555
  [0, 13, 247], -13.582218170166016
  [0, 13, 260], -13.840641021728516
  [0, 13, 281], -13.965946197509766
  [0, 13, 285], -14.325687408447266
  [0, 13, 275], -14.597232818603516
  [0, 13, 310], -15.150150299072266
  [0, 13, 387], -15.277347564697266
  [0, 13, 309], -15.498538970947266
[0, 66], -8.900324821472168
  [0, 66, 13], -13.475639343261719
  [0, 66, 1652], -14.494499206542969
  [0, 66, 285], -14.521842956542969
  [0, 66, 275], -14.792289733886719
  [0, 66, 310], -14.965080261230469
  [0, 66, 281], -15.298332214355469
  [0, 66, 253], -15.365959167480469
  [0, 66, 326], -15.422294616699219
[0, 664], -9.006831169128418
  [0, 664, 403], -10.467509269714355
    [0, 664, 403, 247], -13.508460998535156
    [0, 664, 403, 253], -14.108009338378906
    [0, 664, 403, 275], -14.636085510253906
    [0, 664, 403, 327], -15.136512756347656
  [0, 664, 452], -11.288493156433105
    [0, 664, 452, 247], -12.927230834960938
    [0, 664, 452, 253], -14.296310424804688
    [0, 664, 452, 281], -15.248153686523438
    [0, 664, 452, 690], -15.313522338867188
    [0, 664, 452, 767], -15.496078491210938
  [0, 664, 476], -12.514140129089355
  [0, 664, 13], -14.826273918151855
  [0, 664, 285], -14.963969230651855
  [0, 664, 310], -15.535014152526855
[0, 22529], -9.042170524597168
  [0, 22529, 253], -11.84929370880127
  [0, 22529, 327], -11.91173267364502
    [0, 22529, 327, 253], -13.210411071777344
  [0, 22529, 745], -13.27904224395752
    [0, 22529, 745, 253], -14.364255905151367
  [0, 22529, 483], -13.53880786895752
  [0, 22529, 281], -13.56602954864502
    [0, 22529, 281, 253], -14.598042488098145
  [0, 22529, 715], -13.77031421661377
    [0, 22529, 715, 247], -14.546381950378418
  [0, 22529, 247], -14.29948902130127
  [0, 22529, 251], -14.56017017364502
  [0, 22529, 249], -14.69310474395752
  [0, 22529, 484], -14.76256275177002
  [0, 22529, 275], -14.87450122833252
  [0, 22529, 285], -14.89195728302002
  [0, 22529, 13], -15.15105152130127
  [0, 22529, 10383], -15.21678638458252
  [0, 22529, 479], -15.73985767364502
  [0, 22529, 326], -15.75975513458252
[0, 395], -9.057246208190918
  [0, 395, 310], -12.388710975646973
    [0, 395, 310, 247], -14.992481231689453
    [0, 395, 310, 253], -15.127552032470703
  [0, 395, 281], -12.839272499084473
    [0, 395, 281, 253], -15.141551971435547
  [0, 395, 275], -12.914528846740723
    [0, 395, 275, 253], -14.74090576171875
    [0, 395, 275, 247], -15.61224365234375
  [0, 395, 253], -12.939797401428223
  [0, 395, 247], -13.509926795959473
  [0, 395, 403], -13.613686561584473
  [0, 395, 13], -13.913613319396973
  [0, 395, 309], -14.036782264709473
  [0, 395, 326], -14.124123573303223
  [0, 395, 690], -14.558571815490723
  [0, 395, 387], -14.627358436584473
  [0, 395, 285], -14.633950233459473
  [0, 395, 452], -14.672463417053223
  [0, 395, 327], -14.709023475646973
  [0, 395, 476], -14.731057167053223
  [0, 395, 556], -15.333779335021973
  [0, 395, 260], -15.390480995178223
  [0, 395, 767], -15.478066444396973
[0, 1826], -9.227412223815918
  [0, 1826, 281], -14.993574142456055
  [0, 1826, 285], -15.189558029174805
  [0, 1826, 275], -15.250288009643555
  [0, 1826, 247], -15.491559982299805
  [0, 1826, 1113], -15.556806564331055
  [0, 1826, 13], -15.673322677612305
  [0, 1826, 260], -15.704450607299805
[0, 285], -9.262080192565918
  [0, 285, 260], -13.490710258483887
  [0, 285, 465], -14.192126274108887
  [0, 285, 247], -14.418444633483887
  [0, 285, 253], -14.512743949890137
  [0, 285, 310], -14.925036430358887
  [0, 285, 387], -15.575854301452637
[0, 2520], -9.344965934753418
  [0, 2520, 310], -10.308518409729004
    [0, 2520, 310, 247], -11.839105606079102
    [0, 2520, 310, 253], -12.279047012329102
    [0, 2520, 310, 751], -15.515253067016602
    [0, 2520, 310, 690], -15.718988418579102
    [0, 2520, 310, 281], -15.751092910766602
  [0, 2520, 285], -13.919480323791504
  [0, 2520, 556], -14.108139991760254
  [0, 2520, 2165], -14.740647315979004
  [0, 2520, 476], -14.828843116760254
  [0, 2520, 275], -15.358384132385254
  [0, 2520, 1984], -15.403550148010254
  [0, 2520, 13], -15.571213722229004
[0, 5430], -9.366145133972168
  [0, 5430, 281], -11.066156387329102
  [0, 5430, 476], -11.679925918579102
    [0, 5430, 476, 309], -14.17318344116211
  [0, 5430, 253], -13.891412734985352
  [0, 5430, 309], -14.000909805297852
  [0, 5430, 310], -14.112360000610352
  [0, 5430, 403], -14.931024551391602
  [0, 5430, 936], -15.461053848266602
  [0, 5430, 3088], -15.652826309204102
[0, 262], -9.367243766784668
  [0, 262, 310], -10.2329683303833
    [0, 262, 310, 247], -12.508988380432129
    [0, 262, 310, 253], -13.385941505432129
    [0, 262, 310, 275], -15.408768653869629
  [0, 262, 556], -12.990718841552734
  [0, 262, 476], -13.458553314208984
  [0, 262, 403], -15.346370697021484
  [0, 262, 13], -15.621578216552734
[0, 338], -9.388667106628418
  [0, 338, 253], -14.982431411743164
  [0, 338, 310], -15.048349380493164
  [0, 338, 309], -15.252756118774414
  [0, 338, 285], -15.657052993774414
[0, 10383], -9.395442008972168
  [0, 10383, 479], -12.15902328491211
    [0, 10383, 479, 285], -15.370113372802734
  [0, 10383, 253], -12.20541000366211
  [0, 10383, 281], -14.96792221069336
  [0, 10383, 13], -15.06093978881836
  [0, 10383, 285], -15.21358871459961
  [0, 10383, 247], -15.46535873413086
  [0, 10383, 326], -15.68410873413086
  [0, 10383, 275], -15.73049545288086
[0, 248], -9.502497673034668
  [0, 248, 310], -12.882413864135742
  [0, 248, 275], -14.793363571166992
  [0, 248, 285], -14.823331832885742
  [0, 248, 281], -14.884244918823242
  [0, 248, 326], -15.265897750854492
  [0, 248, 248], -15.277982711791992
  [0, 248, 13], -15.305875778198242
  [0, 248, 247], -15.433805465698242
[0, 3113], -9.505122184753418
  [0, 3113, 253], -12.083745956420898
  [0, 3113, 247], -13.947698593139648
  [0, 3113, 479], -14.799444198608398
  [0, 3113, 326], -15.591741561889648
[0, 309], -9.528925895690918
  [0, 309, 452], -11.888834953308105
    [0, 309, 452, 247], -13.516814231872559
    [0, 309, 452, 281], -15.478240013122559
    [0, 309, 452, 253], -15.505034446716309
  [0, 309, 476], -13.255290031433105
  [0, 309, 13], -14.825846672058105
  [0, 309, 310], -15.694254875183105
  [0, 309, 601], -15.720988273620605
[0, 1542], -9.552668571472168
  [0, 1542, 253], -12.790199279785156
  [0, 1542, 247], -13.774940490722656
  [0, 1542, 465], -13.866615295410156
    [0, 1542, 465, 275], -14.255412101745605
    [0, 1542, 465, 13], -15.572428703308105
  [0, 1542, 260], -14.630043029785156
    [0, 1542, 260, 275], -14.987964630126953
  [0, 1542, 479], -14.924232482910156
  [0, 1542, 285], -15.320838928222656
  [0, 1542, 690], -15.545570373535156
[0, 263], -9.588496208190918
  [0, 263, 275], -13.584651947021484
  [0, 263, 310], -13.717952728271484
  [0, 263, 253], -13.796138763427734
  [0, 263, 247], -13.868282318115234
  [0, 263, 281], -14.576168060302734
  [0, 263, 13], -14.667842864990234
  [0, 263, 403], -14.872005462646484
  [0, 263, 260], -15.326412200927734
  [0, 263, 285], -15.489376068115234
  [0, 263, 476], -15.628231048583984
[0, 5658], -9.611384391784668
  [0, 5658, 403], -11.221843719482422
    [0, 5658, 403, 247], -14.216976165771484
    [0, 5658, 403, 275], -14.468685150146484
      [0, 5658, 403, 275, 253], -15.351325988769531
    [0, 5658, 403, 327], -14.970699310302734
    [0, 5658, 403, 253], -15.619991302490234
  [0, 5658, 476], -12.091228485107422
  [0, 5658, 452], -12.265666961669922
    [0, 5658, 452, 281], -15.076650619506836
    [0, 5658, 452, 247], -15.163015365600586
  [0, 5658, 285], -15.259929656982422
  [0, 5658, 751], -15.289470672607422
[0, 249], -9.651972770690918
  [0, 249, 253], -12.586572647094727
  [0, 249, 247], -12.940027236938477
    [0, 249, 247, 13], -15.091634750366211
  [0, 249, 13], -15.241418838500977
[0, 2577], -9.652583122253418
  [0, 2577, 5798], -15.285101890563965
  [0, 2577, 253], -15.522955894470215
[0, 7745], -9.809748649597168
  [0, 7745, 387], -11.340428352355957
    [0, 7745, 387, 253], -12.485328674316406
    [0, 7745, 387, 247], -15.448463439941406
    [0, 7745, 387, 326], -15.637184143066406
  [0, 7745, 13], -12.15170669555664
    [0, 7745, 13, 309], -13.691853523254395
    [0, 7745, 13, 253], -15.673969268798828
  [0, 7745, 281], -14.02786636352539
    [0, 7745, 281, 253], -15.25030517578125
  [0, 7745, 285], -14.19070816040039
  [0, 7745, 249], -14.25741958618164
  [0, 7745, 715], -14.37741470336914
    [0, 7745, 715, 253], -15.304755210876465
  [0, 7745, 483], -14.42593765258789
  [0, 7745, 275], -14.73459243774414
    [0, 7745, 275, 253], -15.270739555358887
  [0, 7745, 751], -14.92831802368164
  [0, 7745, 253], -15.02792739868164
  [0, 7745, 247], -15.08450698852539
  [0, 7745, 327], -15.12936782836914
  [0, 7745, 309], -15.74527359008789
[0, 284], -9.885432243347168
  [0, 284, 247], -13.1210355758667
  [0, 284, 253], -13.4839506149292
  [0, 284, 310], -14.1892728805542
  [0, 284, 661], -15.0584135055542
  [0, 284, 309], -15.30212688446045
  [0, 284, 275], -15.6060209274292
  [0, 284, 281], -15.73828411102295
  [0, 284, 249], -15.74072551727295
[0, 2327], -9.885676383972168
  [0, 2327, 260], -14.69058609008789
[0, 4714], -9.896662712097168
  [0, 4714, 13], -12.947453498840332
  [0, 4714, 326], -13.905766487121582
  [0, 4714, 275], -14.526310920715332
  [0, 4714, 310], -14.704106330871582
  [0, 4714, 309], -14.800908088684082
  [0, 4714, 452], -14.807682991027832
  [0, 4714, 285], -14.928349494934082
  [0, 4714, 253], -14.949711799621582
  [0, 4714, 1201], -15.558598518371582
  [0, 4714, 327], -15.579960823059082
  [0, 4714, 1342], -15.656193733215332
  [0, 4714, 387], -15.708500862121582
[0, 251], -9.915217399597168
  [0, 251, 253], -13.245235443115234
  [0, 251, 247], -14.417354583740234
  [0, 251, 338], -15.559688568115234
[0, 2369], -9.929377555847168
  [0, 2369, 13], -14.8825101852417
[0, 936], -9.948481559753418
  [0, 936, 253], -14.986865997314453
  [0, 936, 452], -15.239246368408203
  [0, 936, 13], -15.497364044189453
  [0, 936, 247], -15.561634063720703
[0, 3088], -9.950739860534668
  [0, 3088, 309], -13.817339897155762
    [0, 3088, 309, 452], -15.539998054504395
  [0, 3088, 262], -14.740984916687012
  [0, 3088, 42], -15.206133842468262
[0, 1439], -9.967646598815918
  [0, 1439, 326], -13.730775833129883
  [0, 1439, 247], -13.942079544067383
  [0, 1439, 253], -14.453554153442383
  [0, 1439, 275], -15.323060989379883
  [0, 1439, 327], -15.563173294067383
  [0, 1439, 387], -15.695009231567383
[0, 3529], -9.984980583190918
  [0, 3529, 310], -11.740233421325684
    [0, 3529, 310, 247], -13.89402961730957
    [0, 3529, 310, 253], -14.66020393371582
  [0, 3529, 253], -14.028929710388184
  [0, 3529, 556], -14.153014183044434
  [0, 3529, 403], -14.325926780700684
  [0, 3529, 309], -14.339598655700684
  [0, 3529, 13], -14.408263206481934
  [0, 3529, 476], -14.572447776794434
  [0, 3529, 247], -14.938170433044434
  [0, 3529, 275], -15.286559104919434
  [0, 3529, 326], -15.505187034606934
  [0, 3529, 285], -15.616271018981934
  [0, 3529, 452], -15.708434104919434
[0, 455], -9.999995231628418
  [0, 455, 253], -12.771591186523438
  [0, 455, 13], -14.679550170898438
  [0, 455, 275], -15.012191772460938
  [0, 455, 310], -15.546737670898438
  [0, 455, 285], -15.595077514648438
  [0, 455, 326], -15.698287963867188
[0, 5371], -10.034846305847168
  [0, 5371, 310], -10.350576400756836
    [0, 5371, 310, 247], -14.67481803894043
    [0, 5371, 310, 253], -14.96583366394043
  [0, 5371, 403], -13.491628646850586
    [0, 5371, 403, 253], -14.990689277648926
  [0, 5371, 253], -14.762441635131836
  [0, 5371, 281], -15.293813705444336
  [0, 5371, 476], -15.495718002319336
[0, 1171], -10.382197380065918
  [0, 1171, 253], -12.239725112915039
  [0, 1171, 247], -14.558450698852539
[0, 531], -10.396418571472168
  [0, 531, 285], -14.236681938171387
  [0, 531, 13], -14.501940727233887
[0, 255], -10.459101676940918
  [0, 255, 310], -12.634775161743164
    [0, 255, 310, 253], -13.605210304260254
  [0, 255, 253], -13.342111587524414
  [0, 255, 247], -13.864389419555664
  [0, 255, 403], -15.115976333618164
[0, 8606], -10.474665641784668
  [0, 8606, 253], -12.220806121826172
  [0, 8606, 247], -13.538555145263672
  [0, 8606, 479], -14.300762176513672
  [0, 8606, 285], -15.252361297607422
[0, 788], -10.488459587097168
[0, 253], -10.523249626159668
[0, 7053], -10.603205680847168
  [0, 7053, 13], -13.984859466552734
  [0, 7053, 285], -14.976253509521484
[0, 3062], -10.624262809753418
  [0, 3062, 685], -13.979856491088867
  [0, 3062, 327], -14.946226119995117
  [0, 3062, 13], -15.389890670776367
  [0, 3062, 285], -15.404539108276367
[0, 310], -10.630915641784668
  [0, 310, 253], -11.103188514709473
  [0, 310, 247], -14.133095741271973
[0, 12550], -10.707453727722168
[0, 4609], -10.721735954284668
  [0, 4609, 310], -12.192695617675781
    [0, 4609, 310, 253], -13.892450332641602
    [0, 4609, 310, 247], -14.586969375610352
  [0, 4609, 556], -14.308845520019531
  [0, 4609, 403], -14.917366027832031
  [0, 4609, 476], -14.945930480957031
  [0, 4609, 309], -15.151252746582031
  [0, 4609, 13], -15.349372863769531
[0, 9088], -10.780024528503418
  [0, 9088, 403], -11.581225395202637
    [0, 9088, 403, 247], -14.228541374206543
    [0, 9088, 403, 690], -15.174891471862793
    [0, 9088, 403, 767], -15.370875358581543
    [0, 9088, 403, 387], -15.647425651550293
  [0, 9088, 310], -12.162768363952637
    [0, 9088, 310, 247], -12.909201622009277
  [0, 9088, 452], -15.546557426452637
[0, 9846], -10.807673454284668
  [0, 9846, 253], -14.662654876708984
  [0, 9846, 452], -15.207027435302734
[0, 9453], -10.823786735534668
  [0, 9453, 253], -13.080718040466309
  [0, 9453, 767], -15.281096458435059
  [0, 9453, 309], -15.370268821716309
  [0, 9453, 247], -15.390715599060059
[0, 6309], -10.873713493347168
  [0, 6309, 247], -12.868144989013672
  [0, 6309, 249], -14.590984344482422
  [0, 6309, 751], -15.138408660888672
  [0, 6309, 253], -15.402812957763672
  [0, 6309, 690], -15.432353973388672
[0, 247], -10.898005485534668
  [0, 247, 13], -15.41662311553955
[0, 9802], -10.906733512878418
  [0, 9802, 247], -12.937938690185547
  [0, 9802, 253], -13.544872283935547
  [0, 9802, 281], -15.329113006591797
[0, 275], -10.949885368347168
  [0, 275, 253], -12.018227577209473
  [0, 275, 247], -15.682473182678223
[0, 2887], -10.965571403503418
  [0, 2887, 253], -13.152641296386719
  [0, 2887, 479], -15.305656433105469
[0, 403], -11.076594352722168
  [0, 403, 253], -11.920648574829102
[0, 10002], -11.079035758972168
  [0, 10002, 310], -13.215282440185547
    [0, 10002, 310, 253], -15.168525695800781
  [0, 10002, 403], -14.368846893310547
  [0, 10002, 476], -15.013072967529297
  [0, 10002, 556], -15.237865447998047
  [0, 10002, 66], -15.742321014404297
[0, 1257], -11.104792594909668
  [0, 1257, 253], -14.217077255249023
[0, 601], -11.205927848815918
  [0, 601, 309], -13.471263885498047
  [0, 601, 13], -13.765270233154297
    [0, 601, 13, 309], -15.253018379211426
  [0, 601, 326], -15.188732147216797
  [0, 601, 253], -15.500499725341797
[0, 484], -11.254878044128418
  [0, 484, 281], -12.9036865234375
    [0, 484, 281, 253], -15.53955078125
  [0, 484, 253], -14.51263427734375
  [0, 484, 285], -15.31878662109375
  [0, 484, 247], -15.468505859375
[0, 9328], -11.299677848815918
  [0, 9328, 403], -13.084622383117676
  [0, 9328, 452], -14.022122383117676
  [0, 9328, 476], -15.506009101867676
[0, 6204], -11.301569938659668
  [0, 6204, 387], -12.556696891784668
    [0, 6204, 387, 253], -13.559497833251953
  [0, 6204, 13], -14.819575309753418
  [0, 6204, 281], -15.244379997253418
  [0, 6204, 275], -15.731013298034668
[0, 1405], -11.307429313659668
  [0, 1405, 285], -15.420675277709961
  [0, 1405, 281], -15.701375961303711
[0, 483], -11.433650016784668
[0, 20415], -11.469111442565918
  [0, 20415, 281], -15.766708374023438
[0, 2184], -11.495356559753418
[0, 953], -11.523615837097168
  [0, 953, 247], -13.659479141235352
  [0, 953, 253], -15.055353164672852
[0, 1568], -11.610163688659668
  [0, 1568, 310], -13.100390434265137
    [0, 1568, 310, 253], -14.384939193725586
    [0, 1568, 310, 247], -14.958486557006836
  [0, 1568, 403], -13.225512504577637
    [0, 1568, 403, 253], -15.191070556640625
    [0, 1568, 403, 690], -15.364837646484375
  [0, 1568, 13], -15.182665824890137
  [0, 1568, 285], -15.424059867858887
[0, 5092], -11.610896110534668
  [0, 5092, 251], -14.902335166931152
  [0, 5092, 309], -14.907767295837402
[0, 9389], -11.634150505065918
  [0, 9389, 281], -15.354503631591797
[0, 2858], -11.694575309753418
  [0, 2858, 309], -14.343271255493164
  [0, 2858, 253], -15.127084732055664
  [0, 2858, 326], -15.544260025024414
[0, 379], -11.713435173034668
[0, 8701], -11.785700798034668
[0, 6689], -11.833674430847168
  [0, 6689, 310], -14.436580657958984
  [0, 6689, 556], -15.519893646240234
[0, 635], -11.856013298034668
  [0, 635, 11755], -15.649935722351074
[0, 8826], -11.878718376159668
  [0, 8826, 5430], -15.267757415771484
  [0, 8826, 5371], -15.553035736083984
[0, 20513], -11.922968864440918
  [0, 20513, 403], -12.743619918823242
    [0, 20513, 403, 253], -13.870294570922852
  [0, 20513, 452], -15.303434371948242
  [0, 20513, 310], -15.555753707885742
[0, 977], -11.977961540222168
[0, 454], -11.994013786315918
[0, 21808], -12.000605583190918
  [0, 21808, 326], -14.9962739944458
  [0, 21808, 403], -15.7539644241333
[0, 13174], -12.002375602722168
  [0, 13174, 275], -14.987481117248535
  [0, 13174, 403], -15.569817543029785
  [0, 13174, 285], -15.739983558654785
[0, 327], -12.011469841003418
  [0, 327, 253], -14.803240776062012
[0, 1342], -12.014704704284668
  [0, 1342, 13], -15.71786880493164
[0, 281], -12.051081657409668
  [0, 281, 253], -14.440580368041992
[0, 3022], -12.068354606628418
  [0, 3022, 253], -14.25741195678711
[0, 2913], -12.146662712097168
  [0, 2913, 13], -15.459097862243652
  [0, 2913, 275], -15.505606651306152
[0, 31089], -12.191828727722168
  [0, 31089, 479], -14.139479637145996
    [0, 31089, 479, 247], -15.058989524841309
  [0, 31089, 253], -14.777785301208496
  [0, 31089, 247], -15.121413230895996
[0, 11145], -12.219660758972168
  [0, 11145, 247], -15.403871536254883
[0, 465], -12.233088493347168
[0, 2606], -12.238825798034668
  [0, 2606, 281], -15.514616012573242
[0, 1106], -12.254450798034668
  [0, 1106, 281], -14.414508819580078
[0, 1201], -12.286738395690918
[0, 3188], -12.296442985534668
  [0, 3188, 281], -14.180038452148438
[0, 326], -12.297297477722168
  [0, 326, 310], -14.258652687072754
[0, 12756], -12.339716911315918
  [0, 12756, 751], -15.318456649780273
    [0, 12756, 751, 281], -15.446548461914062
[0, 260], -12.371333122253418
[0, 12563], -12.401789665222168
[0, 7483], -12.416682243347168
  [0, 7483, 247], -15.143049240112305
[0, 2666], -12.508296012878418
[0, 16534], -12.547480583190918
[0, 21528], -12.617732048034668
  [0, 21528, 253], -14.698864936828613
  [0, 21528, 247], -15.070141792297363
[0, 14428], -12.660578727722168
  [0, 14428, 253], -15.37576675415039
[0, 38878], -12.768488883972168
  [0, 38878, 479], -13.598033905029297
[0, 556], -12.818964958190918
  [0, 556, 247], -15.237448692321777
[0, 19506], -12.835322380065918
[0, 476], -12.855280876159668
  [0, 476, 309], -15.298181533813477
[0, 452], -12.872187614440918
  [0, 452, 247], -14.51757526397705
  [0, 452, 253], -15.3844575881958
[0, 12157], -12.883662223815918
  [0, 12157, 253], -15.664219856262207
  [0, 12157, 309], -15.748997688293457
[0, 14094], -12.887507438659668
[0, 745], -12.964533805847168
  [0, 745, 253], -15.699725151062012
[0, 770], -13.038386344909668
[0, 387], -13.072749137878418
  [0, 387, 253], -15.363969802856445
[0, 14806], -13.088252067565918
  [0, 14806, 253], -15.73139476776123
[0, 16083], -13.093989372253418
[0, 18959], -13.176203727722168
  [0, 18959, 326], -15.55716323852539
[0, 13243], -13.265254020690918
[0, 690], -13.303828239440918
[0, 2265], -13.538020133972168
[0, 479], -13.603571891784668
[0, 7461], -13.611018180847168
[0, 661], -13.614192008972168
[0, 3063], -13.699763298034668
[0, 28206], -13.721125602722168
  [0, 28206, 281], -14.283648490905762
[0, 14644], -13.779536247253418
[0, 751], -13.881587028503418
[0, 9154], -14.067805290222168
[0, 5798], -14.080683708190918
[0, 1597], -14.106745719909668
[0, 715], -14.134333610534668
  [0, 715, 253], -15.593830108642578
[0, 1029], -14.383479118347168
[0, 1708], -14.417292594909668
[0, 1984], -14.452570915222168
[0, 767], -14.683588981628418
[0, 2502], -14.697443962097168
[0, 1113], -14.709162712097168
[0, 6440], -14.749384880065918
[0, 1652], -14.897822380065918
[0, 725], -15.075678825378418
[0, 561], -15.097224235534668
[0, 2165], -15.203181266784668
[0, 4882], -15.256098747253418
[0, 2829], -15.263484001159668
[0, 1111], -15.279475212097168
[0, 521], -15.289118766784668
[0, 3511], -15.303095817565918
[0, 4370], -15.484065055847168
[0, 2534], -15.528742790222168
[0, 1943], -15.656916618347168
[0, 5202], -15.660883903503418
Time taken in seconds: 3539.0040366649628
Number of forward passes: 1495
Worst case number of forward passes: 1255878541
Best sequence: [0, 42, 309, 309, 309, 309], -15.77954387664795
<|endoftext|>I I I I I
