[0, 510], -3.031212091445923
  [0, 510, 767], -10.1907320022583
    [0, 510, 767, 275], -16.06024169921875
      [0, 510, 767, 275, 253], -17.215917587280273
        [0, 510, 767, 275, 253, 767], -21.541908264160156
      [0, 510, 767, 275, 247], -18.769384384155273
      [0, 510, 767, 275, 326], -21.474706649780273
    [0, 510, 767, 1943], -16.24688720703125
      [0, 510, 767, 1943, 13], -21.246417999267578
    [0, 510, 767, 403], -16.30084228515625
      [0, 510, 767, 403, 253], -18.943363189697266
      [0, 510, 767, 403, 275], -19.300418853759766
        [0, 510, 767, 403, 275, 253], -20.412090301513672
    [0, 510, 767, 326], -16.66265869140625
      [0, 510, 767, 326, 452], -19.073684692382812
      [0, 510, 767, 326, 403], -19.162918090820312
      [0, 510, 767, 326, 309], -20.054763793945312
    [0, 510, 767, 13], -16.89581298828125
      [0, 510, 767, 13, 253], -18.600963592529297
    [0, 510, 767, 452], -17.00286865234375
      [0, 510, 767, 452, 247], -20.178577423095703
    [0, 510, 767, 310], -17.25152587890625
      [0, 510, 767, 310, 247], -19.8676700592041
      [0, 510, 767, 310, 253], -20.0508975982666
    [0, 510, 767, 309], -17.27313232421875
      [0, 510, 767, 309, 452], -19.937543869018555
    [0, 510, 767, 253], -17.29193115234375
    [0, 510, 767, 327], -17.34136962890625
      [0, 510, 767, 327, 253], -18.45981216430664
    [0, 510, 767, 2360], -17.40216064453125
    [0, 510, 767, 1029], -17.44207763671875
    [0, 510, 767, 285], -17.67254638671875
      [0, 510, 767, 285, 253], -18.30232810974121
        [0, 510, 767, 285, 253, 767], -20.39397430419922
    [0, 510, 767, 556], -17.73504638671875
    [0, 510, 767, 281], -17.74261474609375
    [0, 510, 767, 1652], -17.83270263671875
    [0, 510, 767, 476], -17.96343994140625
    [0, 510, 767, 387], -18.14471435546875
      [0, 510, 767, 387, 253], -19.142702102661133
    [0, 510, 767, 1984], -18.21051025390625
    [0, 510, 767, 767], -18.48699951171875
    [0, 510, 767, 2165], -18.51971435546875
    [0, 510, 767, 2206], -18.97247314453125
    [0, 510, 767, 10086], -19.00494384765625
    [0, 510, 767, 1113], -19.01995849609375
    [0, 510, 767, 1708], -19.07049560546875
    [0, 510, 767, 247], -19.08221435546875
    [0, 510, 767, 260], -19.16619873046875
    [0, 510, 767, 6858], -19.20721435546875
    [0, 510, 767, 3511], -19.21783447265625
    [0, 510, 767, 465], -19.22906494140625
    [0, 510, 767, 6440], -19.41815185546875
    [0, 510, 767, 745], -19.43206787109375
    [0, 510, 767, 2502], -19.49334716796875
    [0, 510, 767, 5798], -19.49444580078125
    [0, 510, 767, 4370], -19.54510498046875
    [0, 510, 767, 2427], -19.60504150390625
    [0, 510, 767, 10149], -19.63299560546875
    [0, 510, 767, 6613], -19.81805419921875
    [0, 510, 767, 479], -20.00140380859375
    [0, 510, 767, 2534], -20.14361572265625
    [0, 510, 767, 2329], -20.15777587890625
    [0, 510, 767, 2829], -20.27752685546875
    [0, 510, 767, 5101], -20.30950927734375
    [0, 510, 767, 2913], -20.33758544921875
  [0, 510, 247], -10.5292329788208
    [0, 510, 247, 13], -15.536852836608887
      [0, 510, 247, 13, 247], -17.729412078857422
        [0, 510, 247, 13, 247, 13], -18.819896697998047
      [0, 510, 247, 13, 285], -18.574016571044922
      [0, 510, 247, 13, 253], -18.725383758544922
    [0, 510, 247, 635], -15.616076469421387
    [0, 510, 247, 661], -16.035388946533203
    [0, 510, 247, 248], -16.062366485595703
      [0, 510, 247, 248, 1405], -18.722591400146484
    [0, 510, 247, 262], -16.432239532470703
    [0, 510, 247, 249], -17.011096954345703
    [0, 510, 247, 285], -17.060291290283203
    [0, 510, 247, 664], -17.172840118408203
    [0, 510, 247, 66], -17.352527618408203
    [0, 510, 247, 1171], -17.389270782470703
    [0, 510, 247, 251], -17.598011016845703
    [0, 510, 247, 255], -17.628162384033203
    [0, 510, 247, 2327], -17.632678985595703
    [0, 510, 247, 1652], -17.675281524658203
    [0, 510, 247, 338], -17.690174102783203
    [0, 510, 247, 783], -17.719348907470703
    [0, 510, 247, 263], -17.849842071533203
    [0, 510, 247, 484], -17.859729766845703
    [0, 510, 247, 379], -17.970203399658203
    [0, 510, 247, 395], -18.001087188720703
    [0, 510, 247, 253], -18.016834259033203
    [0, 510, 247, 1826], -18.109241485595703
    [0, 510, 247, 1029], -18.120105743408203
    [0, 510, 247, 42], -18.153797149658203
    [0, 510, 247, 561], -18.165515899658203
    [0, 510, 247, 281], -18.245960235595703
    [0, 510, 247, 275], -18.247913360595703
    [0, 510, 247, 284], -18.265613555908203
    [0, 510, 247, 1542], -18.317249298095703
    [0, 510, 247, 310], -18.479236602783203
    [0, 510, 247, 2858], -18.489124298095703
    [0, 510, 247, 479], -18.723255157470703
    [0, 510, 247, 327], -18.733875274658203
  [0, 510, 275], -10.5509614944458
    [0, 510, 275, 253], -15.402558326721191
    [0, 510, 275, 247], -16.503387451171875
    [0, 510, 275, 285], -16.527069091796875
      [0, 510, 275, 285, 253], -18.609678268432617
    [0, 510, 275, 66], -17.053070068359375
    [0, 510, 275, 2369], -17.104949951171875
    [0, 510, 275, 479], -17.273162841796875
    [0, 510, 275, 661], -17.282318115234375
    [0, 510, 275, 601], -17.482269287109375
    [0, 510, 275, 13], -17.676116943359375
      [0, 510, 275, 13, 285], -18.425487518310547
    [0, 510, 275, 1826], -18.308319091796875
    [0, 510, 275, 6309], -18.394622802734375
    [0, 510, 275, 338], -18.425750732421875
    [0, 510, 275, 1171], -18.458709716796875
    [0, 510, 275, 281], -18.549652099609375
  [0, 510, 309], -10.5607271194458
    [0, 510, 309, 601], -14.679656982421875
    [0, 510, 309, 251], -15.403167724609375
    [0, 510, 309, 1342], -16.143890380859375
    [0, 510, 309, 255], -16.405364990234375
    [0, 510, 309, 285], -16.994476318359375
      [0, 510, 309, 285, 253], -18.118087768554688
    [0, 510, 309, 13], -17.286834716796875
    [0, 510, 309, 484], -17.519012451171875
    [0, 510, 309, 1542], -17.602752685546875
    [0, 510, 309, 452], -17.763641357421875
    [0, 510, 309, 284], -17.829315185546875
    [0, 510, 309, 635], -18.012298583984375
    [0, 510, 309, 936], -18.444793701171875
    [0, 510, 309, 531], -18.476654052734375
    [0, 510, 309, 395], -18.682830810546875
    [0, 510, 309, 275], -18.702728271484375
  [0, 510, 2360], -10.5659761428833
    [0, 510, 2360, 310], -14.038063049316406
      [0, 510, 2360, 310, 247], -16.614171981811523
      [0, 510, 2360, 310, 253], -16.965734481811523
      [0, 510, 2360, 310, 275], -17.760412216186523
      [0, 510, 2360, 310, 327], -18.13699722290039
      [0, 510, 2360, 310, 387], -18.38431167602539
      [0, 510, 2360, 310, 745], -18.80325698852539
    [0, 510, 2360, 2606], -14.357521057128906
    [0, 510, 2360, 13], -15.159523010253906
      [0, 510, 2360, 13, 309], -17.306156158447266
      [0, 510, 2360, 13, 253], -17.480838775634766
      [0, 510, 2360, 13, 285], -18.111576080322266
    [0, 510, 2360, 275], -15.343482971191406
      [0, 510, 2360, 275, 253], -17.031784057617188
      [0, 510, 2360, 275, 247], -18.659225463867188
    [0, 510, 2360, 556], -15.380592346191406
    [0, 510, 2360, 309], -15.441749572753906
    [0, 510, 2360, 326], -15.459449768066406
      [0, 510, 2360, 326, 309], -17.645687103271484
      [0, 510, 2360, 326, 253], -17.750667572021484
    [0, 510, 2360, 253], -15.591285705566406
    [0, 510, 2360, 745], -16.054664611816406
      [0, 510, 2360, 745, 253], -18.649333953857422
      [0, 510, 2360, 745, 13], -18.708049774169922
    [0, 510, 2360, 387], -16.219093322753906
      [0, 510, 2360, 387, 253], -16.959749221801758
    [0, 510, 2360, 2329], -16.254737854003906
    [0, 510, 2360, 327], -16.504127502441406
      [0, 510, 2360, 327, 13], -18.179615020751953
      [0, 510, 2360, 327, 253], -18.756275177001953
    [0, 510, 2360, 285], -16.564430236816406
      [0, 510, 2360, 285, 253], -18.550172805786133
    [0, 510, 2360, 281], -16.977516174316406
      [0, 510, 2360, 281, 253], -18.7911376953125
    [0, 510, 2360, 247], -17.175392150878906
    [0, 510, 2360, 483], -17.193214416503906
    [0, 510, 2360, 2427], -17.860450744628906
    [0, 510, 2360, 1708], -17.928688049316406
    [0, 510, 2360, 476], -18.043190002441406
    [0, 510, 2360, 601], -18.317115783691406
    [0, 510, 2360, 3345], -18.603492736816406
    [0, 510, 2360, 767], -18.691627502441406
  [0, 510, 253], -10.6685152053833
    [0, 510, 253, 13], -16.560558319091797
      [0, 510, 253, 13, 285], -18.081911087036133
      [0, 510, 253, 13, 253], -18.728395462036133
    [0, 510, 253, 253], -16.810436248779297
      [0, 510, 253, 253, 253], -17.822494506835938
        [0, 510, 253, 253, 253, 253], -18.275522232055664
    [0, 510, 253, 255], -17.283824920654297
    [0, 510, 253, 767], -17.545055389404297
    [0, 510, 253, 2165], -17.846813201904297
    [0, 510, 253, 1943], -17.859874725341797
    [0, 510, 253, 309], -17.955821990966797
    [0, 510, 253, 1029], -17.994762420654297
    [0, 510, 253, 1984], -18.095836639404297
    [0, 510, 253, 2329], -18.241344451904297
  [0, 510, 1029], -10.9005708694458
    [0, 510, 1029, 285], -15.438253402709961
      [0, 510, 1029, 285, 253], -17.799053192138672
    [0, 510, 1029, 13], -16.46437644958496
    [0, 510, 1029, 327], -17.18105125427246
    [0, 510, 1029, 275], -17.88747215270996
    [0, 510, 1029, 479], -18.12502098083496
  [0, 510, 5101], -11.207454681396484
    [0, 510, 5101, 310], -12.941375732421875
      [0, 510, 5101, 310, 253], -16.322824478149414
      [0, 510, 5101, 310, 275], -16.697336196899414
        [0, 510, 5101, 310, 275, 253], -17.3809757232666
      [0, 510, 5101, 310, 247], -16.712350845336914
      [0, 510, 5101, 310, 327], -17.09540557861328
    [0, 510, 5101, 556], -13.745452880859375
      [0, 510, 5101, 556, 247], -16.89853286743164
    [0, 510, 5101, 13], -15.132415771484375
      [0, 510, 5101, 13, 253], -16.898483276367188
      [0, 510, 5101, 13, 285], -17.232955932617188
    [0, 510, 5101, 285], -15.503265380859375
      [0, 510, 5101, 285, 253], -17.056917190551758
    [0, 510, 5101, 476], -15.777435302734375
    [0, 510, 5101, 275], -16.146575927734375
      [0, 510, 5101, 275, 253], -16.973390579223633
    [0, 510, 5101, 387], -16.628509521484375
    [0, 510, 5101, 327], -16.973968505859375
    [0, 510, 5101, 2427], -17.146820068359375
  [0, 510, 1708], -11.215633392333984
    [0, 510, 1708, 285], -14.93311882019043
      [0, 510, 1708, 285, 253], -16.606765747070312
    [0, 510, 1708, 275], -15.25221061706543
      [0, 510, 1708, 275, 253], -16.104583740234375
    [0, 510, 1708, 327], -15.74452018737793
      [0, 510, 1708, 327, 253], -16.663829803466797
    [0, 510, 1708, 310], -15.79273796081543
    [0, 510, 1708, 13], -15.94215202331543
    [0, 510, 1708, 387], -15.95924186706543
      [0, 510, 1708, 387, 253], -16.78445053100586
    [0, 510, 1708, 326], -15.97999382019043
    [0, 510, 1708, 556], -17.14051628112793
    [0, 510, 1708, 281], -17.18202018737793
    [0, 510, 1708, 253], -17.36890983581543
  [0, 510, 1943], -11.242244720458984
    [0, 510, 1943, 2165], -15.677547454833984
    [0, 510, 1943, 13], -15.689510345458984
    [0, 510, 1943, 285], -16.536434173583984
    [0, 510, 1943, 2360], -17.218074798583984
  [0, 510, 1984], -11.277278900146484
    [0, 510, 1984, 310], -12.951839447021484
      [0, 510, 1984, 310, 247], -14.751995086669922
      [0, 510, 1984, 310, 253], -16.488323211669922
      [0, 510, 1984, 310, 327], -17.288982391357422
      [0, 510, 1984, 310, 275], -17.323650360107422
    [0, 510, 1984, 13], -14.114681243896484
    [0, 510, 1984, 556], -14.594661712646484
      [0, 510, 1984, 556, 247], -17.251312255859375
    [0, 510, 1984, 327], -15.841976165771484
      [0, 510, 1984, 327, 253], -17.084394454956055
    [0, 510, 1984, 309], -16.086360931396484
    [0, 510, 1984, 326], -16.268367767333984
    [0, 510, 1984, 285], -16.424861907958984
    [0, 510, 1984, 275], -16.960140228271484
  [0, 510, 2165], -11.465145111083984
    [0, 510, 2165, 310], -13.19221305847168
      [0, 510, 2165, 310, 247], -15.423408508300781
      [0, 510, 2165, 310, 253], -16.52423858642578
      [0, 510, 2165, 310, 327], -17.11212921142578
      [0, 510, 2165, 310, 275], -17.11359405517578
    [0, 510, 2165, 556], -14.83112907409668
    [0, 510, 2165, 13], -15.33796501159668
    [0, 510, 2165, 275], -16.26521110534668
    [0, 510, 2165, 285], -16.44392204284668
    [0, 510, 2165, 327], -16.45417594909668
    [0, 510, 2165, 326], -16.58527946472168
    [0, 510, 2165, 476], -16.98689079284668
    [0, 510, 2165, 387], -17.10749626159668
    [0, 510, 2165, 309], -17.23591423034668
  [0, 510, 13], -11.607357025146484
    [0, 510, 13, 285], -12.906744003295898
      [0, 510, 13, 285, 253], -14.722920417785645
        [0, 510, 13, 285, 253, 13], -15.465039253234863
  [0, 510, 465], -11.685604095458984
  [0, 510, 327], -11.756038665771484
  [0, 510, 1113], -11.816219329833984
    [0, 510, 1113, 310], -14.02779769897461
    [0, 510, 1113, 556], -15.23702621459961
    [0, 510, 1113, 13], -15.45760726928711
  [0, 510, 6440], -11.936580657958984
    [0, 510, 6440, 310], -14.091634750366211
    [0, 510, 6440, 13], -15.282796859741211
    [0, 510, 6440, 556], -15.412191390991211
  [0, 510, 260], -11.964290618896484
  [0, 510, 2329], -12.015682220458984
  [0, 510, 4370], -12.121517181396484
    [0, 510, 4370, 310], -14.05219841003418
  [0, 510, 6858], -12.215511322021484
    [0, 510, 6858, 310], -14.605897903442383
  [0, 510, 2829], -12.236995697021484
    [0, 510, 2829, 310], -14.386138916015625
  [0, 510, 5798], -12.239803314208984
    [0, 510, 5798, 310], -14.92683219909668
  [0, 510, 751], -12.280330657958984
    [0, 510, 751, 310], -13.902153015136719
  [0, 510, 2502], -12.314876556396484
    [0, 510, 2502, 1708], -15.263805389404297
  [0, 510, 745], -12.424007415771484
  [0, 510, 387], -12.450252532958984
  [0, 510, 2534], -12.457698822021484
  [0, 510, 255], -12.482601165771484
  [0, 510, 310], -12.533748626708984
  [0, 510, 285], -12.554622650146484
    [0, 510, 285, 253], -13.765380859375
  [0, 510, 4023], -12.610164642333984
    [0, 510, 4023, 310], -14.15353012084961
  [0, 510, 479], -12.708065032958984
  [0, 510, 11755], -12.713680267333984
  [0, 510, 1652], -12.967830657958984
  [0, 510, 5202], -13.038387298583984
  [0, 510, 11012], -13.059261322021484
  [0, 510, 66], -13.096858978271484
  [0, 510, 10086], -13.146907806396484
  [0, 510, 5254], -13.156551361083984
    [0, 510, 5254, 310], -15.411779403686523
  [0, 510, 3511], -13.184749603271484
  [0, 510, 3345], -13.185115814208984
  [0, 510, 8913], -13.517269134521484
    [0, 510, 8913, 327], -14.460838317871094
  [0, 510, 5603], -13.541072845458984
    [0, 510, 5603, 310], -15.093149185180664
  [0, 510, 521], -13.620296478271484
  [0, 510, 281], -13.657894134521484
  [0, 510, 2206], -13.677303314208984
  [0, 510, 4882], -13.801082611083984
  [0, 510, 40096], -13.950862884521484
  [0, 510, 7938], -13.958919525146484
    [0, 510, 7938, 253], -15.440074920654297
  [0, 510, 476], -13.988460540771484
  [0, 510, 452], -14.203670501708984
  [0, 510, 249], -14.206966400146484
  [0, 510, 685], -14.322933197021484
  [0, 510, 1111], -14.332820892333984
  [0, 510, 326], -14.385799407958984
  [0, 510, 556], -14.467952728271484
  [0, 510, 24740], -14.481502532958984
  [0, 510, 3063], -14.547176361083984
  [0, 510, 10149], -14.632869720458984
    [0, 510, 10149, 281], -15.265482902526855
  [0, 510, 263], -14.777400970458984
  [0, 510, 403], -14.899471282958984
  [0, 510, 661], -14.939998626708984
  [0, 510, 690], -14.971981048583984
  [0, 510, 14709], -15.044490814208984
  [0, 510, 3574], -15.262142181396484
  [0, 510, 4496], -15.437435150146484
  [0, 510, 601], -15.462703704833984
[0, 42], -4.550376892089844
  [0, 42, 452], -7.193582534790039
    [0, 42, 452, 247], -8.440495491027832
      [0, 42, 452, 247, 1652], -13.238853454589844
      [0, 42, 452, 247, 1943], -13.347496032714844
      [0, 42, 452, 247, 767], -14.164390563964844
      [0, 42, 452, 247, 1113], -14.658531188964844
      [0, 42, 452, 247, 1984], -14.704185485839844
      [0, 42, 452, 247, 2829], -14.791099548339844
      [0, 42, 452, 247, 1029], -14.825523376464844
      [0, 42, 452, 247, 2165], -15.236656188964844
      [0, 42, 452, 247, 6858], -15.314048767089844
      [0, 42, 452, 247, 4370], -15.400474548339844
    [0, 42, 452, 253], -10.240056037902832
    [0, 42, 452, 281], -10.526921272277832
      [0, 42, 452, 281, 452], -14.61699104309082
    [0, 42, 452, 767], -11.368962287902832
    [0, 42, 452, 690], -11.512761116027832
    [0, 42, 452, 387], -13.505803108215332
    [0, 42, 452, 327], -13.862858772277832
    [0, 42, 452, 326], -14.009343147277832
    [0, 42, 452, 275], -14.018864631652832
    [0, 42, 452, 13], -14.051091194152832
    [0, 42, 452, 3063], -14.266789436340332
    [0, 42, 452, 9047], -14.563298225402832
    [0, 42, 452, 452], -14.602604866027832
    [0, 42, 452, 751], -14.620060920715332
    [0, 42, 452, 310], -14.895207405090332
    [0, 42, 452, 556], -15.088322639465332
    [0, 42, 452, 309], -15.165593147277832
    [0, 42, 452, 1652], -15.265934944152832
    [0, 42, 452, 285], -15.437199592590332
  [0, 42, 476], -8.943094253540039
    [0, 42, 476, 13], -14.442320823669434
    [0, 42, 476, 309], -14.876158714294434
    [0, 42, 476, 285], -14.888976097106934
    [0, 42, 476, 452], -14.930235862731934
  [0, 42, 751], -9.467142105102539
    [0, 42, 751, 281], -11.280096054077148
      [0, 42, 751, 281, 452], -14.327558517456055
        [0, 42, 751, 281, 452, 247], -15.289649963378906
    [0, 42, 751, 253], -11.447088241577148
    [0, 42, 751, 326], -13.273870468139648
    [0, 42, 751, 247], -13.345769882202148
  [0, 42, 13], -10.641458511352539
    [0, 42, 13, 285], -12.728486061096191
      [0, 42, 13, 285, 309], -14.551031112670898
      [0, 42, 13, 285, 253], -15.030401229858398
    [0, 42, 13, 275], -13.092255592346191
    [0, 42, 13, 309], -13.592499732971191
      [0, 42, 13, 309, 13], -14.608572006225586
    [0, 42, 13, 247], -15.086518287658691
    [0, 42, 13, 253], -15.102753639221191
  [0, 42, 601], -10.651712417602539
  [0, 42, 251], -11.186258316040039
  [0, 42, 310], -11.579568862915039
    [0, 42, 310, 247], -13.044473648071289
    [0, 42, 310, 253], -14.537271499633789
  [0, 42, 2427], -11.632059097290039
    [0, 42, 2427, 281], -12.94915771484375
      [0, 42, 2427, 281, 253], -14.434433937072754
    [0, 42, 2427, 715], -14.69293212890625
    [0, 42, 2427, 327], -14.69586181640625
    [0, 42, 2427, 253], -15.05230712890625
    [0, 42, 2427, 275], -15.25372314453125
  [0, 42, 285], -11.718362808227539
    [0, 42, 285, 253], -13.284294128417969
    [0, 42, 285, 247], -14.880241394042969
  [0, 42, 247], -11.867776870727539
  [0, 42, 556], -11.881937026977539
    [0, 42, 556, 247], -13.850799560546875
  [0, 42, 9047], -11.899026870727539
    [0, 42, 9047, 253], -13.374283790588379
    [0, 42, 9047, 247], -14.103043556213379
  [0, 42, 253], -12.282815933227539
  [0, 42, 403], -12.366800308227539
    [0, 42, 403, 247], -13.984673500061035
  [0, 42, 309], -12.413675308227539
  [0, 42, 2206], -12.628641128540039
    [0, 42, 2206, 275], -13.979230880737305
      [0, 42, 2206, 275, 253], -14.97422981262207
    [0, 42, 2206, 327], -14.878156661987305
    [0, 42, 2206, 387], -15.041120529174805
  [0, 42, 284], -12.868997573852539
  [0, 42, 275], -13.009622573852539
    [0, 42, 275, 253], -14.9281644821167
  [0, 42, 249], -13.038675308227539
  [0, 42, 8231], -13.078836441040039
    [0, 42, 8231, 253], -15.072565078735352
    [0, 42, 8231, 247], -15.104059219360352
  [0, 42, 66], -13.084329605102539
  [0, 42, 6008], -13.403421401977539
  [0, 42, 387], -13.406351089477539
    [0, 42, 387, 253], -15.261124610900879
  [0, 42, 327], -13.435403823852539
    [0, 42, 327, 253], -14.708954811096191
  [0, 42, 255], -13.474344253540039
  [0, 42, 281], -13.485452651977539
  [0, 42, 1342], -13.579080581665039
  [0, 42, 3088], -13.660867691040039
  [0, 42, 531], -13.845315933227539
  [0, 42, 2327], -13.999979019165039
  [0, 42, 260], -14.176126480102539
  [0, 42, 2369], -14.232034683227539
  [0, 42, 262], -14.380960464477539
  [0, 42, 14428], -14.410257339477539
  [0, 42, 1615], -14.442483901977539
  [0, 42, 326], -14.453592300415039
  [0, 42, 6309], -14.454568862915039
  [0, 42, 248], -14.465311050415039
  [0, 42, 9802], -14.569070816040039
  [0, 42, 5092], -14.569192886352539
  [0, 42, 263], -14.574930191040039
  [0, 42, 3063], -14.592874526977539
  [0, 42, 1542], -14.596902847290039
  [0, 42, 635], -14.624124526977539
  [0, 42, 484], -14.627054214477539
  [0, 42, 788], -14.630105972290039
  [0, 42, 745], -14.706277847290039
  [0, 42, 1708], -14.875589370727539
  [0, 42, 1171], -14.886819839477539
  [0, 42, 9846], -14.889017105102539
  [0, 42, 2577], -14.910013198852539
  [0, 42, 1625], -14.950174331665039
  [0, 42, 1405], -14.959329605102539
  [0, 42, 338], -14.990335464477539
  [0, 42, 1652], -15.002786636352539
  [0, 42, 2887], -15.073587417602539
  [0, 42, 465], -15.108621597290039
  [0, 42, 783], -15.139749526977539
  [0, 42, 395], -15.145120620727539
  [0, 42, 1257], -15.160013198852539
  [0, 42, 12756], -15.183938980102539
  [0, 42, 3022], -15.224832534790039
  [0, 42, 936], -15.230936050415039
  [0, 42, 510], -15.255716323852539
[0, 1147], -5.225059509277344
  [0, 1147, 310], -6.566336631774902
    [0, 1147, 310, 247], -8.600902557373047
      [0, 1147, 310, 247, 1943], -13.717216491699219
      [0, 1147, 310, 247, 1652], -14.147026062011719
      [0, 1147, 310, 247, 3511], -14.365653991699219
      [0, 1147, 310, 247, 1029], -14.549858093261719
    [0, 1147, 310, 253], -9.836986541748047
    [0, 1147, 310, 275], -11.220531463623047
      [0, 1147, 310, 275, 253], -12.817888259887695
      [0, 1147, 310, 275, 247], -14.498796463012695
      [0, 1147, 310, 275, 690], -15.106096267700195
      [0, 1147, 310, 275, 326], -15.279680252075195
    [0, 1147, 310, 281], -11.566844940185547
      [0, 1147, 310, 281, 479], -14.690598487854004
        [0, 1147, 310, 281, 479, 326], -15.007248878479004
    [0, 1147, 310, 13], -11.932323455810547
      [0, 1147, 310, 13, 275], -14.168886184692383
      [0, 1147, 310, 13, 309], -14.756410598754883
      [0, 1147, 310, 13, 285], -14.830629348754883
      [0, 1147, 310, 13, 751], -14.995912551879883
    [0, 1147, 310, 387], -12.251293182373047
    [0, 1147, 310, 3063], -12.444408416748047
      [0, 1147, 310, 3063, 247], -14.647920608520508
    [0, 1147, 310, 327], -12.676097869873047
      [0, 1147, 310, 327, 253], -14.33886432647705
    [0, 1147, 310, 285], -13.241283416748047
    [0, 1147, 310, 309], -13.546947479248047
      [0, 1147, 310, 309, 285], -14.858355522155762
    [0, 1147, 310, 690], -13.754467010498047
    [0, 1147, 310, 310], -13.779613494873047
    [0, 1147, 310, 751], -13.838451385498047
    [0, 1147, 310, 479], -14.087474822998047
    [0, 1147, 310, 3511], -14.180492401123047
    [0, 1147, 310, 1029], -14.200389862060547
    [0, 1147, 310, 767], -14.385326385498047
    [0, 1147, 310, 11755], -14.481273651123047
    [0, 1147, 310, 521], -14.529369354248047
    [0, 1147, 310, 2360], -14.540599822998047
    [0, 1147, 310, 326], -14.824535369873047
  [0, 1147, 556], -8.033255577087402
    [0, 1147, 556, 281], -12.986139297485352
    [0, 1147, 556, 247], -13.455865859985352
    [0, 1147, 556, 253], -14.362604141235352
    [0, 1147, 556, 13], -14.376764297485352
  [0, 1147, 476], -11.360648155212402
  [0, 1147, 2427], -13.434622764587402
  [0, 1147, 285], -13.918143272399902
  [0, 1147, 452], -14.053763389587402
  [0, 1147, 13], -14.347586631774902
  [0, 1147, 403], -14.488333702087402
  [0, 1147, 275], -14.493826866149902
  [0, 1147, 309], -14.670828819274902
  [0, 1147, 253], -14.869315147399902
[0, 1231], -5.352867126464844
  [0, 1231, 403], -7.339687347412109
    [0, 1231, 403, 247], -9.535490989685059
      [0, 1231, 403, 247, 1652], -14.751775741577148
      [0, 1231, 403, 247, 1943], -14.834661483764648
    [0, 1231, 403, 253], -10.452605247497559
    [0, 1231, 403, 275], -11.084807395935059
      [0, 1231, 403, 275, 253], -11.990392684936523
      [0, 1231, 403, 275, 247], -13.118566513061523
    [0, 1231, 403, 387], -12.327239036560059
      [0, 1231, 403, 387, 253], -13.21314525604248
    [0, 1231, 403, 327], -12.720793724060059
      [0, 1231, 403, 327, 253], -13.755651473999023
      [0, 1231, 403, 327, 247], -14.448034286499023
    [0, 1231, 403, 3063], -13.355925559997559
    [0, 1231, 403, 767], -14.047209739685059
    [0, 1231, 403, 13], -14.201262474060059
    [0, 1231, 403, 281], -14.723967552185059
  [0, 1231, 452], -7.435024261474609
    [0, 1231, 452, 247], -8.90546703338623
      [0, 1231, 452, 247, 1652], -13.844393730163574
      [0, 1231, 452, 247, 1943], -14.259554862976074
      [0, 1231, 452, 247, 1029], -14.715121269226074
      [0, 1231, 452, 247, 767], -14.769198417663574
    [0, 1231, 452, 253], -10.55732250213623
    [0, 1231, 452, 690], -11.46723461151123
    [0, 1231, 452, 767], -11.73212718963623
    [0, 1231, 452, 281], -12.05597972869873
    [0, 1231, 452, 387], -13.60737133026123
    [0, 1231, 452, 3063], -13.89985179901123
    [0, 1231, 452, 275], -14.51850414276123
    [0, 1231, 452, 13], -14.58051586151123
    [0, 1231, 452, 327], -14.69221019744873
  [0, 1231, 476], -10.54049301147461
  [0, 1231, 253], -11.54500961303711
  [0, 1231, 13], -12.05343246459961
    [0, 1231, 13, 275], -14.134864807128906
    [0, 1231, 13, 285], -14.233619689941406
  [0, 1231, 3063], -12.28976058959961
  [0, 1231, 387], -12.47909164428711
  [0, 1231, 285], -12.86825180053711
    [0, 1231, 285, 253], -14.456460952758789
  [0, 1231, 751], -12.92293930053711
    [0, 1231, 751, 253], -14.754111289978027
    [0, 1231, 751, 281], -14.789999961853027
  [0, 1231, 2427], -12.94601058959961
    [0, 1231, 2427, 281], -14.830785751342773
  [0, 1231, 275], -12.97384262084961
    [0, 1231, 275, 253], -14.271598815917969
  [0, 1231, 249], -13.06100082397461
  [0, 1231, 2206], -13.13985824584961
    [0, 1231, 2206, 275], -14.9713773727417
  [0, 1231, 247], -13.47420883178711
  [0, 1231, 310], -14.13460922241211
  [0, 1231, 327], -14.20077133178711
  [0, 1231, 9047], -14.59481430053711
  [0, 1231, 248], -14.66683578491211
  [0, 1231, 767], -14.92721176147461
  [0, 1231, 281], -14.94369125366211
  [0, 1231, 6008], -14.98568344116211
[0, 3220], -6.201988220214844
  [0, 3220, 1652], -12.666751861572266
  [0, 3220, 6858], -13.145633697509766
    [0, 3220, 6858, 310], -14.94888687133789
  [0, 3220, 767], -13.174686431884766
  [0, 3220, 1171], -13.176029205322266
  [0, 3220, 783], -13.494144439697266
  [0, 3220, 4370], -13.574710845947266
  [0, 3220, 66], -13.593265533447266
  [0, 3220, 465], -13.597049713134766
  [0, 3220, 255], -13.657108306884766
  [0, 3220, 247], -14.022586822509766
  [0, 3220, 262], -14.076419830322266
  [0, 3220, 253], -14.165409088134766
  [0, 3220, 1984], -14.227909088134766
  [0, 3220, 1113], -14.507205963134766
  [0, 3220, 5798], -14.636478424072266
  [0, 3220, 13], -14.692996978759766
  [0, 3220, 249], -14.764163970947266
  [0, 3220, 260], -14.898685455322266
[0, 1328], -6.817832946777344
  [0, 1328, 310], -9.32002067565918
    [0, 1328, 310, 247], -11.088516235351562
    [0, 1328, 310, 253], -11.751358032226562
    [0, 1328, 310, 275], -13.127578735351562
      [0, 1328, 310, 275, 253], -14.333988189697266
    [0, 1328, 310, 327], -13.900650024414062
      [0, 1328, 310, 327, 253], -14.978721618652344
    [0, 1328, 310, 387], -14.975967407226562
  [0, 1328, 556], -9.95673942565918
    [0, 1328, 556, 247], -12.384757995605469
    [0, 1328, 556, 253], -13.498649597167969
    [0, 1328, 556, 281], -14.061271667480469
  [0, 1328, 285], -11.59296989440918
    [0, 1328, 285, 521], -12.966293334960938
    [0, 1328, 285, 253], -13.830917358398438
  [0, 1328, 249], -11.80744743347168
    [0, 1328, 249, 1342], -14.997481346130371
  [0, 1328, 476], -11.89033317565918
  [0, 1328, 2427], -12.69636344909668
    [0, 1328, 2427, 281], -14.31214427947998
  [0, 1328, 2206], -13.72126579284668
    [0, 1328, 2206, 275], -14.887617111206055
  [0, 1328, 13], -13.86897087097168
  [0, 1328, 66], -14.15681266784668
  [0, 1328, 6613], -14.26984977722168
  [0, 1328, 8231], -14.30793571472168
  [0, 1328, 262], -14.40534782409668
  [0, 1328, 248], -14.52754020690918
  [0, 1328, 253], -14.80708122253418
  [0, 1328, 275], -14.91963005065918
[0, 5804], -6.925376892089844
  [0, 5804, 309], -9.67933464050293
    [0, 5804, 309, 452], -13.651973724365234
      [0, 5804, 309, 452, 247], -14.84873104095459
  [0, 5804, 253], -10.50318717956543
  [0, 5804, 247], -10.63306999206543
  [0, 5804, 251], -11.25440788269043
  [0, 5804, 263], -13.34315299987793
  [0, 5804, 531], -13.61390495300293
  [0, 5804, 13], -13.74073600769043
  [0, 5804, 285], -13.89320182800293
  [0, 5804, 66], -13.98316764831543
  [0, 5804, 310], -13.98841667175293
  [0, 5804, 690], -14.35145378112793
  [0, 5804, 255], -14.43031120300293
  [0, 5804, 275], -14.50721549987793
  [0, 5804, 249], -14.63111686706543
  [0, 5804, 455], -14.68690299987793
  [0, 5804, 281], -14.70741081237793
  [0, 5804, 284], -14.76429557800293
  [0, 5804, 1257], -14.79627799987793
  [0, 5804, 387], -14.85548210144043
[0, 3726], -7.500572204589844
  [0, 3726, 403], -10.133737564086914
    [0, 3726, 403, 253], -13.11677360534668
    [0, 3726, 403, 275], -13.66084098815918
      [0, 3726, 403, 275, 253], -14.790438652038574
    [0, 3726, 403, 247], -13.66877555847168
    [0, 3726, 403, 327], -14.74555778503418
    [0, 3726, 403, 387], -14.99775505065918
  [0, 3726, 452], -10.899240493774414
    [0, 3726, 452, 247], -12.523307800292969
    [0, 3726, 452, 281], -13.587150573730469
    [0, 3726, 452, 253], -13.657585144042969
  [0, 3726, 476], -11.901681900024414
  [0, 3726, 2427], -13.824777603149414
  [0, 3726, 285], -14.132638931274414
  [0, 3726, 13], -14.365304946899414
  [0, 3726, 8231], -14.780588150024414
  [0, 3726, 751], -14.805368423461914
[0, 1615], -7.612632751464844
  [0, 1615, 253], -12.688295364379883
  [0, 1615, 465], -13.269594192504883
  [0, 1615, 327], -13.298891067504883
  [0, 1615, 260], -13.882143020629883
  [0, 1615, 247], -14.005800247192383
  [0, 1615, 285], -14.133119583129883
  [0, 1615, 13], -14.150575637817383
  [0, 1615, 479], -14.608949661254883
  [0, 1615, 310], -14.767396926879883
  [0, 1615, 309], -14.845033645629883
[0, 66], -7.932212829589844
  [0, 66, 13], -13.056163787841797
  [0, 66, 275], -13.331310272216797
  [0, 66, 253], -13.428966522216797
  [0, 66, 247], -14.213634490966797
  [0, 66, 260], -14.218029022216797
  [0, 66, 465], -14.419200897216797
  [0, 66, 310], -14.422130584716797
  [0, 66, 387], -14.652355194091797
  [0, 66, 285], -14.821910858154297
  [0, 66, 281], -14.835948944091797
[0, 4064], -8.010337829589844
  [0, 4064, 253], -10.092813491821289
  [0, 4064, 465], -13.445352554321289
  [0, 4064, 260], -13.622842788696289
  [0, 4064, 247], -13.657754898071289
  [0, 4064, 387], -14.351846694946289
  [0, 4064, 767], -14.886026382446289
[0, 13], -8.010337829589844
  [0, 13, 247], -11.598897933959961
  [0, 13, 275], -12.906026840209961
  [0, 13, 285], -13.122579574584961
  [0, 13, 260], -13.220846176147461
  [0, 13, 253], -13.570821762084961
  [0, 13, 465], -13.607076644897461
  [0, 13, 309], -14.618185043334961
  [0, 13, 66], -14.668722152709961
  [0, 13, 281], -14.965963363647461
[0, 783], -8.272789001464844
  [0, 783, 253], -14.704818725585938
  [0, 783, 767], -14.763656616210938
[0, 2993], -8.335777282714844
  [0, 2993, 310], -10.658838272094727
    [0, 2993, 310, 247], -12.535907745361328
    [0, 2993, 310, 253], -13.171527862548828
    [0, 2993, 310, 275], -14.404560089111328
  [0, 2993, 556], -11.532861709594727
    [0, 2993, 556, 247], -13.67674446105957
    [0, 2993, 556, 253], -14.87852668762207
  [0, 2993, 285], -12.844141006469727
  [0, 2993, 476], -13.426416397094727
  [0, 2993, 2427], -14.199121475219727
  [0, 2993, 66], -14.610864639282227
  [0, 2993, 13], -14.675317764282227
[0, 338], -8.541831970214844
  [0, 338, 253], -12.354126930236816
  [0, 338, 310], -13.289429664611816
  [0, 338, 247], -13.818482398986816
  [0, 338, 556], -14.296753883361816
  [0, 338, 465], -14.674195289611816
  [0, 338, 2520], -14.846924781799316
  [0, 338, 260], -14.969605445861816
[0, 1171], -8.944419860839844
  [0, 1171, 253], -10.018675804138184
  [0, 1171, 247], -12.288451194763184
  [0, 1171, 767], -14.505736351013184
  [0, 1171, 260], -14.557738304138184
[0, 251], -8.972984313964844
  [0, 251, 253], -11.503198623657227
  [0, 251, 247], -13.095972061157227
  [0, 251, 13], -14.077661514282227
  [0, 251, 326], -14.822900772094727
  [0, 251, 285], -14.916772842407227
[0, 936], -9.010826110839844
  [0, 936, 253], -12.84356689453125
  [0, 936, 479], -13.10870361328125
    [0, 936, 479, 13], -14.607683181762695
  [0, 936, 452], -13.37188720703125
  [0, 936, 247], -13.96124267578125
  [0, 936, 260], -14.13690185546875
[0, 7745], -9.015953063964844
  [0, 7745, 387], -10.074052810668945
    [0, 7745, 387, 253], -11.657268524169922
    [0, 7745, 387, 326], -12.275432586669922
    [0, 7745, 387, 479], -13.322063446044922
      [0, 7745, 387, 479, 13], -14.816123008728027
    [0, 7745, 387, 247], -14.451824188232422
  [0, 7745, 13], -11.765336990356445
    [0, 7745, 13, 309], -12.862773895263672
  [0, 7745, 249], -13.097612380981445
  [0, 7745, 275], -13.197710037231445
    [0, 7745, 275, 253], -14.806714057922363
  [0, 7745, 309], -14.081621170043945
  [0, 7745, 281], -14.110918045043945
  [0, 7745, 285], -14.283891677856445
  [0, 7745, 751], -14.340288162231445
  [0, 7745, 715], -14.697710037231445
  [0, 7745, 327], -14.743120193481445
  [0, 7745, 253], -14.872758865356445
  [0, 7745, 484], -14.898027420043945
[0, 285], -9.036216735839844
  [0, 285, 253], -11.696418762207031
  [0, 285, 247], -12.203498840332031
  [0, 285, 260], -13.987678527832031
  [0, 285, 309], -14.456428527832031
  [0, 285, 285], -14.598152160644531
  [0, 285, 275], -14.693611145019531
  [0, 285, 465], -14.856330871582031
[0, 395], -9.062583923339844
  [0, 395, 253], -12.121062278747559
  [0, 395, 247], -12.858366966247559
  [0, 395, 309], -12.898283958435059
  [0, 395, 275], -14.116667747497559
  [0, 395, 281], -14.373503684997559
  [0, 395, 285], -14.669035911560059
  [0, 395, 260], -14.786589622497559
  [0, 395, 13], -14.956877708435059
[0, 310], -9.064537048339844
  [0, 310, 253], -10.295226097106934
  [0, 310, 247], -11.229308128356934
[0, 22529], -9.066368103027344
  [0, 22529, 327], -14.055566787719727
  [0, 22529, 253], -14.097558975219727
  [0, 22529, 484], -14.423364639282227
  [0, 22529, 483], -14.562646865844727
  [0, 22529, 281], -14.672266006469727
  [0, 22529, 263], -14.883691787719727
  [0, 22529, 275], -14.942895889282227
[0, 248], -9.066978454589844
  [0, 248, 310], -11.19856071472168
    [0, 248, 310, 247], -13.056424140930176
    [0, 248, 310, 253], -13.793972969055176
    [0, 248, 310, 275], -14.628201484680176
  [0, 248, 556], -13.60578727722168
  [0, 248, 285], -14.18916130065918
  [0, 248, 13], -14.31525993347168
  [0, 248, 249], -14.56953239440918
  [0, 248, 275], -14.78645133972168
[0, 2520], -9.136070251464844
  [0, 2520, 310], -9.653738021850586
    [0, 2520, 310, 247], -10.694877624511719
      [0, 2520, 310, 247, 1652], -14.623869895935059
    [0, 2520, 310, 253], -10.914115905761719
[0, 249], -9.158653259277344
  [0, 249, 253], -11.685216903686523
  [0, 249, 247], -12.451696395874023
[0, 2577], -9.250938415527344
  [0, 2577, 2829], -14.959781646728516
[0, 5371], -9.339439392089844
  [0, 5371, 310], -11.128366470336914
    [0, 5371, 310, 253], -12.194209098815918
    [0, 5371, 310, 247], -14.549189567565918
  [0, 5371, 403], -11.780466079711914
    [0, 5371, 403, 253], -12.35562515258789
    [0, 5371, 403, 690], -14.85416030883789
  [0, 5371, 281], -11.947702407836914
  [0, 5371, 309], -12.176706314086914
  [0, 5371, 253], -13.050119400024414
  [0, 5371, 936], -14.447702407836914
  [0, 5371, 452], -14.522043228149414
  [0, 5371, 247], -14.542428970336914
  [0, 5371, 476], -14.816598892211914
  [0, 5371, 556], -14.999094009399414
[0, 309], -9.343345642089844
  [0, 309, 452], -12.220651626586914
    [0, 309, 452, 247], -13.622318267822266
    [0, 309, 452, 281], -14.815555572509766
  [0, 309, 476], -13.483591079711914
  [0, 309, 751], -14.343454360961914
[0, 2327], -9.347251892089844
  [0, 2327, 260], -14.056204795837402
[0, 262], -9.414024353027344
  [0, 262, 310], -10.70212173461914
    [0, 262, 310, 247], -12.071208953857422
    [0, 262, 310, 253], -13.752605438232422
  [0, 262, 556], -12.48898696899414
  [0, 262, 476], -14.81711196899414
[0, 3113], -9.493980407714844
  [0, 3113, 253], -12.408218383789062
[0, 1542], -9.538414001464844
  [0, 1542, 253], -12.509475708007812
  [0, 1542, 247], -12.709304809570312
    [0, 1542, 247, 275], -14.413187026977539
  [0, 1542, 465], -13.527908325195312
  [0, 1542, 260], -14.534378051757812
[0, 9453], -9.562217712402344
  [0, 9453, 309], -11.623088836669922
  [0, 9453, 281], -12.055828094482422
  [0, 9453, 253], -12.527629852294922
  [0, 9453, 310], -13.233074188232422
    [0, 9453, 310, 253], -14.316417694091797
  [0, 9453, 247], -13.342082977294922
  [0, 9453, 403], -14.782146453857422
[0, 5658], -9.578453063964844
  [0, 5658, 403], -10.983325004577637
    [0, 5658, 403, 275], -13.971455574035645
      [0, 5658, 403, 275, 253], -14.918299674987793
    [0, 5658, 403, 327], -14.641987800598145
    [0, 5658, 403, 253], -14.725972175598145
    [0, 5658, 403, 247], -14.823140144348145
  [0, 5658, 476], -11.773486137390137
  [0, 5658, 452], -12.038378715515137
    [0, 5658, 452, 247], -13.833986282348633
    [0, 5658, 452, 281], -13.993654251098633
    [0, 5658, 452, 253], -14.363649368286133
[0, 5430], -9.581504821777344
  [0, 5430, 281], -9.964695930480957
  [0, 5430, 936], -13.118504524230957
  [0, 5430, 309], -14.692112922668457
  [0, 5430, 310], -14.770482063293457
  [0, 5430, 476], -14.916966438293457
[0, 1826], -9.612266540527344
[0, 10383], -9.684532165527344
  [0, 10383, 253], -11.684946060180664
  [0, 10383, 247], -13.336191177368164
  [0, 10383, 479], -13.835702896118164
[0, 664], -9.694419860839844
  [0, 664, 403], -11.659241676330566
    [0, 664, 403, 247], -14.55166244506836
    [0, 664, 403, 275], -14.76113510131836
  [0, 664, 452], -11.937074661254883
    [0, 664, 452, 247], -13.188546180725098
    [0, 664, 452, 690], -14.874947547912598
    [0, 664, 452, 253], -14.993355751037598
  [0, 664, 476], -13.876527786254883
[0, 2369], -9.923667907714844
  [0, 2369, 275], -14.854119300842285
[0, 255], -9.984825134277344
  [0, 255, 253], -13.654966354370117
  [0, 255, 310], -14.173765182495117
[0, 601], -10.062828063964844
  [0, 601, 326], -12.765401840209961
    [0, 601, 326, 253], -14.8588228225708
  [0, 601, 309], -13.149801254272461
  [0, 601, 13], -13.792745590209961
  [0, 601, 253], -13.800558090209961
  [0, 601, 275], -14.384054183959961
  [0, 601, 281], -14.859640121459961
  [0, 601, 247], -14.958761215209961
[0, 253], -10.190025329589844
[0, 275], -10.211997985839844
  [0, 275, 247], -12.217591285705566
  [0, 275, 253], -12.349183082580566
[0, 281], -10.220176696777344
  [0, 281, 253], -13.41659164428711
  [0, 281, 247], -14.58675765991211
[0, 3529], -10.267784118652344
  [0, 3529, 310], -12.470327377319336
    [0, 3529, 310, 253], -13.801538467407227
    [0, 3529, 310, 13], -14.596460342407227
  [0, 3529, 253], -13.492788314819336
  [0, 3529, 247], -14.632558822631836
  [0, 3529, 309], -14.840078353881836
[0, 1439], -10.311851501464844
  [0, 1439, 247], -13.263368606567383
  [0, 1439, 253], -14.012880325317383
  [0, 1439, 275], -14.680849075317383
  [0, 1439, 281], -14.689882278442383
  [0, 1439, 326], -14.877870559692383
[0, 1257], -10.400840759277344
  [0, 1257, 253], -12.485830307006836
[0, 9088], -10.401084899902344
  [0, 9088, 403], -11.001851081848145
    [0, 9088, 403, 247], -12.359758377075195
    [0, 9088, 403, 690], -14.014665603637695
    [0, 9088, 403, 767], -14.286760330200195
  [0, 9088, 310], -11.961689949035645
    [0, 9088, 310, 247], -12.400991439819336
[0, 455], -10.410240173339844
  [0, 455, 253], -13.258161544799805
  [0, 455, 13], -14.004621505737305
[0, 484], -10.434654235839844
  [0, 484, 281], -14.191325187683105
  [0, 484, 13], -14.612223625183105
  [0, 484, 327], -14.684000968933105
[0, 788], -10.486656188964844
  [0, 788, 253], -13.611982345581055
[0, 3088], -10.508872985839844
  [0, 3088, 247], -14.630096435546875
[0, 531], -10.609336853027344
  [0, 531, 253], -14.04568862915039
[0, 2913], -10.646080017089844
  [0, 2913, 13], -13.835701942443848
[0, 263], -10.664756774902344
  [0, 263, 253], -14.849576950073242
[0, 7053], -10.695396423339844
  [0, 7053, 13], -14.87765884399414
[0, 247], -10.699424743652344
[0, 2666], -10.771324157714844
  [0, 2666, 309], -13.641902923583984
  [0, 2666, 326], -13.776790618896484
  [0, 2666, 1568], -14.508846282958984
  [0, 2666, 13], -14.739070892333984
  [0, 2666, 310], -14.909725189208984
  [0, 2666, 275], -14.990901947021484
[0, 9802], -10.792076110839844
  [0, 9802, 247], -13.86756706237793
  [0, 9802, 253], -14.88685417175293
[0, 1106], -10.802330017089844
  [0, 1106, 281], -12.537413597106934
    [0, 1106, 281, 253], -14.781435012817383
  [0, 1106, 275], -14.642882347106934
[0, 1342], -10.840171813964844
  [0, 1342, 13], -14.654519081115723
[0, 556], -10.848106384277344
  [0, 556, 247], -14.627124786376953
[0, 1405], -10.859458923339844
  [0, 1405, 253], -11.962000846862793
  [0, 1405, 387], -14.792933464050293
[0, 3022], -10.933921813964844
  [0, 3022, 247], -14.187390327453613
  [0, 3022, 253], -14.717785835266113
  [0, 3022, 281], -14.840832710266113
[0, 3188], -10.949058532714844
  [0, 3188, 275], -13.060721397399902
  [0, 3188, 281], -13.382010459899902
  [0, 3188, 285], -13.923758506774902
  [0, 3188, 327], -13.956961631774902
  [0, 3188, 13], -14.993826866149902
[0, 284], -10.961387634277344
  [0, 284, 247], -13.746395111083984
[0, 452], -10.995201110839844
  [0, 452, 247], -14.625581741333008
[0, 1201], -11.005455017089844
  [0, 1201, 13], -14.187763214111328
[0, 2858], -11.078208923339844
  [0, 2858, 309], -13.437755584716797
  [0, 2858, 253], -13.917980194091797
  [0, 2858, 326], -14.709117889404297
[0, 327], -11.099205017089844
  [0, 327, 253], -13.531715393066406
[0, 2184], -11.119468688964844
[0, 5092], -11.168296813964844
  [0, 5092, 309], -13.102410316467285
  [0, 5092, 251], -14.627923011779785
[0, 9154], -11.211143493652344
  [0, 9154, 253], -14.272571563720703
  [0, 9154, 247], -14.406604766845703
  [0, 9154, 275], -14.673450469970703
[0, 4714], -11.232505798339844
  [0, 4714, 13], -13.913710594177246
  [0, 4714, 309], -14.068739891052246
[0, 1568], -11.272422790527344
  [0, 1568, 310], -11.999412536621094
    [0, 1568, 310, 253], -13.060821533203125
  [0, 1568, 403], -12.837303161621094
    [0, 1568, 403, 253], -13.603151321411133
    [0, 1568, 403, 247], -14.852174758911133
[0, 8606], -11.329917907714844
  [0, 8606, 253], -13.554588317871094
  [0, 8606, 247], -14.547264099121094
[0, 403], -11.365074157714844
  [0, 403, 253], -12.903788566589355
  [0, 403, 275], -14.821879386901855
[0, 2606], -11.375083923339844
[0, 12550], -11.515953063964844
[0, 635], -11.525962829589844
[0, 454], -11.546958923339844
[0, 6309], -11.558677673339844
  [0, 6309, 247], -14.68023681640625
[0, 9389], -11.573326110839844
[0, 13174], -11.629478454589844
  [0, 13174, 403], -14.966070175170898
[0, 483], -11.649742126464844
  [0, 483, 253], -14.09536361694336
[0, 8826], -11.702476501464844
[0, 387], -11.769859313964844
[0, 953], -11.776451110839844
  [0, 953, 247], -14.616687774658203
  [0, 953, 253], -14.840320587158203
[0, 3062], -11.784507751464844
[0, 11145], -11.787925720214844
  [0, 11145, 247], -14.918878555297852
[0, 476], -11.790122985839844
  [0, 476, 309], -13.817169189453125
[0, 7483], -11.812461853027344
  [0, 7483, 247], -14.56759262084961
[0, 326], -11.818321228027344
  [0, 326, 310], -13.518400192260742
    [0, 326, 310, 253], -14.777790069580078
[0, 9328], -11.881675720214844
  [0, 9328, 403], -14.076925277709961
  [0, 9328, 452], -14.856466293334961
[0, 977], -11.889366149902344
[0, 2887], -11.892662048339844
[0, 8701], -11.893150329589844
[0, 20415], -11.921714782714844
[0, 4609], -11.942466735839844
  [0, 4609, 310], -13.79641342163086
[0, 10002], -11.968833923339844
  [0, 10002, 310], -14.59383773803711
[0, 14428], -12.054283142089844
[0, 21528], -12.095176696777344
  [0, 21528, 247], -13.81262493133545
  [0, 21528, 253], -14.37964153289795
[0, 14806], -12.125328063964844
  [0, 14806, 253], -13.821592330932617
  [0, 14806, 247], -14.795225143432617
[0, 12756], -12.183433532714844
[0, 12157], -12.191001892089844
  [0, 12157, 309], -14.175166130065918
  [0, 12157, 253], -14.678828239440918
[0, 12563], -12.250083923339844
  [0, 12563, 13], -14.916729927062988
[0, 38878], -12.280357360839844
[0, 9846], -12.286216735839844
[0, 20513], -12.290855407714844
  [0, 20513, 403], -12.63174819946289
    [0, 20513, 403, 253], -13.414278984069824
[0, 31089], -12.349205017089844
[0, 751], -12.440025329589844
[0, 16534], -12.496910095214844
[0, 260], -12.537559509277344
[0, 3063], -12.790367126464844
  [0, 3063, 309], -13.867483139038086
  [0, 3063, 13], -14.966360092163086
[0, 1652], -12.899986267089844
[0, 379], -13.023765563964844
[0, 18959], -13.151695251464844
[0, 465], -13.163902282714844
[0, 7461], -13.183067321777344
[0, 6204], -13.409019470214844
  [0, 6204, 387], -14.820818901062012
[0, 767], -13.460533142089844
[0, 28206], -13.499595642089844
  [0, 28206, 281], -14.438532829284668
[0, 14644], -13.541709899902344
[0, 479], -13.549034118652344
[0, 6689], -13.631431579589844
[0, 690], -13.705162048339844
[0, 21808], -13.717979431152344
[0, 661], -13.765098571777344
[0, 1597], -13.796104431152344
[0, 14094], -13.805992126464844
[0, 5798], -13.832847595214844
[0, 561], -13.844566345214844
[0, 19506], -13.916099548339844
[0, 725], -13.917198181152344
[0, 6858], -13.928794860839844
[0, 2165], -13.948814392089844
[0, 1029], -14.016319274902344
[0, 1943], -14.098716735839844
[0, 1113], -14.102867126464844
[0, 745], -14.247398376464844
[0, 13243], -14.364341735839844
[0, 4882], -14.446250915527344
[0, 715], -14.453941345214844
[0, 2265], -14.472007751464844
[0, 1984], -14.586021423339844
[0, 2360], -14.687950134277344
[0, 40096], -14.720787048339844
[0, 2829], -14.721885681152344
[0, 2206], -14.752769470214844
[0, 2534], -14.825889587402344
[0, 10086], -14.897300720214844
[0, 4370], -14.996665954589844
Time taken in seconds: 6681.973203420639
Number of forward passes: 1142
Worst case number of forward passes: 1255878541
Best sequence: [0, 1147, 310, 281, 479, 326], -15.007248878479004
<|endoftext|>It is to me that
