[0, 510], -3.031212091445923
  [0, 510, 309], -10.5607271194458
    [0, 510, 309, 255], -16.405364990234375
      [0, 510, 309, 255, 13], -24.223752975463867
        [0, 510, 309, 255, 13, 285], -27.074851989746094
          [0, 510, 309, 255, 13, 285, 309], -29.988252639770508
            [0, 510, 309, 255, 13, 285, 309, 255], -31.657936096191406
              [0, 510, 309, 255, 13, 285, 309, 255, 13], -32.944881439208984
                [0, 510, 309, 255, 13, 285, 309, 255, 13, 285], -36.93762969970703
              [0, 510, 309, 255, 13, 285, 309, 255, 285], -35.851985931396484
            [0, 510, 309, 255, 13, 285, 309, 13], -33.362892150878906
              [0, 510, 309, 255, 13, 285, 309, 13, 309], -36.25291061401367
              [0, 510, 309, 255, 13, 285, 309, 13, 285], -36.38328170776367
            [0, 510, 309, 255, 13, 285, 309, 249], -35.719703674316406
              [0, 510, 309, 255, 13, 285, 309, 249, 13], -36.86979675292969
            [0, 510, 309, 255, 13, 285, 309, 285], -36.663429260253906
          [0, 510, 309, 255, 13, 285, 281], -33.14987564086914
          [0, 510, 309, 255, 13, 285, 13], -33.53464126586914
            [0, 510, 309, 255, 13, 285, 13, 285], -36.67171096801758
            [0, 510, 309, 255, 13, 285, 13, 309], -36.88179397583008
          [0, 510, 309, 255, 13, 285, 285], -33.80270767211914
          [0, 510, 309, 255, 13, 285, 1652], -35.15683364868164
        [0, 510, 309, 255, 13, 309], -27.312034606933594
          [0, 510, 309, 255, 13, 309, 255], -28.28064727783203
            [0, 510, 309, 255, 13, 309, 255, 13], -29.16256332397461
              [0, 510, 309, 255, 13, 309, 255, 13, 285], -30.535734176635742
                [0, 510, 309, 255, 13, 309, 255, 13, 285, 309], -32.92075729370117
              [0, 510, 309, 255, 13, 309, 255, 13, 309], -30.722379684448242
                [0, 510, 309, 255, 13, 309, 255, 13, 309, 255], -31.046506881713867
            [0, 510, 309, 255, 13, 309, 255, 285], -29.95760726928711
        [0, 510, 309, 255, 13, 281], -30.340721130371094
      [0, 510, 309, 255, 285], -24.312131881713867
        [0, 510, 309, 255, 285, 309], -27.22178077697754
          [0, 510, 309, 255, 285, 309, 255], -29.819416046142578
      [0, 510, 309, 255, 249], -25.690549850463867
        [0, 510, 309, 255, 249, 255], -30.696983337402344
        [0, 510, 309, 255, 249, 13], -30.986289978027344
      [0, 510, 309, 255, 281], -26.145017623901367
        [0, 510, 309, 255, 281, 255], -30.89636993408203
      [0, 510, 309, 255, 1568], -26.294797897338867
      [0, 510, 309, 255, 309], -27.152341842651367
        [0, 510, 309, 255, 309, 255], -27.631277084350586
          [0, 510, 309, 255, 309, 255, 309], -29.9053897857666
            [0, 510, 309, 255, 309, 255, 309, 255], -30.108642578125
              [0, 510, 309, 255, 309, 255, 309, 255, 309], -30.643033981323242
                [0, 510, 309, 255, 309, 255, 309, 255, 309, 255], -30.771108627319336
      [0, 510, 309, 255, 3022], -27.171018600463867
      [0, 510, 309, 255, 510], -27.235105514526367
        [0, 510, 309, 255, 510, 255], -30.59731101989746
      [0, 510, 309, 255, 255], -27.244626998901367
        [0, 510, 309, 255, 255, 255], -29.70388412475586
      [0, 510, 309, 255, 1405], -27.421751022338867
      [0, 510, 309, 255, 2369], -27.523801803588867
      [0, 510, 309, 255, 454], -27.631834030151367
      [0, 510, 309, 255, 395], -27.725828170776367
      [0, 510, 309, 255, 42], -28.142820358276367
      [0, 510, 309, 255, 263], -28.235227584838867
      [0, 510, 309, 255, 5603], -28.257932662963867
      [0, 510, 309, 255, 6309], -28.767332077026367
      [0, 510, 309, 255, 5202], -28.849973678588867
      [0, 510, 309, 255, 483], -28.859617233276367
      [0, 510, 309, 255, 5101], -28.877805709838867
      [0, 510, 309, 255, 3220], -29.126096725463867
      [0, 510, 309, 255, 6008], -29.735593795776367
      [0, 510, 309, 255, 6689], -30.035276412963867
      [0, 510, 309, 255, 24740], -30.167966842651367
      [0, 510, 309, 255, 715], -30.389524459838867
      [0, 510, 309, 255, 2829], -30.552732467651367
      [0, 510, 309, 255, 20415], -30.585325241088867
      [0, 510, 309, 255, 9328], -30.721921920776367
    [0, 510, 309, 285], -16.994476318359375
      [0, 510, 309, 285, 309], -20.669845581054688
        [0, 510, 309, 285, 309, 13], -25.128162384033203
          [0, 510, 309, 285, 309, 13, 285], -27.752971649169922
          [0, 510, 309, 285, 309, 13, 309], -28.368450164794922
            [0, 510, 309, 285, 309, 13, 309, 285], -30.686120986938477
          [0, 510, 309, 285, 309, 13, 281], -30.011150360107422
        [0, 510, 309, 285, 309, 285], -27.241931915283203
          [0, 510, 309, 285, 309, 285, 309], -28.58119010925293
        [0, 510, 309, 285, 309, 281], -27.450672149658203
        [0, 510, 309, 285, 309, 309], -27.673084259033203
        [0, 510, 309, 285, 309, 255], -28.675525665283203
        [0, 510, 309, 285, 309, 249], -29.019031524658203
        [0, 510, 309, 285, 309, 510], -29.049793243408203
        [0, 510, 309, 285, 309, 6008], -29.150867462158203
        [0, 510, 309, 285, 309, 483], -29.520496368408203
        [0, 510, 309, 285, 309, 2184], -29.571521759033203
        [0, 510, 309, 285, 309, 1625], -29.708484649658203
        [0, 510, 309, 285, 309, 3088], -29.876331329345703
        [0, 510, 309, 285, 309, 263], -30.365467071533203
        [0, 510, 309, 285, 309, 3220], -30.484119415283203
        [0, 510, 309, 285, 309, 1652], -30.499134063720703
      [0, 510, 309, 285, 285], -23.829879760742188
        [0, 510, 309, 285, 285, 309], -27.598155975341797
        [0, 510, 309, 285, 285, 285], -29.765392303466797
        [0, 510, 309, 285, 285, 13], -30.182506561279297
      [0, 510, 309, 285, 13], -24.834030151367188
        [0, 510, 309, 285, 13, 285], -27.647891998291016
        [0, 510, 309, 285, 13, 309], -28.170352935791016
        [0, 510, 309, 285, 13, 281], -29.839908599853516
      [0, 510, 309, 285, 281], -24.840011596679688
        [0, 510, 309, 285, 281, 309], -30.25986099243164
      [0, 510, 309, 285, 1652], -26.537277221679688
        [0, 510, 309, 285, 1652, 13], -30.09468650817871
        [0, 510, 309, 285, 1652, 309], -30.55330467224121
      [0, 510, 309, 285, 510], -26.999069213867188
        [0, 510, 309, 285, 510, 309], -29.802682876586914
      [0, 510, 309, 285, 2829], -28.138717651367188
      [0, 510, 309, 285, 715], -28.230880737304688
      [0, 510, 309, 285, 42], -28.287155151367188
      [0, 510, 309, 285, 5101], -28.314132690429688
      [0, 510, 309, 285, 6440], -28.883834838867188
      [0, 510, 309, 285, 483], -28.977340698242188
      [0, 510, 309, 285, 4496], -28.979904174804688
      [0, 510, 309, 285, 3220], -29.181686401367188
      [0, 510, 309, 285, 5254], -29.215499877929688
      [0, 510, 309, 285, 5202], -29.414230346679688
      [0, 510, 309, 285, 5603], -29.670944213867188
      [0, 510, 309, 285, 263], -30.060226440429688
      [0, 510, 309, 285, 249], -30.115890502929688
      [0, 510, 309, 285, 395], -30.205734252929688
      [0, 510, 309, 285, 3088], -30.220138549804688
      [0, 510, 309, 285, 6008], -30.258102416992188
      [0, 510, 309, 285, 1625], -30.354782104492188
      [0, 510, 309, 285, 14709], -30.478683471679688
      [0, 510, 309, 285, 255], -30.643478393554688
      [0, 510, 309, 285, 8701], -30.693283081054688
    [0, 510, 309, 13], -17.286834716796875
      [0, 510, 309, 13, 285], -19.479291915893555
        [0, 510, 309, 13, 285, 309], -22.039226531982422
          [0, 510, 309, 13, 285, 309, 13], -24.999286651611328
            [0, 510, 309, 13, 285, 309, 13, 285], -27.256425857543945
              [0, 510, 309, 13, 285, 309, 13, 285, 309], -29.089353561401367
            [0, 510, 309, 13, 285, 309, 13, 309], -28.006059646606445
              [0, 510, 309, 13, 285, 309, 13, 309, 13], -29.86601448059082
            [0, 510, 309, 13, 285, 309, 13, 281], -30.109209060668945
          [0, 510, 309, 13, 285, 309, 285], -28.058734893798828
            [0, 510, 309, 13, 285, 309, 285, 309], -29.17674446105957
          [0, 510, 309, 13, 285, 309, 281], -28.492938995361328
          [0, 510, 309, 13, 285, 309, 309], -28.636493682861328
            [0, 510, 309, 13, 285, 309, 309, 13], -30.69024085998535
          [0, 510, 309, 13, 285, 309, 255], -30.509540557861328
          [0, 510, 309, 13, 285, 309, 6008], -30.592060089111328
        [0, 510, 309, 13, 285, 285], -23.426799774169922
          [0, 510, 309, 13, 285, 285, 309], -26.296947479248047
            [0, 510, 309, 13, 285, 285, 309, 13], -29.15904998779297
          [0, 510, 309, 13, 285, 285, 285], -27.767772674560547
          [0, 510, 309, 13, 285, 285, 13], -28.137645721435547
          [0, 510, 309, 13, 285, 285, 281], -29.895336151123047
        [0, 510, 309, 13, 285, 13], -24.503582000732422
          [0, 510, 309, 13, 285, 13, 285], -26.95269012451172
            [0, 510, 309, 13, 285, 13, 285, 13], -30.480066299438477
          [0, 510, 309, 13, 285, 13, 309], -27.38970184326172
            [0, 510, 309, 13, 285, 13, 309, 13], -30.38918113708496
          [0, 510, 309, 13, 285, 13, 281], -29.64922332763672
        [0, 510, 309, 13, 285, 281], -25.337932586669922
          [0, 510, 309, 13, 285, 281, 13], -29.917219161987305
          [0, 510, 309, 13, 285, 281, 309], -30.754133224487305
        [0, 510, 309, 13, 285, 1652], -27.903728485107422
          [0, 510, 309, 13, 285, 1652, 13], -30.533042907714844
        [0, 510, 309, 13, 285, 510], -28.587078094482422
          [0, 510, 309, 13, 285, 510, 309], -30.57770538330078
        [0, 510, 309, 13, 285, 42], -28.994915008544922
        [0, 510, 309, 13, 285, 715], -29.175090789794922
        [0, 510, 309, 13, 285, 4496], -29.424114227294922
        [0, 510, 309, 13, 285, 395], -29.676799774169922
        [0, 510, 309, 13, 285, 3220], -30.455242156982422
        [0, 510, 309, 13, 285, 263], -30.595500946044922
      [0, 510, 309, 13, 309], -19.694379806518555
        [0, 510, 309, 13, 309, 13], -21.532625198364258
          [0, 510, 309, 13, 309, 13, 285], -22.590059280395508
            [0, 510, 309, 13, 309, 13, 285, 309], -25.093610763549805
              [0, 510, 309, 13, 309, 13, 285, 309, 13], -28.206159591674805
                [0, 510, 309, 13, 309, 13, 285, 309, 13, 285], -30.62742042541504
            [0, 510, 309, 13, 309, 13, 285, 13], -27.232404708862305
              [0, 510, 309, 13, 309, 13, 285, 13, 309], -29.30300521850586
              [0, 510, 309, 13, 309, 13, 285, 13, 285], -29.86281967163086
            [0, 510, 309, 13, 309, 13, 285, 285], -28.124982833862305
            [0, 510, 309, 13, 309, 13, 285, 281], -29.267927169799805
          [0, 510, 309, 13, 309, 13, 309], -22.685884475708008
            [0, 510, 309, 13, 309, 13, 309, 13], -24.04274559020996
              [0, 510, 309, 13, 309, 13, 309, 13, 309], -24.50666046142578
                [0, 510, 309, 13, 309, 13, 309, 13, 309, 13], -25.178638458251953
        [0, 510, 309, 13, 309, 285], -22.856599807739258
          [0, 510, 309, 13, 309, 285, 309], -24.3137264251709
      [0, 510, 309, 13, 281], -23.979902267456055
      [0, 510, 309, 13, 4496], -24.173139572143555
      [0, 510, 309, 13, 42], -24.204145431518555
    [0, 510, 309, 395], -18.682830810546875
      [0, 510, 309, 395, 249], -24.3380126953125
    [0, 510, 309, 249], -18.966644287109375
      [0, 510, 309, 249, 285], -24.58136749267578
      [0, 510, 309, 249, 483], -24.73212432861328
      [0, 510, 309, 249, 13], -24.81867218017578
      [0, 510, 309, 249, 255], -24.83527374267578
    [0, 510, 309, 1405], -19.063568115234375
      [0, 510, 309, 1405, 255], -22.8533992767334
      [0, 510, 309, 1405, 285], -23.7647762298584
      [0, 510, 309, 1405, 13], -24.1834774017334
      [0, 510, 309, 1405, 249], -24.8916072845459
    [0, 510, 309, 263], -19.238861083984375
    [0, 510, 309, 510], -19.262420654296875
      [0, 510, 309, 510, 309], -23.15166664123535
        [0, 510, 309, 510, 309, 510], -23.448232650756836
          [0, 510, 309, 510, 309, 510, 309], -23.929431915283203
            [0, 510, 309, 510, 309, 510, 309, 510], -24.08932113647461
              [0, 510, 309, 510, 309, 510, 309, 510, 309], -24.246417999267578
                [0, 510, 309, 510, 309, 510, 309, 510, 309, 510], -24.343463897705078
      [0, 510, 309, 510, 42], -23.70562171936035
        [0, 510, 309, 510, 42, 510], -24.25272560119629
      [0, 510, 309, 510, 255], -23.95818519592285
    [0, 510, 309, 483], -19.353607177734375
      [0, 510, 309, 483, 249], -23.80689239501953
    [0, 510, 309, 281], -19.516204833984375
    [0, 510, 309, 2184], -19.611541748046875
      [0, 510, 309, 2184, 255], -24.040456771850586
    [0, 510, 309, 3088], -19.651336669921875
      [0, 510, 309, 3088, 13], -24.061861038208008
    [0, 510, 309, 6309], -20.422210693359375
    [0, 510, 309, 770], -20.901092529296875
      [0, 510, 309, 770, 249], -23.300756454467773
    [0, 510, 309, 2369], -21.524627685546875
    [0, 510, 309, 3022], -21.616668701171875
    [0, 510, 309, 3220], -21.622406005859375
    [0, 510, 309, 42], -21.722503662109375
      [0, 510, 309, 42, 42], -23.46665382385254
        [0, 510, 309, 42, 42, 42], -24.15827751159668
    [0, 510, 309, 1652], -22.489227294921875
    [0, 510, 309, 1568], -22.770355224609375
    [0, 510, 309, 309], -22.963714599609375
    [0, 510, 309, 1201], -23.020965576171875
    [0, 510, 309, 1625], -23.179290771484375
    [0, 510, 309, 2829], -23.281097412109375
    [0, 510, 309, 5603], -23.692474365234375
    [0, 510, 309, 6008], -23.860443115234375
    [0, 510, 309, 8701], -23.962493896484375
    [0, 510, 309, 6440], -24.176849365234375
    [0, 510, 309, 5202], -24.200042724609375
    [0, 510, 309, 38878], -24.283660888671875
  [0, 510, 5101], -11.207454681396484
    [0, 510, 5101, 13], -15.132415771484375
      [0, 510, 5101, 13, 285], -17.232955932617188
        [0, 510, 5101, 13, 285, 309], -22.1771183013916
        [0, 510, 5101, 13, 285, 5101], -22.3780460357666
        [0, 510, 5101, 13, 285, 13], -22.4521427154541
        [0, 510, 5101, 13, 285, 285], -23.8282413482666
      [0, 510, 5101, 13, 309], -20.428268432617188
      [0, 510, 5101, 13, 5101], -20.449264526367188
        [0, 510, 5101, 13, 5101, 13], -21.203989028930664
          [0, 510, 5101, 13, 5101, 13, 285], -21.495777130126953
            [0, 510, 5101, 13, 5101, 13, 285, 5101], -24.305341720581055
        [0, 510, 5101, 13, 5101, 285], -21.654672622680664
      [0, 510, 5101, 13, 281], -22.500900268554688
      [0, 510, 5101, 13, 13], -23.236740112304688
        [0, 510, 5101, 13, 13, 285], -24.20364761352539
      [0, 510, 5101, 13, 4496], -23.729293823242188
        [0, 510, 5101, 13, 4496, 13], -24.25784683227539
      [0, 510, 5101, 13, 5202], -23.973678588867188
      [0, 510, 5101, 13, 395], -24.165328979492188
      [0, 510, 5101, 13, 263], -24.264205932617188
    [0, 510, 5101, 285], -15.503265380859375
      [0, 510, 5101, 285, 5101], -19.006013870239258
        [0, 510, 5101, 285, 5101, 13], -23.315990447998047
        [0, 510, 5101, 285, 5101, 285], -24.048168182373047
      [0, 510, 5101, 285, 309], -21.997468948364258
      [0, 510, 5101, 285, 13], -22.601472854614258
      [0, 510, 5101, 285, 5202], -23.175935745239258
      [0, 510, 5101, 285, 1652], -24.095003128051758
    [0, 510, 5101, 1201], -18.140228271484375
      [0, 510, 5101, 1201, 13], -21.7226619720459
      [0, 510, 5101, 1201, 285], -22.2500057220459
      [0, 510, 5101, 1201, 309], -23.0836238861084
      [0, 510, 5101, 1201, 5101], -23.2179012298584
      [0, 510, 5101, 1201, 281], -23.2351131439209
    [0, 510, 5101, 281], -18.962860107421875
      [0, 510, 5101, 281, 5101], -24.315723419189453
    [0, 510, 5101, 255], -19.240814208984375
      [0, 510, 5101, 255, 13], -24.05023193359375
      [0, 510, 5101, 255, 285], -24.19512939453125
    [0, 510, 5101, 309], -19.508392333984375
    [0, 510, 5101, 3022], -19.806732177734375
      [0, 510, 5101, 3022, 285], -23.597442626953125
    [0, 510, 5101, 249], -20.071746826171875
      [0, 510, 5101, 249, 285], -23.491975784301758
      [0, 510, 5101, 249, 13], -23.648591995239258
    [0, 510, 5101, 5101], -20.288787841796875
      [0, 510, 5101, 5101, 13], -23.785053253173828
      [0, 510, 5101, 5101, 285], -24.112567901611328
    [0, 510, 5101, 715], -20.562957763671875
    [0, 510, 5101, 263], -20.690643310546875
      [0, 510, 5101, 263, 13], -24.02164077758789
      [0, 510, 5101, 263, 285], -24.18094253540039
    [0, 510, 5101, 5202], -20.753021240234375
      [0, 510, 5101, 5202, 13], -24.198087692260742
    [0, 510, 5101, 27287], -20.898162841796875
      [0, 510, 5101, 27287, 281], -23.616056442260742
      [0, 510, 5101, 27287, 715], -24.100431442260742
    [0, 510, 5101, 2184], -20.934539794921875
    [0, 510, 5101, 2369], -21.006317138671875
    [0, 510, 5101, 483], -21.019744873046875
      [0, 510, 5101, 483, 13], -24.014877319335938
    [0, 510, 5101, 3088], -21.346038818359375
    [0, 510, 5101, 2829], -21.729095458984375
    [0, 510, 5101, 6309], -21.745697021484375
    [0, 510, 5101, 4496], -22.107513427734375
      [0, 510, 5101, 4496, 13], -24.25482940673828
    [0, 510, 5101, 8826], -22.354827880859375
    [0, 510, 5101, 42], -22.644134521484375
    [0, 510, 5101, 6008], -22.754974365234375
    [0, 510, 5101, 510], -22.770843505859375
      [0, 510, 5101, 510, 5101], -24.087244033813477
    [0, 510, 5101, 1405], -23.511566162109375
    [0, 510, 5101, 5603], -23.595550537109375
    [0, 510, 5101, 6689], -23.664520263671875
    [0, 510, 5101, 454], -23.855316162109375
    [0, 510, 5101, 8701], -23.953948974609375
    [0, 510, 5101, 12550], -24.183319091796875
  [0, 510, 13], -11.607357025146484
    [0, 510, 13, 285], -12.906744003295898
      [0, 510, 13, 285, 13], -15.858418464660645
        [0, 510, 13, 285, 13, 285], -17.70579719543457
          [0, 510, 13, 285, 13, 285, 13], -21.249622344970703
            [0, 510, 13, 285, 13, 285, 13, 285], -22.934553146362305
          [0, 510, 13, 285, 13, 285, 309], -23.100452423095703
          [0, 510, 13, 285, 13, 285, 281], -23.325305938720703
        [0, 510, 13, 285, 13, 281], -20.034534454345703
        [0, 510, 13, 285, 13, 309], -20.053699493408203
          [0, 510, 13, 285, 13, 309, 13], -23.33855438232422
        [0, 510, 13, 285, 13, 13], -23.432849884033203
        [0, 510, 13, 285, 13, 4496], -24.129871368408203
      [0, 510, 13, 285, 285], -16.517108917236328
        [0, 510, 13, 285, 285, 13], -20.111099243164062
          [0, 510, 13, 285, 285, 13, 285], -22.58710479736328
        [0, 510, 13, 285, 285, 285], -21.674209594726562
        [0, 510, 13, 285, 285, 309], -21.749404907226562
          [0, 510, 13, 285, 285, 309, 13], -24.287521362304688
        [0, 510, 13, 285, 285, 281], -23.179702758789062
      [0, 510, 13, 285, 281], -17.707782745361328
        [0, 510, 13, 285, 281, 13], -19.76926612854004
          [0, 510, 13, 285, 281, 13, 285], -24.04861068725586
        [0, 510, 13, 285, 281, 285], -24.160869598388672
      [0, 510, 13, 285, 309], -17.943744659423828
        [0, 510, 13, 285, 309, 13], -20.279644012451172
          [0, 510, 13, 285, 309, 13, 285], -23.42116928100586
          [0, 510, 13, 285, 309, 13, 309], -23.49392318725586
        [0, 510, 13, 285, 309, 281], -23.535137176513672
        [0, 510, 13, 285, 309, 285], -24.077739715576172
      [0, 510, 13, 285, 1652], -21.040424346923828
        [0, 510, 13, 285, 1652, 13], -21.793537139892578
      [0, 510, 13, 285, 510], -22.023456573486328
        [0, 510, 13, 285, 510, 13], -24.32392120361328
      [0, 510, 13, 285, 715], -22.146137237548828
        [0, 510, 13, 285, 715, 13], -23.91302490234375
      [0, 510, 13, 285, 395], -22.367938995361328
      [0, 510, 13, 285, 263], -22.558734893798828
      [0, 510, 13, 285, 11755], -23.485126495361328
        [0, 510, 13, 285, 11755, 13], -24.227821350097656
      [0, 510, 13, 285, 4496], -23.634174346923828
        [0, 510, 13, 285, 4496, 13], -24.22774887084961
      [0, 510, 13, 285, 249], -23.753681182861328
      [0, 510, 13, 285, 255], -23.965351104736328
      [0, 510, 13, 285, 42], -24.296283721923828
    [0, 510, 13, 309], -16.1018123626709
      [0, 510, 13, 309, 13], -20.17510986328125
        [0, 510, 13, 309, 13, 285], -21.200706481933594
          [0, 510, 13, 309, 13, 285, 309], -24.243389129638672
        [0, 510, 13, 309, 13, 309], -22.198265075683594
          [0, 510, 13, 309, 13, 309, 13], -23.753528594970703
      [0, 510, 13, 309, 285], -21.76373291015625
    [0, 510, 13, 281], -17.7583065032959
      [0, 510, 13, 281, 13], -22.532520294189453
        [0, 510, 13, 281, 13, 281], -23.50135040283203
          [0, 510, 13, 281, 13, 281, 13], -23.95479965209961
        [0, 510, 13, 281, 13, 285], -23.75891876220703
          [0, 510, 13, 281, 13, 285, 281], -24.316608428955078
      [0, 510, 13, 281, 285], -23.712574005126953
        [0, 510, 13, 281, 285, 281], -24.172449111938477
    [0, 510, 13, 4496], -19.3137264251709
      [0, 510, 13, 4496, 13], -19.965557098388672
        [0, 510, 13, 4496, 13, 4496], -21.602630615234375
          [0, 510, 13, 4496, 13, 4496, 13], -21.97028160095215
            [0, 510, 13, 4496, 13, 4496, 13, 4496], -22.219512939453125
              [0, 510, 13, 4496, 13, 4496, 13, 4496, 13], -22.51021385192871
                [0, 510, 13, 4496, 13, 4496, 13, 4496, 13, 4496], -22.616243362426758
    [0, 510, 13, 395], -19.7038631439209
      [0, 510, 13, 395, 13], -21.848140716552734
    [0, 510, 13, 13], -20.3087215423584
      [0, 510, 13, 13, 285], -22.166154861450195
    [0, 510, 13, 249], -20.8903865814209
    [0, 510, 13, 1652], -21.3918514251709
    [0, 510, 13, 11755], -21.4055233001709
      [0, 510, 13, 11755, 13], -21.770442962646484
    [0, 510, 13, 263], -21.8885555267334
    [0, 510, 13, 42], -22.2043514251709
    [0, 510, 13, 510], -22.4599666595459
  [0, 510, 6440], -11.936580657958984
    [0, 510, 6440, 13], -15.282796859741211
      [0, 510, 6440, 13, 285], -18.770584106445312
        [0, 510, 6440, 13, 285, 309], -22.182666778564453
      [0, 510, 6440, 13, 309], -19.832839965820312
      [0, 510, 6440, 13, 281], -20.883621215820312
      [0, 510, 6440, 13, 6440], -22.450271606445312
    [0, 510, 6440, 309], -16.76643943786621
    [0, 510, 6440, 285], -17.27632713317871
      [0, 510, 6440, 285, 6440], -21.459741592407227
    [0, 510, 6440, 281], -17.88374900817871
    [0, 510, 6440, 6440], -19.77290916442871
    [0, 510, 6440, 2184], -20.22139549255371
    [0, 510, 6440, 510], -21.45577049255371
    [0, 510, 6440, 1652], -22.05220603942871
    [0, 510, 6440, 715], -22.26204490661621
    [0, 510, 6440, 27287], -22.56294822692871
    [0, 510, 6440, 5202], -22.61507225036621
  [0, 510, 2829], -12.236995697021484
    [0, 510, 2829, 285], -17.393707275390625
      [0, 510, 2829, 285, 2829], -22.484941482543945
    [0, 510, 2829, 13], -17.676422119140625
      [0, 510, 2829, 13, 285], -21.0969181060791
      [0, 510, 2829, 13, 309], -22.01793670654297
    [0, 510, 2829, 281], -18.574005126953125
    [0, 510, 2829, 309], -18.777618408203125
    [0, 510, 2829, 2829], -19.562286376953125
      [0, 510, 2829, 2829, 2829], -22.000585556030273
    [0, 510, 2829, 715], -21.371368408203125
    [0, 510, 2829, 255], -22.259307861328125
    [0, 510, 2829, 249], -22.298614501953125
    [0, 510, 2829, 4496], -22.341949462890625
    [0, 510, 2829, 1568], -22.490386962890625
  [0, 510, 255], -12.482601165771484
    [0, 510, 255, 13], -19.073841094970703
      [0, 510, 255, 13, 285], -21.736474990844727
    [0, 510, 255, 249], -20.053577423095703
    [0, 510, 255, 285], -20.782947540283203
    [0, 510, 255, 1568], -21.830066680908203
  [0, 510, 285], -12.554622650146484
    [0, 510, 285, 285], -16.3658447265625
      [0, 510, 285, 285, 285], -21.02706527709961
      [0, 510, 285, 285, 13], -21.99886703491211
    [0, 510, 285, 13], -17.3223876953125
      [0, 510, 285, 13, 285], -19.103681564331055
      [0, 510, 285, 13, 281], -21.254314422607422
      [0, 510, 285, 13, 309], -22.022991180419922
    [0, 510, 285, 309], -18.2353515625
      [0, 510, 285, 309, 13], -22.035194396972656
    [0, 510, 285, 281], -18.6683349609375
    [0, 510, 285, 263], -20.890380859375
    [0, 510, 285, 510], -21.3714599609375
    [0, 510, 285, 395], -21.3759765625
    [0, 510, 285, 1652], -21.5093994140625
    [0, 510, 285, 249], -21.7476806640625
  [0, 510, 11755], -12.713680267333984
    [0, 510, 11755, 13], -16.240068435668945
      [0, 510, 11755, 13, 11755], -19.295717239379883
        [0, 510, 11755, 13, 11755, 13], -19.953832626342773
          [0, 510, 11755, 13, 11755, 13, 11755], -20.651803970336914
            [0, 510, 11755, 13, 11755, 13, 11755, 13], -21.900470733642578
              [0, 510, 11755, 13, 11755, 13, 11755, 13, 11755], -22.12807846069336
          [0, 510, 11755, 13, 11755, 13, 285], -22.550485610961914
      [0, 510, 11755, 13, 309], -19.432558059692383
      [0, 510, 11755, 13, 285], -19.916688919067383
      [0, 510, 11755, 13, 281], -22.480287551879883
    [0, 510, 11755, 1652], -17.938676834106445
      [0, 510, 11755, 1652, 13], -22.2509765625
    [0, 510, 11755, 285], -18.459917068481445
      [0, 510, 11755, 285, 11755], -20.469863891601562
    [0, 510, 11755, 11755], -19.353349685668945
      [0, 510, 11755, 11755, 11755], -20.980186462402344
        [0, 510, 11755, 11755, 11755, 11755], -22.13878059387207
    [0, 510, 11755, 309], -19.819902420043945
    [0, 510, 11755, 281], -19.972734451293945
    [0, 510, 11755, 6440], -20.117265701293945
  [0, 510, 1652], -12.967830657958984
    [0, 510, 1652, 13], -17.08751678466797
      [0, 510, 1652, 13, 285], -20.39847755432129
      [0, 510, 1652, 13, 309], -21.29752540588379
      [0, 510, 1652, 13, 1652], -22.18924903869629
      [0, 510, 1652, 13, 281], -22.19254493713379
    [0, 510, 1652, 285], -17.88634490966797
      [0, 510, 1652, 285, 1652], -21.910076141357422
      [0, 510, 1652, 285, 309], -22.582073211669922
    [0, 510, 1652, 281], -18.44847869873047
    [0, 510, 1652, 309], -18.66698455810547
    [0, 510, 1652, 1652], -19.59227752685547
    [0, 510, 1652, 5101], -20.96654510498047
    [0, 510, 1652, 5202], -21.09642791748047
    [0, 510, 1652, 6440], -21.40563201904297
    [0, 510, 1652, 11755], -21.48424530029297
    [0, 510, 1652, 4496], -21.98192596435547
    [0, 510, 1652, 2829], -22.25902557373047
    [0, 510, 1652, 24740], -22.26024627685547
    [0, 510, 1652, 14709], -22.44286346435547
    [0, 510, 1652, 5603], -22.60167694091797
  [0, 510, 5202], -13.038387298583984
    [0, 510, 5202, 285], -16.975276947021484
      [0, 510, 5202, 285, 5202], -21.183433532714844
    [0, 510, 5202, 13], -17.510189056396484
      [0, 510, 5202, 13, 285], -20.20564079284668
      [0, 510, 5202, 13, 5202], -22.17219352722168
      [0, 510, 5202, 13, 309], -22.54218864440918
    [0, 510, 5202, 281], -17.969539642333984
      [0, 510, 5202, 281, 5202], -22.251296997070312
    [0, 510, 5202, 5202], -18.464168548583984
      [0, 510, 5202, 5202, 5202], -21.804582595825195
      [0, 510, 5202, 5202, 13], -22.135393142700195
      [0, 510, 5202, 5202, 285], -22.565813064575195
    [0, 510, 5202, 309], -19.737850189208984
    [0, 510, 5202, 715], -21.409481048583984
    [0, 510, 5202, 5254], -22.061702728271484
    [0, 510, 5202, 3022], -22.381160736083984
  [0, 510, 5254], -13.156551361083984
    [0, 510, 5254, 285], -17.252111434936523
      [0, 510, 5254, 285, 5254], -19.97273826599121
    [0, 510, 5254, 281], -17.689001083374023
      [0, 510, 5254, 281, 5254], -21.337589263916016
    [0, 510, 5254, 13], -17.821447372436523
      [0, 510, 5254, 13, 285], -20.7109317779541
      [0, 510, 5254, 13, 5254], -21.6976261138916
      [0, 510, 5254, 13, 309], -22.3817081451416
    [0, 510, 5254, 5254], -18.680089950561523
      [0, 510, 5254, 5254, 5254], -20.98558235168457
      [0, 510, 5254, 5254, 13], -22.51060676574707
    [0, 510, 5254, 2829], -19.077062606811523
    [0, 510, 5254, 715], -20.806188583374023
    [0, 510, 5254, 309], -20.996740341186523
  [0, 510, 5603], -13.541072845458984
    [0, 510, 5603, 13], -17.624643325805664
      [0, 510, 5603, 13, 285], -20.664722442626953
    [0, 510, 5603, 285], -18.109750747680664
      [0, 510, 5603, 285, 5603], -21.772640228271484
    [0, 510, 5603, 5603], -20.504648208618164
    [0, 510, 5603, 249], -21.054574966430664
    [0, 510, 5603, 309], -21.115365982055664
    [0, 510, 5603, 281], -21.207895278930664
    [0, 510, 5603, 2184], -21.885873794555664
    [0, 510, 5603, 5202], -22.130868911743164
  [0, 510, 281], -13.657894134521484
    [0, 510, 281, 1405], -17.463895797729492
      [0, 510, 281, 1405, 285], -21.277660369873047
      [0, 510, 281, 1405, 13], -21.955760955810547
    [0, 510, 281, 255], -19.018583297729492
    [0, 510, 281, 3088], -20.498441696166992
    [0, 510, 281, 285], -20.559843063354492
      [0, 510, 281, 285, 281], -21.91037368774414
    [0, 510, 281, 2184], -20.763090133666992
    [0, 510, 281, 13], -21.099393844604492
      [0, 510, 281, 13, 285], -21.780376434326172
    [0, 510, 281, 395], -21.214506149291992
    [0, 510, 281, 249], -21.402738571166992
    [0, 510, 281, 281], -22.167875289916992
    [0, 510, 281, 510], -22.245634078979492
    [0, 510, 281, 1568], -22.316556930541992
    [0, 510, 281, 263], -22.335721969604492
  [0, 510, 249], -14.206966400146484
    [0, 510, 249, 285], -18.128093719482422
    [0, 510, 249, 13], -18.506511688232422
      [0, 510, 249, 13, 285], -22.146928787231445
    [0, 510, 249, 255], -19.250530242919922
    [0, 510, 249, 249], -20.556560516357422
      [0, 510, 249, 249, 249], -21.36490249633789
        [0, 510, 249, 249, 249, 249], -21.921098709106445
          [0, 510, 249, 249, 249, 249, 249], -22.393007278442383
    [0, 510, 249, 263], -20.601604461669922
    [0, 510, 249, 483], -21.381389617919922
    [0, 510, 249, 309], -21.868450164794922
    [0, 510, 249, 395], -21.955364227294922
    [0, 510, 249, 281], -22.010173797607422
  [0, 510, 24740], -14.481502532958984
    [0, 510, 24740, 285], -18.637535095214844
    [0, 510, 24740, 13], -18.670249938964844
      [0, 510, 24740, 13, 285], -21.559795379638672
    [0, 510, 24740, 281], -20.122520446777344
    [0, 510, 24740, 309], -20.944664001464844
    [0, 510, 24740, 5254], -21.298789978027344
    [0, 510, 24740, 24740], -21.977256774902344
    [0, 510, 24740, 249], -22.429893493652344
  [0, 510, 263], -14.777400970458984
    [0, 510, 263, 255], -20.034381866455078
    [0, 510, 263, 13], -20.117877960205078
    [0, 510, 263, 285], -20.957233428955078
    [0, 510, 263, 249], -21.080036163330078
    [0, 510, 263, 395], -21.471271514892578
    [0, 510, 263, 263], -21.732868194580078
      [0, 510, 263, 263, 263], -21.912675857543945
        [0, 510, 263, 263, 263, 263], -22.02046012878418
          [0, 510, 263, 263, 263, 263, 263], -22.085275650024414
            [0, 510, 263, 263, 263, 263, 263, 263], -22.14491081237793
              [0, 510, 263, 263, 263, 263, 263, 263, 263], -22.19991111755371
                [0, 510, 263, 263, 263, 263, 263, 263, 263, 263], -22.244285583496094
  [0, 510, 14709], -15.044490814208984
    [0, 510, 14709, 285], -18.236080169677734
      [0, 510, 14709, 285, 14709], -20.638259887695312
    [0, 510, 14709, 13], -19.051509857177734
    [0, 510, 14709, 14709], -20.048336029052734
      [0, 510, 14709, 14709, 14709], -21.379735946655273
    [0, 510, 14709, 281], -20.455928802490234
    [0, 510, 14709, 309], -20.986690521240234
  [0, 510, 4496], -15.437435150146484
    [0, 510, 4496, 13], -19.235506057739258
      [0, 510, 4496, 13, 4496], -20.511383056640625
        [0, 510, 4496, 13, 4496, 13], -20.90842628479004
          [0, 510, 4496, 13, 4496, 13, 4496], -21.09136962890625
            [0, 510, 4496, 13, 4496, 13, 4496, 13], -21.410133361816406
              [0, 510, 4496, 13, 4496, 13, 4496, 13, 4496], -21.536041259765625
                [0, 510, 4496, 13, 4496, 13, 4496, 13, 4496, 13], -21.690841674804688
    [0, 510, 4496, 281], -19.339509963989258
    [0, 510, 4496, 285], -20.759920120239258
    [0, 510, 4496, 4496], -20.764802932739258
    [0, 510, 4496, 309], -21.132600784301758
  [0, 510, 395], -15.786678314208984
    [0, 510, 395, 13], -19.78876495361328
    [0, 510, 395, 285], -20.69855499267578
    [0, 510, 395, 249], -21.39948272705078
    [0, 510, 395, 309], -21.46637725830078
  [0, 510, 510], -16.573055267333984
    [0, 510, 510, 255], -21.545400619506836
  [0, 510, 42], -16.584529876708984
  [0, 510, 2369], -16.787899017333984
    [0, 510, 2369, 249], -21.557109832763672
  [0, 510, 27287], -16.788631439208984
    [0, 510, 27287, 281], -19.65436553955078
    [0, 510, 27287, 285], -19.75641632080078
    [0, 510, 27287, 13], -21.53034210205078
  [0, 510, 1625], -16.806697845458984
    [0, 510, 1625, 249], -20.995147705078125
  [0, 510, 2184], -16.827083587646484
    [0, 510, 2184, 255], -20.190244674682617
    [0, 510, 2184, 13], -21.227354049682617
    [0, 510, 2184, 285], -21.312559127807617
    [0, 510, 2184, 249], -21.545957565307617
  [0, 510, 715], -17.070003509521484
    [0, 510, 715, 285], -20.75425148010254
    [0, 510, 715, 13], -21.52512550354004
  [0, 510, 6008], -17.105525970458984
    [0, 510, 6008, 285], -20.989646911621094
  [0, 510, 483], -17.276180267333984
    [0, 510, 483, 13], -21.057880401611328
  [0, 510, 3088], -17.526180267333984
  [0, 510, 1405], -17.580379486083984
    [0, 510, 1405, 255], -20.500764846801758
  [0, 510, 770], -17.788143157958984
  [0, 510, 1201], -18.097469329833984
    [0, 510, 1201, 13], -21.274702072143555
    [0, 510, 1201, 281], -21.653852462768555
  [0, 510, 3220], -18.217708587646484
  [0, 510, 454], -18.529109954833984
  [0, 510, 3022], -18.640560150146484
  [0, 510, 20415], -18.860774993896484
  [0, 510, 6309], -18.954036712646484
  [0, 510, 38878], -18.966121673583984
  [0, 510, 1568], -19.083797454833984
    [0, 510, 1568, 285], -21.111812591552734
  [0, 510, 8826], -19.551448822021484
  [0, 510, 8701], -19.701717376708984
  [0, 510, 6689], -19.929744720458984
  [0, 510, 12550], -20.201229095458984
  [0, 510, 9328], -20.942684173583984
  [0, 510, 4609], -20.975399017333984
  [0, 510, 14094], -21.452816009521484
  [0, 510, 9154], -21.613948822021484
[0, 42], -4.550376892089844
  [0, 42, 13], -10.641458511352539
    [0, 42, 13, 285], -12.728486061096191
      [0, 42, 13, 285, 309], -14.551031112670898
        [0, 42, 13, 285, 309, 13], -17.48318862915039
          [0, 42, 13, 285, 309, 13, 285], -19.101871490478516
            [0, 42, 13, 285, 309, 13, 285, 309], -20.496797561645508
          [0, 42, 13, 285, 309, 13, 309], -20.954288482666016
        [0, 42, 13, 285, 309, 285], -20.534582138061523
          [0, 42, 13, 285, 309, 285, 309], -21.158998489379883
        [0, 42, 13, 285, 309, 281], -21.530920028686523
      [0, 42, 13, 285, 285], -17.5085506439209
        [0, 42, 13, 285, 285, 285], -19.97199058532715
        [0, 42, 13, 285, 285, 309], -21.22418785095215
        [0, 42, 13, 285, 285, 13], -21.40387535095215
      [0, 42, 13, 285, 281], -17.5398006439209
      [0, 42, 13, 285, 13], -17.6698055267334
        [0, 42, 13, 285, 13, 285], -20.221872329711914
        [0, 42, 13, 285, 13, 309], -20.462106704711914
      [0, 42, 13, 285, 1652], -20.5708065032959
      [0, 42, 13, 285, 4496], -21.5981502532959
    [0, 42, 13, 309], -13.592499732971191
      [0, 42, 13, 309, 13], -14.608572006225586
        [0, 42, 13, 309, 13, 285], -15.71703052520752
          [0, 42, 13, 309, 13, 285, 309], -17.96530532836914
            [0, 42, 13, 309, 13, 285, 309, 13], -20.63646697998047
          [0, 42, 13, 309, 13, 285, 13], -20.42624282836914
          [0, 42, 13, 309, 13, 285, 281], -21.40927505493164
        [0, 42, 13, 309, 13, 309], -16.280750274658203
          [0, 42, 13, 309, 13, 309, 13], -16.748455047607422
            [0, 42, 13, 309, 13, 309, 13, 309], -17.149539947509766
              [0, 42, 13, 309, 13, 309, 13, 309, 13], -17.438823699951172
                [0, 42, 13, 309, 13, 309, 13, 309, 13, 309], -17.595552444458008
      [0, 42, 13, 309, 285], -17.333669662475586
    [0, 42, 13, 281], -16.050872802734375
    [0, 42, 13, 4496], -17.409027099609375
  [0, 42, 285], -11.718362808227539
    [0, 42, 285, 309], -16.15978240966797
  [0, 42, 309], -12.413675308227539
    [0, 42, 309, 309], -17.42523956298828
  [0, 42, 249], -13.038675308227539
    [0, 42, 249, 285], -17.34735870361328
  [0, 42, 6008], -13.403421401977539
  [0, 42, 255], -13.474344253540039
  [0, 42, 281], -13.485452651977539
  [0, 42, 3088], -13.660867691040039
    [0, 42, 3088, 13], -16.84032440185547
  [0, 42, 2369], -14.232034683227539
  [0, 42, 6309], -14.454568862915039
  [0, 42, 263], -14.574930191040039
  [0, 42, 1625], -14.950174331665039
  [0, 42, 1405], -14.959329605102539
  [0, 42, 1652], -15.002786636352539
  [0, 42, 395], -15.145120620727539
  [0, 42, 3022], -15.224832534790039
  [0, 42, 510], -15.255716323852539
  [0, 42, 4496], -15.354471206665039
    [0, 42, 4496, 13], -17.22451400756836
  [0, 42, 2184], -15.419290542602539
  [0, 42, 42], -15.667825698852539
  [0, 42, 483], -15.681741714477539
  [0, 42, 3220], -16.11692237854004
  [0, 42, 1201], -16.46335792541504
  [0, 42, 14709], -16.51535987854004
  [0, 42, 5603], -16.56992530822754
  [0, 42, 2829], -16.64975929260254
  [0, 42, 1568], -17.08396339416504
  [0, 42, 715], -17.30515480041504
  [0, 42, 19506], -17.46067237854004
  [0, 42, 770], -17.52829933166504
  [0, 42, 5202], -17.53452491760254
[0, 3220], -6.201988220214844
  [0, 3220, 1652], -12.666751861572266
    [0, 3220, 1652, 13], -15.9468355178833
    [0, 3220, 1652, 1652], -17.567562103271484
  [0, 3220, 255], -13.657108306884766
  [0, 3220, 13], -14.692996978759766
  [0, 3220, 249], -14.764163970947266
  [0, 3220, 285], -15.483402252197266
  [0, 3220, 309], -15.651737213134766
  [0, 3220, 11755], -15.789554595947266
  [0, 3220, 2829], -15.851078033447266
  [0, 3220, 510], -15.917606353759766
  [0, 3220, 281], -16.155521392822266
  [0, 3220, 5202], -16.430179595947266
  [0, 3220, 6440], -16.552982330322266
  [0, 3220, 1201], -16.854373931884766
  [0, 3220, 5254], -16.951175689697266
  [0, 3220, 2184], -17.153446197509766
  [0, 3220, 483], -17.166996002197266
  [0, 3220, 3220], -17.174930572509766
  [0, 3220, 5101], -17.358524322509766
  [0, 3220, 395], -17.382083892822266
  [0, 3220, 454], -17.458377838134766
[0, 13], -8.010337829589844
  [0, 13, 285], -13.122579574584961
    [0, 13, 285, 13], -15.706249237060547
  [0, 13, 309], -14.618185043334961
  [0, 13, 281], -14.965963363647461
  [0, 13, 13], -16.68861961364746
  [0, 13, 4496], -17.08766746520996
  [0, 13, 5101], -17.48732566833496
[0, 285], -9.036216735839844
  [0, 285, 309], -14.456428527832031
  [0, 285, 285], -14.598152160644531
  [0, 285, 13], -17.41272735595703
  [0, 285, 281], -17.43653106689453
[0, 395], -9.062583923339844
  [0, 395, 309], -12.898283958435059
  [0, 395, 281], -14.373503684997559
  [0, 395, 285], -14.669035911560059
  [0, 395, 13], -14.956877708435059
  [0, 395, 4496], -16.045257568359375
[0, 249], -9.158653259277344
  [0, 249, 13], -15.098546981811523
  [0, 249, 285], -16.414709091186523
  [0, 249, 2369], -16.850011825561523
  [0, 249, 281], -16.851232528686523
  [0, 249, 2829], -16.866247177124023
  [0, 249, 309], -16.874059677124023
  [0, 249, 483], -17.077795028686523
  [0, 249, 6309], -17.234899520874023
[0, 309], -9.343345642089844
  [0, 309, 13], -15.697946548461914
  [0, 309, 285], -16.580514907836914
[0, 2369], -9.923667907714844
  [0, 2369, 13], -15.041253089904785
  [0, 2369, 309], -15.465569496154785
  [0, 2369, 249], -15.733635902404785
  [0, 2369, 281], -17.13292694091797
  [0, 2369, 285], -17.30883026123047
[0, 255], -9.984825134277344
  [0, 255, 5101], -15.007505416870117
  [0, 255, 309], -16.858701705932617
  [0, 255, 5202], -17.537412643432617
  [0, 255, 263], -17.551084518432617
[0, 281], -10.220176696777344
  [0, 281, 13], -16.74374008178711
  [0, 281, 309], -17.49666976928711
[0, 3088], -10.508872985839844
  [0, 3088, 13], -16.542572021484375
  [0, 3088, 285], -16.921478271484375
[0, 263], -10.664756774902344
  [0, 263, 13], -15.091398239135742
  [0, 263, 281], -16.923917770385742
  [0, 263, 263], -16.981046676635742
  [0, 263, 3088], -17.477994918823242
[0, 1405], -10.859458923339844
  [0, 1405, 281], -15.174036979675293
  [0, 1405, 13], -15.963099479675293
  [0, 1405, 4496], -17.46859359741211
[0, 3022], -10.933921813964844
  [0, 3022, 281], -14.840832710266113
  [0, 3022, 13], -15.672131538391113
  [0, 3022, 309], -16.936656951904297
[0, 1201], -11.005455017089844
  [0, 1201, 13], -14.187763214111328
  [0, 1201, 285], -15.103534698486328
  [0, 1201, 281], -15.676654815673828
  [0, 1201, 1201], -15.854633331298828
  [0, 1201, 309], -16.779071807861328
[0, 2184], -11.119468688964844
  [0, 2184, 281], -15.264259338378906
  [0, 2184, 255], -15.844947814941406
  [0, 2184, 285], -16.684425354003906
  [0, 2184, 13], -17.246070861816406
  [0, 2184, 715], -17.268653869628906
[0, 9154], -11.211143493652344
  [0, 9154, 281], -16.153919219970703
  [0, 9154, 309], -16.583728790283203
  [0, 9154, 13], -16.804065704345703
  [0, 9154, 249], -17.565540313720703
[0, 1568], -11.272422790527344
  [0, 1568, 309], -15.624778747558594
  [0, 1568, 13], -15.669822692871094
    [0, 1568, 13, 309], -16.417909622192383
  [0, 1568, 249], -17.410545349121094
[0, 12550], -11.515953063964844
[0, 454], -11.546958923339844
[0, 6309], -11.558677673339844
  [0, 6309, 281], -15.34478759765625
  [0, 6309, 249], -16.92474365234375
  [0, 6309, 13], -17.39642333984375
[0, 483], -11.649742126464844
[0, 8826], -11.702476501464844
[0, 9328], -11.881675720214844
[0, 8701], -11.893150329589844
[0, 20415], -11.921714782714844
  [0, 20415, 13], -16.260799407958984
  [0, 20415, 281], -17.406551361083984
[0, 4609], -11.942466735839844
  [0, 4609, 309], -15.92995834350586
  [0, 4609, 281], -16.45400619506836
  [0, 4609, 13], -16.50222396850586
  [0, 4609, 285], -16.91360092163086
[0, 38878], -12.280357360839844
[0, 1652], -12.899986267089844
  [0, 1652, 13], -17.199615478515625
  [0, 1652, 281], -17.395294189453125
[0, 6689], -13.631431579589844
[0, 21808], -13.717979431152344
[0, 14094], -13.805992126464844
[0, 19506], -13.916099548339844
  [0, 19506, 13], -16.997844696044922
[0, 13243], -14.364341735839844
  [0, 13243, 13], -17.393314361572266
[0, 715], -14.453941345214844
[0, 2829], -14.721885681152344
[0, 11755], -15.031333923339844
[0, 6440], -15.066978454589844
[0, 5202], -15.264732360839844
[0, 770], -15.324424743652344
[0, 5101], -15.554893493652344
[0, 4496], -15.794517517089844
[0, 1625], -15.850181579589844
[0, 5254], -15.956138610839844
[0, 6008], -16.063926696777344
[0, 5603], -16.162437438964844
[0, 24740], -16.773399353027344
Time taken in seconds: 8233.653626203537
Number of forward passes: 868
Worst case number of forward passes: 39859693877551
Best sequence: [0, 42, 13, 309, 13, 309, 13, 309, 13, 309], -17.595552444458008
<|endoftext|>I, I, I, I, I
