[0, 510], -3.0312020778656006
  [0, 510, 767], -10.19094467163086
    [0, 510, 767, 275], -16.059904098510742
      [0, 510, 767, 275, 253], -17.21559715270996
    [0, 510, 767, 1943], -16.246793746948242
    [0, 510, 767, 403], -16.300992965698242
    [0, 510, 767, 326], -16.662443161010742
    [0, 510, 767, 13], -16.895841598510742
    [0, 510, 767, 452], -17.002897262573242
  [0, 510, 247], -10.52932357788086
    [0, 510, 247, 13], -15.537369728088379
    [0, 510, 247, 635], -15.616593360900879
    [0, 510, 247, 661], -16.036148071289062
    [0, 510, 247, 248], -16.062759399414062
    [0, 510, 247, 262], -16.432754516601562
    [0, 510, 247, 249], -17.011245727539062
    [0, 510, 247, 285], -17.061050415039062
    [0, 510, 247, 664], -17.173355102539062
  [0, 510, 275], -10.55068588256836
    [0, 510, 275, 253], -15.402591705322266
    [0, 510, 275, 247], -16.503543853759766
    [0, 510, 275, 285], -16.527103424072266
    [0, 510, 275, 66], -17.053104400634766
    [0, 510, 275, 2369], -17.105106353759766
  [0, 510, 309], -10.56081771850586
    [0, 510, 309, 601], -14.679191589355469
    [0, 510, 309, 251], -15.403190612792969
    [0, 510, 309, 1342], -16.14379119873047
    [0, 510, 309, 255], -16.40526580810547
    [0, 510, 309, 285], -16.99462127685547
  [0, 510, 2360], -10.56570053100586
    [0, 510, 2360, 310], -14.037886619567871
      [0, 510, 2360, 310, 247], -16.613983154296875
    [0, 510, 2360, 2606], -14.357344627380371
    [0, 510, 2360, 13], -15.159224510192871
    [0, 510, 2360, 275], -15.343550682067871
    [0, 510, 2360, 556], -15.380660057067871
    [0, 510, 2360, 309], -15.441573143005371
    [0, 510, 2360, 326], -15.459395408630371
    [0, 510, 2360, 253], -15.591353416442871
    [0, 510, 2360, 745], -16.054733276367188
    [0, 510, 2360, 387], -16.218917846679688
    [0, 510, 2360, 2329], -16.254684448242188
    [0, 510, 2360, 327], -16.504074096679688
    [0, 510, 2360, 285], -16.564376831054688
  [0, 510, 253], -10.66836166381836
    [0, 510, 253, 13], -16.560720443725586
  [0, 510, 1029], -10.90053939819336
    [0, 510, 1029, 285], -15.437946319580078
    [0, 510, 1029, 13], -16.464191436767578
  [0, 510, 5101], -11.20766830444336
    [0, 510, 5101, 310], -12.941526412963867
      [0, 510, 5101, 310, 253], -16.322938919067383
    [0, 510, 5101, 556], -13.745237350463867
    [0, 510, 5101, 13], -15.132566452026367
    [0, 510, 5101, 285], -15.503416061401367
    [0, 510, 5101, 476], -15.777585983276367
    [0, 510, 5101, 275], -16.146726608276367
  [0, 510, 1708], -11.21572494506836
    [0, 510, 1708, 285], -14.933147430419922
    [0, 510, 1708, 275], -15.252117156982422
      [0, 510, 1708, 275, 253], -16.104413986206055
    [0, 510, 1708, 327], -15.744548797607422
    [0, 510, 1708, 310], -15.792644500732422
    [0, 510, 1708, 13], -15.942058563232422
    [0, 510, 1708, 387], -15.959148406982422
    [0, 510, 1708, 326], -15.979900360107422
  [0, 510, 1943], -11.24245834350586
    [0, 510, 1943, 2165], -15.677264213562012
    [0, 510, 1943, 13], -15.689593315124512
  [0, 510, 1984], -11.27737045288086
    [0, 510, 1984, 310], -12.951740264892578
      [0, 510, 1984, 310, 247], -14.751727104187012
    [0, 510, 1984, 13], -14.114948272705078
    [0, 510, 1984, 556], -14.594806671142578
  [0, 510, 2165], -11.46511459350586
    [0, 510, 2165, 310], -13.191915512084961
  [0, 510, 13], -11.60732650756836
    [0, 510, 13, 285], -12.907208442687988
      [0, 510, 13, 285, 253], -14.723099708557129
  [0, 510, 465], -11.68581771850586
  [0, 510, 327], -11.75613021850586
  [0, 510, 1113], -11.81618881225586
    [0, 510, 1113, 310], -14.028039932250977
  [0, 510, 6440], -11.93655014038086
    [0, 510, 6440, 310], -14.091618537902832
  [0, 510, 260], -11.96413803100586
  [0, 510, 2329], -12.01565170288086
  [0, 510, 4370], -12.12148666381836
    [0, 510, 4370, 310], -14.052451133728027
  [0, 510, 6858], -12.21584701538086
    [0, 510, 6858, 310], -14.606647491455078
  [0, 510, 2829], -12.23708724975586
    [0, 510, 2829, 310], -14.38592529296875
  [0, 510, 5798], -12.24001693725586
  [0, 510, 751], -12.28054428100586
    [0, 510, 751, 310], -13.902188301086426
  [0, 510, 2502], -12.31472396850586
  [0, 510, 745], -12.42385482788086
  [0, 510, 387], -12.45034408569336
  [0, 510, 2534], -12.45779037475586
  [0, 510, 255], -12.48269271850586
  [0, 510, 310], -12.53396224975586
  [0, 510, 285], -12.55459213256836
    [0, 510, 285, 253], -13.765511512756348
  [0, 510, 4023], -12.61025619506836
    [0, 510, 4023, 310], -14.153877258300781
  [0, 510, 479], -12.70815658569336
  [0, 510, 11755], -12.71352767944336
  [0, 510, 1652], -12.96804428100586
  [0, 510, 5202], -13.03823471069336
  [0, 510, 11012], -13.05910873413086
  [0, 510, 66], -13.09695053100586
  [0, 510, 10086], -13.14675521850586
  [0, 510, 5254], -13.15676498413086
  [0, 510, 3511], -13.18484115600586
  [0, 510, 3345], -13.18520736694336
  [0, 510, 8913], -13.51748275756836
    [0, 510, 8913, 327], -14.461013793945312
  [0, 510, 5603], -13.54128646850586
  [0, 510, 521], -13.62063217163086
  [0, 510, 281], -13.65798568725586
  [0, 510, 2206], -13.67727279663086
  [0, 510, 4882], -13.80093002319336
  [0, 510, 40096], -13.95095443725586
  [0, 510, 7938], -13.95913314819336
  [0, 510, 476], -13.98867416381836
  [0, 510, 452], -14.20388412475586
  [0, 510, 249], -14.20705795288086
  [0, 510, 685], -14.32278060913086
  [0, 510, 1111], -14.33303451538086
  [0, 510, 326], -14.38564682006836
  [0, 510, 556], -14.46804428100586
  [0, 510, 24740], -14.48147201538086
  [0, 510, 3063], -14.54702377319336
  [0, 510, 10149], -14.63283920288086
[0, 42], -4.55036735534668
  [0, 42, 452], -7.193486213684082
    [0, 42, 452, 247], -8.440755844116211
      [0, 42, 452, 247, 1652], -13.238958358764648
    [0, 42, 452, 253], -10.240316390991211
    [0, 42, 452, 281], -10.527181625366211
    [0, 42, 452, 767], -11.369222640991211
    [0, 42, 452, 690], -11.512899398803711
  [0, 42, 476], -8.942997932434082
  [0, 42, 751], -9.467045783996582
    [0, 42, 751, 281], -11.280058860778809
    [0, 42, 751, 253], -11.447051048278809
  [0, 42, 13], -10.641362190246582
    [0, 42, 13, 285], -12.728584289550781
    [0, 42, 13, 275], -13.092475891113281
  [0, 42, 601], -10.651860237121582
  [0, 42, 251], -11.186284065246582
  [0, 42, 310], -11.579594612121582
    [0, 42, 310, 247], -13.044159889221191
  [0, 42, 2427], -11.631962776184082
    [0, 42, 2427, 281], -12.94924545288086
  [0, 42, 285], -11.718144416809082
  [0, 42, 247], -11.867924690246582
  [0, 42, 556], -11.881962776184082
  [0, 42, 9047], -11.899052619934082
  [0, 42, 253], -12.282841682434082
  [0, 42, 403], -12.367070198059082
  [0, 42, 309], -12.413701057434082
  [0, 42, 2206], -12.628666877746582
  [0, 42, 284], -12.868657112121582
  [0, 42, 275], -13.009526252746582
  [0, 42, 249], -13.038823127746582
  [0, 42, 8231], -13.078984260559082
  [0, 42, 66], -13.084355354309082
[0, 1147], -5.22517204284668
  [0, 1147, 310], -6.566370487213135
    [0, 1147, 310, 247], -8.600961685180664
    [0, 1147, 310, 253], -9.837045669555664
    [0, 1147, 310, 275], -11.220834732055664
      [0, 1147, 310, 275, 253], -12.818289756774902
    [0, 1147, 310, 281], -11.567026138305664
    [0, 1147, 310, 13], -11.932260513305664
    [0, 1147, 310, 387], -12.251352310180664
    [0, 1147, 310, 3063], -12.444467544555664
    [0, 1147, 310, 327], -12.676279067993164
  [0, 1147, 556], -8.033411026000977
  [0, 1147, 476], -11.360803604125977
[0, 1231], -5.35285758972168
  [0, 1231, 403], -7.339470863342285
    [0, 1231, 403, 247], -9.535547256469727
    [0, 1231, 403, 253], -10.452417373657227
    [0, 1231, 403, 275], -11.084619522094727
      [0, 1231, 403, 275, 253], -11.990193367004395
  [0, 1231, 452], -7.435051918029785
    [0, 1231, 452, 247], -8.905394554138184
    [0, 1231, 452, 253], -10.557127952575684
    [0, 1231, 452, 690], -11.467162132263184
    [0, 1231, 452, 767], -11.732298851013184
  [0, 1231, 476], -10.540276527404785
  [0, 1231, 253], -11.545281410217285
[0, 3220], -6.20197868347168
[0, 1328], -6.81782341003418
  [0, 1328, 310], -9.319979667663574
    [0, 1328, 310, 247], -11.088447570800781
    [0, 1328, 310, 253], -11.751167297363281
  [0, 1328, 556], -9.956820487976074
  [0, 1328, 285], -11.593173027038574
  [0, 1328, 249], -11.807406425476074
  [0, 1328, 476], -11.890292167663574
[0, 5804], -6.92536735534668
  [0, 5804, 309], -9.679553985595703
  [0, 5804, 253], -10.502918243408203
  [0, 5804, 247], -10.633167266845703
  [0, 5804, 251], -11.254383087158203
[0, 3726], -7.50056266784668
  [0, 3726, 403], -10.133697509765625
  [0, 3726, 452], -10.899322509765625
  [0, 3726, 476], -11.901763916015625
[0, 1615], -7.61262321472168
[0, 66], -7.93220329284668
[0, 4064], -8.01032829284668
  [0, 4064, 253], -10.092718124389648
[0, 13], -8.01032829284668
  [0, 13, 247], -11.598846435546875
[0, 783], -8.27277946472168
[0, 2993], -8.33576774597168
  [0, 2993, 310], -10.6591157913208
  [0, 2993, 556], -11.5330171585083
[0, 338], -8.54182243347168
[0, 1171], -8.94441032409668
  [0, 1171, 253], -10.018657684326172
[0, 251], -8.97297477722168
  [0, 251, 253], -11.5032377243042
[0, 936], -9.01081657409668
[0, 7745], -9.01594352722168
  [0, 7745, 387], -10.07393741607666
    [0, 7745, 387, 253], -11.6574068069458
  [0, 7745, 13], -11.76522159576416
[0, 285], -9.03645133972168
  [0, 285, 253], -11.696564674377441
[0, 395], -9.06245231628418
[0, 310], -9.06452751159668
  [0, 310, 253], -10.29513168334961
  [0, 310, 247], -11.22945785522461
[0, 22529], -9.06648063659668
[0, 248], -9.06696891784668
  [0, 248, 310], -11.198681831359863
[0, 2520], -9.13606071472168
  [0, 2520, 310], -9.653833389282227
    [0, 2520, 310, 247], -10.695074081420898
    [0, 2520, 310, 253], -10.914068222045898
[0, 249], -9.15864372253418
  [0, 249, 253], -11.68503189086914
[0, 2577], -9.25092887878418
[0, 5371], -9.33942985534668
  [0, 5371, 310], -11.128231048583984
  [0, 5371, 403], -11.780574798583984
  [0, 5371, 281], -11.947689056396484
[0, 309], -9.34333610534668
[0, 2327], -9.34724235534668
[0, 262], -9.41413688659668
  [0, 262, 310], -10.70223331451416
[0, 3113], -9.49397087097168
[0, 1542], -9.53840446472168
[0, 9453], -9.56208610534668
  [0, 9453, 309], -11.622962951660156
[0, 5658], -9.57844352722168
  [0, 5658, 403], -10.983428955078125
  [0, 5658, 476], -11.773345947265625
[0, 5430], -9.58149528503418
  [0, 5430, 281], -9.964699745178223
[0, 1826], -9.61225700378418
[0, 10383], -9.68452262878418
  [0, 10383, 253], -11.685015678405762
[0, 664], -9.69441032409668
  [0, 664, 403], -11.659411430358887
  [0, 664, 452], -11.936999320983887
[0, 2369], -9.92365837097168
[0, 255], -9.98481559753418
[0, 601], -10.06281852722168
[0, 253], -10.19013786315918
[0, 275], -10.21186637878418
[0, 281], -10.22016716003418
[0, 3529], -10.26765251159668
[0, 1439], -10.31184196472168
[0, 1257], -10.40070915222168
[0, 9088], -10.40107536315918
  [0, 9088, 403], -11.00182819366455
  [0, 9088, 310], -11.96166706085205
[0, 455], -10.41023063659668
[0, 484], -10.43464469909668
[0, 788], -10.48664665222168
[0, 3088], -10.50886344909668
[0, 531], -10.60932731628418
[0, 2913], -10.64607048034668
[0, 263], -10.66474723815918
[0, 7053], -10.69550895690918
[0, 247], -10.69953727722168
[0, 2666], -10.77143669128418
[0, 9802], -10.79206657409668
[0, 1106], -10.80232048034668
[0, 1342], -10.84028434753418
[0, 556], -10.84797477722168
[0, 1405], -10.85932731628418
  [0, 1405, 253], -11.961871147155762
[0, 3022], -10.93391227722168
[0, 3188], -10.94892692565918
[0, 284], -10.96137809753418
[0, 452], -10.99519157409668
[0, 1201], -11.00544548034668
[0, 2858], -11.07819938659668
[0, 327], -11.09919548034668
[0, 2184], -11.11933708190918
[0, 5092], -11.16828727722168
[0, 9154], -11.21113395690918
[0, 4714], -11.23237419128418
[0, 1568], -11.27229118347168
[0, 8606], -11.32990837097168
[0, 403], -11.36506462097168
[0, 2606], -11.37519645690918
[0, 12550], -11.51594352722168
[0, 635], -11.52607536315918
[0, 454], -11.54694938659668
[0, 6309], -11.55866813659668
[0, 9389], -11.57331657409668
[0, 13174], -11.62946891784668
[0, 483], -11.64973258972168
[0, 8826], -11.70246696472168
[0, 387], -11.76984977722168
[0, 953], -11.77644157409668
[0, 3062], -11.78449821472168
[0, 11145], -11.78791618347168
[0, 476], -11.79011344909668
[0, 7483], -11.81245231628418
[0, 326], -11.81831169128418
[0, 9328], -11.88166618347168
[0, 977], -11.88923454284668
[0, 2887], -11.89265251159668
[0, 8701], -11.89314079284668
[0, 20415], -11.92170524597168
[0, 4609], -11.94245719909668
[0, 10002], -11.96894645690918
Time taken in seconds: 297.30604362487793
Number of forward passes: 330
Worst case number of forward passes: 6680205
Best sequence: [0, 1231, 403, 275, 253], -11.990193367004395
<|endoftext|>We are in the
