[0, 510], -3.031212091445923
  [0, 510, 309], -10.5607271194458
    [0, 510, 309, 255], -16.405364990234375
      [0, 510, 309, 255, 13], -24.223752975463867
        [0, 510, 309, 255, 13, 285], -27.074851989746094
      [0, 510, 309, 255, 285], -24.312131881713867
      [0, 510, 309, 255, 249], -25.690549850463867
      [0, 510, 309, 255, 281], -26.145017623901367
      [0, 510, 309, 255, 1568], -26.294797897338867
    [0, 510, 309, 285], -16.994476318359375
      [0, 510, 309, 285, 309], -20.669845581054688
        [0, 510, 309, 285, 309, 13], -25.128162384033203
      [0, 510, 309, 285, 285], -23.829879760742188
      [0, 510, 309, 285, 13], -24.834030151367188
      [0, 510, 309, 285, 281], -24.840011596679688
    [0, 510, 309, 13], -17.286834716796875
      [0, 510, 309, 13, 285], -19.479291915893555
        [0, 510, 309, 13, 285, 309], -22.039226531982422
      [0, 510, 309, 13, 309], -19.694379806518555
        [0, 510, 309, 13, 309, 13], -21.532625198364258
    [0, 510, 309, 395], -18.682830810546875
    [0, 510, 309, 249], -18.966644287109375
    [0, 510, 309, 1405], -19.063568115234375
    [0, 510, 309, 263], -19.238861083984375
    [0, 510, 309, 510], -19.262420654296875
    [0, 510, 309, 483], -19.353607177734375
    [0, 510, 309, 281], -19.516204833984375
    [0, 510, 309, 2184], -19.611541748046875
    [0, 510, 309, 3088], -19.651336669921875
    [0, 510, 309, 6309], -20.422210693359375
    [0, 510, 309, 770], -20.901092529296875
    [0, 510, 309, 2369], -21.524627685546875
  [0, 510, 5101], -11.207454681396484
    [0, 510, 5101, 13], -15.132415771484375
      [0, 510, 5101, 13, 285], -17.232955932617188
      [0, 510, 5101, 13, 309], -20.428268432617188
      [0, 510, 5101, 13, 5101], -20.449264526367188
        [0, 510, 5101, 13, 5101, 13], -21.203989028930664
    [0, 510, 5101, 285], -15.503265380859375
      [0, 510, 5101, 285, 5101], -19.006013870239258
    [0, 510, 5101, 1201], -18.140228271484375
    [0, 510, 5101, 281], -18.962860107421875
    [0, 510, 5101, 255], -19.240814208984375
    [0, 510, 5101, 309], -19.508392333984375
    [0, 510, 5101, 3022], -19.806732177734375
    [0, 510, 5101, 249], -20.071746826171875
    [0, 510, 5101, 5101], -20.288787841796875
    [0, 510, 5101, 715], -20.562957763671875
    [0, 510, 5101, 263], -20.690643310546875
    [0, 510, 5101, 5202], -20.753021240234375
    [0, 510, 5101, 27287], -20.898162841796875
    [0, 510, 5101, 2184], -20.934539794921875
    [0, 510, 5101, 2369], -21.006317138671875
    [0, 510, 5101, 483], -21.019744873046875
  [0, 510, 13], -11.607357025146484
    [0, 510, 13, 285], -12.906744003295898
      [0, 510, 13, 285, 13], -15.858418464660645
        [0, 510, 13, 285, 13, 285], -17.70579719543457
      [0, 510, 13, 285, 285], -16.517108917236328
    [0, 510, 13, 309], -16.1018123626709
  [0, 510, 6440], -11.936580657958984
    [0, 510, 6440, 13], -15.282796859741211
    [0, 510, 6440, 309], -16.76643943786621
    [0, 510, 6440, 285], -17.27632713317871
  [0, 510, 2829], -12.236995697021484
    [0, 510, 2829, 285], -17.393707275390625
    [0, 510, 2829, 13], -17.676422119140625
  [0, 510, 255], -12.482601165771484
  [0, 510, 285], -12.554622650146484
    [0, 510, 285, 285], -16.3658447265625
    [0, 510, 285, 13], -17.3223876953125
  [0, 510, 11755], -12.713680267333984
    [0, 510, 11755, 13], -16.240068435668945
  [0, 510, 1652], -12.967830657958984
    [0, 510, 1652, 13], -17.08751678466797
  [0, 510, 5202], -13.038387298583984
    [0, 510, 5202, 285], -16.975276947021484
    [0, 510, 5202, 13], -17.510189056396484
  [0, 510, 5254], -13.156551361083984
    [0, 510, 5254, 285], -17.252111434936523
    [0, 510, 5254, 281], -17.689001083374023
  [0, 510, 5603], -13.541072845458984
    [0, 510, 5603, 13], -17.624643325805664
  [0, 510, 281], -13.657894134521484
    [0, 510, 281, 1405], -17.463895797729492
  [0, 510, 249], -14.206966400146484
  [0, 510, 24740], -14.481502532958984
  [0, 510, 263], -14.777400970458984
  [0, 510, 14709], -15.044490814208984
  [0, 510, 4496], -15.437435150146484
  [0, 510, 395], -15.786678314208984
  [0, 510, 510], -16.573055267333984
  [0, 510, 42], -16.584529876708984
  [0, 510, 2369], -16.787899017333984
  [0, 510, 27287], -16.788631439208984
  [0, 510, 1625], -16.806697845458984
  [0, 510, 2184], -16.827083587646484
  [0, 510, 715], -17.070003509521484
  [0, 510, 6008], -17.105525970458984
  [0, 510, 483], -17.276180267333984
  [0, 510, 3088], -17.526180267333984
  [0, 510, 1405], -17.580379486083984
[0, 42], -4.550376892089844
  [0, 42, 13], -10.641458511352539
    [0, 42, 13, 285], -12.728486061096191
      [0, 42, 13, 285, 309], -14.551031112670898
        [0, 42, 13, 285, 309, 13], -17.48318862915039
    [0, 42, 13, 309], -13.592499732971191
      [0, 42, 13, 309, 13], -14.608572006225586
        [0, 42, 13, 309, 13, 285], -15.71703052520752
  [0, 42, 285], -11.718362808227539
  [0, 42, 309], -12.413675308227539
  [0, 42, 249], -13.038675308227539
  [0, 42, 6008], -13.403421401977539
  [0, 42, 255], -13.474344253540039
  [0, 42, 281], -13.485452651977539
  [0, 42, 3088], -13.660867691040039
  [0, 42, 2369], -14.232034683227539
  [0, 42, 6309], -14.454568862915039
  [0, 42, 263], -14.574930191040039
  [0, 42, 1625], -14.950174331665039
  [0, 42, 1405], -14.959329605102539
  [0, 42, 1652], -15.002786636352539
  [0, 42, 395], -15.145120620727539
  [0, 42, 3022], -15.224832534790039
  [0, 42, 510], -15.255716323852539
  [0, 42, 4496], -15.354471206665039
  [0, 42, 2184], -15.419290542602539
  [0, 42, 42], -15.667825698852539
  [0, 42, 483], -15.681741714477539
[0, 3220], -6.201988220214844
  [0, 3220, 1652], -12.666751861572266
  [0, 3220, 255], -13.657108306884766
  [0, 3220, 13], -14.692996978759766
  [0, 3220, 249], -14.764163970947266
  [0, 3220, 285], -15.483402252197266
  [0, 3220, 309], -15.651737213134766
[0, 13], -8.010337829589844
  [0, 13, 285], -13.122579574584961
    [0, 13, 285, 13], -15.706249237060547
  [0, 13, 309], -14.618185043334961
  [0, 13, 281], -14.965963363647461
[0, 285], -9.036216735839844
  [0, 285, 309], -14.456428527832031
  [0, 285, 285], -14.598152160644531
[0, 395], -9.062583923339844
  [0, 395, 309], -12.898283958435059
  [0, 395, 281], -14.373503684997559
  [0, 395, 285], -14.669035911560059
  [0, 395, 13], -14.956877708435059
[0, 249], -9.158653259277344
  [0, 249, 13], -15.098546981811523
[0, 309], -9.343345642089844
  [0, 309, 13], -15.697946548461914
[0, 2369], -9.923667907714844
  [0, 2369, 13], -15.041253089904785
  [0, 2369, 309], -15.465569496154785
[0, 255], -9.984825134277344
  [0, 255, 5101], -15.007505416870117
[0, 281], -10.220176696777344
[0, 3088], -10.508872985839844
[0, 263], -10.664756774902344
  [0, 263, 13], -15.091398239135742
[0, 1405], -10.859458923339844
  [0, 1405, 281], -15.174036979675293
[0, 3022], -10.933921813964844
  [0, 3022, 281], -14.840832710266113
  [0, 3022, 13], -15.672131538391113
[0, 1201], -11.005455017089844
  [0, 1201, 13], -14.187763214111328
  [0, 1201, 285], -15.103534698486328
  [0, 1201, 281], -15.676654815673828
[0, 2184], -11.119468688964844
  [0, 2184, 281], -15.264259338378906
[0, 9154], -11.211143493652344
[0, 1568], -11.272422790527344
  [0, 1568, 309], -15.624778747558594
  [0, 1568, 13], -15.669822692871094
[0, 12550], -11.515953063964844
[0, 454], -11.546958923339844
[0, 6309], -11.558677673339844
  [0, 6309, 281], -15.34478759765625
[0, 483], -11.649742126464844
[0, 8826], -11.702476501464844
[0, 9328], -11.881675720214844
[0, 8701], -11.893150329589844
[0, 20415], -11.921714782714844
[0, 4609], -11.942466735839844
[0, 38878], -12.280357360839844
[0, 1652], -12.899986267089844
[0, 6689], -13.631431579589844
[0, 21808], -13.717979431152344
[0, 14094], -13.805992126464844
[0, 19506], -13.916099548339844
[0, 13243], -14.364341735839844
[0, 715], -14.453941345214844
[0, 2829], -14.721885681152344
[0, 11755], -15.031333923339844
[0, 6440], -15.066978454589844
[0, 5202], -15.264732360839844
[0, 770], -15.324424743652344
[0, 5101], -15.554893493652344
Time taken in seconds: 49.630712032318115
Number of forward passes: 195
Worst case number of forward passes: 6377551
Best sequence: [0, 42, 13, 309, 13, 285], -15.71703052520752
<|endoftext|>I, I, and
