[0, 510], -2.965449094772339
  [0, 510, 309], -10.363969802856445
    [0, 510, 309, 255], -16.817485809326172
  [0, 510, 13], -11.259721755981445
    [0, 510, 13, 285], -14.736039161682129
  [0, 510, 6440], -11.277727127075195
    [0, 510, 6440, 13], -13.839475631713867
  [0, 510, 1652], -11.564775466918945
  [0, 510, 2829], -11.634477615356445
  [0, 510, 5101], -11.692094802856445
  [0, 510, 285], -11.790605545043945
  [0, 510, 5603], -11.959917068481445
  [0, 510, 281], -12.259721755981445
  [0, 510, 11755], -12.793962478637695
  [0, 510, 5202], -12.833086013793945
  [0, 510, 255], -13.496294021606445
  [0, 510, 249], -13.619035720825195
[0, 42], -4.769343376159668
  [0, 42, 13], -10.505867958068848
  [0, 42, 285], -11.497628211975098
    [0, 42, 285, 309], -13.553951263427734
  [0, 42, 249], -12.736031532287598
  [0, 42, 309], -12.803414344787598
  [0, 42, 281], -12.992623329162598
  [0, 42, 1405], -13.088875770568848
  [0, 42, 255], -13.144356727600098
  [0, 42, 263], -13.459542274475098
  [0, 42, 42], -13.505257606506348
  [0, 42, 6008], -13.513863563537598
[0, 3220], -6.022395133972168
  [0, 3220, 1652], -12.132802963256836
  [0, 3220, 13], -12.419485092163086
[0, 13], -8.229853630065918
[0, 395], -9.057246208190918
  [0, 395, 281], -12.839272499084473
[0, 285], -9.262080192565918
[0, 309], -9.528925895690918
[0, 263], -9.588496208190918
[0, 249], -9.651972770690918
[0, 2369], -9.929377555847168
[0, 3088], -9.950739860534668
[0, 255], -10.459101676940918
[0, 12550], -10.707453727722168
[0, 4609], -10.721735954284668
[0, 6309], -10.873713493347168
[0, 9328], -11.299677848815918
[0, 1405], -11.307429313659668
[0, 483], -11.433650016784668
[0, 20415], -11.469111442565918
[0, 2184], -11.495356559753418
[0, 1568], -11.610163688659668
[0, 8701], -11.785700798034668
[0, 6689], -11.833674430847168
[0, 8826], -11.878718376159668
[0, 454], -11.994013786315918
[0, 21808], -12.000605583190918
[0, 281], -12.051081657409668
[0, 3022], -12.068354606628418
[0, 1201], -12.286738395690918
[0, 38878], -12.768488883972168
[0, 19506], -12.835322380065918
[0, 14094], -12.887507438659668
[0, 770], -13.038386344909668
[0, 13243], -13.265254020690918
Time taken in seconds: 32.06591868400574
Number of forward passes: 61
Worst case number of forward passes: 2551
Best sequence: [0, 42, 285, 309], -13.553951263427734
<|endoftext|>I and I
